{"action":27,"origin":"ac1","date":"2021-12-26T10:13:46","phones":[],"objects":[],"characters":[],"vehicles":[],"interiors":[],"accounts":[1],"content":"Connected from 192.168.8.102 - 018FD49521BD034DD2BE1FFC72AA4B43","factions":[]}
{"action":27,"origin":"ac1","date":"2021-12-26T10:13:54","phones":[],"objects":[],"characters":[1],"vehicles":[],"interiors":[],"accounts":[1],"content":"Spawned","factions":[]}
{"action":4,"origin":"ch1","date":"2021-12-26T10:19:13","phones":[],"objects":[],"characters":[1],"vehicles":[],"interiors":[],"accounts":[],"content":"GIVEITEM Mašīnas dekors 1","factions":[]}
{"action":39,"origin":"ch1","date":"2021-12-26T10:20:04","phones":[],"objects":[],"characters":[1],"vehicles":[],"interiors":[],"accounts":[],"content":"Oscar_Bozo -> ~World #44 - Mašīnas dekors - 1 @ (344.31094, 873.5368, 19.40625) in (int 0, dim 0)","factions":[]}
{"action":40,"origin":"ch1","date":"2021-12-26T10:20:04","phones":[],"objects":[],"characters":[1],"vehicles":[],"interiors":[],"accounts":[],"content":"Oscar Bozo dropped a Mašīnas dekors.","factions":[]}
{"action":39,"origin":"ch1","date":"2021-12-26T10:20:08","phones":[],"objects":[44],"characters":[],"vehicles":[],"interiors":[],"accounts":[],"content":"~World #44 @ (344.31094360352, 873.53680419922, 19.396249771118) in (int 0, dim 0) ->Oscar_Bozo - Mašīnas dekors - 1","factions":[]}
{"action":40,"origin":"ch1","date":"2021-12-26T10:20:08","phones":[],"objects":[],"characters":[1],"vehicles":[],"interiors":[],"accounts":[],"content":"Oscar Bozo bends over and picks up a Mašīnas dekors.","factions":[]}
{"action":40,"origin":"ch1","date":"2021-12-26T10:20:20","phones":[],"objects":[],"characters":[1],"vehicles":[],"interiors":[],"accounts":[],"content":"Oscar Bozo puts a Mašīnas dekors inside the Sultan.","factions":[]}
{"action":39,"origin":"ch1","date":"2021-12-26T10:20:20","phones":[],"objects":[],"characters":[1],"vehicles":[],"interiors":[],"accounts":[],"content":"Oscar_Bozo->Sultan #1 - Item ID: 179 - Mašīnas dekors @ (359.1435546875, 858.787109375, 19.992563247681) in (int 0, dim 0)","factions":[]}
{"action":4,"origin":"ch1","date":"2021-12-26T10:21:23","phones":[],"objects":[],"characters":[1],"vehicles":[],"interiors":[],"accounts":[],"content":"ADMIN makegeneric cav (x1) for 1","factions":[]}
{"action":39,"origin":"ch1","date":"2021-12-26T10:21:27","phones":[],"objects":[],"characters":[1],"vehicles":[],"interiors":[],"accounts":[],"content":"Oscar_Bozo -> ~World #45 - cav - 1 @ (344.18655, 871.75433, 19.40625) in (int 0, dim 0)","factions":[]}
{"action":40,"origin":"ch1","date":"2021-12-26T10:21:27","phones":[],"objects":[],"characters":[1],"vehicles":[],"interiors":[],"accounts":[],"content":"Oscar Bozo dropped a cav.","factions":[]}
{"action":39,"origin":"ch1","date":"2021-12-26T10:21:30","phones":[],"objects":[45],"characters":[],"vehicles":[],"interiors":[],"accounts":[],"content":"~World #45 @ (344.18655395508, 871.75433349609, 19.40625) in (int 0, dim 0) ->Oscar_Bozo - Generic Item - 1","factions":[]}
{"action":40,"origin":"ch1","date":"2021-12-26T10:21:30","phones":[],"objects":[],"characters":[1],"vehicles":[],"interiors":[],"accounts":[],"content":"Oscar Bozo bends over and picks up a cav.","factions":[]}
{"action":39,"origin":"ch1","date":"2021-12-26T10:21:35","phones":[],"objects":[],"characters":[1],"vehicles":[],"interiors":[],"accounts":[],"content":"Oscar_Bozo -> ~World #46 - cav - 1 @ (344.36417, 876.8606, 19.40625) in (int 0, dim 0)","factions":[]}
{"action":40,"origin":"ch1","date":"2021-12-26T10:21:35","phones":[],"objects":[],"characters":[1],"vehicles":[],"interiors":[],"accounts":[],"content":"Oscar Bozo dropped a cav.","factions":[]}
{"action":39,"origin":"ch1","date":"2021-12-26T10:21:44","phones":[],"objects":[46],"characters":[],"vehicles":[],"interiors":[],"accounts":[],"content":"~World #46 @ (344.36416625977, 876.86059570312, 19.40625) in (int 0, dim 0) ->Oscar_Bozo - Generic Item - 1","factions":[]}
{"action":40,"origin":"ch1","date":"2021-12-26T10:21:44","phones":[],"objects":[],"characters":[1],"vehicles":[],"interiors":[],"accounts":[],"content":"Oscar Bozo bends over and picks up a cav.","factions":[]}
{"action":39,"origin":"ch1","date":"2021-12-26T10:21:48","phones":[],"objects":[],"characters":[1],"vehicles":[],"interiors":[],"accounts":[],"content":"Oscar_Bozo -> ~World #47 - cav - 1 @ (349.94089, 882.11017, 21.236509) in (int 0, dim 0)","factions":[]}
{"action":40,"origin":"ch1","date":"2021-12-26T10:21:48","phones":[],"objects":[],"characters":[1],"vehicles":[],"interiors":[],"accounts":[],"content":"Oscar Bozo dropped a cav.","factions":[]}
{"action":39,"origin":"ch1","date":"2021-12-26T10:21:52","phones":[],"objects":[47],"characters":[],"vehicles":[],"interiors":[],"accounts":[],"content":"~World #47 @ (349.94088745117, 882.11016845703, 21.23650932312) in (int 0, dim 0) ->Oscar_Bozo - Generic Item - 1","factions":[]}
{"action":40,"origin":"ch1","date":"2021-12-26T10:21:52","phones":[],"objects":[],"characters":[1],"vehicles":[],"interiors":[],"accounts":[],"content":"Oscar Bozo bends over and picks up a cav.","factions":[]}
{"action":4,"origin":"ch1","date":"2021-12-26T10:22:02","phones":[],"objects":[],"characters":[1],"vehicles":[],"interiors":[],"accounts":[],"content":"ADMIN makegeneric cav1 (x1) for 1","factions":[]}
{"action":39,"origin":"ch1","date":"2021-12-26T10:22:04","phones":[],"objects":[],"characters":[1],"vehicles":[],"interiors":[],"accounts":[],"content":"Oscar_Bozo -> ~World #48 - cav1 - 1 @ (348.72232, 884.25146, 19.40625) in (int 0, dim 0)","factions":[]}
{"action":40,"origin":"ch1","date":"2021-12-26T10:22:04","phones":[],"objects":[],"characters":[1],"vehicles":[],"interiors":[],"accounts":[],"content":"Oscar Bozo dropped a cav1.","factions":[]}
{"action":39,"origin":"ch1","date":"2021-12-26T10:22:16","phones":[],"objects":[48],"characters":[],"vehicles":[],"interiors":[],"accounts":[],"content":"~World #48 @ (348.72232055664, 884.25146484375, 19.40625) in (int 0, dim 0) ->Oscar_Bozo - Generic Item - 1","factions":[]}
{"action":40,"origin":"ch1","date":"2021-12-26T10:22:16","phones":[],"objects":[],"characters":[1],"vehicles":[],"interiors":[],"accounts":[],"content":"Oscar Bozo bends over and picks up a cav1.","factions":[]}
{"action":39,"origin":"ch1","date":"2021-12-26T10:22:18","phones":[],"objects":[],"characters":[1],"vehicles":[],"interiors":[],"accounts":[],"content":"Oscar_Bozo -> ~World #49 - cav1 - 1 @ (348.62744, 879.39056, 19.40625) in (int 0, dim 0)","factions":[]}
{"action":40,"origin":"ch1","date":"2021-12-26T10:22:18","phones":[],"objects":[],"characters":[1],"vehicles":[],"interiors":[],"accounts":[],"content":"Oscar Bozo dropped a cav1.","factions":[]}
{"action":39,"origin":"ch1","date":"2021-12-26T10:23:17","phones":[],"objects":[49],"characters":[],"vehicles":[],"interiors":[],"accounts":[],"content":"~World #49 @ (348.62744140625, 879.39056396484, 19.40625) in (int 0, dim 0) ->Oscar_Bozo - Generic Item - 1","factions":[]}
{"action":40,"origin":"ch1","date":"2021-12-26T10:23:17","phones":[],"objects":[],"characters":[1],"vehicles":[],"interiors":[],"accounts":[],"content":"Oscar Bozo bends over and picks up a cav1.","factions":[]}
{"action":39,"origin":"ch1","date":"2021-12-26T10:23:20","phones":[],"objects":[],"characters":[1],"vehicles":[],"interiors":[],"accounts":[],"content":"Oscar_Bozo -> ~World #50 - cav - 1 @ (344.99701, 877.06738, 19.40625) in (int 0, dim 0)","factions":[]}
{"action":40,"origin":"ch1","date":"2021-12-26T10:23:20","phones":[],"objects":[],"characters":[1],"vehicles":[],"interiors":[],"accounts":[],"content":"Oscar Bozo dropped a cav.","factions":[]}
{"action":39,"origin":"ch1","date":"2021-12-26T10:23:25","phones":[],"objects":[50],"characters":[],"vehicles":[],"interiors":[],"accounts":[],"content":"~World #50 @ (344.99700927734, 877.0673828125, 19.40625) in (int 0, dim 0) ->Oscar_Bozo - Generic Item - 1","factions":[]}
{"action":40,"origin":"ch1","date":"2021-12-26T10:23:25","phones":[],"objects":[],"characters":[1],"vehicles":[],"interiors":[],"accounts":[],"content":"Oscar Bozo bends over and picks up a cav.","factions":[]}
{"action":40,"origin":"ch1","date":"2021-12-26T10:23:30","phones":[],"objects":[],"characters":[1],"vehicles":[],"interiors":[],"accounts":[],"content":"Oscar Bozo iznīcināja cav.","factions":[]}
{"action":39,"origin":"ch1","date":"2021-12-26T10:23:31","phones":[],"objects":[],"characters":[1],"vehicles":[],"interiors":[],"accounts":[],"content":"Oscar_Bozo -> ~World #51 - cav1 - 1 @ (344.87268, 878.26093, 19.40625) in (int 0, dim 0)","factions":[]}
{"action":40,"origin":"ch1","date":"2021-12-26T10:23:31","phones":[],"objects":[],"characters":[1],"vehicles":[],"interiors":[],"accounts":[],"content":"Oscar Bozo dropped a cav1.","factions":[]}
{"action":39,"origin":"ch1","date":"2021-12-26T10:23:33","phones":[],"objects":[51],"characters":[],"vehicles":[],"interiors":[],"accounts":[],"content":"~World #51 @ (344.87268066406, 878.26092529297, 19.40625) in (int 0, dim 0) ->Oscar_Bozo - Generic Item - 1","factions":[]}
{"action":40,"origin":"ch1","date":"2021-12-26T10:23:33","phones":[],"objects":[],"characters":[1],"vehicles":[],"interiors":[],"accounts":[],"content":"Oscar Bozo bends over and picks up a cav1.","factions":[]}
{"action":40,"origin":"ch1","date":"2021-12-26T10:23:35","phones":[],"objects":[],"characters":[1],"vehicles":[],"interiors":[],"accounts":[],"content":"Oscar Bozo iznīcināja cav1.","factions":[]}
{"action":4,"origin":"ch1","date":"2021-12-26T10:30:29","phones":[],"objects":[],"characters":[1],"vehicles":[],"interiors":[],"accounts":[],"content":"GIVEITEM Kokaīna taisīšanas muca 1","factions":[]}
{"action":39,"origin":"ch1","date":"2021-12-26T10:30:49","phones":[],"objects":[],"characters":[1],"vehicles":[],"interiors":[],"accounts":[],"content":"Oscar_Bozo -> ~World #52 - Kokaīna taisīšanas muca - 1 @ (341.66113, 874.66736, 19.40625) in (int 0, dim 0)","factions":[]}
{"action":40,"origin":"ch1","date":"2021-12-26T10:30:49","phones":[],"objects":[],"characters":[1],"vehicles":[],"interiors":[],"accounts":[],"content":"Oscar Bozo dropped a Kokaīna taisīšanas muca.","factions":[]}
{"action":39,"origin":"ch1","date":"2021-12-26T10:30:51","phones":[],"objects":[52],"characters":[],"vehicles":[],"interiors":[],"accounts":[],"content":"~World #52 @ (341.6611328125, 874.66735839844, 19.40625) in (int 0, dim 0) ->Oscar_Bozo - Kokaīna taisīšanas muca - 1","factions":[]}
{"action":40,"origin":"ch1","date":"2021-12-26T10:30:51","phones":[],"objects":[],"characters":[1],"vehicles":[],"interiors":[],"accounts":[],"content":"Oscar Bozo bends over and picks up a Kokaīna taisīšanas muca.","factions":[]}
{"action":4,"origin":"ch1","date":"2021-12-26T10:46:19","phones":[],"objects":[],"characters":[1],"vehicles":[],"interiors":[],"accounts":[],"content":"GIVEITEM Degvielas kanna 1","factions":[]}
{"action":7,"origin":"ch1","date":"2021-12-26T10:46:49","phones":[],"objects":[],"characters":[1],"vehicles":[],"interiors":[],"accounts":[],"content":"English: Vai Jūs varētu uzpildīt manu degvielas kanniņu?","factions":[]}
{"action":39,"origin":"ch1","date":"2021-12-26T11:16:32","phones":[],"objects":[],"characters":[1],"vehicles":[],"interiors":[],"accounts":[],"content":"Oscar_Bozo -> ~World #53 - Kokaīna taisīšanas muca - 1 @ (340.29517, 879.07587, 19.40625) in (int 0, dim 0)","factions":[]}
{"action":40,"origin":"ch1","date":"2021-12-26T11:16:32","phones":[],"objects":[],"characters":[1],"vehicles":[],"interiors":[],"accounts":[],"content":"Oscar Bozo dropped a Kokaīna taisīšanas muca.","factions":[]}
{"action":4,"origin":"ch1","date":"2021-12-26T11:44:27","phones":[],"objects":[],"characters":[1],"vehicles":[],"interiors":[],"accounts":[],"content":"GIVEITEM Cementa pulveris 1","factions":[]}
{"action":4,"origin":"ch1","date":"2021-12-26T11:44:28","phones":[],"objects":[],"characters":[1],"vehicles":[],"interiors":[],"accounts":[],"content":"GIVEITEM Trubu tīrāmais līdzeklis 1","factions":[]}
{"action":4,"origin":"ch1","date":"2021-12-26T11:44:30","phones":[],"objects":[],"characters":[1],"vehicles":[],"interiors":[],"accounts":[],"content":"GIVEITEM Kokaīna taisīšanas muca 1","factions":[]}
{"action":40,"origin":"ch1","date":"2021-12-26T11:44:34","phones":[],"objects":[],"characters":[1],"vehicles":[],"interiors":[],"accounts":[],"content":"Oscar Bozo iznīcināja Degvielas kanna.","factions":[]}
{"action":40,"origin":"ch1","date":"2021-12-26T11:44:35","phones":[],"objects":[],"characters":[1],"vehicles":[],"interiors":[],"accounts":[],"content":"Oscar Bozo iznīcināja Cementa pulveris.","factions":[]}
{"action":40,"origin":"ch1","date":"2021-12-26T11:44:35","phones":[],"objects":[],"characters":[1],"vehicles":[],"interiors":[],"accounts":[],"content":"Oscar Bozo iznīcināja Trubu tīrāmais līdzeklis.","factions":[]}
{"action":40,"origin":"ch1","date":"2021-12-26T11:44:35","phones":[],"objects":[],"characters":[1],"vehicles":[],"interiors":[],"accounts":[],"content":"Oscar Bozo iznīcināja Kokaīna taisīšanas muca.","factions":[]}
{"action":4,"origin":"ch1","date":"2021-12-26T11:44:42","phones":[],"objects":[],"characters":[1],"vehicles":[],"interiors":[],"accounts":[],"content":"GIVEITEM Trubu tīrāmais līdzeklis 1","factions":[]}
{"action":40,"origin":"ch1","date":"2021-12-26T11:44:48","phones":[],"objects":[],"characters":[1],"vehicles":[],"interiors":[],"accounts":[],"content":"Oscar Bozo iznīcināja Trubu tīrāmais līdzeklis.","factions":[]}
{"action":4,"origin":"ch1","date":"2021-12-26T14:03:39","phones":[],"objects":[],"characters":[1],"vehicles":[],"interiors":[],"accounts":[],"content":"GIVEITEM Coca auga lapas 1","factions":[]}
{"action":4,"origin":"ch1","date":"2021-12-26T14:03:39","phones":[],"objects":[],"characters":[1],"vehicles":[],"interiors":[],"accounts":[],"content":"GIVEITEM Coca auga lapas 1","factions":[]}
{"action":4,"origin":"ch1","date":"2021-12-26T14:03:40","phones":[],"objects":[],"characters":[1],"vehicles":[],"interiors":[],"accounts":[],"content":"GIVEITEM Coca auga lapas 1","factions":[]}
{"action":4,"origin":"ch1","date":"2021-12-26T14:03:40","phones":[],"objects":[],"characters":[1],"vehicles":[],"interiors":[],"accounts":[],"content":"GIVEITEM Coca auga lapas 1","factions":[]}
{"action":4,"origin":"ch1","date":"2021-12-26T14:03:41","phones":[],"objects":[],"characters":[1],"vehicles":[],"interiors":[],"accounts":[],"content":"GIVEITEM Coca auga lapas 1","factions":[]}
{"action":4,"origin":"ch1","date":"2021-12-26T14:03:48","phones":[],"objects":[],"characters":[1],"vehicles":[],"interiors":[],"accounts":[],"content":"GIVEITEM Ūdens pudele 1","factions":[]}
{"action":4,"origin":"ch1","date":"2021-12-26T14:03:53","phones":[],"objects":[],"characters":[1],"vehicles":[],"interiors":[],"accounts":[],"content":"GIVEITEM Degvielas kanna 1","factions":[]}
{"action":4,"origin":"ch1","date":"2021-12-26T14:03:57","phones":[],"objects":[],"characters":[1],"vehicles":[],"interiors":[],"accounts":[],"content":"GIVEITEM Cementa pulveris 1","factions":[]}
{"action":4,"origin":"ch1","date":"2021-12-26T14:04:02","phones":[],"objects":[],"characters":[1],"vehicles":[],"interiors":[],"accounts":[],"content":"GIVEITEM Trubu tīrāmais līdzeklis 1","factions":[]}
{"action":7,"origin":"ch1","date":"2021-12-26T14:04:13","phones":[],"objects":[],"characters":[1],"vehicles":[],"interiors":[],"accounts":[],"content":"English: Man patīk tavs tērps.","factions":[]}
{"action":4,"origin":"ch1","date":"2021-12-26T14:05:31","phones":[],"objects":[],"characters":[1],"vehicles":[],"interiors":[],"accounts":[],"content":"GIVEITEM Coca auga lapas 1","factions":[]}
{"action":4,"origin":"ch1","date":"2021-12-26T14:05:31","phones":[],"objects":[],"characters":[1],"vehicles":[],"interiors":[],"accounts":[],"content":"GIVEITEM Coca auga lapas 1","factions":[]}
{"action":4,"origin":"ch1","date":"2021-12-26T14:05:32","phones":[],"objects":[],"characters":[1],"vehicles":[],"interiors":[],"accounts":[],"content":"GIVEITEM Coca auga lapas 1","factions":[]}
{"action":4,"origin":"ch1","date":"2021-12-26T14:05:32","phones":[],"objects":[],"characters":[1],"vehicles":[],"interiors":[],"accounts":[],"content":"GIVEITEM Coca auga lapas 1","factions":[]}
{"action":4,"origin":"ch1","date":"2021-12-26T14:05:33","phones":[],"objects":[],"characters":[1],"vehicles":[],"interiors":[],"accounts":[],"content":"GIVEITEM Coca auga lapas 1","factions":[]}
{"action":4,"origin":"ch1","date":"2021-12-26T14:05:47","phones":[],"objects":[],"characters":[1],"vehicles":[],"interiors":[],"accounts":[],"content":"GIVEITEM Kokaīna taisīšanas muca 1","factions":[]}
{"action":39,"origin":"ch1","date":"2021-12-26T14:05:50","phones":[],"objects":[],"characters":[1],"vehicles":[],"interiors":[],"accounts":[],"content":"Oscar_Bozo -> ~World #54 - Kokaīna taisīšanas muca - 1 @ (348.79919, 879.09198, 19.40625) in (int 0, dim 0)","factions":[]}
{"action":40,"origin":"ch1","date":"2021-12-26T14:05:50","phones":[],"objects":[],"characters":[1],"vehicles":[],"interiors":[],"accounts":[],"content":"Oscar Bozo dropped a Kokaīna taisīšanas muca.","factions":[]}
{"action":7,"origin":"ch1","date":"2021-12-26T14:06:21","phones":[],"objects":[],"characters":[1],"vehicles":[],"interiors":[],"accounts":[],"content":"English: Vai Jūs varētu uzpildīt manu degvielas kanniņu?","factions":[]}
{"action":40,"origin":"ch1","date":"2021-12-26T14:07:30","phones":[],"objects":[],"characters":[1],"vehicles":[],"interiors":[],"accounts":[],"content":"Oscar Bozo iešņauc kokaīnu.","factions":[]}
{"action":40,"origin":"ch1","date":"2021-12-26T14:07:38","phones":[],"objects":[],"characters":[1],"vehicles":[],"interiors":[],"accounts":[],"content":"Oscar Bozo iznīcināja Kokaīna alkaloīdi.","factions":[]}
{"action":40,"origin":"ch1","date":"2021-12-26T14:07:39","phones":[],"objects":[],"characters":[1],"vehicles":[],"interiors":[],"accounts":[],"content":"Oscar Bozo iznīcināja Kokaīna alkaloīdi.","factions":[]}
{"action":40,"origin":"ch1","date":"2021-12-26T14:07:39","phones":[],"objects":[],"characters":[1],"vehicles":[],"interiors":[],"accounts":[],"content":"Oscar Bozo iznīcināja Kokaīna alkaloīdi.","factions":[]}
{"action":40,"origin":"ch1","date":"2021-12-26T14:07:39","phones":[],"objects":[],"characters":[1],"vehicles":[],"interiors":[],"accounts":[],"content":"Oscar Bozo iznīcināja Kokaīna alkaloīdi.","factions":[]}
{"action":40,"origin":"ch1","date":"2021-12-26T14:07:39","phones":[],"objects":[],"characters":[1],"vehicles":[],"interiors":[],"accounts":[],"content":"Oscar Bozo iznīcināja Kokaīna alkaloīdi.","factions":[]}
{"action":40,"origin":"ch1","date":"2021-12-26T14:07:40","phones":[],"objects":[],"characters":[1],"vehicles":[],"interiors":[],"accounts":[],"content":"Oscar Bozo iznīcināja Kokaīns.","factions":[]}
{"action":40,"origin":"ch1","date":"2021-12-26T14:07:41","phones":[],"objects":[],"characters":[1],"vehicles":[],"interiors":[],"accounts":[],"content":"Oscar Bozo iznīcināja Kokaīns.","factions":[]}
{"action":40,"origin":"ch1","date":"2021-12-26T14:07:41","phones":[],"objects":[],"characters":[1],"vehicles":[],"interiors":[],"accounts":[],"content":"Oscar Bozo iznīcināja Kokaīns.","factions":[]}
{"action":40,"origin":"ch1","date":"2021-12-26T14:07:41","phones":[],"objects":[],"characters":[1],"vehicles":[],"interiors":[],"accounts":[],"content":"Oscar Bozo iznīcināja Kokaīns.","factions":[]}
{"action":40,"origin":"ch1","date":"2021-12-26T14:07:41","phones":[],"objects":[],"characters":[1],"vehicles":[],"interiors":[],"accounts":[],"content":"Oscar Bozo iznīcināja Kokaīns.","factions":[]}
{"action":40,"origin":"ch1","date":"2021-12-26T14:07:41","phones":[],"objects":[],"characters":[1],"vehicles":[],"interiors":[],"accounts":[],"content":"Oscar Bozo iznīcināja Kokaīns.","factions":[]}
{"action":40,"origin":"ch1","date":"2021-12-26T14:07:41","phones":[],"objects":[],"characters":[1],"vehicles":[],"interiors":[],"accounts":[],"content":"Oscar Bozo iznīcināja Kokaīns.","factions":[]}
{"action":40,"origin":"ch1","date":"2021-12-26T14:07:41","phones":[],"objects":[],"characters":[1],"vehicles":[],"interiors":[],"accounts":[],"content":"Oscar Bozo iznīcināja Kokaīns.","factions":[]}
{"action":40,"origin":"ch1","date":"2021-12-26T14:07:42","phones":[],"objects":[],"characters":[1],"vehicles":[],"interiors":[],"accounts":[],"content":"Oscar Bozo iznīcināja Kokaīns.","factions":[]}
{"action":40,"origin":"ch1","date":"2021-12-26T14:07:42","phones":[],"objects":[],"characters":[1],"vehicles":[],"interiors":[],"accounts":[],"content":"Oscar Bozo iznīcināja Kokaīns.","factions":[]}
{"action":40,"origin":"ch1","date":"2021-12-26T14:07:42","phones":[],"objects":[],"characters":[1],"vehicles":[],"interiors":[],"accounts":[],"content":"Oscar Bozo iznīcināja Kokaīns.","factions":[]}
{"action":40,"origin":"ch1","date":"2021-12-26T14:07:42","phones":[],"objects":[],"characters":[1],"vehicles":[],"interiors":[],"accounts":[],"content":"Oscar Bozo iznīcināja Kokaīns.","factions":[]}
{"action":40,"origin":"ch1","date":"2021-12-26T14:07:42","phones":[],"objects":[],"characters":[1],"vehicles":[],"interiors":[],"accounts":[],"content":"Oscar Bozo iznīcināja Kokaīns.","factions":[]}
{"action":40,"origin":"ch1","date":"2021-12-26T14:07:42","phones":[],"objects":[],"characters":[1],"vehicles":[],"interiors":[],"accounts":[],"content":"Oscar Bozo iznīcināja Kokaīns.","factions":[]}
{"action":40,"origin":"ch1","date":"2021-12-26T14:07:42","phones":[],"objects":[],"characters":[1],"vehicles":[],"interiors":[],"accounts":[],"content":"Oscar Bozo iznīcināja Kokaīns.","factions":[]}
{"action":40,"origin":"ch1","date":"2021-12-26T14:07:43","phones":[],"objects":[],"characters":[1],"vehicles":[],"interiors":[],"accounts":[],"content":"Oscar Bozo iznīcināja Kokaīns.","factions":[]}
{"action":40,"origin":"ch1","date":"2021-12-26T14:14:37","phones":[],"objects":[],"characters":[1],"vehicles":[],"interiors":[],"accounts":[],"content":"Oscar Bozo ielūkojas mucā.","factions":[]}
{"action":4,"origin":"ch1","date":"2021-12-26T14:14:54","phones":[],"objects":[],"characters":[1],"vehicles":[],"interiors":[],"accounts":[],"content":"GIVEITEM Coca auga lapas 1","factions":[]}
{"action":4,"origin":"ch1","date":"2021-12-26T14:14:55","phones":[],"objects":[],"characters":[1],"vehicles":[],"interiors":[],"accounts":[],"content":"GIVEITEM Coca auga lapas 1","factions":[]}
{"action":4,"origin":"ch1","date":"2021-12-26T14:14:55","phones":[],"objects":[],"characters":[1],"vehicles":[],"interiors":[],"accounts":[],"content":"GIVEITEM Coca auga lapas 1","factions":[]}
{"action":4,"origin":"ch1","date":"2021-12-26T14:14:56","phones":[],"objects":[],"characters":[1],"vehicles":[],"interiors":[],"accounts":[],"content":"GIVEITEM Coca auga lapas 1","factions":[]}
{"action":4,"origin":"ch1","date":"2021-12-26T14:14:56","phones":[],"objects":[],"characters":[1],"vehicles":[],"interiors":[],"accounts":[],"content":"GIVEITEM Coca auga lapas 1","factions":[]}
{"action":4,"origin":"ch1","date":"2021-12-26T14:15:01","phones":[],"objects":[],"characters":[1],"vehicles":[],"interiors":[],"accounts":[],"content":"GIVEITEM Ūdens pudele 1","factions":[]}
{"action":4,"origin":"ch1","date":"2021-12-26T14:15:05","phones":[],"objects":[],"characters":[1],"vehicles":[],"interiors":[],"accounts":[],"content":"GIVEITEM Trubu tīrāmais līdzeklis 1","factions":[]}
{"action":4,"origin":"ch1","date":"2021-12-26T14:15:08","phones":[],"objects":[],"characters":[1],"vehicles":[],"interiors":[],"accounts":[],"content":"GIVEITEM Cementa pulveris 1","factions":[]}
{"action":40,"origin":"ch1","date":"2021-12-26T14:15:15","phones":[],"objects":[],"characters":[1],"vehicles":[],"interiors":[],"accounts":[],"content":"Oscar Bozo ielūkojas mucā.","factions":[]}
{"action":40,"origin":"ch1","date":"2021-12-26T14:15:17","phones":[],"objects":[],"characters":[1],"vehicles":[],"interiors":[],"accounts":[],"content":"Oscar Bozo iemet pāris coca lapas mucā.","factions":[]}
{"action":40,"origin":"ch1","date":"2021-12-26T14:15:18","phones":[],"objects":[],"characters":[1],"vehicles":[],"interiors":[],"accounts":[],"content":"Oscar Bozo iemet pāris coca lapas mucā.","factions":[]}
{"action":40,"origin":"ch1","date":"2021-12-26T14:15:19","phones":[],"objects":[],"characters":[1],"vehicles":[],"interiors":[],"accounts":[],"content":"Oscar Bozo iemet pāris coca lapas mucā.","factions":[]}
{"action":40,"origin":"ch1","date":"2021-12-26T14:15:20","phones":[],"objects":[],"characters":[1],"vehicles":[],"interiors":[],"accounts":[],"content":"Oscar Bozo iemet pāris coca lapas mucā.","factions":[]}
{"action":40,"origin":"ch1","date":"2021-12-26T14:15:21","phones":[],"objects":[],"characters":[1],"vehicles":[],"interiors":[],"accounts":[],"content":"Oscar Bozo iemet pāris coca lapas mucā.","factions":[]}
{"action":40,"origin":"ch1","date":"2021-12-26T14:15:23","phones":[],"objects":[],"characters":[1],"vehicles":[],"interiors":[],"accounts":[],"content":"Oscar Bozo ar rokām sāk smalcināt lapas, kas ir mucā.","factions":[]}
{"action":40,"origin":"ch1","date":"2021-12-26T14:15:31","phones":[],"objects":[],"characters":[1],"vehicles":[],"interiors":[],"accounts":[],"content":"Oscar Bozo ieber veselu maisu ar cementa pulveri mucā.","factions":[]}
{"action":40,"origin":"ch1","date":"2021-12-26T14:15:35","phones":[],"objects":[],"characters":[1],"vehicles":[],"interiors":[],"accounts":[],"content":"Oscar Bozo ielej šķidrumu mucā.","factions":[]}
{"action":4,"origin":"ch1","date":"2021-12-26T14:15:45","phones":[],"objects":[],"characters":[1],"vehicles":[],"interiors":[],"accounts":[],"content":"GIVEITEM Degvielas kanna 1","factions":[]}
{"action":7,"origin":"ch1","date":"2021-12-26T14:15:52","phones":[],"objects":[],"characters":[1],"vehicles":[],"interiors":[],"accounts":[],"content":"English: Vai Jūs varētu uzpildīt manu degvielas kanniņu?","factions":[]}
{"action":40,"origin":"ch1","date":"2021-12-26T14:15:58","phones":[],"objects":[],"characters":[1],"vehicles":[],"interiors":[],"accounts":[],"content":"Oscar Bozo ielūkojas mucā.","factions":[]}
{"action":40,"origin":"ch1","date":"2021-12-26T14:16:00","phones":[],"objects":[],"characters":[1],"vehicles":[],"interiors":[],"accounts":[],"content":"Oscar Bozo ielej degvielu no kanniņas mucā.","factions":[]}
{"action":40,"origin":"ch1","date":"2021-12-26T14:16:02","phones":[],"objects":[],"characters":[1],"vehicles":[],"interiors":[],"accounts":[],"content":"Oscar Bozo ielej pudeli ar ķimikālijām mucā.","factions":[]}
{"action":40,"origin":"ch1","date":"2021-12-26T14:16:13","phones":[],"objects":[],"characters":[1],"vehicles":[],"interiors":[],"accounts":[],"content":"Oscar Bozo nokasa kokaīnu no mucas malām.","factions":[]}
{"action":40,"origin":"ch1","date":"2021-12-26T14:16:21","phones":[],"objects":[],"characters":[1],"vehicles":[],"interiors":[],"accounts":[],"content":"Oscar Bozo iešņauc kokaīnu.","factions":[]}
{"action":40,"origin":"ch1","date":"2021-12-26T14:16:32","phones":[],"objects":[],"characters":[1],"vehicles":[],"interiors":[],"accounts":[],"content":"Oscar Bozo ielūkojas mucā.","factions":[]}
{"action":40,"origin":"ch1","date":"2021-12-26T14:29:50","phones":[],"objects":[],"characters":[1],"vehicles":[],"interiors":[],"accounts":[],"content":"Oscar Bozo ielūkojas mucā.","factions":[]}
{"action":27,"origin":"ac1","date":"2021-12-26T14:31:22","phones":[],"objects":[],"characters":[1],"vehicles":[],"interiors":[],"accounts":[1],"content":"Disconnected (Quit) (Name: Oscar_Bozo)","factions":[]}
