{"action":27,"origin":"ac4","date":"2021-11-13T14:13:04","phones":[],"objects":[],"characters":[3],"vehicles":[],"interiors":[],"accounts":[4],"content":"Spawned","factions":[]}
{"action":28,"origin":"ch3","date":"2021-11-13T14:19:07","phones":[],"objects":[],"characters":[3],"vehicles":[],"interiors":[],"accounts":[],"content":"Removed all the spawned spikestrips","factions":[]}
{"action":40,"origin":"ch3","date":"2021-11-13T15:07:21","phones":[],"objects":[],"characters":[3],"vehicles":[],"interiors":[],"accounts":[],"content":"Chiggy Mcniggy looks at their Watch.","factions":[]}
{"action":40,"origin":"ch3","date":"2021-11-13T15:07:32","phones":[],"objects":[],"characters":[3],"vehicles":[],"interiors":[],"accounts":[],"content":"Chiggy Mcniggy looks at their Watch.","factions":[]}
{"action":40,"origin":"ch3","date":"2021-11-13T15:07:56","phones":[],"objects":[],"characters":[3],"vehicles":[],"interiors":[],"accounts":[],"content":"Chiggy Mcniggy takes out his Cellphone.","factions":[]}
{"action":40,"origin":"ch3","date":"2021-11-13T15:07:59","phones":[],"objects":[],"characters":[3],"vehicles":[],"interiors":[],"accounts":[],"content":"Chiggy Mcniggy puts down his Cellphone.","factions":[]}
{"action":6,"origin":"ch3","date":"2021-11-13T15:41:46","phones":[],"objects":[],"characters":[],"vehicles":[17],"interiors":[],"accounts":[],"content":"SPAWNVEH 'Sultan' CIVILLIAN","factions":[]}
{"action":31,"origin":"ch3","date":"2021-11-13T15:41:53","phones":[],"objects":[],"characters":[3],"vehicles":[17],"interiors":[],"accounts":[],"content":"STARTED ENGINE","factions":[]}
{"action":6,"origin":"ch3","date":"2021-11-13T15:42:59","phones":[],"objects":[],"characters":[],"vehicles":[17],"interiors":[],"accounts":[],"content":"DELVEH","factions":[]}
{"action":6,"origin":"ch3","date":"2021-11-13T15:44:17","phones":[],"objects":[],"characters":[],"vehicles":[18],"interiors":[],"accounts":[],"content":"SPAWNVEH 'Fire Truck Ladder' CIVILLIAN","factions":[]}
{"action":6,"origin":"ch3","date":"2021-11-13T15:46:50","phones":[],"objects":[],"characters":[],"vehicles":[18],"interiors":[],"accounts":[],"content":"DELVEH","factions":[]}
{"action":27,"origin":"ac4","date":"2021-11-13T16:58:35","phones":[],"objects":[],"characters":[3],"vehicles":[],"interiors":[],"accounts":[4],"content":"Disconnected (Quit) (Name: Chiggy_Mcniggy)","factions":[]}
{"action":27,"origin":"ac6","date":"2021-11-13T20:24:01","phones":[],"objects":[],"characters":[],"vehicles":[],"interiors":[],"accounts":[6],"content":"Connected from 85.254.75.20 - 282922DCC31864B11E27D3625036AF04","factions":[]}
{"action":27,"origin":"ac6","date":"2021-11-13T20:24:15","phones":[],"objects":[],"characters":[5],"vehicles":[],"interiors":[],"accounts":[6],"content":"Spawned","factions":[]}
{"action":34,"origin":"ch5","date":"2021-11-13T20:24:21","phones":[],"objects":[],"characters":[5],"vehicles":[],"interiors":[],"accounts":[],"content":" died","factions":[]}
{"action":4,"origin":"ch5","date":"2021-11-13T20:24:24","phones":[],"objects":[],"characters":[5],"vehicles":[],"interiors":[],"accounts":[],"content":"REVIVED from PK","factions":[]}
{"action":6,"origin":"ch5","date":"2021-11-13T20:26:57","phones":[],"objects":[],"characters":[5],"vehicles":[],"interiors":[],"accounts":[],"content":" Created new vehicle #5 in library.","factions":[]}
{"action":6,"origin":"ch5","date":"2021-11-13T20:27:16","phones":[],"objects":[],"characters":[5],"vehicles":[],"interiors":[],"accounts":[],"content":" Updated vehicle #5 from library.","factions":[]}
{"action":6,"origin":"ch5","date":"2021-11-13T20:27:39","phones":[],"objects":[],"characters":[],"vehicles":[19],"interiors":[],"accounts":[],"content":"SPAWNVEH 'Rhino' $1 Seko_Hashiwaro","factions":[]}
{"action":40,"origin":"ch5","date":"2021-11-13T20:27:51","phones":[],"objects":[],"characters":[5],"vehicles":[],"interiors":[],"accounts":[],"content":"Seko Hashiwaro presses on the key to unlock the vehicle. ((1941 Tanks BĻE))","factions":[]}
{"action":31,"origin":"ch5","date":"2021-11-13T20:27:51","phones":[],"objects":[],"characters":[],"vehicles":[19],"interiors":[],"accounts":[],"content":"UNLOCK FROM OUTSIDE","factions":[]}
{"action":7,"origin":"ch5","date":"2021-11-13T20:28:01","phones":[],"objects":[],"characters":[5],"vehicles":[19],"interiors":[],"accounts":[],"content":"English: Fire","factions":[]}
{"action":7,"origin":"ch5","date":"2021-11-13T20:28:05","phones":[],"objects":[],"characters":[5],"vehicles":[19],"interiors":[],"accounts":[],"content":"English: Fire!","factions":[]}
{"action":31,"origin":"ch5","date":"2021-11-13T20:28:07","phones":[],"objects":[],"characters":[5],"vehicles":[19],"interiors":[],"accounts":[],"content":"STARTED ENGINE","factions":[]}
{"action":7,"origin":"ch5","date":"2021-11-13T20:28:14","phones":[],"objects":[],"characters":[5],"vehicles":[19],"interiors":[],"accounts":[],"content":"English: Shoot","factions":[]}
{"action":7,"origin":"ch5","date":"2021-11-13T20:28:19","phones":[],"objects":[],"characters":[5],"vehicles":[19],"interiors":[],"accounts":[],"content":"English: Fire in the hole!","factions":[]}
{"action":40,"origin":"ch5","date":"2021-11-13T20:28:28","phones":[],"objects":[],"characters":[5],"vehicles":[],"interiors":[],"accounts":[],"content":"Seko Hashiwaro buckles in their seatbelt.","factions":[]}
{"action":6,"origin":"ch5","date":"2021-11-13T20:28:56","phones":[],"objects":[],"characters":[5],"vehicles":[19],"interiors":[],"accounts":[],"content":"SETVEHTINT 1","factions":[]}
{"action":40,"origin":"ch5","date":"2021-11-13T20:29:37","phones":[],"objects":[],"characters":[5],"vehicles":[],"interiors":[],"accounts":[],"content":"Seko Hashiwaro unbuckles their seatbelt.","factions":[]}
{"action":6,"origin":"ch5","date":"2021-11-13T20:29:56","phones":[],"objects":[],"characters":[],"vehicles":[19],"interiors":[],"accounts":[],"content":"MODDING REPAINT [ [ 245, 245, 245, 245, 245, 245, 245, 245, 245, 245, 245, 245 ] ]","factions":[]}
{"action":6,"origin":"ch5","date":"2021-11-13T20:30:04","phones":[],"objects":[],"characters":[],"vehicles":[19],"interiors":[],"accounts":[],"content":"MODDING HEADLIGHT 19 224 9","factions":[]}
{"action":4,"origin":"ch5","date":"2021-11-13T20:31:35","phones":[],"objects":[],"characters":[5],"vehicles":[],"interiors":[],"accounts":[],"content":"GIVEWEAPON Sniper mp9MN8brmuWwmHWR0ug8","factions":[]}
{"action":4,"origin":"ch5","date":"2021-11-13T20:31:41","phones":[],"objects":[],"characters":[5],"vehicles":[],"interiors":[],"accounts":[],"content":"GIVEWEAPON Poolstick mt9MN8br0ucqmHWR0ug8","factions":[]}
{"action":4,"origin":"ch5","date":"2021-11-13T20:31:45","phones":[],"objects":[],"characters":[5],"vehicles":[],"interiors":[],"accounts":[],"content":"GIVEWEAPON Deagle OF9MN8brmucqmHWR0ug8","factions":[]}
{"action":4,"origin":"ch5","date":"2021-11-13T20:31:58","phones":[],"objects":[],"characters":[5],"vehicles":[],"interiors":[],"accounts":[],"content":"GIVEITEM .45 ACP (50 rounds, serial: 'Oo9MN8brOvbqmHWR0ug8').","factions":[]}
{"action":40,"origin":"ch5","date":"2021-11-13T20:32:02","phones":[],"objects":[],"characters":[5],"vehicles":[],"interiors":[],"accounts":[],"content":"Seko Hashiwaro attempts to start the engine but fails.","factions":[]}
{"action":4,"origin":"ch5","date":"2021-11-13T20:32:09","phones":[],"objects":[],"characters":[5],"vehicles":[],"interiors":[],"accounts":[],"content":"ANN All vehicles refuelled by Admin Seko_Hashiwaro.","factions":[]}
{"action":6,"origin":"ch5","date":"2021-11-13T20:32:09","phones":[],"objects":[],"characters":[5],"vehicles":[],"interiors":[],"accounts":[],"content":"FUELVEHS","factions":[]}
{"action":31,"origin":"ch5","date":"2021-11-13T20:32:10","phones":[],"objects":[],"characters":[5],"vehicles":[19],"interiors":[],"accounts":[],"content":"STARTED ENGINE","factions":[]}
{"action":31,"origin":"ch5","date":"2021-11-13T20:32:34","phones":[],"objects":[],"characters":[5],"vehicles":[19],"interiors":[],"accounts":[],"content":"STARTED ENGINE","factions":[]}
{"action":27,"origin":"ac3","date":"2021-11-13T20:36:12","phones":[],"objects":[],"characters":[],"vehicles":[],"interiors":[],"accounts":[3],"content":"Connected from 80.89.75.174 - 62237E81CB0EC7B8DF15A13ED6861BE3","factions":[]}
{"action":27,"origin":"ac3","date":"2021-11-13T20:36:21","phones":[],"objects":[],"characters":[2],"vehicles":[],"interiors":[],"accounts":[3],"content":"Spawned","factions":[]}
{"action":3,"origin":"ch2","date":"2021-11-13T20:36:23","phones":[],"objects":[],"characters":[5,2],"vehicles":[],"interiors":[],"accounts":[],"content":"dzfd","factions":[]}
{"action":3,"origin":"ch2","date":"2021-11-13T20:36:27","phones":[],"objects":[],"characters":[5,2],"vehicles":[],"interiors":[],"accounts":[],"content":"zdr","factions":[]}
{"action":3,"origin":"ch5","date":"2021-11-13T20:36:35","phones":[],"objects":[],"characters":[5,2],"vehicles":[],"interiors":[],"accounts":[],"content":"yoo","factions":[]}
{"action":3,"origin":"ch2","date":"2021-11-13T20:36:42","phones":[],"objects":[],"characters":[5,2],"vehicles":[],"interiors":[],"accounts":[],"content":"ko tu vienītī serverī?","factions":[]}
{"action":3,"origin":"ch5","date":"2021-11-13T20:37:02","phones":[],"objects":[],"characters":[5,2],"vehicles":[],"interiors":[],"accounts":[],"content":"Es nez, kko chakarejos apkart. meginu ar tanku kko gaisa uzlaist","factions":[]}
{"action":3,"origin":"ch2","date":"2021-11-13T20:37:17","phones":[],"objects":[],"characters":[5,2],"vehicles":[],"interiors":[],"accounts":[],"content":"jāmauc race xD","factions":[]}
{"action":3,"origin":"ch2","date":"2021-11-13T20:37:20","phones":[],"objects":[],"characters":[5,2],"vehicles":[],"interiors":[],"accounts":[],"content":"vai carball","factions":[]}
{"action":3,"origin":"ch2","date":"2021-11-13T20:37:29","phones":[],"objects":[],"characters":[5,2],"vehicles":[],"interiors":[],"accounts":[],"content":"tik tev sava draudzene ar jāpasauc un var 2 vs 2 xD","factions":[]}
{"action":3,"origin":"ch5","date":"2021-11-13T20:37:39","phones":[],"objects":[],"characters":[5,2],"vehicles":[],"interiors":[],"accounts":[],"content":"vina tgd kkadu filmu skatas xd","factions":[]}
{"action":3,"origin":"ch5","date":"2021-11-13T20:39:25","phones":[],"objects":[],"characters":[5,2],"vehicles":[],"interiors":[],"accounts":[],"content":"kaa izshaut ar shito meslu?","factions":[]}
{"action":3,"origin":"ch2","date":"2021-11-13T20:39:33","phones":[],"objects":[],"characters":[5,2],"vehicles":[],"interiors":[],"accounts":[],"content":"\/s fire","factions":[]}
{"action":19,"origin":"ch5","date":"2021-11-13T20:39:37","phones":[],"objects":[],"characters":[5,2],"vehicles":[],"interiors":[],"accounts":[],"content":"English Fire","factions":[]}
{"action":8,"origin":"ch2","date":"2021-11-13T20:39:38","phones":[],"objects":[],"characters":[5,2],"vehicles":[],"interiors":[],"accounts":[],"content":"ja nekļūdos","factions":[]}
{"action":8,"origin":"ch5","date":"2021-11-13T20:39:41","phones":[],"objects":[],"characters":[5,2],"vehicles":[],"interiors":[],"accounts":[],"content":"nestrada","factions":[]}
{"action":8,"origin":"ch2","date":"2021-11-13T20:39:46","phones":[],"objects":[],"characters":[5,2],"vehicles":[],"interiors":[],"accounts":[],"content":"oof","factions":[]}
{"action":19,"origin":"ch5","date":"2021-11-13T20:39:52","phones":[],"objects":[],"characters":[5,2],"vehicles":[],"interiors":[],"accounts":[],"content":"English Fire","factions":[]}
{"action":8,"origin":"ch2","date":"2021-11-13T20:39:54","phones":[],"objects":[],"characters":[5,2],"vehicles":[],"interiors":[],"accounts":[],"content":"es krč ar čomu saes xD","factions":[]}
{"action":40,"origin":"ch2","date":"2021-11-13T20:40:00","phones":[],"objects":[],"characters":[5,2],"vehicles":[],"interiors":[],"accounts":[],"content":"Suko Hashiwaro's right leg was hit.","factions":[]}
{"action":34,"origin":"ch2","date":"2021-11-13T20:40:00","phones":[],"objects":[],"characters":[2,5],"vehicles":[],"interiors":[],"accounts":[],"content":" got killed by Seko Hashiwaro (Explosion)","factions":[]}
{"action":8,"origin":"ch5","date":"2021-11-13T20:40:02","phones":[],"objects":[],"characters":[5],"vehicles":[],"interiors":[],"accounts":[],"content":"a?","factions":[]}
{"action":4,"origin":"ch5","date":"2021-11-13T20:40:07","phones":[],"objects":[],"characters":[2],"vehicles":[],"interiors":[],"accounts":[],"content":"REVIVED from PK","factions":[]}
{"action":27,"origin":"ac3","date":"2021-11-13T20:40:46","phones":[],"objects":[],"characters":[2],"vehicles":[],"interiors":[],"accounts":[3],"content":"Disconnected (Quit) (Name: Suko_Hashiwaro)","factions":[]}
{"action":27,"origin":"ac6","date":"2021-11-13T20:41:40","phones":[],"objects":[],"characters":[5],"vehicles":[],"interiors":[],"accounts":[6],"content":"Disconnected (Quit) (Name: Seko_Hashiwaro)","factions":[]}
{"action":27,"origin":"ac4","date":"2021-11-13T22:21:39","phones":[],"objects":[],"characters":[],"vehicles":[],"interiors":[],"accounts":[4],"content":"Connected from 213.226.141.152 - 018FD49521BD034DD2BE1FFC72AA4B43","factions":[]}
{"action":27,"origin":"ac4","date":"2021-11-13T22:21:47","phones":[],"objects":[],"characters":[3],"vehicles":[],"interiors":[],"accounts":[4],"content":"Spawned","factions":[]}
{"action":12,"origin":"ch3","date":"2021-11-13T22:22:37","phones":[],"objects":[],"characters":[3],"vehicles":[],"interiors":[],"accounts":[],"content":"picks up the coffee off the coffee table.","factions":[]}
{"action":27,"origin":"ac4","date":"2021-11-13T22:24:07","phones":[],"objects":[],"characters":[3],"vehicles":[],"interiors":[],"accounts":[4],"content":"Disconnected (Quit) (Name: Chiggy_Mcniggy)","factions":[]}
{"action":27,"origin":"ac4","date":"2021-11-14T14:04:05","phones":[],"objects":[],"characters":[],"vehicles":[],"interiors":[],"accounts":[4],"content":"Connected from 85.254.74.213 - 018FD49521BD034DD2BE1FFC72AA4B43","factions":[]}
