{"action":27,"origin":"ac1","date":"2021-12-19T11:52:06","phones":[],"objects":[],"characters":[],"vehicles":[],"interiors":[],"accounts":[1],"content":"Connected from 192.168.8.103 - 018FD49521BD034DD2BE1FFC72AA4B43","factions":[]}
{"action":27,"origin":"ac1","date":"2021-12-19T11:52:13","phones":[],"objects":[],"characters":[1],"vehicles":[],"interiors":[],"accounts":[1],"content":"Spawned","factions":[]}
{"action":4,"origin":"ch1","date":"2021-12-19T11:53:34","phones":[],"objects":[],"characters":[1],"vehicles":[],"interiors":[],"accounts":[],"content":"GIVEITEM Viozy Tint Demonstration Lamp 1","factions":[]}
{"action":39,"origin":"ch1","date":"2021-12-19T11:53:36","phones":[],"objects":[],"characters":[1],"vehicles":[],"interiors":[],"accounts":[],"content":"Oscar_Bozo -> ~World #18 - Viozy Tint Demonstration Lamp - 1 @ (356.52823, 886.28156, 19.40625) in (int 0, dim 0)","factions":[]}
{"action":40,"origin":"ch1","date":"2021-12-19T11:53:36","phones":[],"objects":[],"characters":[1],"vehicles":[],"interiors":[],"accounts":[],"content":"Oscar Bozo dropped a Viozy Tint Demonstration Lamp.","factions":[]}
{"action":39,"origin":"ch1","date":"2021-12-19T11:53:37","phones":[],"objects":[18],"characters":[],"vehicles":[],"interiors":[],"accounts":[],"content":"~World #18 @ (356.52822875977, 886.28155517578, 19.40625) in (int 0, dim 0) ->Oscar_Bozo - Viozy Tint Demonstration Lamp - 1","factions":[]}
{"action":40,"origin":"ch1","date":"2021-12-19T11:53:37","phones":[],"objects":[],"characters":[1],"vehicles":[],"interiors":[],"accounts":[],"content":"Oscar Bozo bends over and picks up a Viozy Tint Demonstration Lamp.","factions":[]}
{"action":40,"origin":"ch1","date":"2021-12-19T11:53:40","phones":[],"objects":[],"characters":[1],"vehicles":[],"interiors":[],"accounts":[],"content":"Oscar Bozo iznīcināja Viozy Tint Demonstration Lamp.","factions":[]}
{"action":4,"origin":"ch1","date":"2021-12-19T11:57:27","phones":[],"objects":[],"characters":[1],"vehicles":[],"interiors":[],"accounts":[],"content":"ADMIN makegeneric lamp (x1) for 1","factions":[]}
{"action":39,"origin":"ch1","date":"2021-12-19T11:57:34","phones":[],"objects":[],"characters":[1],"vehicles":[],"interiors":[],"accounts":[],"content":"Oscar_Bozo -> ~World #19 - lamp - 1 @ (351.48764, 881.53589, 19.40625) in (int 0, dim 0)","factions":[]}
{"action":40,"origin":"ch1","date":"2021-12-19T11:57:34","phones":[],"objects":[],"characters":[1],"vehicles":[],"interiors":[],"accounts":[],"content":"Oscar Bozo dropped a lamp.","factions":[]}
{"action":39,"origin":"ch1","date":"2021-12-19T11:57:41","phones":[],"objects":[19],"characters":[],"vehicles":[],"interiors":[],"accounts":[],"content":"~World #19 @ (351.48764038086, 881.53588867188, 19.40625) in (int 0, dim 0) ->Oscar_Bozo - Generic Item - 1","factions":[]}
{"action":40,"origin":"ch1","date":"2021-12-19T11:57:41","phones":[],"objects":[],"characters":[1],"vehicles":[],"interiors":[],"accounts":[],"content":"Oscar Bozo bends over and picks up a lamp.","factions":[]}
{"action":40,"origin":"ch1","date":"2021-12-19T11:57:43","phones":[],"objects":[],"characters":[1],"vehicles":[],"interiors":[],"accounts":[],"content":"Oscar Bozo iznīcināja lamp.","factions":[]}
{"action":4,"origin":"ch1","date":"2021-12-19T11:57:59","phones":[],"objects":[],"characters":[1],"vehicles":[],"interiors":[],"accounts":[],"content":"ADMIN makegeneric lamp (x1) for 1","factions":[]}
{"action":39,"origin":"ch1","date":"2021-12-19T11:58:01","phones":[],"objects":[],"characters":[1],"vehicles":[],"interiors":[],"accounts":[],"content":"Oscar_Bozo -> ~World #20 - lamp - 1 @ (350.09811, 882.19397, 19.40625) in (int 0, dim 0)","factions":[]}
{"action":40,"origin":"ch1","date":"2021-12-19T11:58:01","phones":[],"objects":[],"characters":[1],"vehicles":[],"interiors":[],"accounts":[],"content":"Oscar Bozo dropped a lamp.","factions":[]}
{"action":40,"origin":"ch1","date":"2021-12-19T11:58:47","phones":[],"objects":[],"characters":[1],"vehicles":[],"interiors":[],"accounts":[],"content":"Oscar Bozo apēd Tītaru.","factions":[]}
{"action":40,"origin":"ch1","date":"2021-12-19T11:59:36","phones":[],"objects":[],"characters":[1],"vehicles":[],"interiors":[],"accounts":[],"content":"Oscar Bozo parāda visiem  Torque Wrench.","factions":[]}
{"action":40,"origin":"ch1","date":"2021-12-19T11:59:37","phones":[],"objects":[],"characters":[1],"vehicles":[],"interiors":[],"accounts":[],"content":"Oscar Bozo parāda visiem  Hack Saw.","factions":[]}
{"action":39,"origin":"ch1","date":"2021-12-19T11:59:38","phones":[],"objects":[],"characters":[1],"vehicles":[],"interiors":[],"accounts":[],"content":"Oscar_Bozo -> ~World #21 - Hack Saw - 1 @ (349.39432, 888.11047, 19.40625) in (int 0, dim 0)","factions":[]}
{"action":40,"origin":"ch1","date":"2021-12-19T11:59:38","phones":[],"objects":[],"characters":[1],"vehicles":[],"interiors":[],"accounts":[],"content":"Oscar Bozo dropped a Hack Saw.","factions":[]}
{"action":39,"origin":"ch1","date":"2021-12-19T11:59:46","phones":[],"objects":[21],"characters":[],"vehicles":[],"interiors":[],"accounts":[],"content":"~World #21 @ (349.39431762695, 888.11047363281, 19.40625) in (int 0, dim 0) ->Oscar_Bozo - Generic Item - 1","factions":[]}
{"action":40,"origin":"ch1","date":"2021-12-19T11:59:46","phones":[],"objects":[],"characters":[1],"vehicles":[],"interiors":[],"accounts":[],"content":"Oscar Bozo bends over and picks up a Hack Saw.","factions":[]}
{"action":40,"origin":"ch1","date":"2021-12-19T11:59:48","phones":[],"objects":[],"characters":[1],"vehicles":[],"interiors":[],"accounts":[],"content":"Oscar Bozo parāda visiem  Torque Wrench.","factions":[]}
{"action":40,"origin":"ch1","date":"2021-12-19T11:59:52","phones":[],"objects":[],"characters":[1],"vehicles":[],"interiors":[],"accounts":[],"content":"Oscar Bozo iznīcināja Hack Saw.","factions":[]}
{"action":40,"origin":"ch1","date":"2021-12-19T11:59:53","phones":[],"objects":[],"characters":[1],"vehicles":[],"interiors":[],"accounts":[],"content":"Oscar Bozo iznīcināja Torque Wrench.","factions":[]}
{"action":4,"origin":"ch1","date":"2021-12-19T12:04:12","phones":[],"objects":[],"characters":[1],"vehicles":[],"interiors":[],"accounts":[],"content":"ADMIN makegeneric cav (x1) for 1","factions":[]}
{"action":39,"origin":"ch1","date":"2021-12-19T12:04:15","phones":[],"objects":[],"characters":[1],"vehicles":[],"interiors":[],"accounts":[],"content":"Oscar_Bozo -> ~World #22 - cav - 1 @ (347.78677, 884.96411, 19.40625) in (int 0, dim 0)","factions":[]}
{"action":40,"origin":"ch1","date":"2021-12-19T12:04:15","phones":[],"objects":[],"characters":[1],"vehicles":[],"interiors":[],"accounts":[],"content":"Oscar Bozo dropped a cav.","factions":[]}
{"action":39,"origin":"ch1","date":"2021-12-19T12:04:21","phones":[],"objects":[22],"characters":[],"vehicles":[],"interiors":[],"accounts":[],"content":"~World #22 @ (347.78677368164, 884.96411132812, 19.40625) in (int 0, dim 0) ->Oscar_Bozo - Generic Item - 1","factions":[]}
{"action":40,"origin":"ch1","date":"2021-12-19T12:04:21","phones":[],"objects":[],"characters":[1],"vehicles":[],"interiors":[],"accounts":[],"content":"Oscar Bozo bends over and picks up a cav.","factions":[]}
{"action":40,"origin":"ch1","date":"2021-12-19T12:04:24","phones":[],"objects":[],"characters":[1],"vehicles":[],"interiors":[],"accounts":[],"content":"Oscar Bozo iznīcināja cav.","factions":[]}
{"action":4,"origin":"ch1","date":"2021-12-19T12:46:43","phones":[],"objects":[],"characters":[1],"vehicles":[],"interiors":[],"accounts":[],"content":"ADMIN makegeneric cav (x1) for 1","factions":[]}
{"action":4,"origin":"ch1","date":"2021-12-19T12:46:49","phones":[],"objects":[],"characters":[1],"vehicles":[],"interiors":[],"accounts":[],"content":"ADMIN makegeneric cavcav (x1) for 1","factions":[]}
{"action":4,"origin":"ch1","date":"2021-12-19T12:46:52","phones":[],"objects":[],"characters":[1],"vehicles":[],"interiors":[],"accounts":[],"content":"ADMIN makegeneric cavcavcav (x1) for 1","factions":[]}
{"action":39,"origin":"ch1","date":"2021-12-19T12:46:55","phones":[],"objects":[],"characters":[1],"vehicles":[],"interiors":[],"accounts":[],"content":"Oscar_Bozo -> ~World #23 - cav - 1 @ (348.59787, 882.35229, 19.40625) in (int 0, dim 0)","factions":[]}
{"action":40,"origin":"ch1","date":"2021-12-19T12:46:55","phones":[],"objects":[],"characters":[1],"vehicles":[],"interiors":[],"accounts":[],"content":"Oscar Bozo dropped a cav.","factions":[]}
{"action":39,"origin":"ch1","date":"2021-12-19T12:46:59","phones":[],"objects":[],"characters":[1],"vehicles":[],"interiors":[],"accounts":[],"content":"Oscar_Bozo -> ~World #24 - cavcav - 1 @ (344.92557, 883.41882, 19.40625) in (int 0, dim 0)","factions":[]}
{"action":40,"origin":"ch1","date":"2021-12-19T12:46:59","phones":[],"objects":[],"characters":[1],"vehicles":[],"interiors":[],"accounts":[],"content":"Oscar Bozo dropped a cavcav.","factions":[]}
{"action":39,"origin":"ch1","date":"2021-12-19T12:47:00","phones":[],"objects":[],"characters":[1],"vehicles":[],"interiors":[],"accounts":[],"content":"Oscar_Bozo -> ~World #25 - cavcavcav - 1 @ (345.36035, 885.26776, 19.40625) in (int 0, dim 0)","factions":[]}
{"action":40,"origin":"ch1","date":"2021-12-19T12:47:00","phones":[],"objects":[],"characters":[1],"vehicles":[],"interiors":[],"accounts":[],"content":"Oscar Bozo dropped a cavcavcav.","factions":[]}
{"action":4,"origin":"ch1","date":"2021-12-19T12:47:19","phones":[],"objects":[],"characters":[1],"vehicles":[],"interiors":[],"accounts":[],"content":"ADMIN makegeneric cavcavcavcav (x1) for 1","factions":[]}
{"action":4,"origin":"ch1","date":"2021-12-19T12:47:22","phones":[],"objects":[],"characters":[1],"vehicles":[],"interiors":[],"accounts":[],"content":"ADMIN makegeneric cavcavcavcav (x1) for 1","factions":[]}
{"action":39,"origin":"ch1","date":"2021-12-19T12:47:24","phones":[],"objects":[],"characters":[1],"vehicles":[],"interiors":[],"accounts":[],"content":"Oscar_Bozo -> ~World #26 - cavcavcavcav - 1 @ (345.99768, 886.77936, 19.40625) in (int 0, dim 0)","factions":[]}
{"action":40,"origin":"ch1","date":"2021-12-19T12:47:24","phones":[],"objects":[],"characters":[1],"vehicles":[],"interiors":[],"accounts":[],"content":"Oscar Bozo dropped a cavcavcavcav.","factions":[]}
{"action":39,"origin":"ch1","date":"2021-12-19T12:47:34","phones":[],"objects":[],"characters":[1],"vehicles":[],"interiors":[],"accounts":[],"content":"Oscar_Bozo -> ~World #27 - cavcavcavcav - 1 @ (345.27676, 887.25323, 19.40625) in (int 0, dim 0)","factions":[]}
{"action":40,"origin":"ch1","date":"2021-12-19T12:47:34","phones":[],"objects":[],"characters":[1],"vehicles":[],"interiors":[],"accounts":[],"content":"Oscar Bozo dropped a cavcavcavcav.","factions":[]}
{"action":4,"origin":"ch1","date":"2021-12-19T12:48:22","phones":[],"objects":[],"characters":[1],"vehicles":[],"interiors":[],"accounts":[],"content":"ADMIN makegeneric cav (x1) for 1","factions":[]}
{"action":39,"origin":"ch1","date":"2021-12-19T12:48:25","phones":[],"objects":[],"characters":[1],"vehicles":[],"interiors":[],"accounts":[],"content":"Oscar_Bozo -> ~World #28 - cav - 1 @ (345.64682, 887.90637, 19.40625) in (int 0, dim 0)","factions":[]}
{"action":40,"origin":"ch1","date":"2021-12-19T12:48:25","phones":[],"objects":[],"characters":[1],"vehicles":[],"interiors":[],"accounts":[],"content":"Oscar Bozo dropped a cav.","factions":[]}
{"action":4,"origin":"ch1","date":"2021-12-19T12:49:18","phones":[],"objects":[],"characters":[1],"vehicles":[],"interiors":[],"accounts":[],"content":"ADMIN makegeneric cav (x1) for 1","factions":[]}
{"action":4,"origin":"ch1","date":"2021-12-19T12:49:21","phones":[],"objects":[],"characters":[1],"vehicles":[],"interiors":[],"accounts":[],"content":"ADMIN makegeneric cav (x1) for 1","factions":[]}
{"action":4,"origin":"ch1","date":"2021-12-19T12:49:23","phones":[],"objects":[],"characters":[1],"vehicles":[],"interiors":[],"accounts":[],"content":"ADMIN makegeneric cav (x1) for 1","factions":[]}
{"action":39,"origin":"ch1","date":"2021-12-19T12:49:26","phones":[],"objects":[],"characters":[1],"vehicles":[],"interiors":[],"accounts":[],"content":"Oscar_Bozo -> ~World #29 - cav - 1 @ (336.87952, 887.64844, 19.40625) in (int 0, dim 0)","factions":[]}
{"action":40,"origin":"ch1","date":"2021-12-19T12:49:26","phones":[],"objects":[],"characters":[1],"vehicles":[],"interiors":[],"accounts":[],"content":"Oscar Bozo dropped a cav.","factions":[]}
{"action":39,"origin":"ch1","date":"2021-12-19T12:49:27","phones":[],"objects":[],"characters":[1],"vehicles":[],"interiors":[],"accounts":[],"content":"Oscar_Bozo -> ~World #30 - cav - 1 @ (339.26395, 889.47925, 19.40625) in (int 0, dim 0)","factions":[]}
{"action":40,"origin":"ch1","date":"2021-12-19T12:49:27","phones":[],"objects":[],"characters":[1],"vehicles":[],"interiors":[],"accounts":[],"content":"Oscar Bozo dropped a cav.","factions":[]}
{"action":39,"origin":"ch1","date":"2021-12-19T12:49:29","phones":[],"objects":[],"characters":[1],"vehicles":[],"interiors":[],"accounts":[],"content":"Oscar_Bozo -> ~World #31 - cav - 1 @ (341.47971, 890.51514, 19.40625) in (int 0, dim 0)","factions":[]}
{"action":40,"origin":"ch1","date":"2021-12-19T12:49:29","phones":[],"objects":[],"characters":[1],"vehicles":[],"interiors":[],"accounts":[],"content":"Oscar Bozo dropped a cav.","factions":[]}
{"action":4,"origin":"ch1","date":"2021-12-19T12:50:07","phones":[],"objects":[],"characters":[1],"vehicles":[],"interiors":[],"accounts":[],"content":"ADMIN makegeneric cav (x1) for 1","factions":[]}
{"action":4,"origin":"ch1","date":"2021-12-19T12:50:09","phones":[],"objects":[],"characters":[1],"vehicles":[],"interiors":[],"accounts":[],"content":"ADMIN makegeneric cav (x1) for 1","factions":[]}
{"action":4,"origin":"ch1","date":"2021-12-19T12:50:11","phones":[],"objects":[],"characters":[1],"vehicles":[],"interiors":[],"accounts":[],"content":"ADMIN makegeneric cav (x1) for 1","factions":[]}
{"action":4,"origin":"ch1","date":"2021-12-19T12:50:12","phones":[],"objects":[],"characters":[1],"vehicles":[],"interiors":[],"accounts":[],"content":"ADMIN makegeneric cav (x1) for 1","factions":[]}
{"action":39,"origin":"ch1","date":"2021-12-19T12:50:20","phones":[],"objects":[],"characters":[1],"vehicles":[],"interiors":[],"accounts":[],"content":"Oscar_Bozo -> ~World #32 - cav - 1 @ (335.759, 892.45044, 19.40625) in (int 0, dim 0)","factions":[]}
{"action":40,"origin":"ch1","date":"2021-12-19T12:50:20","phones":[],"objects":[],"characters":[1],"vehicles":[],"interiors":[],"accounts":[],"content":"Oscar Bozo dropped a cav.","factions":[]}
{"action":39,"origin":"ch1","date":"2021-12-19T12:50:21","phones":[],"objects":[],"characters":[1],"vehicles":[],"interiors":[],"accounts":[],"content":"Oscar_Bozo -> ~World #33 - cav - 1 @ (338.38861, 894.02423, 19.40625) in (int 0, dim 0)","factions":[]}
{"action":40,"origin":"ch1","date":"2021-12-19T12:50:21","phones":[],"objects":[],"characters":[1],"vehicles":[],"interiors":[],"accounts":[],"content":"Oscar Bozo dropped a cav.","factions":[]}
{"action":39,"origin":"ch1","date":"2021-12-19T12:50:22","phones":[],"objects":[],"characters":[1],"vehicles":[],"interiors":[],"accounts":[],"content":"Oscar_Bozo -> ~World #34 - cav - 1 @ (340.47159, 895.49292, 19.40625) in (int 0, dim 0)","factions":[]}
{"action":40,"origin":"ch1","date":"2021-12-19T12:50:22","phones":[],"objects":[],"characters":[1],"vehicles":[],"interiors":[],"accounts":[],"content":"Oscar Bozo dropped a cav.","factions":[]}
{"action":39,"origin":"ch1","date":"2021-12-19T12:50:23","phones":[],"objects":[],"characters":[1],"vehicles":[],"interiors":[],"accounts":[],"content":"Oscar_Bozo -> ~World #35 - cav - 1 @ (340.78012, 894.55518, 19.542984) in (int 0, dim 0)","factions":[]}
{"action":40,"origin":"ch1","date":"2021-12-19T12:50:23","phones":[],"objects":[],"characters":[1],"vehicles":[],"interiors":[],"accounts":[],"content":"Oscar Bozo dropped a cav.","factions":[]}
{"action":39,"origin":"ch1","date":"2021-12-19T12:50:47","phones":[],"objects":[35],"characters":[],"vehicles":[],"interiors":[],"accounts":[],"content":"~World #35 @ (340.78012084961, 894.55517578125, 19.542984008789) in (int 0, dim 0) ->Oscar_Bozo - Generic Item - 1","factions":[]}
{"action":40,"origin":"ch1","date":"2021-12-19T12:50:47","phones":[],"objects":[],"characters":[1],"vehicles":[],"interiors":[],"accounts":[],"content":"Oscar Bozo bends over and picks up a cav.","factions":[]}
{"action":39,"origin":"ch1","date":"2021-12-19T12:50:48","phones":[],"objects":[34],"characters":[],"vehicles":[],"interiors":[],"accounts":[],"content":"~World #34 @ (340.47158813477, 895.49291992188, 19.40625) in (int 0, dim 0) ->Oscar_Bozo - Generic Item - 1","factions":[]}
{"action":40,"origin":"ch1","date":"2021-12-19T12:50:48","phones":[],"objects":[],"characters":[1],"vehicles":[],"interiors":[],"accounts":[],"content":"Oscar Bozo bends over and picks up a cav.","factions":[]}
{"action":39,"origin":"ch1","date":"2021-12-19T12:50:49","phones":[],"objects":[33],"characters":[],"vehicles":[],"interiors":[],"accounts":[],"content":"~World #33 @ (338.38861083984, 894.02423095703, 19.40625) in (int 0, dim 0) ->Oscar_Bozo - Generic Item - 1","factions":[]}
{"action":40,"origin":"ch1","date":"2021-12-19T12:50:49","phones":[],"objects":[],"characters":[1],"vehicles":[],"interiors":[],"accounts":[],"content":"Oscar Bozo bends over and picks up a cav.","factions":[]}
{"action":39,"origin":"ch1","date":"2021-12-19T12:50:53","phones":[],"objects":[32],"characters":[],"vehicles":[],"interiors":[],"accounts":[],"content":"~World #32 @ (335.75900268555, 892.45043945312, 19.40625) in (int 0, dim 0) ->Oscar_Bozo - Generic Item - 1","factions":[]}
{"action":40,"origin":"ch1","date":"2021-12-19T12:50:53","phones":[],"objects":[],"characters":[1],"vehicles":[],"interiors":[],"accounts":[],"content":"Oscar Bozo bends over and picks up a cav.","factions":[]}
{"action":39,"origin":"ch1","date":"2021-12-19T12:50:54","phones":[],"objects":[31],"characters":[],"vehicles":[],"interiors":[],"accounts":[],"content":"~World #31 @ (341.47970581055, 890.51513671875, 19.40625) in (int 0, dim 0) ->Oscar_Bozo - Generic Item - 1","factions":[]}
{"action":40,"origin":"ch1","date":"2021-12-19T12:50:54","phones":[],"objects":[],"characters":[1],"vehicles":[],"interiors":[],"accounts":[],"content":"Oscar Bozo bends over and picks up a cav.","factions":[]}
{"action":39,"origin":"ch1","date":"2021-12-19T12:50:56","phones":[],"objects":[30],"characters":[],"vehicles":[],"interiors":[],"accounts":[],"content":"~World #30 @ (339.2639465332, 889.47924804688, 19.40625) in (int 0, dim 0) ->Oscar_Bozo - Generic Item - 1","factions":[]}
{"action":40,"origin":"ch1","date":"2021-12-19T12:50:56","phones":[],"objects":[],"characters":[1],"vehicles":[],"interiors":[],"accounts":[],"content":"Oscar Bozo bends over and picks up a cav.","factions":[]}
{"action":39,"origin":"ch1","date":"2021-12-19T12:50:57","phones":[],"objects":[29],"characters":[],"vehicles":[],"interiors":[],"accounts":[],"content":"~World #29 @ (336.87951660156, 887.6484375, 19.40625) in (int 0, dim 0) ->Oscar_Bozo - Generic Item - 1","factions":[]}
{"action":40,"origin":"ch1","date":"2021-12-19T12:50:57","phones":[],"objects":[],"characters":[1],"vehicles":[],"interiors":[],"accounts":[],"content":"Oscar Bozo bends over and picks up a cav.","factions":[]}
{"action":39,"origin":"ch1","date":"2021-12-19T12:51:17","phones":[],"objects":[26],"characters":[],"vehicles":[],"interiors":[],"accounts":[],"content":"~World #26 @ (345.99768066406, 886.77935791016, 19.40625) in (int 0, dim 0) ->Oscar_Bozo - Generic Item - 1","factions":[]}
{"action":40,"origin":"ch1","date":"2021-12-19T12:51:17","phones":[],"objects":[],"characters":[1],"vehicles":[],"interiors":[],"accounts":[],"content":"Oscar Bozo bends over and picks up a cavcavcavcav.","factions":[]}
{"action":39,"origin":"ch1","date":"2021-12-19T12:51:18","phones":[],"objects":[25],"characters":[],"vehicles":[],"interiors":[],"accounts":[],"content":"~World #25 @ (345.3603515625, 885.26776123047, 19.40625) in (int 0, dim 0) ->Oscar_Bozo - Generic Item - 1","factions":[]}
{"action":40,"origin":"ch1","date":"2021-12-19T12:51:18","phones":[],"objects":[],"characters":[1],"vehicles":[],"interiors":[],"accounts":[],"content":"Oscar Bozo bends over and picks up a cavcavcav.","factions":[]}
{"action":39,"origin":"ch1","date":"2021-12-19T12:51:19","phones":[],"objects":[24],"characters":[],"vehicles":[],"interiors":[],"accounts":[],"content":"~World #24 @ (344.92556762695, 883.41882324219, 19.40625) in (int 0, dim 0) ->Oscar_Bozo - Generic Item - 1","factions":[]}
{"action":40,"origin":"ch1","date":"2021-12-19T12:51:19","phones":[],"objects":[],"characters":[1],"vehicles":[],"interiors":[],"accounts":[],"content":"Oscar Bozo bends over and picks up a cavcav.","factions":[]}
{"action":39,"origin":"ch1","date":"2021-12-19T12:51:21","phones":[],"objects":[23],"characters":[],"vehicles":[],"interiors":[],"accounts":[],"content":"~World #23 @ (348.59786987305, 882.35229492188, 19.40625) in (int 0, dim 0) ->Oscar_Bozo - Generic Item - 1","factions":[]}
{"action":40,"origin":"ch1","date":"2021-12-19T12:51:21","phones":[],"objects":[],"characters":[1],"vehicles":[],"interiors":[],"accounts":[],"content":"Oscar Bozo bends over and picks up a cav.","factions":[]}
{"action":39,"origin":"ch1","date":"2021-12-19T12:51:22","phones":[],"objects":[28],"characters":[],"vehicles":[],"interiors":[],"accounts":[],"content":"~World #28 @ (345.64682006836, 887.90637207031, 19.40625) in (int 0, dim 0) ->Oscar_Bozo - Generic Item - 1","factions":[]}
{"action":40,"origin":"ch1","date":"2021-12-19T12:51:22","phones":[],"objects":[],"characters":[1],"vehicles":[],"interiors":[],"accounts":[],"content":"Oscar Bozo bends over and picks up a cav.","factions":[]}
{"action":39,"origin":"ch1","date":"2021-12-19T12:51:25","phones":[],"objects":[27],"characters":[],"vehicles":[],"interiors":[],"accounts":[],"content":"~World #27 @ (345.27676391602, 887.25323486328, 19.40625) in (int 0, dim 0) ->Oscar_Bozo - Generic Item - 1","factions":[]}
{"action":40,"origin":"ch1","date":"2021-12-19T12:51:25","phones":[],"objects":[],"characters":[1],"vehicles":[],"interiors":[],"accounts":[],"content":"Oscar Bozo bends over and picks up a cavcavcavcav.","factions":[]}
{"action":40,"origin":"ch1","date":"2021-12-19T12:51:27","phones":[],"objects":[],"characters":[1],"vehicles":[],"interiors":[],"accounts":[],"content":"Oscar Bozo iznīcināja cav.","factions":[]}
{"action":40,"origin":"ch1","date":"2021-12-19T12:51:28","phones":[],"objects":[],"characters":[1],"vehicles":[],"interiors":[],"accounts":[],"content":"Oscar Bozo iznīcināja cav.","factions":[]}
{"action":40,"origin":"ch1","date":"2021-12-19T12:51:28","phones":[],"objects":[],"characters":[1],"vehicles":[],"interiors":[],"accounts":[],"content":"Oscar Bozo iznīcināja cavcavcavcav.","factions":[]}
{"action":40,"origin":"ch1","date":"2021-12-19T12:51:28","phones":[],"objects":[],"characters":[1],"vehicles":[],"interiors":[],"accounts":[],"content":"Oscar Bozo iznīcināja cav.","factions":[]}
{"action":40,"origin":"ch1","date":"2021-12-19T12:51:28","phones":[],"objects":[],"characters":[1],"vehicles":[],"interiors":[],"accounts":[],"content":"Oscar Bozo iznīcināja cav.","factions":[]}
{"action":40,"origin":"ch1","date":"2021-12-19T12:51:28","phones":[],"objects":[],"characters":[1],"vehicles":[],"interiors":[],"accounts":[],"content":"Oscar Bozo iznīcināja cavcavcavcav.","factions":[]}
{"action":40,"origin":"ch1","date":"2021-12-19T12:51:28","phones":[],"objects":[],"characters":[1],"vehicles":[],"interiors":[],"accounts":[],"content":"Oscar Bozo iznīcināja cavcavcav.","factions":[]}
{"action":40,"origin":"ch1","date":"2021-12-19T12:51:29","phones":[],"objects":[],"characters":[1],"vehicles":[],"interiors":[],"accounts":[],"content":"Oscar Bozo iznīcināja cavcav.","factions":[]}
{"action":40,"origin":"ch1","date":"2021-12-19T12:51:29","phones":[],"objects":[],"characters":[1],"vehicles":[],"interiors":[],"accounts":[],"content":"Oscar Bozo iznīcināja cav.","factions":[]}
{"action":40,"origin":"ch1","date":"2021-12-19T12:51:29","phones":[],"objects":[],"characters":[1],"vehicles":[],"interiors":[],"accounts":[],"content":"Oscar Bozo iznīcināja cav.","factions":[]}
{"action":40,"origin":"ch1","date":"2021-12-19T12:51:29","phones":[],"objects":[],"characters":[1],"vehicles":[],"interiors":[],"accounts":[],"content":"Oscar Bozo iznīcināja cav.","factions":[]}
{"action":40,"origin":"ch1","date":"2021-12-19T12:51:29","phones":[],"objects":[],"characters":[1],"vehicles":[],"interiors":[],"accounts":[],"content":"Oscar Bozo iznīcināja cav.","factions":[]}
{"action":40,"origin":"ch1","date":"2021-12-19T12:51:29","phones":[],"objects":[],"characters":[1],"vehicles":[],"interiors":[],"accounts":[],"content":"Oscar Bozo iznīcināja cav.","factions":[]}
{"action":4,"origin":"ch1","date":"2021-12-19T12:52:34","phones":[],"objects":[],"characters":[1],"vehicles":[],"interiors":[],"accounts":[],"content":"ADMIN makegeneric cav (x1) for 1","factions":[]}
{"action":4,"origin":"ch1","date":"2021-12-19T12:52:36","phones":[],"objects":[],"characters":[1],"vehicles":[],"interiors":[],"accounts":[],"content":"ADMIN makegeneric cav (x1) for 1","factions":[]}
{"action":39,"origin":"ch1","date":"2021-12-19T12:52:39","phones":[],"objects":[],"characters":[1],"vehicles":[],"interiors":[],"accounts":[],"content":"Oscar_Bozo -> ~World #36 - cav - 1 @ (343.46158, 883.91339, 19.40625) in (int 0, dim 0)","factions":[]}
{"action":40,"origin":"ch1","date":"2021-12-19T12:52:39","phones":[],"objects":[],"characters":[1],"vehicles":[],"interiors":[],"accounts":[],"content":"Oscar Bozo dropped a cav.","factions":[]}
{"action":39,"origin":"ch1","date":"2021-12-19T12:52:40","phones":[],"objects":[],"characters":[1],"vehicles":[],"interiors":[],"accounts":[],"content":"Oscar_Bozo -> ~World #37 - cav - 1 @ (344.14713, 885.74945, 19.40625) in (int 0, dim 0)","factions":[]}
{"action":40,"origin":"ch1","date":"2021-12-19T12:52:40","phones":[],"objects":[],"characters":[1],"vehicles":[],"interiors":[],"accounts":[],"content":"Oscar Bozo dropped a cav.","factions":[]}
{"action":39,"origin":"ch1","date":"2021-12-19T12:53:00","phones":[],"objects":[37],"characters":[],"vehicles":[],"interiors":[],"accounts":[],"content":"~World #37 @ (344.14712524414, 885.74945068359, 19.40625) in (int 0, dim 0) ->Oscar_Bozo - Generic Item - 1","factions":[]}
{"action":40,"origin":"ch1","date":"2021-12-19T12:53:00","phones":[],"objects":[],"characters":[1],"vehicles":[],"interiors":[],"accounts":[],"content":"Oscar Bozo bends over and picks up a cav.","factions":[]}
{"action":39,"origin":"ch1","date":"2021-12-19T12:53:02","phones":[],"objects":[36],"characters":[],"vehicles":[],"interiors":[],"accounts":[],"content":"~World #36 @ (343.46157836914, 883.91339111328, 19.40625) in (int 0, dim 0) ->Oscar_Bozo - Generic Item - 1","factions":[]}
{"action":40,"origin":"ch1","date":"2021-12-19T12:53:02","phones":[],"objects":[],"characters":[1],"vehicles":[],"interiors":[],"accounts":[],"content":"Oscar Bozo bends over and picks up a cav.","factions":[]}
{"action":39,"origin":"ch1","date":"2021-12-19T12:53:48","phones":[],"objects":[],"characters":[1],"vehicles":[],"interiors":[],"accounts":[],"content":"Oscar_Bozo -> ~World #38 - cav - 1 @ (343.48727, 882.61884, 19.40625) in (int 0, dim 0)","factions":[]}
{"action":40,"origin":"ch1","date":"2021-12-19T12:53:48","phones":[],"objects":[],"characters":[1],"vehicles":[],"interiors":[],"accounts":[],"content":"Oscar Bozo dropped a cav.","factions":[]}
{"action":39,"origin":"ch1","date":"2021-12-19T12:54:14","phones":[],"objects":[38],"characters":[],"vehicles":[],"interiors":[],"accounts":[],"content":"~World #38 @ (343.48727416992, 882.61883544922, 19.40625) in (int 0, dim 0) ->Oscar_Bozo - Generic Item - 1","factions":[]}
{"action":40,"origin":"ch1","date":"2021-12-19T12:54:14","phones":[],"objects":[],"characters":[1],"vehicles":[],"interiors":[],"accounts":[],"content":"Oscar Bozo bends over and picks up a cav.","factions":[]}
{"action":4,"origin":"ch1","date":"2021-12-19T12:54:29","phones":[],"objects":[],"characters":[1],"vehicles":[],"interiors":[],"accounts":[],"content":"ADMIN makegeneric cav (x1) for 1","factions":[]}
{"action":39,"origin":"ch1","date":"2021-12-19T12:54:33","phones":[],"objects":[],"characters":[1],"vehicles":[],"interiors":[],"accounts":[],"content":"Oscar_Bozo -> ~World #39 - cav - 1 @ (343.02606, 882.37103, 19.40625) in (int 0, dim 0)","factions":[]}
{"action":40,"origin":"ch1","date":"2021-12-19T12:54:33","phones":[],"objects":[],"characters":[1],"vehicles":[],"interiors":[],"accounts":[],"content":"Oscar Bozo dropped a cav.","factions":[]}
{"action":39,"origin":"ch1","date":"2021-12-19T12:54:38","phones":[],"objects":[39],"characters":[],"vehicles":[],"interiors":[],"accounts":[],"content":"~World #39 @ (343.02606201172, 882.37103271484, 19.40625) in (int 0, dim 0) ->Oscar_Bozo - Generic Item - 1","factions":[]}
{"action":40,"origin":"ch1","date":"2021-12-19T12:54:38","phones":[],"objects":[],"characters":[1],"vehicles":[],"interiors":[],"accounts":[],"content":"Oscar Bozo bends over and picks up a cav.","factions":[]}
{"action":40,"origin":"ch1","date":"2021-12-19T12:54:39","phones":[],"objects":[],"characters":[1],"vehicles":[],"interiors":[],"accounts":[],"content":"Oscar Bozo iznīcināja cav.","factions":[]}
{"action":40,"origin":"ch1","date":"2021-12-19T12:54:39","phones":[],"objects":[],"characters":[1],"vehicles":[],"interiors":[],"accounts":[],"content":"Oscar Bozo iznīcināja cav.","factions":[]}
{"action":39,"origin":"ch1","date":"2021-12-19T12:54:40","phones":[],"objects":[],"characters":[1],"vehicles":[],"interiors":[],"accounts":[],"content":"Oscar_Bozo -> ~World #40 - cav - 1 @ (343.64783, 881.53156, 19.40625) in (int 0, dim 0)","factions":[]}
{"action":40,"origin":"ch1","date":"2021-12-19T12:54:40","phones":[],"objects":[],"characters":[1],"vehicles":[],"interiors":[],"accounts":[],"content":"Oscar Bozo dropped a cav.","factions":[]}
{"action":4,"origin":"ch1","date":"2021-12-19T12:55:22","phones":[],"objects":[],"characters":[1],"vehicles":[],"interiors":[],"accounts":[],"content":"ADMIN makegeneric cav (x1) for 1","factions":[]}
{"action":40,"origin":"ch1","date":"2021-12-19T12:55:23","phones":[],"objects":[],"characters":[1],"vehicles":[],"interiors":[],"accounts":[],"content":"Oscar Bozo parāda visiem  cav.","factions":[]}
{"action":39,"origin":"ch1","date":"2021-12-19T12:55:24","phones":[],"objects":[],"characters":[1],"vehicles":[],"interiors":[],"accounts":[],"content":"Oscar_Bozo -> ~World #41 - cav - 1 @ (345.02585, 882.06323, 19.40625) in (int 0, dim 0)","factions":[]}
{"action":40,"origin":"ch1","date":"2021-12-19T12:55:24","phones":[],"objects":[],"characters":[1],"vehicles":[],"interiors":[],"accounts":[],"content":"Oscar Bozo dropped a cav.","factions":[]}
{"action":4,"origin":"ch1","date":"2021-12-19T12:57:20","phones":[],"objects":[],"characters":[1],"vehicles":[],"interiors":[],"accounts":[],"content":"ADMIN makegeneric cav (x1) for 1","factions":[]}
{"action":39,"origin":"ch1","date":"2021-12-19T12:57:22","phones":[],"objects":[],"characters":[1],"vehicles":[],"interiors":[],"accounts":[],"content":"Oscar_Bozo -> ~World #42 - cav - 1 @ (342.92181, 882.97809, 19.40625) in (int 0, dim 0)","factions":[]}
{"action":40,"origin":"ch1","date":"2021-12-19T12:57:22","phones":[],"objects":[],"characters":[1],"vehicles":[],"interiors":[],"accounts":[],"content":"Oscar Bozo dropped a cav.","factions":[]}
{"action":39,"origin":"ch1","date":"2021-12-19T12:57:32","phones":[],"objects":[42],"characters":[],"vehicles":[],"interiors":[],"accounts":[],"content":"~World #42 @ (342.92181396484, 882.97808837891, 19.40625) in (int 0, dim 0) ->Oscar_Bozo - Generic Item - 1","factions":[]}
{"action":40,"origin":"ch1","date":"2021-12-19T12:57:32","phones":[],"objects":[],"characters":[1],"vehicles":[],"interiors":[],"accounts":[],"content":"Oscar Bozo bends over and picks up a cav.","factions":[]}
{"action":39,"origin":"ch1","date":"2021-12-19T12:57:56","phones":[],"objects":[40],"characters":[],"vehicles":[],"interiors":[],"accounts":[],"content":"~World #40 @ (343.64782714844, 881.53155517578, 19.40625) in (int 0, dim 0) ->Oscar_Bozo - Generic Item - 1","factions":[]}
{"action":40,"origin":"ch1","date":"2021-12-19T12:57:56","phones":[],"objects":[],"characters":[1],"vehicles":[],"interiors":[],"accounts":[],"content":"Oscar Bozo bends over and picks up a cav.","factions":[]}
{"action":39,"origin":"ch1","date":"2021-12-19T12:57:58","phones":[],"objects":[41],"characters":[],"vehicles":[],"interiors":[],"accounts":[],"content":"~World #41 @ (345.02584838867, 882.06323242188, 19.40625) in (int 0, dim 0) ->Oscar_Bozo - Generic Item - 1","factions":[]}
{"action":40,"origin":"ch1","date":"2021-12-19T12:57:58","phones":[],"objects":[],"characters":[1],"vehicles":[],"interiors":[],"accounts":[],"content":"Oscar Bozo bends over and picks up a cav.","factions":[]}
{"action":40,"origin":"ch1","date":"2021-12-19T12:58:01","phones":[],"objects":[],"characters":[1],"vehicles":[],"interiors":[],"accounts":[],"content":"Oscar Bozo iznīcināja cav.","factions":[]}
{"action":40,"origin":"ch1","date":"2021-12-19T12:58:01","phones":[],"objects":[],"characters":[1],"vehicles":[],"interiors":[],"accounts":[],"content":"Oscar Bozo iznīcināja cav.","factions":[]}
{"action":40,"origin":"ch1","date":"2021-12-19T12:58:02","phones":[],"objects":[],"characters":[1],"vehicles":[],"interiors":[],"accounts":[],"content":"Oscar Bozo iznīcināja cav.","factions":[]}
{"action":4,"origin":"ch1","date":"2021-12-19T12:59:03","phones":[],"objects":[],"characters":[1],"vehicles":[],"interiors":[],"accounts":[],"content":"GIVEITEM Marihuānas sēkla 1","factions":[]}
{"action":4,"origin":"ch1","date":"2021-12-19T13:02:34","phones":[],"objects":[],"characters":[1],"vehicles":[],"interiors":[],"accounts":[],"content":"GIVEITEM Marihuānas sēkla 1","factions":[]}
{"action":4,"origin":"ch1","date":"2021-12-19T13:02:34","phones":[],"objects":[],"characters":[1],"vehicles":[],"interiors":[],"accounts":[],"content":"GIVEITEM Marihuānas sēkla 1","factions":[]}
{"action":4,"origin":"ch1","date":"2021-12-19T13:02:34","phones":[],"objects":[],"characters":[1],"vehicles":[],"interiors":[],"accounts":[],"content":"GIVEITEM Marihuānas sēkla 1","factions":[]}
{"action":4,"origin":"ch1","date":"2021-12-19T13:05:15","phones":[],"objects":[],"characters":[1],"vehicles":[],"interiors":[],"accounts":[],"content":"GIVEITEM Marihuānas sēkla 1","factions":[]}
{"action":4,"origin":"ch1","date":"2021-12-19T13:05:15","phones":[],"objects":[],"characters":[1],"vehicles":[],"interiors":[],"accounts":[],"content":"GIVEITEM Marihuānas sēkla 1","factions":[]}
{"action":4,"origin":"ch1","date":"2021-12-19T13:10:01","phones":[],"objects":[],"characters":[1],"vehicles":[],"interiors":[],"accounts":[],"content":"GIVEITEM Durvju auns 1","factions":[]}
{"action":39,"origin":"ch1","date":"2021-12-19T13:10:03","phones":[],"objects":[],"characters":[1],"vehicles":[],"interiors":[],"accounts":[],"content":"Oscar_Bozo -> ~World #43 - Durvju auns - 1 @ (337.17374, 885.125, 19.40625) in (int 0, dim 0)","factions":[]}
{"action":40,"origin":"ch1","date":"2021-12-19T13:10:03","phones":[],"objects":[],"characters":[1],"vehicles":[],"interiors":[],"accounts":[],"content":"Oscar Bozo dropped a Durvju auns.","factions":[]}
{"action":39,"origin":"ch1","date":"2021-12-19T13:10:11","phones":[],"objects":[43],"characters":[],"vehicles":[],"interiors":[],"accounts":[],"content":"~World #43 @ (337.17373657227, 885.125, 19.456249237061) in (int 0, dim 0) ->Oscar_Bozo - Durvju auns - 1","factions":[]}
{"action":40,"origin":"ch1","date":"2021-12-19T13:10:11","phones":[],"objects":[],"characters":[1],"vehicles":[],"interiors":[],"accounts":[],"content":"Oscar Bozo bends over and picks up a Durvju auns.","factions":[]}
{"action":40,"origin":"ch1","date":"2021-12-19T13:10:13","phones":[],"objects":[],"characters":[1],"vehicles":[],"interiors":[],"accounts":[],"content":"Oscar Bozo iznīcināja Durvju auns.","factions":[]}
{"action":4,"origin":"ch1","date":"2021-12-19T14:38:39","phones":[],"objects":[],"characters":[1],"vehicles":[],"interiors":[],"accounts":[],"content":"GIVEITEM Coca auga oga 1","factions":[]}
{"action":4,"origin":"ch1","date":"2021-12-19T14:38:40","phones":[],"objects":[],"characters":[1],"vehicles":[],"interiors":[],"accounts":[],"content":"GIVEITEM Coca auga lapas 1","factions":[]}
{"action":27,"origin":"ac1","date":"2021-12-19T15:40:12","phones":[],"objects":[],"characters":[1],"vehicles":[],"interiors":[],"accounts":[1],"content":"Disconnected (Quit) (Name: Oscar_Bozo)","factions":[]}
{"action":27,"origin":"ac1","date":"2021-12-19T19:34:38","phones":[],"objects":[],"characters":[],"vehicles":[],"interiors":[],"accounts":[1],"content":"Connected from 192.168.8.103 - 018FD49521BD034DD2BE1FFC72AA4B43","factions":[]}
{"action":27,"origin":"ac1","date":"2021-12-19T19:34:46","phones":[],"objects":[],"characters":[1],"vehicles":[],"interiors":[],"accounts":[1],"content":"Spawned","factions":[]}
{"action":4,"origin":"ch1","date":"2021-12-19T19:39:35","phones":[],"objects":[],"characters":[1],"vehicles":[],"interiors":[],"accounts":[],"content":"GIVEITEM Coca auga oga 1","factions":[]}
{"action":4,"origin":"ch1","date":"2021-12-19T19:39:35","phones":[],"objects":[],"characters":[1],"vehicles":[],"interiors":[],"accounts":[],"content":"GIVEITEM Coca auga oga 1","factions":[]}
{"action":4,"origin":"ch1","date":"2021-12-19T19:39:35","phones":[],"objects":[],"characters":[1],"vehicles":[],"interiors":[],"accounts":[],"content":"GIVEITEM Coca auga oga 1","factions":[]}
{"action":4,"origin":"ch1","date":"2021-12-19T19:39:35","phones":[],"objects":[],"characters":[1],"vehicles":[],"interiors":[],"accounts":[],"content":"GIVEITEM Coca auga oga 1","factions":[]}
{"action":4,"origin":"ch1","date":"2021-12-19T19:39:35","phones":[],"objects":[],"characters":[1],"vehicles":[],"interiors":[],"accounts":[],"content":"GIVEITEM Coca auga oga 1","factions":[]}
{"action":4,"origin":"ch1","date":"2021-12-19T19:39:35","phones":[],"objects":[],"characters":[1],"vehicles":[],"interiors":[],"accounts":[],"content":"GIVEITEM Coca auga oga 1","factions":[]}
{"action":40,"origin":"ch1","date":"2021-12-19T19:46:35","phones":[],"objects":[],"characters":[1],"vehicles":[],"interiors":[],"accounts":[],"content":"Oscar Bozo iznīcināja Coca auga lapas.","factions":[]}
{"action":4,"origin":"ch1","date":"2021-12-19T19:46:44","phones":[],"objects":[],"characters":[1],"vehicles":[],"interiors":[],"accounts":[],"content":"GIVEITEM Coca auga oga 1","factions":[]}
{"action":4,"origin":"ch1","date":"2021-12-19T19:46:44","phones":[],"objects":[],"characters":[1],"vehicles":[],"interiors":[],"accounts":[],"content":"GIVEITEM Coca auga oga 1","factions":[]}
{"action":4,"origin":"ch1","date":"2021-12-19T19:46:44","phones":[],"objects":[],"characters":[1],"vehicles":[],"interiors":[],"accounts":[],"content":"GIVEITEM Coca auga oga 1","factions":[]}
{"action":4,"origin":"ch1","date":"2021-12-19T19:46:45","phones":[],"objects":[],"characters":[1],"vehicles":[],"interiors":[],"accounts":[],"content":"GIVEITEM Coca auga oga 1","factions":[]}
{"action":4,"origin":"ch1","date":"2021-12-19T19:46:45","phones":[],"objects":[],"characters":[1],"vehicles":[],"interiors":[],"accounts":[],"content":"GIVEITEM Coca auga oga 1","factions":[]}
{"action":4,"origin":"ch1","date":"2021-12-19T19:46:45","phones":[],"objects":[],"characters":[1],"vehicles":[],"interiors":[],"accounts":[],"content":"GIVEITEM Coca auga oga 1","factions":[]}
{"action":4,"origin":"ch1","date":"2021-12-19T19:46:45","phones":[],"objects":[],"characters":[1],"vehicles":[],"interiors":[],"accounts":[],"content":"GIVEITEM Coca auga oga 1","factions":[]}
{"action":4,"origin":"ch1","date":"2021-12-19T19:46:45","phones":[],"objects":[],"characters":[1],"vehicles":[],"interiors":[],"accounts":[],"content":"GIVEITEM Coca auga oga 1","factions":[]}
{"action":4,"origin":"ch1","date":"2021-12-19T19:46:45","phones":[],"objects":[],"characters":[1],"vehicles":[],"interiors":[],"accounts":[],"content":"GIVEITEM Coca auga oga 1","factions":[]}
{"action":4,"origin":"ch1","date":"2021-12-19T19:57:32","phones":[],"objects":[],"characters":[1],"vehicles":[],"interiors":[],"accounts":[],"content":"GIVEITEM Marihuānas sēkla 1","factions":[]}
{"action":4,"origin":"ch1","date":"2021-12-19T19:57:33","phones":[],"objects":[],"characters":[1],"vehicles":[],"interiors":[],"accounts":[],"content":"GIVEITEM Marihuānas sēkla 1","factions":[]}
{"action":4,"origin":"ch1","date":"2021-12-19T19:57:33","phones":[],"objects":[],"characters":[1],"vehicles":[],"interiors":[],"accounts":[],"content":"GIVEITEM Marihuānas sēkla 1","factions":[]}
{"action":4,"origin":"ch1","date":"2021-12-19T19:57:34","phones":[],"objects":[],"characters":[1],"vehicles":[],"interiors":[],"accounts":[],"content":"GIVEITEM Coca auga oga 1","factions":[]}
{"action":4,"origin":"ch1","date":"2021-12-19T19:57:34","phones":[],"objects":[],"characters":[1],"vehicles":[],"interiors":[],"accounts":[],"content":"GIVEITEM Coca auga oga 1","factions":[]}
{"action":4,"origin":"ch1","date":"2021-12-19T19:57:34","phones":[],"objects":[],"characters":[1],"vehicles":[],"interiors":[],"accounts":[],"content":"GIVEITEM Coca auga oga 1","factions":[]}
{"action":4,"origin":"ch1","date":"2021-12-19T20:09:06","phones":[],"objects":[],"characters":[1],"vehicles":[],"interiors":[],"accounts":[],"content":"GIVEITEM Ūdens pudele 1","factions":[]}
{"action":4,"origin":"ch1","date":"2021-12-19T20:12:19","phones":[],"objects":[],"characters":[1],"vehicles":[],"interiors":[],"accounts":[],"content":"GIVEITEM Coca auga oga 1","factions":[]}
{"action":4,"origin":"ch1","date":"2021-12-19T20:12:19","phones":[],"objects":[],"characters":[1],"vehicles":[],"interiors":[],"accounts":[],"content":"GIVEITEM Coca auga oga 1","factions":[]}
{"action":4,"origin":"ch1","date":"2021-12-19T20:12:20","phones":[],"objects":[],"characters":[1],"vehicles":[],"interiors":[],"accounts":[],"content":"GIVEITEM Coca auga oga 1","factions":[]}
{"action":4,"origin":"ch1","date":"2021-12-19T20:12:20","phones":[],"objects":[],"characters":[1],"vehicles":[],"interiors":[],"accounts":[],"content":"GIVEITEM Coca auga oga 1","factions":[]}
{"action":4,"origin":"ch1","date":"2021-12-19T20:12:20","phones":[],"objects":[],"characters":[1],"vehicles":[],"interiors":[],"accounts":[],"content":"GIVEITEM Coca auga oga 1","factions":[]}
{"action":4,"origin":"ch1","date":"2021-12-19T20:12:20","phones":[],"objects":[],"characters":[1],"vehicles":[],"interiors":[],"accounts":[],"content":"GIVEITEM Coca auga oga 1","factions":[]}
{"action":40,"origin":"ch1","date":"2021-12-19T20:12:27","phones":[],"objects":[],"characters":[1],"vehicles":[],"interiors":[],"accounts":[],"content":"Oscar Bozo iznīcināja Coca auga lapas.","factions":[]}
{"action":40,"origin":"ch1","date":"2021-12-19T20:12:27","phones":[],"objects":[],"characters":[1],"vehicles":[],"interiors":[],"accounts":[],"content":"Oscar Bozo iznīcināja Coca auga lapas.","factions":[]}
{"action":40,"origin":"ch1","date":"2021-12-19T20:12:27","phones":[],"objects":[],"characters":[1],"vehicles":[],"interiors":[],"accounts":[],"content":"Oscar Bozo iznīcināja Coca auga lapas.","factions":[]}
{"action":40,"origin":"ch1","date":"2021-12-19T20:12:27","phones":[],"objects":[],"characters":[1],"vehicles":[],"interiors":[],"accounts":[],"content":"Oscar Bozo iznīcināja Coca auga lapas.","factions":[]}
{"action":40,"origin":"ch1","date":"2021-12-19T20:12:28","phones":[],"objects":[],"characters":[1],"vehicles":[],"interiors":[],"accounts":[],"content":"Oscar Bozo iznīcināja Coca auga lapas.","factions":[]}
{"action":40,"origin":"ch1","date":"2021-12-19T20:12:28","phones":[],"objects":[],"characters":[1],"vehicles":[],"interiors":[],"accounts":[],"content":"Oscar Bozo iznīcināja Coca auga lapas.","factions":[]}
{"action":40,"origin":"ch1","date":"2021-12-19T20:12:28","phones":[],"objects":[],"characters":[1],"vehicles":[],"interiors":[],"accounts":[],"content":"Oscar Bozo iznīcināja Coca auga lapas.","factions":[]}
{"action":40,"origin":"ch1","date":"2021-12-19T20:12:28","phones":[],"objects":[],"characters":[1],"vehicles":[],"interiors":[],"accounts":[],"content":"Oscar Bozo iznīcināja Coca auga lapas.","factions":[]}
{"action":40,"origin":"ch1","date":"2021-12-19T20:12:28","phones":[],"objects":[],"characters":[1],"vehicles":[],"interiors":[],"accounts":[],"content":"Oscar Bozo iznīcināja Coca auga lapas.","factions":[]}
{"action":40,"origin":"ch1","date":"2021-12-19T20:12:28","phones":[],"objects":[],"characters":[1],"vehicles":[],"interiors":[],"accounts":[],"content":"Oscar Bozo iznīcināja Coca auga lapas.","factions":[]}
{"action":40,"origin":"ch1","date":"2021-12-19T20:12:29","phones":[],"objects":[],"characters":[1],"vehicles":[],"interiors":[],"accounts":[],"content":"Oscar Bozo iznīcināja Coca auga lapas.","factions":[]}
{"action":4,"origin":"ch1","date":"2021-12-19T20:12:46","phones":[],"objects":[],"characters":[1],"vehicles":[],"interiors":[],"accounts":[],"content":"GIVEITEM Ūdens pudele 1","factions":[]}
{"action":4,"origin":"ch1","date":"2021-12-19T20:12:46","phones":[],"objects":[],"characters":[1],"vehicles":[],"interiors":[],"accounts":[],"content":"GIVEITEM Ūdens pudele 1","factions":[]}
{"action":40,"origin":"ch1","date":"2021-12-19T20:13:18","phones":[],"objects":[],"characters":[1],"vehicles":[],"interiors":[],"accounts":[],"content":"Oscar Bozo iznīcināja Coca auga lapas.","factions":[]}
{"action":40,"origin":"ch1","date":"2021-12-19T20:13:18","phones":[],"objects":[],"characters":[1],"vehicles":[],"interiors":[],"accounts":[],"content":"Oscar Bozo iznīcināja Coca auga lapas.","factions":[]}
{"action":40,"origin":"ch1","date":"2021-12-19T20:13:18","phones":[],"objects":[],"characters":[1],"vehicles":[],"interiors":[],"accounts":[],"content":"Oscar Bozo iznīcināja Coca auga lapas.","factions":[]}
{"action":40,"origin":"ch1","date":"2021-12-19T20:13:18","phones":[],"objects":[],"characters":[1],"vehicles":[],"interiors":[],"accounts":[],"content":"Oscar Bozo iznīcināja Coca auga lapas.","factions":[]}
{"action":40,"origin":"ch1","date":"2021-12-19T20:13:19","phones":[],"objects":[],"characters":[1],"vehicles":[],"interiors":[],"accounts":[],"content":"Oscar Bozo iznīcināja Coca auga lapas.","factions":[]}
{"action":40,"origin":"ch1","date":"2021-12-19T20:13:19","phones":[],"objects":[],"characters":[1],"vehicles":[],"interiors":[],"accounts":[],"content":"Oscar Bozo iznīcināja Coca auga lapas.","factions":[]}
{"action":40,"origin":"ch1","date":"2021-12-19T20:13:19","phones":[],"objects":[],"characters":[1],"vehicles":[],"interiors":[],"accounts":[],"content":"Oscar Bozo iznīcināja Coca auga lapas.","factions":[]}
{"action":40,"origin":"ch1","date":"2021-12-19T20:27:21","phones":[],"objects":[],"characters":[1],"vehicles":[],"interiors":[],"accounts":[],"content":"Oscar Bozo iznīcināja Coca auga lapas.","factions":[]}
{"action":40,"origin":"ch1","date":"2021-12-19T20:27:21","phones":[],"objects":[],"characters":[1],"vehicles":[],"interiors":[],"accounts":[],"content":"Oscar Bozo iznīcināja Coca auga lapas.","factions":[]}
{"action":40,"origin":"ch1","date":"2021-12-19T20:27:21","phones":[],"objects":[],"characters":[1],"vehicles":[],"interiors":[],"accounts":[],"content":"Oscar Bozo iznīcināja Coca auga lapas.","factions":[]}
{"action":40,"origin":"ch1","date":"2021-12-19T20:27:21","phones":[],"objects":[],"characters":[1],"vehicles":[],"interiors":[],"accounts":[],"content":"Oscar Bozo iznīcināja Coca auga lapas.","factions":[]}
{"action":40,"origin":"ch1","date":"2021-12-19T20:27:21","phones":[],"objects":[],"characters":[1],"vehicles":[],"interiors":[],"accounts":[],"content":"Oscar Bozo iznīcināja Coca auga lapas.","factions":[]}
{"action":40,"origin":"ch1","date":"2021-12-19T20:27:22","phones":[],"objects":[],"characters":[1],"vehicles":[],"interiors":[],"accounts":[],"content":"Oscar Bozo iznīcināja Coca auga lapas.","factions":[]}
{"action":40,"origin":"ch1","date":"2021-12-19T20:27:22","phones":[],"objects":[],"characters":[1],"vehicles":[],"interiors":[],"accounts":[],"content":"Oscar Bozo iznīcināja Coca auga lapas.","factions":[]}
{"action":40,"origin":"ch1","date":"2021-12-19T20:27:22","phones":[],"objects":[],"characters":[1],"vehicles":[],"interiors":[],"accounts":[],"content":"Oscar Bozo iznīcināja Coca auga lapas.","factions":[]}
{"action":40,"origin":"ch1","date":"2021-12-19T20:27:22","phones":[],"objects":[],"characters":[1],"vehicles":[],"interiors":[],"accounts":[],"content":"Oscar Bozo iznīcināja Coca auga lapas.","factions":[]}
{"action":40,"origin":"ch1","date":"2021-12-19T20:27:22","phones":[],"objects":[],"characters":[1],"vehicles":[],"interiors":[],"accounts":[],"content":"Oscar Bozo iznīcināja Coca auga lapas.","factions":[]}
{"action":40,"origin":"ch1","date":"2021-12-19T20:27:22","phones":[],"objects":[],"characters":[1],"vehicles":[],"interiors":[],"accounts":[],"content":"Oscar Bozo iznīcināja Coca auga lapas.","factions":[]}
{"action":40,"origin":"ch1","date":"2021-12-19T20:27:23","phones":[],"objects":[],"characters":[1],"vehicles":[],"interiors":[],"accounts":[],"content":"Oscar Bozo iznīcināja Coca auga lapas.","factions":[]}
{"action":40,"origin":"ch1","date":"2021-12-19T20:27:23","phones":[],"objects":[],"characters":[1],"vehicles":[],"interiors":[],"accounts":[],"content":"Oscar Bozo iznīcināja Coca auga lapas.","factions":[]}
{"action":40,"origin":"ch1","date":"2021-12-19T20:27:23","phones":[],"objects":[],"characters":[1],"vehicles":[],"interiors":[],"accounts":[],"content":"Oscar Bozo iznīcināja Coca auga lapas.","factions":[]}
{"action":40,"origin":"ch1","date":"2021-12-19T20:27:23","phones":[],"objects":[],"characters":[1],"vehicles":[],"interiors":[],"accounts":[],"content":"Oscar Bozo iznīcināja Coca auga lapas.","factions":[]}
{"action":40,"origin":"ch1","date":"2021-12-19T21:11:25","phones":[],"objects":[],"characters":[1],"vehicles":[],"interiors":[],"accounts":[],"content":"Oscar Bozo iznīcināja Coca auga lapas.","factions":[]}
{"action":40,"origin":"ch1","date":"2021-12-19T21:11:25","phones":[],"objects":[],"characters":[1],"vehicles":[],"interiors":[],"accounts":[],"content":"Oscar Bozo iznīcināja Coca auga lapas.","factions":[]}
{"action":27,"origin":"ac1","date":"2021-12-19T21:11:39","phones":[],"objects":[],"characters":[1],"vehicles":[],"interiors":[],"accounts":[1],"content":"Disconnected (Quit) (Name: Oscar_Bozo)","factions":[]}
