{"action":27,"origin":"ac1","date":"2022-01-12T10:04:20","phones":[],"objects":[],"characters":[],"vehicles":[],"interiors":[],"accounts":[1],"content":"Connected from 192.168.8.102 - 018FD49521BD034DD2BE1FFC72AA4B43","factions":[]}
{"action":27,"origin":"ac1","date":"2022-01-12T10:04:28","phones":[],"objects":[],"characters":[1],"vehicles":[],"interiors":[],"accounts":[1],"content":"Spawned","factions":[]}
{"action":4,"origin":"ch1","date":"2022-01-12T10:24:55","phones":[],"objects":[],"characters":[1],"vehicles":[],"interiors":[],"accounts":[],"content":"GIVEITEM Magoņu sēklas 1","factions":[]}
{"action":39,"origin":"ch1","date":"2022-01-12T10:25:50","phones":[],"objects":[],"characters":[1],"vehicles":[],"interiors":[],"accounts":[],"content":"Oscar_Bozo -> ~World #65 - Magoņu sēklas - 1 @ (354.0787, 900.12714, 19.458963) in (int 0, dim 0)","factions":[]}
{"action":40,"origin":"ch1","date":"2022-01-12T10:25:50","phones":[],"objects":[],"characters":[1],"vehicles":[],"interiors":[],"accounts":[],"content":"Oscar Bozo dropped a Magoņu sēklas.","factions":[]}
{"action":39,"origin":"ch1","date":"2022-01-12T10:25:53","phones":[],"objects":[65],"characters":[],"vehicles":[],"interiors":[],"accounts":[],"content":"~World #65 @ (354.07870483398, 900.12713623047, 19.458963394165) in (int 0, dim 0) ->Oscar_Bozo - Magoņu sēklas - 1","factions":[]}
{"action":40,"origin":"ch1","date":"2022-01-12T10:25:53","phones":[],"objects":[],"characters":[1],"vehicles":[],"interiors":[],"accounts":[],"content":"Oscar Bozo bends over and picks up a Magoņu sēklas.","factions":[]}
{"action":4,"origin":"ch1","date":"2022-01-12T10:26:55","phones":[],"objects":[],"characters":[1],"vehicles":[],"interiors":[],"accounts":[],"content":"GIVEITEM Sulīga magones galviņa 1","factions":[]}
{"action":4,"origin":"ch1","date":"2022-01-12T10:26:58","phones":[],"objects":[],"characters":[1],"vehicles":[],"interiors":[],"accounts":[],"content":"GIVEITEM Klepus sīrups 1","factions":[]}
{"action":4,"origin":"ch1","date":"2022-01-12T10:27:01","phones":[],"objects":[],"characters":[1],"vehicles":[],"interiors":[],"accounts":[],"content":"GIVEITEM Aspirīns (jeb Acetilsalicilskābe) 1","factions":[]}
{"action":4,"origin":"ch1","date":"2022-01-12T10:27:04","phones":[],"objects":[],"characters":[1],"vehicles":[],"interiors":[],"accounts":[],"content":"GIVEITEM Aspirīna pulveris 1","factions":[]}
{"action":4,"origin":"ch1","date":"2022-01-12T10:27:08","phones":[],"objects":[],"characters":[1],"vehicles":[],"interiors":[],"accounts":[],"content":"GIVEITEM Rūsas noņēmējs 1","factions":[]}
{"action":40,"origin":"ch1","date":"2022-01-12T10:29:45","phones":[],"objects":[],"characters":[1],"vehicles":[],"interiors":[],"accounts":[],"content":"Oscar Bozo iznīcināja LSZD Laikraksts.","factions":[]}
{"action":40,"origin":"ch1","date":"2022-01-12T10:29:45","phones":[],"objects":[],"characters":[1],"vehicles":[],"interiors":[],"accounts":[],"content":"Oscar Bozo iznīcināja Servera atjauninājumu laikraksts.","factions":[]}
{"action":40,"origin":"ch1","date":"2022-01-12T10:29:46","phones":[],"objects":[],"characters":[1],"vehicles":[],"interiors":[],"accounts":[],"content":"Oscar Bozo iznīcināja Coca auga lapas.","factions":[]}
{"action":40,"origin":"ch1","date":"2022-01-12T10:29:46","phones":[],"objects":[],"characters":[1],"vehicles":[],"interiors":[],"accounts":[],"content":"Oscar Bozo iznīcināja Coca auga lapas.","factions":[]}
{"action":4,"origin":"ch1","date":"2022-01-12T10:29:56","phones":[],"objects":[],"characters":[1],"vehicles":[],"interiors":[],"accounts":[],"content":"GIVEITEM Magoņu sēklas 1","factions":[]}
{"action":4,"origin":"ch1","date":"2022-01-12T10:29:56","phones":[],"objects":[],"characters":[1],"vehicles":[],"interiors":[],"accounts":[],"content":"GIVEITEM Magoņu sēklas 1","factions":[]}
{"action":4,"origin":"ch1","date":"2022-01-12T10:30:23","phones":[],"objects":[],"characters":[1],"vehicles":[],"interiors":[],"accounts":[],"content":"GIVEITEM Ūdens pudele 1","factions":[]}
{"action":4,"origin":"ch1","date":"2022-01-12T10:31:09","phones":[],"objects":[],"characters":[1],"vehicles":[],"interiors":[],"accounts":[],"content":"GIVEITEM Ūdens pudele 1","factions":[]}
{"action":4,"origin":"ch1","date":"2022-01-12T10:31:40","phones":[],"objects":[],"characters":[1],"vehicles":[],"interiors":[],"accounts":[],"content":"GIVEITEM Magoņu sēklas 1","factions":[]}
{"action":4,"origin":"ch1","date":"2022-01-12T10:31:40","phones":[],"objects":[],"characters":[1],"vehicles":[],"interiors":[],"accounts":[],"content":"GIVEITEM Magoņu sēklas 1","factions":[]}
{"action":4,"origin":"ch1","date":"2022-01-12T10:31:40","phones":[],"objects":[],"characters":[1],"vehicles":[],"interiors":[],"accounts":[],"content":"GIVEITEM Magoņu sēklas 1","factions":[]}
{"action":4,"origin":"ch1","date":"2022-01-12T10:46:13","phones":[],"objects":[],"characters":[1],"vehicles":[],"interiors":[],"accounts":[],"content":"GIVEITEM Heroīna muca 1","factions":[]}
{"action":39,"origin":"ch1","date":"2022-01-12T10:46:20","phones":[],"objects":[],"characters":[1],"vehicles":[],"interiors":[],"accounts":[],"content":"Oscar_Bozo -> ~World #66 - Heroīna muca - 1 @ (350.89014, 894.48627, 19.40625) in (int 0, dim 0)","factions":[]}
{"action":40,"origin":"ch1","date":"2022-01-12T10:46:20","phones":[],"objects":[],"characters":[1],"vehicles":[],"interiors":[],"accounts":[],"content":"Oscar Bozo dropped a Heroīna muca.","factions":[]}
{"action":4,"origin":"ch1","date":"2022-01-12T11:46:39","phones":[],"objects":[],"characters":[1],"vehicles":[],"interiors":[],"accounts":[],"content":"GIVEITEM Ūdens pudele 1","factions":[]}
{"action":40,"origin":"ch1","date":"2022-01-12T11:46:45","phones":[],"objects":[],"characters":[1],"vehicles":[],"interiors":[],"accounts":[],"content":"Oscar Bozo ielūkojas mucā.","factions":[]}
{"action":40,"origin":"ch1","date":"2022-01-12T11:46:50","phones":[],"objects":[],"characters":[1],"vehicles":[],"interiors":[],"accounts":[],"content":"Oscar Bozo iemet pāris magoņu galviņas mucā.","factions":[]}
{"action":40,"origin":"ch1","date":"2022-01-12T11:46:52","phones":[],"objects":[],"characters":[1],"vehicles":[],"interiors":[],"accounts":[],"content":"Oscar Bozo iemet pāris magoņu galviņas mucā.","factions":[]}
{"action":40,"origin":"ch1","date":"2022-01-12T11:46:53","phones":[],"objects":[],"characters":[1],"vehicles":[],"interiors":[],"accounts":[],"content":"Oscar Bozo iemet pāris magoņu galviņas mucā.","factions":[]}
{"action":40,"origin":"ch1","date":"2022-01-12T11:46:54","phones":[],"objects":[],"characters":[1],"vehicles":[],"interiors":[],"accounts":[],"content":"Oscar Bozo iemet pāris magoņu galviņas mucā.","factions":[]}
{"action":40,"origin":"ch1","date":"2022-01-12T11:46:55","phones":[],"objects":[],"characters":[1],"vehicles":[],"interiors":[],"accounts":[],"content":"Oscar Bozo iemet pāris magoņu galviņas mucā.","factions":[]}
{"action":40,"origin":"ch1","date":"2022-01-12T11:47:17","phones":[],"objects":[],"characters":[1],"vehicles":[],"interiors":[],"accounts":[],"content":"Oscar Bozo ielūkojas mucā.","factions":[]}
{"action":40,"origin":"ch1","date":"2022-01-12T11:47:23","phones":[],"objects":[],"characters":[1],"vehicles":[],"interiors":[],"accounts":[],"content":"Oscar Bozo ielūkojas mucā.","factions":[]}
{"action":40,"origin":"ch1","date":"2022-01-12T11:48:15","phones":[],"objects":[],"characters":[1],"vehicles":[],"interiors":[],"accounts":[],"content":"Oscar Bozo ielūkojas mucā.","factions":[]}
{"action":4,"origin":"ch1","date":"2022-01-12T11:48:34","phones":[],"objects":[],"characters":[1],"vehicles":[],"interiors":[],"accounts":[],"content":"GIVEITEM Heroīna muca 1","factions":[]}
{"action":4,"origin":"ch1","date":"2022-01-12T11:48:39","phones":[],"objects":[],"characters":[1],"vehicles":[],"interiors":[],"accounts":[],"content":"GIVEITEM Sulīga magones galviņa 1","factions":[]}
{"action":4,"origin":"ch1","date":"2022-01-12T11:48:39","phones":[],"objects":[],"characters":[1],"vehicles":[],"interiors":[],"accounts":[],"content":"GIVEITEM Sulīga magones galviņa 1","factions":[]}
{"action":4,"origin":"ch1","date":"2022-01-12T11:48:39","phones":[],"objects":[],"characters":[1],"vehicles":[],"interiors":[],"accounts":[],"content":"GIVEITEM Sulīga magones galviņa 1","factions":[]}
{"action":4,"origin":"ch1","date":"2022-01-12T11:48:40","phones":[],"objects":[],"characters":[1],"vehicles":[],"interiors":[],"accounts":[],"content":"GIVEITEM Sulīga magones galviņa 1","factions":[]}
{"action":4,"origin":"ch1","date":"2022-01-12T11:48:40","phones":[],"objects":[],"characters":[1],"vehicles":[],"interiors":[],"accounts":[],"content":"GIVEITEM Sulīga magones galviņa 1","factions":[]}
{"action":39,"origin":"ch1","date":"2022-01-12T11:48:43","phones":[],"objects":[],"characters":[1],"vehicles":[],"interiors":[],"accounts":[],"content":"Oscar_Bozo -> ~World #67 - Heroīna muca - 1 @ (356.78006, 897.15564, 19.40625) in (int 0, dim 0)","factions":[]}
{"action":40,"origin":"ch1","date":"2022-01-12T11:48:43","phones":[],"objects":[],"characters":[1],"vehicles":[],"interiors":[],"accounts":[],"content":"Oscar Bozo dropped a Heroīna muca.","factions":[]}
{"action":40,"origin":"ch1","date":"2022-01-12T11:48:46","phones":[],"objects":[],"characters":[1],"vehicles":[],"interiors":[],"accounts":[],"content":"Oscar Bozo ielūkojas mucā.","factions":[]}
{"action":40,"origin":"ch1","date":"2022-01-12T11:48:49","phones":[],"objects":[],"characters":[1],"vehicles":[],"interiors":[],"accounts":[],"content":"Oscar Bozo iemet pāris magoņu galviņas mucā.","factions":[]}
{"action":40,"origin":"ch1","date":"2022-01-12T11:48:49","phones":[],"objects":[],"characters":[1],"vehicles":[],"interiors":[],"accounts":[],"content":"Oscar Bozo iemet pāris magoņu galviņas mucā.","factions":[]}
{"action":40,"origin":"ch1","date":"2022-01-12T11:48:50","phones":[],"objects":[],"characters":[1],"vehicles":[],"interiors":[],"accounts":[],"content":"Oscar Bozo iemet pāris magoņu galviņas mucā.","factions":[]}
{"action":40,"origin":"ch1","date":"2022-01-12T11:48:50","phones":[],"objects":[],"characters":[1],"vehicles":[],"interiors":[],"accounts":[],"content":"Oscar Bozo iemet pāris magoņu galviņas mucā.","factions":[]}
{"action":40,"origin":"ch1","date":"2022-01-12T11:48:52","phones":[],"objects":[],"characters":[1],"vehicles":[],"interiors":[],"accounts":[],"content":"Oscar Bozo iemet pāris magoņu galviņas mucā.","factions":[]}
{"action":40,"origin":"ch1","date":"2022-01-12T11:49:07","phones":[],"objects":[],"characters":[1],"vehicles":[],"interiors":[],"accounts":[],"content":"Oscar Bozo ielūkojas mucā.","factions":[]}
{"action":40,"origin":"ch1","date":"2022-01-12T11:49:13","phones":[],"objects":[],"characters":[1],"vehicles":[],"interiors":[],"accounts":[],"content":"Oscar Bozo ielūkojas mucā.","factions":[]}
{"action":40,"origin":"ch1","date":"2022-01-12T11:49:17","phones":[],"objects":[],"characters":[1],"vehicles":[],"interiors":[],"accounts":[],"content":"Oscar Bozo ielej šķidrumu mucā.","factions":[]}
{"action":40,"origin":"ch1","date":"2022-01-12T11:49:32","phones":[],"objects":[],"characters":[1],"vehicles":[],"interiors":[],"accounts":[],"content":"Oscar Bozo ielūkojas mucā.","factions":[]}
{"action":40,"origin":"ch1","date":"2022-01-12T11:49:41","phones":[],"objects":[],"characters":[1],"vehicles":[],"interiors":[],"accounts":[],"content":"Oscar Bozo ielūkojas mucā.","factions":[]}
{"action":40,"origin":"ch1","date":"2022-01-12T11:49:43","phones":[],"objects":[],"characters":[1],"vehicles":[],"interiors":[],"accounts":[],"content":"Oscar Bozo ielej klepus zāles mucā.","factions":[]}
{"action":39,"origin":"ch1","date":"2022-01-12T11:49:47","phones":[],"objects":[],"characters":[1],"vehicles":[],"interiors":[],"accounts":[],"content":"Oscar_Bozo -> ~World #68 - Aspirīna pulveris - 1 @ (359.5784, 894.99445, 19.399405) in (int 0, dim 0)","factions":[]}
{"action":40,"origin":"ch1","date":"2022-01-12T11:49:47","phones":[],"objects":[],"characters":[1],"vehicles":[],"interiors":[],"accounts":[],"content":"Oscar Bozo dropped a Aspirīna pulveris.","factions":[]}
{"action":40,"origin":"ch1","date":"2022-01-12T11:50:39","phones":[],"objects":[],"characters":[1],"vehicles":[],"interiors":[],"accounts":[],"content":"Oscar Bozo ielūkojas mucā.","factions":[]}
{"action":40,"origin":"ch1","date":"2022-01-12T11:50:48","phones":[],"objects":[],"characters":[1],"vehicles":[],"interiors":[],"accounts":[],"content":"Oscar Bozo ielūkojas mucā.","factions":[]}
{"action":40,"origin":"ch1","date":"2022-01-12T11:50:56","phones":[],"objects":[],"characters":[1],"vehicles":[],"interiors":[],"accounts":[],"content":"Oscar Bozo ielūkojas mucā.","factions":[]}
{"action":40,"origin":"ch1","date":"2022-01-12T11:51:02","phones":[],"objects":[],"characters":[1],"vehicles":[],"interiors":[],"accounts":[],"content":"Oscar Bozo ielūkojas mucā.","factions":[]}
{"action":39,"origin":"ch1","date":"2022-01-12T11:51:11","phones":[],"objects":[68],"characters":[],"vehicles":[],"interiors":[],"accounts":[],"content":"~World #68 @ (359.5783996582, 894.99444580078, 19.399404525757) in (int 0, dim 0) ->Oscar_Bozo - Aspirīna pulveris - 1","factions":[]}
{"action":40,"origin":"ch1","date":"2022-01-12T11:51:11","phones":[],"objects":[],"characters":[1],"vehicles":[],"interiors":[],"accounts":[],"content":"Oscar Bozo bends over and picks up a Aspirīna pulveris.","factions":[]}
{"action":40,"origin":"ch1","date":"2022-01-12T11:51:13","phones":[],"objects":[],"characters":[1],"vehicles":[],"interiors":[],"accounts":[],"content":"Oscar Bozo ielūkojas mucā.","factions":[]}
{"action":40,"origin":"ch1","date":"2022-01-12T11:51:44","phones":[],"objects":[],"characters":[1],"vehicles":[],"interiors":[],"accounts":[],"content":"Oscar Bozo ielūkojas mucā.","factions":[]}
{"action":40,"origin":"ch1","date":"2022-01-12T11:51:46","phones":[],"objects":[],"characters":[1],"vehicles":[],"interiors":[],"accounts":[],"content":"Oscar Bozo pieber šauju Aspirīna pulvera.","factions":[]}
{"action":40,"origin":"ch1","date":"2022-01-12T11:51:49","phones":[],"objects":[],"characters":[1],"vehicles":[],"interiors":[],"accounts":[],"content":"Oscar Bozo ielej pudeli ar rūsas noņēmēju mucā.","factions":[]}
{"action":40,"origin":"ch1","date":"2022-01-12T11:52:39","phones":[],"objects":[],"characters":[1],"vehicles":[],"interiors":[],"accounts":[],"content":"Oscar Bozo ielūkojas mucā.","factions":[]}
{"action":40,"origin":"ch1","date":"2022-01-12T11:52:40","phones":[],"objects":[],"characters":[1],"vehicles":[],"interiors":[],"accounts":[],"content":"Oscar Bozo nokasa heroīnu no mucas malām.","factions":[]}
{"action":40,"origin":"ch1","date":"2022-01-12T11:52:47","phones":[],"objects":[],"characters":[1],"vehicles":[],"interiors":[],"accounts":[],"content":"Oscar Bozo injekcē Heroīnu.","factions":[]}
{"action":40,"origin":"ch1","date":"2022-01-12T11:52:54","phones":[],"objects":[],"characters":[1],"vehicles":[],"interiors":[],"accounts":[],"content":"Oscar Bozo injekcē Heroīnu.","factions":[]}
{"action":40,"origin":"ch1","date":"2022-01-12T11:53:00","phones":[],"objects":[],"characters":[1],"vehicles":[],"interiors":[],"accounts":[],"content":"Oscar Bozo ielūkojas mucā.","factions":[]}
{"action":27,"origin":"ac1","date":"2022-01-12T12:20:08","phones":[],"objects":[],"characters":[1],"vehicles":[],"interiors":[],"accounts":[1],"content":"Disconnected (Quit) (Name: Oscar_Bozo)","factions":[]}
{"action":27,"origin":"ac1","date":"2022-01-12T14:24:20","phones":[],"objects":[],"characters":[],"vehicles":[],"interiors":[],"accounts":[1],"content":"Connected from 192.168.8.102 - 018FD49521BD034DD2BE1FFC72AA4B43","factions":[]}
{"action":27,"origin":"ac1","date":"2022-01-12T14:24:27","phones":[],"objects":[],"characters":[1],"vehicles":[],"interiors":[],"accounts":[1],"content":"Spawned","factions":[]}
{"action":4,"origin":"ch1","date":"2022-01-12T16:14:35","phones":[],"objects":[],"characters":[1],"vehicles":[],"interiors":[],"accounts":[],"content":"GIVEITEM Heroīns 50","factions":[]}
{"action":27,"origin":"ac1","date":"2022-01-12T17:04:48","phones":[],"objects":[],"characters":[1],"vehicles":[],"interiors":[],"accounts":[1],"content":"Disconnected (Quit) (Name: Oscar_Bozo)","factions":[]}
