{"action":27,"origin":"ac1","date":"2021-12-14T10:35:52","phones":[],"objects":[],"characters":[],"vehicles":[],"interiors":[],"accounts":[1],"content":"Connected from 192.168.8.101 - 018FD49521BD034DD2BE1FFC72AA4B43","factions":[]}
{"action":27,"origin":"ac1","date":"2021-12-14T10:35:59","phones":[],"objects":[],"characters":[1],"vehicles":[],"interiors":[],"accounts":[1],"content":"Spawned","factions":[]}
{"action":4,"origin":"ch1","date":"2021-12-14T10:44:14","phones":[],"objects":[],"characters":[1],"vehicles":[],"interiors":[],"accounts":[],"content":"GIVEITEM Darba galds 1","factions":[]}
{"action":40,"origin":"ch1","date":"2021-12-14T10:44:19","phones":[],"objects":[],"characters":[1],"vehicles":[],"interiors":[],"accounts":[],"content":"Oscar Bozo iznīcināja Neapstrādāts Dzelzs.","factions":[]}
{"action":40,"origin":"ch1","date":"2021-12-14T10:44:19","phones":[],"objects":[],"characters":[1],"vehicles":[],"interiors":[],"accounts":[],"content":"Oscar Bozo iznīcināja Neapstrādāts Dzelzs.","factions":[]}
{"action":40,"origin":"ch1","date":"2021-12-14T10:44:20","phones":[],"objects":[],"characters":[1],"vehicles":[],"interiors":[],"accounts":[],"content":"Oscar Bozo iznīcināja Neapstrādāts Dzelzs.","factions":[]}
{"action":40,"origin":"ch1","date":"2021-12-14T10:44:20","phones":[],"objects":[],"characters":[1],"vehicles":[],"interiors":[],"accounts":[],"content":"Oscar Bozo iznīcināja Neapstrādāts Dzelzs.","factions":[]}
{"action":39,"origin":"ch1","date":"2021-12-14T10:44:25","phones":[],"objects":[],"characters":[1],"vehicles":[],"interiors":[],"accounts":[],"content":"Oscar_Bozo -> ~World #3 - Darba galds - 1 @ (355.38916, 871.03668, 19.40625) in (int 0, dim 0)","factions":[]}
{"action":40,"origin":"ch1","date":"2021-12-14T10:44:25","phones":[],"objects":[],"characters":[1],"vehicles":[],"interiors":[],"accounts":[],"content":"Oscar Bozo dropped a Darba galds.","factions":[]}
{"action":39,"origin":"ch1","date":"2021-12-14T10:44:30","phones":[],"objects":[3],"characters":[],"vehicles":[],"interiors":[],"accounts":[],"content":"~World #3 @ (355.38916015625, 871.03668212891, 19.40625) in (int 0, dim 0) ->Oscar_Bozo - Darba galds - 1","factions":[]}
{"action":40,"origin":"ch1","date":"2021-12-14T10:44:30","phones":[],"objects":[],"characters":[1],"vehicles":[],"interiors":[],"accounts":[],"content":"Oscar Bozo bends over and picks up a Darba galds.","factions":[]}
{"action":39,"origin":"ch1","date":"2021-12-14T10:44:35","phones":[],"objects":[],"characters":[1],"vehicles":[],"interiors":[],"accounts":[],"content":"Oscar_Bozo -> ~World #4 - Darba galds - 1 @ (366.26483, 858.50726, 20.460619) in (int 0, dim 0)","factions":[]}
{"action":40,"origin":"ch1","date":"2021-12-14T10:44:35","phones":[],"objects":[],"characters":[1],"vehicles":[],"interiors":[],"accounts":[],"content":"Oscar Bozo dropped a Darba galds.","factions":[]}
{"action":39,"origin":"ch1","date":"2021-12-14T10:44:40","phones":[],"objects":[4],"characters":[],"vehicles":[],"interiors":[],"accounts":[],"content":"~World #4 @ (366.26483154297, 858.50726318359, 20.460618972778) in (int 0, dim 0) ->Oscar_Bozo - Darba galds - 1","factions":[]}
{"action":40,"origin":"ch1","date":"2021-12-14T10:44:40","phones":[],"objects":[],"characters":[1],"vehicles":[],"interiors":[],"accounts":[],"content":"Oscar Bozo bends over and picks up a Darba galds.","factions":[]}
{"action":39,"origin":"ch1","date":"2021-12-14T10:44:43","phones":[],"objects":[],"characters":[1],"vehicles":[],"interiors":[],"accounts":[],"content":"Oscar_Bozo -> ~World #5 - Darba galds - 1 @ (366.47021, 858.43091, 20.696821) in (int 0, dim 0)","factions":[]}
{"action":40,"origin":"ch1","date":"2021-12-14T10:44:43","phones":[],"objects":[],"characters":[1],"vehicles":[],"interiors":[],"accounts":[],"content":"Oscar Bozo dropped a Darba galds.","factions":[]}
{"action":39,"origin":"ch1","date":"2021-12-14T10:44:51","phones":[],"objects":[5],"characters":[],"vehicles":[],"interiors":[],"accounts":[],"content":"~World #5 @ (366.47021484375, 858.43090820312, 20.696821212769) in (int 0, dim 0) ->Oscar_Bozo - Darba galds - 1","factions":[]}
{"action":40,"origin":"ch1","date":"2021-12-14T10:44:51","phones":[],"objects":[],"characters":[1],"vehicles":[],"interiors":[],"accounts":[],"content":"Oscar Bozo bends over and picks up a Darba galds.","factions":[]}
{"action":39,"origin":"ch1","date":"2021-12-14T10:44:57","phones":[],"objects":[],"characters":[1],"vehicles":[],"interiors":[],"accounts":[],"content":"Oscar_Bozo -> ~World #6 - Darba galds - 1 @ (360.53607, 866.96912, 19.40625) in (int 0, dim 0)","factions":[]}
{"action":40,"origin":"ch1","date":"2021-12-14T10:44:57","phones":[],"objects":[],"characters":[1],"vehicles":[],"interiors":[],"accounts":[],"content":"Oscar Bozo dropped a Darba galds.","factions":[]}
{"action":4,"origin":"ch1","date":"2021-12-14T10:52:01","phones":[],"objects":[],"characters":[1],"vehicles":[],"interiors":[],"accounts":[],"content":"GIVEITEM Cepeškrāsns 1","factions":[]}
{"action":4,"origin":"ch1","date":"2021-12-14T10:52:06","phones":[],"objects":[],"characters":[1],"vehicles":[],"interiors":[],"accounts":[],"content":"GIVEITEM Rūpnīcas mašīna 1","factions":[]}
{"action":39,"origin":"ch1","date":"2021-12-14T10:52:12","phones":[],"objects":[],"characters":[1],"vehicles":[],"interiors":[],"accounts":[],"content":"Oscar_Bozo -> ~World #7 - Rūpnīcas mašīna - 1 @ (358.11908, 867.30048, 19.40625) in (int 0, dim 0)","factions":[]}
{"action":40,"origin":"ch1","date":"2021-12-14T10:52:12","phones":[],"objects":[],"characters":[1],"vehicles":[],"interiors":[],"accounts":[],"content":"Oscar Bozo dropped a Rūpnīcas mašīna.","factions":[]}
{"action":39,"origin":"ch1","date":"2021-12-14T10:52:14","phones":[],"objects":[],"characters":[1],"vehicles":[],"interiors":[],"accounts":[],"content":"Oscar_Bozo -> ~World #8 - Cepeškrāsns - 1 @ (354.78555, 869.35522, 19.40625) in (int 0, dim 0)","factions":[]}
{"action":40,"origin":"ch1","date":"2021-12-14T10:52:14","phones":[],"objects":[],"characters":[1],"vehicles":[],"interiors":[],"accounts":[],"content":"Oscar Bozo dropped a Cepeškrāsns.","factions":[]}
{"action":39,"origin":"ch1","date":"2021-12-14T10:57:54","phones":[],"objects":[7],"characters":[],"vehicles":[],"interiors":[],"accounts":[],"content":"~World #7 @ (358.11907958984, 867.30047607422, 19.40625) in (int 0, dim 0) ->Oscar_Bozo - Rūpnīcas mašīna - 1","factions":[]}
{"action":40,"origin":"ch1","date":"2021-12-14T10:57:54","phones":[],"objects":[],"characters":[1],"vehicles":[],"interiors":[],"accounts":[],"content":"Oscar Bozo bends over and picks up a Rūpnīcas mašīna.","factions":[]}
{"action":40,"origin":"ch1","date":"2021-12-14T10:57:58","phones":[],"objects":[],"characters":[1],"vehicles":[],"interiors":[],"accounts":[],"content":"Oscar Bozo iznīcināja Rūpnīcas mašīna.","factions":[]}
{"action":4,"origin":"ch1","date":"2021-12-14T12:03:50","phones":[],"objects":[],"characters":[1],"vehicles":[],"interiors":[],"accounts":[],"content":"GIVEITEM Dzelzs stienis 1","factions":[]}
{"action":40,"origin":"ch1","date":"2021-12-14T12:03:55","phones":[],"objects":[],"characters":[1],"vehicles":[],"interiors":[],"accounts":[],"content":"Oscar Bozo iznīcināja Dzelzs stienis.","factions":[]}
{"action":4,"origin":"ch1","date":"2021-12-14T12:05:22","phones":[],"objects":[],"characters":[1],"vehicles":[],"interiors":[],"accounts":[],"content":"GIVEITEM Neapstrādāts Dzelzs 1","factions":[]}
{"action":4,"origin":"ch1","date":"2021-12-14T12:05:22","phones":[],"objects":[],"characters":[1],"vehicles":[],"interiors":[],"accounts":[],"content":"GIVEITEM Neapstrādāts Dzelzs 1","factions":[]}
{"action":4,"origin":"ch1","date":"2021-12-14T12:05:22","phones":[],"objects":[],"characters":[1],"vehicles":[],"interiors":[],"accounts":[],"content":"GIVEITEM Neapstrādāts Dzelzs 1","factions":[]}
{"action":4,"origin":"ch1","date":"2021-12-14T12:05:22","phones":[],"objects":[],"characters":[1],"vehicles":[],"interiors":[],"accounts":[],"content":"GIVEITEM Neapstrādāts Dzelzs 1","factions":[]}
{"action":4,"origin":"ch1","date":"2021-12-14T12:05:22","phones":[],"objects":[],"characters":[1],"vehicles":[],"interiors":[],"accounts":[],"content":"GIVEITEM Neapstrādāts Dzelzs 1","factions":[]}
{"action":4,"origin":"ch1","date":"2021-12-14T12:05:22","phones":[],"objects":[],"characters":[1],"vehicles":[],"interiors":[],"accounts":[],"content":"GIVEITEM Neapstrādāts Dzelzs 1","factions":[]}
{"action":4,"origin":"ch1","date":"2021-12-14T12:05:23","phones":[],"objects":[],"characters":[1],"vehicles":[],"interiors":[],"accounts":[],"content":"GIVEITEM Neapstrādāts Dzelzs 1","factions":[]}
{"action":39,"origin":"ch1","date":"2021-12-14T12:05:27","phones":[],"objects":[8],"characters":[],"vehicles":[],"interiors":[],"accounts":[],"content":"~World #8 @ (354.78555297852, 869.35522460938, 19.40625) in (int 0, dim 0) ->Oscar_Bozo - Cepeškrāsns - 1","factions":[]}
{"action":40,"origin":"ch1","date":"2021-12-14T12:05:27","phones":[],"objects":[],"characters":[1],"vehicles":[],"interiors":[],"accounts":[],"content":"Oscar Bozo bends over and picks up a Cepeškrāsns.","factions":[]}
{"action":39,"origin":"ch1","date":"2021-12-14T12:06:00","phones":[],"objects":[],"characters":[1],"vehicles":[],"interiors":[],"accounts":[],"content":"Oscar_Bozo -> ~World #9 - Cepeškrāsns - 1 @ (353.151, 867.70532, 19.40625) in (int 0, dim 0)","factions":[]}
{"action":40,"origin":"ch1","date":"2021-12-14T12:06:00","phones":[],"objects":[],"characters":[1],"vehicles":[],"interiors":[],"accounts":[],"content":"Oscar Bozo dropped a Cepeškrāsns.","factions":[]}
{"action":40,"origin":"ch1","date":"2021-12-14T12:06:18","phones":[],"objects":[],"characters":[1],"vehicles":[],"interiors":[],"accounts":[],"content":"Oscar Bozo puts a Neapstrādāts Dzelzs inside the cepeškrāsns.","factions":[]}
{"action":39,"origin":"ch1","date":"2021-12-14T12:06:18","phones":[],"objects":[],"characters":[1],"vehicles":[],"interiors":[],"accounts":[],"content":"Oscar_Bozo->cepeškrāsns #9 - Item ID: 285 - Neapstrādāts Dzelzs @ (353.15100097656, 867.70532226562, 19.40625) in (int 0, dim 0)","factions":[]}
{"action":40,"origin":"ch1","date":"2021-12-14T12:06:19","phones":[],"objects":[],"characters":[1],"vehicles":[],"interiors":[],"accounts":[],"content":"Oscar Bozo puts a Neapstrādāts Dzelzs inside the cepeškrāsns.","factions":[]}
{"action":39,"origin":"ch1","date":"2021-12-14T12:06:19","phones":[],"objects":[],"characters":[1],"vehicles":[],"interiors":[],"accounts":[],"content":"Oscar_Bozo->cepeškrāsns #9 - Item ID: 285 - Neapstrādāts Dzelzs @ (353.15100097656, 867.70532226562, 19.40625) in (int 0, dim 0)","factions":[]}
{"action":40,"origin":"ch1","date":"2021-12-14T12:06:19","phones":[],"objects":[],"characters":[1],"vehicles":[],"interiors":[],"accounts":[],"content":"Oscar Bozo puts a Neapstrādāts Dzelzs inside the cepeškrāsns.","factions":[]}
{"action":39,"origin":"ch1","date":"2021-12-14T12:06:19","phones":[],"objects":[],"characters":[1],"vehicles":[],"interiors":[],"accounts":[],"content":"Oscar_Bozo->cepeškrāsns #9 - Item ID: 285 - Neapstrādāts Dzelzs @ (353.15100097656, 867.70532226562, 19.40625) in (int 0, dim 0)","factions":[]}
{"action":40,"origin":"ch1","date":"2021-12-14T12:06:51","phones":[],"objects":[],"characters":[1],"vehicles":[],"interiors":[],"accounts":[],"content":"Oscar Bozo takes a Dzelzs stienis from the cepeškrāsns.","factions":[]}
{"action":39,"origin":"ch1","date":"2021-12-14T12:06:51","phones":[],"objects":[],"characters":[1],"vehicles":[],"interiors":[],"accounts":[],"content":"cepeškrāsns #9->Oscar_Bozo - Dzelzs stienis - 1","factions":[]}
{"action":40,"origin":"ch1","date":"2021-12-14T12:06:55","phones":[],"objects":[],"characters":[1],"vehicles":[],"interiors":[],"accounts":[],"content":"Oscar Bozo puts a Neapstrādāts Dzelzs inside the cepeškrāsns.","factions":[]}
{"action":39,"origin":"ch1","date":"2021-12-14T12:06:55","phones":[],"objects":[],"characters":[1],"vehicles":[],"interiors":[],"accounts":[],"content":"Oscar_Bozo->cepeškrāsns #9 - Item ID: 285 - Neapstrādāts Dzelzs @ (353.15100097656, 867.70532226562, 19.40625) in (int 0, dim 0)","factions":[]}
{"action":40,"origin":"ch1","date":"2021-12-14T12:06:55","phones":[],"objects":[],"characters":[1],"vehicles":[],"interiors":[],"accounts":[],"content":"Oscar Bozo puts a Neapstrādāts Dzelzs inside the cepeškrāsns.","factions":[]}
{"action":39,"origin":"ch1","date":"2021-12-14T12:06:55","phones":[],"objects":[],"characters":[1],"vehicles":[],"interiors":[],"accounts":[],"content":"Oscar_Bozo->cepeškrāsns #9 - Item ID: 285 - Neapstrādāts Dzelzs @ (353.15100097656, 867.70532226562, 19.40625) in (int 0, dim 0)","factions":[]}
{"action":40,"origin":"ch1","date":"2021-12-14T12:10:27","phones":[],"objects":[],"characters":[1],"vehicles":[],"interiors":[],"accounts":[],"content":"Oscar Bozo takes a Dzelzs stienis from the cepeškrāsns.","factions":[]}
{"action":39,"origin":"ch1","date":"2021-12-14T12:10:27","phones":[],"objects":[],"characters":[1],"vehicles":[],"interiors":[],"accounts":[],"content":"cepeškrāsns #9->Oscar_Bozo - Dzelzs stienis - 1","factions":[]}
{"action":40,"origin":"ch1","date":"2021-12-14T12:10:28","phones":[],"objects":[],"characters":[1],"vehicles":[],"interiors":[],"accounts":[],"content":"Oscar Bozo takes a Dzelzs stienis from the cepeškrāsns.","factions":[]}
{"action":39,"origin":"ch1","date":"2021-12-14T12:10:28","phones":[],"objects":[],"characters":[1],"vehicles":[],"interiors":[],"accounts":[],"content":"cepeškrāsns #9->Oscar_Bozo - Dzelzs stienis - 1","factions":[]}
{"action":40,"origin":"ch1","date":"2021-12-14T12:10:33","phones":[],"objects":[],"characters":[1],"vehicles":[],"interiors":[],"accounts":[],"content":"Oscar Bozo puts a Neapstrādāts Dzelzs inside the cepeškrāsns.","factions":[]}
{"action":39,"origin":"ch1","date":"2021-12-14T12:10:33","phones":[],"objects":[],"characters":[1],"vehicles":[],"interiors":[],"accounts":[],"content":"Oscar_Bozo->cepeškrāsns #9 - Item ID: 285 - Neapstrādāts Dzelzs @ (353.15100097656, 867.70532226562, 19.40625) in (int 0, dim 0)","factions":[]}
{"action":40,"origin":"ch1","date":"2021-12-14T12:10:33","phones":[],"objects":[],"characters":[1],"vehicles":[],"interiors":[],"accounts":[],"content":"Oscar Bozo puts a Neapstrādāts Dzelzs inside the cepeškrāsns.","factions":[]}
{"action":39,"origin":"ch1","date":"2021-12-14T12:10:33","phones":[],"objects":[],"characters":[1],"vehicles":[],"interiors":[],"accounts":[],"content":"Oscar_Bozo->cepeškrāsns #9 - Item ID: 285 - Neapstrādāts Dzelzs @ (353.15100097656, 867.70532226562, 19.40625) in (int 0, dim 0)","factions":[]}
{"action":40,"origin":"ch1","date":"2021-12-14T12:12:29","phones":[],"objects":[],"characters":[1],"vehicles":[],"interiors":[],"accounts":[],"content":"Oscar Bozo takes a Dzelzs stienis from the cepeškrāsns.","factions":[]}
{"action":39,"origin":"ch1","date":"2021-12-14T12:12:29","phones":[],"objects":[],"characters":[1],"vehicles":[],"interiors":[],"accounts":[],"content":"cepeškrāsns #9->Oscar_Bozo - Dzelzs stienis - 1","factions":[]}
{"action":40,"origin":"ch1","date":"2021-12-14T12:12:30","phones":[],"objects":[],"characters":[1],"vehicles":[],"interiors":[],"accounts":[],"content":"Oscar Bozo takes a Dzelzs stienis from the cepeškrāsns.","factions":[]}
{"action":39,"origin":"ch1","date":"2021-12-14T12:12:30","phones":[],"objects":[],"characters":[1],"vehicles":[],"interiors":[],"accounts":[],"content":"cepeškrāsns #9->Oscar_Bozo - Dzelzs stienis - 1","factions":[]}
{"action":40,"origin":"ch1","date":"2021-12-14T12:12:30","phones":[],"objects":[],"characters":[1],"vehicles":[],"interiors":[],"accounts":[],"content":"Oscar Bozo takes a Dzelzs stienis from the cepeškrāsns.","factions":[]}
{"action":39,"origin":"ch1","date":"2021-12-14T12:12:30","phones":[],"objects":[],"characters":[1],"vehicles":[],"interiors":[],"accounts":[],"content":"cepeškrāsns #9->Oscar_Bozo - Dzelzs stienis - 1","factions":[]}
{"action":40,"origin":"ch1","date":"2021-12-14T12:12:31","phones":[],"objects":[],"characters":[1],"vehicles":[],"interiors":[],"accounts":[],"content":"Oscar Bozo takes a Dzelzs stienis from the cepeškrāsns.","factions":[]}
{"action":39,"origin":"ch1","date":"2021-12-14T12:12:31","phones":[],"objects":[],"characters":[1],"vehicles":[],"interiors":[],"accounts":[],"content":"cepeškrāsns #9->Oscar_Bozo - Dzelzs stienis - 1","factions":[]}
{"action":40,"origin":"ch1","date":"2021-12-14T12:12:49","phones":[],"objects":[],"characters":[1],"vehicles":[],"interiors":[],"accounts":[],"content":"Oscar Bozo iznīcināja Dzelzs stienis.","factions":[]}
{"action":40,"origin":"ch1","date":"2021-12-14T12:12:49","phones":[],"objects":[],"characters":[1],"vehicles":[],"interiors":[],"accounts":[],"content":"Oscar Bozo iznīcināja Dzelzs stienis.","factions":[]}
{"action":40,"origin":"ch1","date":"2021-12-14T12:12:49","phones":[],"objects":[],"characters":[1],"vehicles":[],"interiors":[],"accounts":[],"content":"Oscar Bozo iznīcināja Dzelzs stienis.","factions":[]}
{"action":40,"origin":"ch1","date":"2021-12-14T12:12:50","phones":[],"objects":[],"characters":[1],"vehicles":[],"interiors":[],"accounts":[],"content":"Oscar Bozo iznīcināja Dzelzs stienis.","factions":[]}
{"action":40,"origin":"ch1","date":"2021-12-14T12:12:50","phones":[],"objects":[],"characters":[1],"vehicles":[],"interiors":[],"accounts":[],"content":"Oscar Bozo iznīcināja Dzelzs stienis.","factions":[]}
{"action":40,"origin":"ch1","date":"2021-12-14T12:12:50","phones":[],"objects":[],"characters":[1],"vehicles":[],"interiors":[],"accounts":[],"content":"Oscar Bozo iznīcināja Dzelzs stienis.","factions":[]}
{"action":40,"origin":"ch1","date":"2021-12-14T12:12:50","phones":[],"objects":[],"characters":[1],"vehicles":[],"interiors":[],"accounts":[],"content":"Oscar Bozo iznīcināja Dzelzs stienis.","factions":[]}
{"action":39,"origin":"ch1","date":"2021-12-14T12:51:17","phones":[],"objects":[6],"characters":[],"vehicles":[],"interiors":[],"accounts":[],"content":"~World #6 @ (360.53607177734, 866.96911621094, 19.40625) in (int 0, dim 0) ->Oscar_Bozo - Darba galds - 1","factions":[]}
{"action":40,"origin":"ch1","date":"2021-12-14T12:51:17","phones":[],"objects":[],"characters":[1],"vehicles":[],"interiors":[],"accounts":[],"content":"Oscar Bozo bends over and picks up a Darba galds.","factions":[]}
{"action":39,"origin":"ch1","date":"2021-12-14T12:55:16","phones":[],"objects":[],"characters":[1],"vehicles":[],"interiors":[],"accounts":[],"content":"Oscar_Bozo -> ~World #10 - Darba galds - 1 @ (355.28589, 876.92993, 19.40625) in (int 0, dim 0)","factions":[]}
{"action":40,"origin":"ch1","date":"2021-12-14T12:55:16","phones":[],"objects":[],"characters":[1],"vehicles":[],"interiors":[],"accounts":[],"content":"Oscar Bozo dropped a Darba galds.","factions":[]}
{"action":4,"origin":"ch1","date":"2021-12-14T13:10:03","phones":[],"objects":[],"characters":[1],"vehicles":[],"interiors":[],"accounts":[],"content":"GIVEITEM Metāla caurule 1","factions":[]}
{"action":4,"origin":"ch1","date":"2021-12-14T13:10:04","phones":[],"objects":[],"characters":[1],"vehicles":[],"interiors":[],"accounts":[],"content":"GIVEITEM Metāla plāksne 1","factions":[]}
{"action":4,"origin":"ch1","date":"2021-12-14T13:10:05","phones":[],"objects":[],"characters":[1],"vehicles":[],"interiors":[],"accounts":[],"content":"GIVEITEM Ass metāla gabals 1","factions":[]}
{"action":4,"origin":"ch1","date":"2021-12-14T13:10:07","phones":[],"objects":[],"characters":[1],"vehicles":[],"interiors":[],"accounts":[],"content":"GIVEITEM Ieroča stobrs 1","factions":[]}
{"action":4,"origin":"ch1","date":"2021-12-14T13:10:08","phones":[],"objects":[],"characters":[1],"vehicles":[],"interiors":[],"accounts":[],"content":"GIVEITEM Aptvere 1","factions":[]}
{"action":4,"origin":"ch1","date":"2021-12-14T13:10:09","phones":[],"objects":[],"characters":[1],"vehicles":[],"interiors":[],"accounts":[],"content":"GIVEITEM Belznis 1","factions":[]}
{"action":4,"origin":"ch1","date":"2021-12-14T13:10:10","phones":[],"objects":[],"characters":[1],"vehicles":[],"interiors":[],"accounts":[],"content":"GIVEITEM Pistoļveida rokturis 1","factions":[]}
{"action":40,"origin":"ch1","date":"2021-12-14T13:10:26","phones":[],"objects":[],"characters":[1],"vehicles":[],"interiors":[],"accounts":[],"content":"Oscar Bozo iznīcināja Aptvere.","factions":[]}
{"action":40,"origin":"ch1","date":"2021-12-14T13:10:26","phones":[],"objects":[],"characters":[1],"vehicles":[],"interiors":[],"accounts":[],"content":"Oscar Bozo iznīcināja Belznis.","factions":[]}
{"action":40,"origin":"ch1","date":"2021-12-14T13:10:26","phones":[],"objects":[],"characters":[1],"vehicles":[],"interiors":[],"accounts":[],"content":"Oscar Bozo iznīcināja Pistoļveida rokturis.","factions":[]}
{"action":40,"origin":"ch1","date":"2021-12-14T13:10:27","phones":[],"objects":[],"characters":[1],"vehicles":[],"interiors":[],"accounts":[],"content":"Oscar Bozo iznīcināja Metāla caurule.","factions":[]}
{"action":40,"origin":"ch1","date":"2021-12-14T13:10:27","phones":[],"objects":[],"characters":[1],"vehicles":[],"interiors":[],"accounts":[],"content":"Oscar Bozo iznīcināja Metāla plāksne.","factions":[]}
{"action":40,"origin":"ch1","date":"2021-12-14T13:10:28","phones":[],"objects":[],"characters":[1],"vehicles":[],"interiors":[],"accounts":[],"content":"Oscar Bozo iznīcināja Ass metāla gabals.","factions":[]}
{"action":40,"origin":"ch1","date":"2021-12-14T13:10:28","phones":[],"objects":[],"characters":[1],"vehicles":[],"interiors":[],"accounts":[],"content":"Oscar Bozo iznīcināja Ieroča stobrs.","factions":[]}
{"action":39,"origin":"ch1","date":"2021-12-14T13:27:07","phones":[],"objects":[10],"characters":[],"vehicles":[],"interiors":[],"accounts":[],"content":"~World #10 @ (355.28588867188, 876.92993164062, 19.40625) in (int 0, dim 0) ->Oscar_Bozo - Darba galds - 1","factions":[]}
{"action":40,"origin":"ch1","date":"2021-12-14T13:27:07","phones":[],"objects":[],"characters":[1],"vehicles":[],"interiors":[],"accounts":[],"content":"Oscar Bozo bends over and picks up a Darba galds.","factions":[]}
{"action":39,"origin":"ch1","date":"2021-12-14T13:27:44","phones":[],"objects":[],"characters":[1],"vehicles":[],"interiors":[],"accounts":[],"content":"Oscar_Bozo -> ~World #11 - Darba galds - 1 @ (359.22104, 878.79602, 19.40625) in (int 0, dim 0)","factions":[]}
{"action":40,"origin":"ch1","date":"2021-12-14T13:27:44","phones":[],"objects":[],"characters":[1],"vehicles":[],"interiors":[],"accounts":[],"content":"Oscar Bozo dropped a Darba galds.","factions":[]}
{"action":39,"origin":"ch1","date":"2021-12-14T15:17:00","phones":[],"objects":[11],"characters":[],"vehicles":[],"interiors":[],"accounts":[],"content":"~World #11 @ (359.22103881836, 878.79602050781, 19.40625) in (int 0, dim 0) ->Oscar_Bozo - Darba galds - 1","factions":[]}
{"action":40,"origin":"ch1","date":"2021-12-14T15:17:00","phones":[],"objects":[],"characters":[1],"vehicles":[],"interiors":[],"accounts":[],"content":"Oscar Bozo bends over and picks up a Darba galds.","factions":[]}
{"action":39,"origin":"ch1","date":"2021-12-14T15:17:10","phones":[],"objects":[],"characters":[1],"vehicles":[],"interiors":[],"accounts":[],"content":"Oscar_Bozo -> ~World #12 - Darba galds - 1 @ (358.95685, 877.96655, 19.40625) in (int 0, dim 0)","factions":[]}
{"action":40,"origin":"ch1","date":"2021-12-14T15:17:10","phones":[],"objects":[],"characters":[1],"vehicles":[],"interiors":[],"accounts":[],"content":"Oscar Bozo dropped a Darba galds.","factions":[]}
{"action":40,"origin":"ch1","date":"2021-12-14T16:51:00","phones":[],"objects":[],"characters":[1],"vehicles":[],"interiors":[],"accounts":[],"content":"Oscar Bozo puts a Neapstrādāts Dzelzs inside the cepeškrāsns.","factions":[]}
{"action":39,"origin":"ch1","date":"2021-12-14T16:51:00","phones":[],"objects":[],"characters":[1],"vehicles":[],"interiors":[],"accounts":[],"content":"Oscar_Bozo->cepeškrāsns #9 - Item ID: 285 - Neapstrādāts Dzelzs @ (353.15100097656, 867.70532226562, 19.40625) in (int 0, dim 0)","factions":[]}
{"action":40,"origin":"ch1","date":"2021-12-14T16:51:01","phones":[],"objects":[],"characters":[1],"vehicles":[],"interiors":[],"accounts":[],"content":"Oscar Bozo puts a Neapstrādāts Dzelzs inside the cepeškrāsns.","factions":[]}
{"action":39,"origin":"ch1","date":"2021-12-14T16:51:01","phones":[],"objects":[],"characters":[1],"vehicles":[],"interiors":[],"accounts":[],"content":"Oscar_Bozo->cepeškrāsns #9 - Item ID: 285 - Neapstrādāts Dzelzs @ (353.15100097656, 867.70532226562, 19.40625) in (int 0, dim 0)","factions":[]}
{"action":40,"origin":"ch1","date":"2021-12-14T16:51:01","phones":[],"objects":[],"characters":[1],"vehicles":[],"interiors":[],"accounts":[],"content":"Oscar Bozo puts a Neapstrādāts Dzelzs inside the cepeškrāsns.","factions":[]}
{"action":39,"origin":"ch1","date":"2021-12-14T16:51:01","phones":[],"objects":[],"characters":[1],"vehicles":[],"interiors":[],"accounts":[],"content":"Oscar_Bozo->cepeškrāsns #9 - Item ID: 285 - Neapstrādāts Dzelzs @ (353.15100097656, 867.70532226562, 19.40625) in (int 0, dim 0)","factions":[]}
{"action":40,"origin":"ch1","date":"2021-12-14T16:51:02","phones":[],"objects":[],"characters":[1],"vehicles":[],"interiors":[],"accounts":[],"content":"Oscar Bozo puts a Neapstrādāts Dzelzs inside the cepeškrāsns.","factions":[]}
{"action":39,"origin":"ch1","date":"2021-12-14T16:51:02","phones":[],"objects":[],"characters":[1],"vehicles":[],"interiors":[],"accounts":[],"content":"Oscar_Bozo->cepeškrāsns #9 - Item ID: 285 - Neapstrādāts Dzelzs @ (353.15100097656, 867.70532226562, 19.40625) in (int 0, dim 0)","factions":[]}
{"action":40,"origin":"ch1","date":"2021-12-14T16:51:02","phones":[],"objects":[],"characters":[1],"vehicles":[],"interiors":[],"accounts":[],"content":"Oscar Bozo puts a Neapstrādāts Dzelzs inside the cepeškrāsns.","factions":[]}
{"action":39,"origin":"ch1","date":"2021-12-14T16:51:02","phones":[],"objects":[],"characters":[1],"vehicles":[],"interiors":[],"accounts":[],"content":"Oscar_Bozo->cepeškrāsns #9 - Item ID: 285 - Neapstrādāts Dzelzs @ (353.15100097656, 867.70532226562, 19.40625) in (int 0, dim 0)","factions":[]}
{"action":40,"origin":"ch1","date":"2021-12-14T16:51:03","phones":[],"objects":[],"characters":[1],"vehicles":[],"interiors":[],"accounts":[],"content":"Oscar Bozo puts a Neapstrādāts Dzelzs inside the cepeškrāsns.","factions":[]}
{"action":39,"origin":"ch1","date":"2021-12-14T16:51:03","phones":[],"objects":[],"characters":[1],"vehicles":[],"interiors":[],"accounts":[],"content":"Oscar_Bozo->cepeškrāsns #9 - Item ID: 285 - Neapstrādāts Dzelzs @ (353.15100097656, 867.70532226562, 19.40625) in (int 0, dim 0)","factions":[]}
{"action":40,"origin":"ch1","date":"2021-12-14T16:51:03","phones":[],"objects":[],"characters":[1],"vehicles":[],"interiors":[],"accounts":[],"content":"Oscar Bozo puts a Neapstrādāts Dzelzs inside the cepeškrāsns.","factions":[]}
{"action":39,"origin":"ch1","date":"2021-12-14T16:51:03","phones":[],"objects":[],"characters":[1],"vehicles":[],"interiors":[],"accounts":[],"content":"Oscar_Bozo->cepeškrāsns #9 - Item ID: 285 - Neapstrādāts Dzelzs @ (353.15100097656, 867.70532226562, 19.40625) in (int 0, dim 0)","factions":[]}
{"action":40,"origin":"ch1","date":"2021-12-14T16:51:04","phones":[],"objects":[],"characters":[1],"vehicles":[],"interiors":[],"accounts":[],"content":"Oscar Bozo puts a Neapstrādāts Dzelzs inside the cepeškrāsns.","factions":[]}
{"action":39,"origin":"ch1","date":"2021-12-14T16:51:04","phones":[],"objects":[],"characters":[1],"vehicles":[],"interiors":[],"accounts":[],"content":"Oscar_Bozo->cepeškrāsns #9 - Item ID: 285 - Neapstrādāts Dzelzs @ (353.15100097656, 867.70532226562, 19.40625) in (int 0, dim 0)","factions":[]}
{"action":40,"origin":"ch1","date":"2021-12-14T16:51:04","phones":[],"objects":[],"characters":[1],"vehicles":[],"interiors":[],"accounts":[],"content":"Oscar Bozo puts a Neapstrādāts Dzelzs inside the cepeškrāsns.","factions":[]}
{"action":39,"origin":"ch1","date":"2021-12-14T16:51:04","phones":[],"objects":[],"characters":[1],"vehicles":[],"interiors":[],"accounts":[],"content":"Oscar_Bozo->cepeškrāsns #9 - Item ID: 285 - Neapstrādāts Dzelzs @ (353.15100097656, 867.70532226562, 19.40625) in (int 0, dim 0)","factions":[]}
{"action":40,"origin":"ch1","date":"2021-12-14T16:51:05","phones":[],"objects":[],"characters":[1],"vehicles":[],"interiors":[],"accounts":[],"content":"Oscar Bozo puts a Neapstrādāts Dzelzs inside the cepeškrāsns.","factions":[]}
{"action":39,"origin":"ch1","date":"2021-12-14T16:51:05","phones":[],"objects":[],"characters":[1],"vehicles":[],"interiors":[],"accounts":[],"content":"Oscar_Bozo->cepeškrāsns #9 - Item ID: 285 - Neapstrādāts Dzelzs @ (353.15100097656, 867.70532226562, 19.40625) in (int 0, dim 0)","factions":[]}
{"action":40,"origin":"ch1","date":"2021-12-14T16:51:14","phones":[],"objects":[],"characters":[1],"vehicles":[],"interiors":[],"accounts":[],"content":"Oscar Bozo takes a Neapstrādāts Dzelzs from the cepeškrāsns.","factions":[]}
{"action":39,"origin":"ch1","date":"2021-12-14T16:51:14","phones":[],"objects":[],"characters":[1],"vehicles":[],"interiors":[],"accounts":[],"content":"cepeškrāsns #9->Oscar_Bozo - Neapstrādāts Dzelzs - 1","factions":[]}
{"action":40,"origin":"ch1","date":"2021-12-14T16:52:13","phones":[],"objects":[],"characters":[1],"vehicles":[],"interiors":[],"accounts":[],"content":"Oscar Bozo takes a Dzelzs stienis from the cepeškrāsns.","factions":[]}
{"action":39,"origin":"ch1","date":"2021-12-14T16:52:13","phones":[],"objects":[],"characters":[1],"vehicles":[],"interiors":[],"accounts":[],"content":"cepeškrāsns #9->Oscar_Bozo - Dzelzs stienis - 1","factions":[]}
{"action":40,"origin":"ch1","date":"2021-12-14T16:52:14","phones":[],"objects":[],"characters":[1],"vehicles":[],"interiors":[],"accounts":[],"content":"Oscar Bozo takes a Dzelzs stienis from the cepeškrāsns.","factions":[]}
{"action":39,"origin":"ch1","date":"2021-12-14T16:52:14","phones":[],"objects":[],"characters":[1],"vehicles":[],"interiors":[],"accounts":[],"content":"cepeškrāsns #9->Oscar_Bozo - Dzelzs stienis - 1","factions":[]}
{"action":40,"origin":"ch1","date":"2021-12-14T16:52:15","phones":[],"objects":[],"characters":[1],"vehicles":[],"interiors":[],"accounts":[],"content":"Oscar Bozo takes a Dzelzs stienis from the cepeškrāsns.","factions":[]}
{"action":39,"origin":"ch1","date":"2021-12-14T16:52:15","phones":[],"objects":[],"characters":[1],"vehicles":[],"interiors":[],"accounts":[],"content":"cepeškrāsns #9->Oscar_Bozo - Dzelzs stienis - 1","factions":[]}
{"action":40,"origin":"ch1","date":"2021-12-14T16:52:15","phones":[],"objects":[],"characters":[1],"vehicles":[],"interiors":[],"accounts":[],"content":"Oscar Bozo takes a Dzelzs stienis from the cepeškrāsns.","factions":[]}
{"action":39,"origin":"ch1","date":"2021-12-14T16:52:15","phones":[],"objects":[],"characters":[1],"vehicles":[],"interiors":[],"accounts":[],"content":"cepeškrāsns #9->Oscar_Bozo - Dzelzs stienis - 1","factions":[]}
{"action":40,"origin":"ch1","date":"2021-12-14T16:52:15","phones":[],"objects":[],"characters":[1],"vehicles":[],"interiors":[],"accounts":[],"content":"Oscar Bozo takes a Dzelzs stienis from the cepeškrāsns.","factions":[]}
{"action":39,"origin":"ch1","date":"2021-12-14T16:52:15","phones":[],"objects":[],"characters":[1],"vehicles":[],"interiors":[],"accounts":[],"content":"cepeškrāsns #9->Oscar_Bozo - Dzelzs stienis - 1","factions":[]}
{"action":40,"origin":"ch1","date":"2021-12-14T16:52:16","phones":[],"objects":[],"characters":[1],"vehicles":[],"interiors":[],"accounts":[],"content":"Oscar Bozo takes a Dzelzs stienis from the cepeškrāsns.","factions":[]}
{"action":39,"origin":"ch1","date":"2021-12-14T16:52:16","phones":[],"objects":[],"characters":[1],"vehicles":[],"interiors":[],"accounts":[],"content":"cepeškrāsns #9->Oscar_Bozo - Dzelzs stienis - 1","factions":[]}
{"action":40,"origin":"ch1","date":"2021-12-14T16:52:16","phones":[],"objects":[],"characters":[1],"vehicles":[],"interiors":[],"accounts":[],"content":"Oscar Bozo takes a Dzelzs stienis from the cepeškrāsns.","factions":[]}
{"action":39,"origin":"ch1","date":"2021-12-14T16:52:16","phones":[],"objects":[],"characters":[1],"vehicles":[],"interiors":[],"accounts":[],"content":"cepeškrāsns #9->Oscar_Bozo - Dzelzs stienis - 1","factions":[]}
{"action":40,"origin":"ch1","date":"2021-12-14T16:52:16","phones":[],"objects":[],"characters":[1],"vehicles":[],"interiors":[],"accounts":[],"content":"Oscar Bozo takes a Dzelzs stienis from the cepeškrāsns.","factions":[]}
{"action":39,"origin":"ch1","date":"2021-12-14T16:52:16","phones":[],"objects":[],"characters":[1],"vehicles":[],"interiors":[],"accounts":[],"content":"cepeškrāsns #9->Oscar_Bozo - Dzelzs stienis - 1","factions":[]}
{"action":40,"origin":"ch1","date":"2021-12-14T16:52:17","phones":[],"objects":[],"characters":[1],"vehicles":[],"interiors":[],"accounts":[],"content":"Oscar Bozo takes a Dzelzs stienis from the cepeškrāsns.","factions":[]}
{"action":39,"origin":"ch1","date":"2021-12-14T16:52:17","phones":[],"objects":[],"characters":[1],"vehicles":[],"interiors":[],"accounts":[],"content":"cepeškrāsns #9->Oscar_Bozo - Dzelzs stienis - 1","factions":[]}
{"action":39,"origin":"ch1","date":"2021-12-14T16:53:57","phones":[],"objects":[],"characters":[1],"vehicles":[],"interiors":[],"accounts":[],"content":"Oscar_Bozo -> ~World #13 - Dzelzs stienis - 1 @ (357.08713, 876.19336, 19.40625) in (int 0, dim 0)","factions":[]}
{"action":40,"origin":"ch1","date":"2021-12-14T16:53:57","phones":[],"objects":[],"characters":[1],"vehicles":[],"interiors":[],"accounts":[],"content":"Oscar Bozo dropped a Dzelzs stienis.","factions":[]}
{"action":39,"origin":"ch1","date":"2021-12-14T16:53:58","phones":[],"objects":[13],"characters":[],"vehicles":[],"interiors":[],"accounts":[],"content":"~World #13 @ (357.08712768555, 876.193359375, 19.40625) in (int 0, dim 0) ->Oscar_Bozo - Dzelzs stienis - 1","factions":[]}
{"action":40,"origin":"ch1","date":"2021-12-14T16:53:58","phones":[],"objects":[],"characters":[1],"vehicles":[],"interiors":[],"accounts":[],"content":"Oscar Bozo bends over and picks up a Dzelzs stienis.","factions":[]}
{"action":4,"origin":"ch1","date":"2021-12-14T16:54:39","phones":[],"objects":[],"characters":[1],"vehicles":[],"interiors":[],"accounts":[],"content":"GIVEITEM Dzelzs stienis 2","factions":[]}
{"action":39,"origin":"ch1","date":"2021-12-14T16:54:57","phones":[],"objects":[],"characters":[1],"vehicles":[],"interiors":[],"accounts":[],"content":"Oscar_Bozo -> ~World #14 - Dzelzs stienis - 2 @ (355.39279, 876.49854, 19.40625) in (int 0, dim 0)","factions":[]}
{"action":40,"origin":"ch1","date":"2021-12-14T16:54:57","phones":[],"objects":[],"characters":[1],"vehicles":[],"interiors":[],"accounts":[],"content":"Oscar Bozo dropped a Dzelzs stienis.","factions":[]}
{"action":39,"origin":"ch1","date":"2021-12-14T16:55:00","phones":[],"objects":[14],"characters":[],"vehicles":[],"interiors":[],"accounts":[],"content":"~World #14 @ (355.39279174805, 876.49853515625, 19.40625) in (int 0, dim 0) ->Oscar_Bozo - Dzelzs stienis - 2","factions":[]}
{"action":40,"origin":"ch1","date":"2021-12-14T16:55:00","phones":[],"objects":[],"characters":[1],"vehicles":[],"interiors":[],"accounts":[],"content":"Oscar Bozo bends over and picks up a Dzelzs stienis.","factions":[]}
{"action":39,"origin":"ch1","date":"2021-12-14T16:55:34","phones":[],"objects":[],"characters":[1],"vehicles":[],"interiors":[],"accounts":[],"content":"Oscar_Bozo -> ~World #15 - Metāla caurule - 1 @ (351.41647, 875.76526, 19.40625) in (int 0, dim 0)","factions":[]}
{"action":40,"origin":"ch1","date":"2021-12-14T16:55:34","phones":[],"objects":[],"characters":[1],"vehicles":[],"interiors":[],"accounts":[],"content":"Oscar Bozo dropped a Metāla caurule.","factions":[]}
{"action":39,"origin":"ch1","date":"2021-12-14T16:55:38","phones":[],"objects":[15],"characters":[],"vehicles":[],"interiors":[],"accounts":[],"content":"~World #15 @ (351.41647338867, 875.76525878906, 19.40625) in (int 0, dim 0) ->Oscar_Bozo - Metāla caurule - 1","factions":[]}
{"action":40,"origin":"ch1","date":"2021-12-14T16:55:38","phones":[],"objects":[],"characters":[1],"vehicles":[],"interiors":[],"accounts":[],"content":"Oscar Bozo bends over and picks up a Metāla caurule.","factions":[]}
{"action":40,"origin":"ch1","date":"2021-12-14T18:20:33","phones":[],"objects":[],"characters":[1],"vehicles":[],"interiors":[],"accounts":[],"content":"Oscar Bozo iznīcināja Metāla caurule.","factions":[]}
{"action":40,"origin":"ch1","date":"2021-12-14T18:20:34","phones":[],"objects":[],"characters":[1],"vehicles":[],"interiors":[],"accounts":[],"content":"Oscar Bozo iznīcināja Metāla caurule.","factions":[]}
{"action":40,"origin":"ch1","date":"2021-12-14T18:20:34","phones":[],"objects":[],"characters":[1],"vehicles":[],"interiors":[],"accounts":[],"content":"Oscar Bozo iznīcināja Metāla caurule.","factions":[]}
{"action":40,"origin":"ch1","date":"2021-12-14T18:20:34","phones":[],"objects":[],"characters":[1],"vehicles":[],"interiors":[],"accounts":[],"content":"Oscar Bozo iznīcināja Metāla caurule.","factions":[]}
{"action":40,"origin":"ch1","date":"2021-12-14T18:20:36","phones":[],"objects":[],"characters":[1],"vehicles":[],"interiors":[],"accounts":[],"content":"Oscar Bozo iznīcināja Neapstrādāts Dzelzs.","factions":[]}
{"action":40,"origin":"ch1","date":"2021-12-14T18:20:36","phones":[],"objects":[],"characters":[1],"vehicles":[],"interiors":[],"accounts":[],"content":"Oscar Bozo iznīcināja Neapstrādāts Dzelzs.","factions":[]}
{"action":40,"origin":"ch1","date":"2021-12-14T18:20:36","phones":[],"objects":[],"characters":[1],"vehicles":[],"interiors":[],"accounts":[],"content":"Oscar Bozo iznīcināja Neapstrādāts Dzelzs.","factions":[]}
{"action":40,"origin":"ch1","date":"2021-12-14T18:20:38","phones":[],"objects":[],"characters":[1],"vehicles":[],"interiors":[],"accounts":[],"content":"Oscar Bozo iznīcināja Metāla plāksne.","factions":[]}
{"action":4,"origin":"ch1","date":"2021-12-14T18:20:49","phones":[],"objects":[],"characters":[1],"vehicles":[],"interiors":[],"accounts":[],"content":"GIVEITEM Dzelzs stienis 1","factions":[]}
{"action":4,"origin":"ch1","date":"2021-12-14T18:20:50","phones":[],"objects":[],"characters":[1],"vehicles":[],"interiors":[],"accounts":[],"content":"GIVEITEM Dzelzs stienis 1","factions":[]}
{"action":4,"origin":"ch1","date":"2021-12-14T18:20:50","phones":[],"objects":[],"characters":[1],"vehicles":[],"interiors":[],"accounts":[],"content":"GIVEITEM Dzelzs stienis 1","factions":[]}
{"action":4,"origin":"ch1","date":"2021-12-14T18:20:50","phones":[],"objects":[],"characters":[1],"vehicles":[],"interiors":[],"accounts":[],"content":"GIVEITEM Dzelzs stienis 1","factions":[]}
{"action":4,"origin":"ch1","date":"2021-12-14T18:20:50","phones":[],"objects":[],"characters":[1],"vehicles":[],"interiors":[],"accounts":[],"content":"GIVEITEM Dzelzs stienis 1","factions":[]}
{"action":4,"origin":"ch1","date":"2021-12-14T18:20:50","phones":[],"objects":[],"characters":[1],"vehicles":[],"interiors":[],"accounts":[],"content":"GIVEITEM Dzelzs stienis 1","factions":[]}
{"action":4,"origin":"ch1","date":"2021-12-14T18:20:50","phones":[],"objects":[],"characters":[1],"vehicles":[],"interiors":[],"accounts":[],"content":"GIVEITEM Dzelzs stienis 1","factions":[]}
{"action":4,"origin":"ch1","date":"2021-12-14T18:20:50","phones":[],"objects":[],"characters":[1],"vehicles":[],"interiors":[],"accounts":[],"content":"GIVEITEM Dzelzs stienis 1","factions":[]}
{"action":4,"origin":"ch1","date":"2021-12-14T18:20:51","phones":[],"objects":[],"characters":[1],"vehicles":[],"interiors":[],"accounts":[],"content":"GIVEITEM Dzelzs stienis 1","factions":[]}
{"action":4,"origin":"ch1","date":"2021-12-14T18:20:51","phones":[],"objects":[],"characters":[1],"vehicles":[],"interiors":[],"accounts":[],"content":"GIVEITEM Dzelzs stienis 1","factions":[]}
{"action":40,"origin":"ch1","date":"2021-12-14T18:22:10","phones":[],"objects":[],"characters":[1],"vehicles":[],"interiors":[],"accounts":[],"content":"Oscar Bozo iznīcināja Metāla caurule.","factions":[]}
{"action":40,"origin":"ch1","date":"2021-12-14T18:22:10","phones":[],"objects":[],"characters":[1],"vehicles":[],"interiors":[],"accounts":[],"content":"Oscar Bozo iznīcināja Metāla caurule.","factions":[]}
{"action":40,"origin":"ch1","date":"2021-12-14T18:22:10","phones":[],"objects":[],"characters":[1],"vehicles":[],"interiors":[],"accounts":[],"content":"Oscar Bozo iznīcināja Metāla caurule.","factions":[]}
{"action":40,"origin":"ch1","date":"2021-12-14T18:22:10","phones":[],"objects":[],"characters":[1],"vehicles":[],"interiors":[],"accounts":[],"content":"Oscar Bozo iznīcināja Metāla caurule.","factions":[]}
{"action":40,"origin":"ch1","date":"2021-12-14T18:22:11","phones":[],"objects":[],"characters":[1],"vehicles":[],"interiors":[],"accounts":[],"content":"Oscar Bozo iznīcināja Dzelzs stienis.","factions":[]}
{"action":4,"origin":"ch1","date":"2021-12-14T19:10:12","phones":[],"objects":[],"characters":[1],"vehicles":[],"interiors":[],"accounts":[],"content":"GIVEWEAPON Colt 45 mp9ZN8br0HbwmHDwmvg8","factions":[]}
{"action":4,"origin":"ch1","date":"2021-12-14T19:11:06","phones":[],"objects":[],"characters":[1],"vehicles":[],"interiors":[],"accounts":[],"content":"SET INTO FACTION LEADER","factions":[1]}
{"action":7,"origin":"ch1","date":"2021-12-14T19:11:21","phones":[],"objects":[],"characters":[1],"vehicles":[],"interiors":[],"accounts":[],"content":"English: Mp9ZN8br0HbwmHDwmvg8","factions":[]}
{"action":4,"origin":"ch1","date":"2021-12-14T19:13:36","phones":[],"objects":[],"characters":[1],"vehicles":[],"interiors":[],"accounts":[],"content":"GIVEITEM Metāla caurule 1","factions":[]}
{"action":4,"origin":"ch1","date":"2021-12-14T19:13:40","phones":[],"objects":[],"characters":[1],"vehicles":[],"interiors":[],"accounts":[],"content":"GIVEITEM Pistoļveida rokturis 1","factions":[]}
{"action":4,"origin":"ch1","date":"2021-12-14T19:13:46","phones":[],"objects":[],"characters":[1],"vehicles":[],"interiors":[],"accounts":[],"content":"GIVEITEM Metāla plāksne 1","factions":[]}
{"action":40,"origin":"ch1","date":"2021-12-14T19:14:47","phones":[],"objects":[],"characters":[1],"vehicles":[],"interiors":[],"accounts":[],"content":"Oscar Bozo iznīcināja Colt 45.","factions":[]}
{"action":40,"origin":"ch1","date":"2021-12-14T19:15:13","phones":[],"objects":[],"characters":[1],"vehicles":[],"interiors":[],"accounts":[],"content":"Oscar Bozo iznīcināja Colt 45.","factions":[]}
{"action":4,"origin":"ch1","date":"2021-12-14T19:20:14","phones":[],"objects":[],"characters":[1],"vehicles":[],"interiors":[],"accounts":[],"content":"GIVEITEM Metāla caurule 1","factions":[]}
{"action":4,"origin":"ch1","date":"2021-12-14T19:20:21","phones":[],"objects":[],"characters":[1],"vehicles":[],"interiors":[],"accounts":[],"content":"GIVEITEM Pistoļveida rokturis 1","factions":[]}
{"action":4,"origin":"ch1","date":"2021-12-14T19:20:26","phones":[],"objects":[],"characters":[1],"vehicles":[],"interiors":[],"accounts":[],"content":"GIVEITEM Metāla plāksne 1","factions":[]}
{"action":4,"origin":"ch1","date":"2021-12-14T19:21:19","phones":[],"objects":[],"characters":[1],"vehicles":[],"interiors":[],"accounts":[],"content":"GIVEITEM Metāla caurule 1","factions":[]}
{"action":4,"origin":"ch1","date":"2021-12-14T19:21:23","phones":[],"objects":[],"characters":[1],"vehicles":[],"interiors":[],"accounts":[],"content":"GIVEITEM Pistoļveida rokturis 1","factions":[]}
{"action":4,"origin":"ch1","date":"2021-12-14T19:21:27","phones":[],"objects":[],"characters":[1],"vehicles":[],"interiors":[],"accounts":[],"content":"GIVEITEM Metāla plāksne 1","factions":[]}
{"action":4,"origin":"ch1","date":"2021-12-14T19:21:49","phones":[],"objects":[],"characters":[1],"vehicles":[],"interiors":[],"accounts":[],"content":"GIVEITEM Metāla caurule 1","factions":[]}
{"action":4,"origin":"ch1","date":"2021-12-14T19:21:52","phones":[],"objects":[],"characters":[1],"vehicles":[],"interiors":[],"accounts":[],"content":"GIVEITEM Pistoļveida rokturis 1","factions":[]}
{"action":4,"origin":"ch1","date":"2021-12-14T19:21:55","phones":[],"objects":[],"characters":[1],"vehicles":[],"interiors":[],"accounts":[],"content":"GIVEITEM Metāla plāksne 1","factions":[]}
{"action":40,"origin":"ch1","date":"2021-12-14T19:22:44","phones":[],"objects":[],"characters":[1],"vehicles":[],"interiors":[],"accounts":[],"content":"Oscar Bozo iznīcināja Colt 45.","factions":[]}
{"action":4,"origin":"ch1","date":"2021-12-14T19:39:13","phones":[],"objects":[],"characters":[1],"vehicles":[],"interiors":[],"accounts":[],"content":"GIVEITEM Metāla caurule 1","factions":[]}
{"action":4,"origin":"ch1","date":"2021-12-14T19:39:17","phones":[],"objects":[],"characters":[1],"vehicles":[],"interiors":[],"accounts":[],"content":"GIVEITEM Pistoļveida rokturis 1","factions":[]}
{"action":4,"origin":"ch1","date":"2021-12-14T19:39:24","phones":[],"objects":[],"characters":[1],"vehicles":[],"interiors":[],"accounts":[],"content":"GIVEITEM Metāla plāksne 1","factions":[]}
{"action":4,"origin":"ch1","date":"2021-12-14T19:39:42","phones":[],"objects":[],"characters":[1],"vehicles":[],"interiors":[],"accounts":[],"content":"GIVEWEAPON Colt 45 mp9ZN8br0HQ8OvDwmvg8","factions":[]}
{"action":40,"origin":"ch1","date":"2021-12-14T19:54:43","phones":[],"objects":[],"characters":[1],"vehicles":[],"interiors":[],"accounts":[],"content":"Oscar Bozo iznīcināja Colt 45.","factions":[]}
{"action":4,"origin":"ch1","date":"2021-12-14T19:55:25","phones":[],"objects":[],"characters":[1],"vehicles":[],"interiors":[],"accounts":[],"content":"GIVEITEM Ieroča stobrs 1","factions":[]}
{"action":4,"origin":"ch1","date":"2021-12-14T19:55:31","phones":[],"objects":[],"characters":[1],"vehicles":[],"interiors":[],"accounts":[],"content":"GIVEITEM Pistoļveida rokturis 1","factions":[]}
{"action":4,"origin":"ch1","date":"2021-12-14T19:55:36","phones":[],"objects":[],"characters":[1],"vehicles":[],"interiors":[],"accounts":[],"content":"GIVEITEM Belznis 1","factions":[]}
{"action":4,"origin":"ch1","date":"2021-12-14T19:55:39","phones":[],"objects":[],"characters":[1],"vehicles":[],"interiors":[],"accounts":[],"content":"GIVEITEM Aptvere 1","factions":[]}
{"action":4,"origin":"ch1","date":"2021-12-14T19:56:11","phones":[],"objects":[],"characters":[1],"vehicles":[],"interiors":[],"accounts":[],"content":"GIVEWEAPON Deagle mp9ZN8br0u18OuDwmvg8","factions":[]}
{"action":40,"origin":"ch1","date":"2021-12-14T19:56:23","phones":[],"objects":[],"characters":[1],"vehicles":[],"interiors":[],"accounts":[],"content":"Oscar Bozo iznīcināja Deagle.","factions":[]}
{"action":4,"origin":"ch1","date":"2021-12-14T19:57:37","phones":[],"objects":[],"characters":[1],"vehicles":[],"interiors":[],"accounts":[],"content":"GIVEITEM Ieroča stobrs 1","factions":[]}
{"action":4,"origin":"ch1","date":"2021-12-14T19:57:37","phones":[],"objects":[],"characters":[1],"vehicles":[],"interiors":[],"accounts":[],"content":"GIVEITEM Ieroča stobrs 1","factions":[]}
{"action":4,"origin":"ch1","date":"2021-12-14T19:57:42","phones":[],"objects":[],"characters":[1],"vehicles":[],"interiors":[],"accounts":[],"content":"GIVEITEM Belznis 1","factions":[]}
{"action":4,"origin":"ch1","date":"2021-12-14T19:57:47","phones":[],"objects":[],"characters":[1],"vehicles":[],"interiors":[],"accounts":[],"content":"GIVEITEM Metāla plāksne 1","factions":[]}
{"action":4,"origin":"ch1","date":"2021-12-14T19:57:47","phones":[],"objects":[],"characters":[1],"vehicles":[],"interiors":[],"accounts":[],"content":"GIVEITEM Metāla plāksne 1","factions":[]}
{"action":4,"origin":"ch1","date":"2021-12-14T19:57:47","phones":[],"objects":[],"characters":[1],"vehicles":[],"interiors":[],"accounts":[],"content":"GIVEITEM Metāla plāksne 1","factions":[]}
{"action":4,"origin":"ch1","date":"2021-12-14T19:57:48","phones":[],"objects":[],"characters":[1],"vehicles":[],"interiors":[],"accounts":[],"content":"GIVEITEM Metāla plāksne 1","factions":[]}
{"action":4,"origin":"ch1","date":"2021-12-14T19:58:13","phones":[],"objects":[],"characters":[1],"vehicles":[],"interiors":[],"accounts":[],"content":"GIVEWEAPON Shotgun mp9ZN8br08WBOuDwmvg8","factions":[]}
{"action":39,"origin":"ch1","date":"2021-12-14T19:58:14","phones":[],"objects":[12],"characters":[],"vehicles":[],"interiors":[],"accounts":[],"content":"~World #12 @ (358.95684814453, 877.96655273438, 19.40625) in (int 0, dim 0) ->Oscar_Bozo - Darba galds - 1","factions":[]}
{"action":40,"origin":"ch1","date":"2021-12-14T19:58:14","phones":[],"objects":[],"characters":[1],"vehicles":[],"interiors":[],"accounts":[],"content":"Oscar Bozo bends over and picks up a Darba galds.","factions":[]}
{"action":39,"origin":"ch1","date":"2021-12-14T19:58:18","phones":[],"objects":[],"characters":[1],"vehicles":[],"interiors":[],"accounts":[],"content":"Oscar_Bozo -> ~World #16 - Darba galds - 1 @ (359.19592, 875.9411, 19.40625) in (int 0, dim 0)","factions":[]}
{"action":40,"origin":"ch1","date":"2021-12-14T19:58:18","phones":[],"objects":[],"characters":[1],"vehicles":[],"interiors":[],"accounts":[],"content":"Oscar Bozo dropped a Darba galds.","factions":[]}
{"action":40,"origin":"ch1","date":"2021-12-14T19:58:31","phones":[],"objects":[],"characters":[1],"vehicles":[],"interiors":[],"accounts":[],"content":"Oscar Bozo iznīcināja Shotgun.","factions":[]}
{"action":4,"origin":"ch1","date":"2021-12-14T19:58:39","phones":[],"objects":[],"characters":[1],"vehicles":[],"interiors":[],"accounts":[],"content":"GIVEITEM Ieroča stobrs 1","factions":[]}
{"action":4,"origin":"ch1","date":"2021-12-14T19:58:48","phones":[],"objects":[],"characters":[1],"vehicles":[],"interiors":[],"accounts":[],"content":"GIVEITEM Pistoļveida rokturis 1","factions":[]}
{"action":4,"origin":"ch1","date":"2021-12-14T19:58:51","phones":[],"objects":[],"characters":[1],"vehicles":[],"interiors":[],"accounts":[],"content":"GIVEITEM Aptvere 1","factions":[]}
{"action":4,"origin":"ch1","date":"2021-12-14T19:59:07","phones":[],"objects":[],"characters":[1],"vehicles":[],"interiors":[],"accounts":[],"content":"GIVEWEAPON Uzi mt9ZN8brm8hMOuDwmvg8","factions":[]}
{"action":40,"origin":"ch1","date":"2021-12-14T19:59:19","phones":[],"objects":[],"characters":[1],"vehicles":[],"interiors":[],"accounts":[],"content":"Oscar Bozo iznīcināja Uzi.","factions":[]}
{"action":27,"origin":"ac1","date":"2021-12-14T20:47:23","phones":[],"objects":[],"characters":[1],"vehicles":[],"interiors":[],"accounts":[1],"content":"Disconnected (Quit) (Name: Oscar_Bozo)","factions":[]}
{"action":27,"origin":"ac1","date":"2021-12-14T20:47:51","phones":[],"objects":[],"characters":[],"vehicles":[],"interiors":[],"accounts":[1],"content":"Connected from 192.168.8.101 - 018FD49521BD034DD2BE1FFC72AA4B43","factions":[]}
{"action":27,"origin":"ac1","date":"2021-12-14T20:47:59","phones":[],"objects":[],"characters":[1],"vehicles":[],"interiors":[],"accounts":[1],"content":"Spawned","factions":[]}
{"action":4,"origin":"ch1","date":"2021-12-14T20:48:23","phones":[],"objects":[],"characters":[1],"vehicles":[],"interiors":[],"accounts":[],"content":"GIVEITEM Dzelzs stienis 1","factions":[]}
{"action":4,"origin":"ch1","date":"2021-12-14T20:48:24","phones":[],"objects":[],"characters":[1],"vehicles":[],"interiors":[],"accounts":[],"content":"GIVEITEM Dzelzs stienis 1","factions":[]}
{"action":4,"origin":"ch1","date":"2021-12-14T20:54:58","phones":[],"objects":[],"characters":[1],"vehicles":[],"interiors":[],"accounts":[],"content":"GIVEITEM Dzelzs stienis 1","factions":[]}
{"action":4,"origin":"ch1","date":"2021-12-14T20:54:58","phones":[],"objects":[],"characters":[1],"vehicles":[],"interiors":[],"accounts":[],"content":"GIVEITEM Dzelzs stienis 1","factions":[]}
{"action":27,"origin":"ac1","date":"2021-12-14T20:56:00","phones":[],"objects":[],"characters":[1],"vehicles":[],"interiors":[],"accounts":[1],"content":"Disconnected (Quit) (Name: Oscar_Bozo)","factions":[]}
{"action":27,"origin":"ac1","date":"2021-12-14T20:56:21","phones":[],"objects":[],"characters":[],"vehicles":[],"interiors":[],"accounts":[1],"content":"Connected from 192.168.8.101 - 018FD49521BD034DD2BE1FFC72AA4B43","factions":[]}
{"action":27,"origin":"ac1","date":"2021-12-14T20:56:29","phones":[],"objects":[],"characters":[1],"vehicles":[],"interiors":[],"accounts":[1],"content":"Spawned","factions":[]}
{"action":4,"origin":"ch1","date":"2021-12-14T20:58:37","phones":[],"objects":[],"characters":[1],"vehicles":[],"interiors":[],"accounts":[],"content":"GIVEITEM Dzelzs stienis 1","factions":[]}
{"action":4,"origin":"ch1","date":"2021-12-14T20:58:37","phones":[],"objects":[],"characters":[1],"vehicles":[],"interiors":[],"accounts":[],"content":"GIVEITEM Dzelzs stienis 1","factions":[]}
{"action":4,"origin":"ch1","date":"2021-12-14T21:05:03","phones":[],"objects":[],"characters":[1],"vehicles":[],"interiors":[],"accounts":[],"content":"GIVEITEM Dzelzs stienis 1","factions":[]}
{"action":4,"origin":"ch1","date":"2021-12-14T21:05:03","phones":[],"objects":[],"characters":[1],"vehicles":[],"interiors":[],"accounts":[],"content":"GIVEITEM Dzelzs stienis 1","factions":[]}
{"action":27,"origin":"ac1","date":"2021-12-14T21:05:14","phones":[],"objects":[],"characters":[0],"vehicles":[],"interiors":[],"accounts":[1],"content":"Went to character selection","factions":[]}
{"action":27,"origin":"ac1","date":"2021-12-14T21:05:19","phones":[],"objects":[],"characters":[1],"vehicles":[],"interiors":[],"accounts":[1],"content":"Spawned","factions":[]}
{"action":40,"origin":"ch1","date":"2021-12-14T21:15:51","phones":[],"objects":[],"characters":[1],"vehicles":[],"interiors":[],"accounts":[],"content":"Oscar Bozo iznīcināja Dzelzs stienis.","factions":[]}
{"action":40,"origin":"ch1","date":"2021-12-14T21:15:52","phones":[],"objects":[],"characters":[1],"vehicles":[],"interiors":[],"accounts":[],"content":"Oscar Bozo iznīcināja Dzelzs stienis.","factions":[]}
{"action":40,"origin":"ch1","date":"2021-12-14T21:15:53","phones":[],"objects":[],"characters":[1],"vehicles":[],"interiors":[],"accounts":[],"content":"Oscar Bozo iznīcināja Metāla caurule.","factions":[]}
{"action":40,"origin":"ch1","date":"2021-12-14T21:15:53","phones":[],"objects":[],"characters":[1],"vehicles":[],"interiors":[],"accounts":[],"content":"Oscar Bozo iznīcināja Metāla caurule.","factions":[]}
{"action":40,"origin":"ch1","date":"2021-12-14T21:15:53","phones":[],"objects":[],"characters":[1],"vehicles":[],"interiors":[],"accounts":[],"content":"Oscar Bozo iznīcināja Metāla caurule.","factions":[]}
{"action":4,"origin":"ch1","date":"2021-12-14T21:30:16","phones":[],"objects":[],"characters":[1],"vehicles":[],"interiors":[],"accounts":[],"content":"GIVEITEM Metāla caurule 1","factions":[]}
{"action":4,"origin":"ch1","date":"2021-12-14T21:30:22","phones":[],"objects":[],"characters":[1],"vehicles":[],"interiors":[],"accounts":[],"content":"GIVEITEM Pistoļveida rokturis 1","factions":[]}
{"action":4,"origin":"ch1","date":"2021-12-14T21:30:26","phones":[],"objects":[],"characters":[1],"vehicles":[],"interiors":[],"accounts":[],"content":"GIVEITEM Metāla plāksne 1","factions":[]}
{"action":4,"origin":"ch1","date":"2021-12-14T21:30:28","phones":[],"objects":[],"characters":[1],"vehicles":[],"interiors":[],"accounts":[],"content":"GIVEITEM Metāla plāksne 1","factions":[]}
{"action":4,"origin":"ch1","date":"2021-12-14T21:30:33","phones":[],"objects":[],"characters":[1],"vehicles":[],"interiors":[],"accounts":[],"content":"GIVEITEM Metāla caurule 1","factions":[]}
{"action":4,"origin":"ch1","date":"2021-12-14T21:30:42","phones":[],"objects":[],"characters":[1],"vehicles":[],"interiors":[],"accounts":[],"content":"GIVEITEM Pistoļveida rokturis 1","factions":[]}
{"action":4,"origin":"ch1","date":"2021-12-14T21:30:56","phones":[],"objects":[],"characters":[1],"vehicles":[],"interiors":[],"accounts":[],"content":"GIVEWEAPON Colt 45 mp9ZN8brmH5Vmu1wmvg8","factions":[]}
{"action":4,"origin":"ch1","date":"2021-12-14T21:31:08","phones":[],"objects":[],"characters":[1],"vehicles":[],"interiors":[],"accounts":[],"content":"GIVEWEAPON Colt 45 mt9ZN8brOvDVmu1wmvg8","factions":[]}
{"action":4,"origin":"ch1","date":"2021-12-14T22:18:08","phones":[],"objects":[],"characters":[1],"vehicles":[],"interiors":[],"accounts":[],"content":"GIVEITEM Cannabis Sativa 1","factions":[]}
{"action":4,"origin":"ch1","date":"2021-12-14T22:18:12","phones":[],"objects":[],"characters":[1],"vehicles":[],"interiors":[],"accounts":[],"content":"GIVEITEM Marihuāna 1","factions":[]}
{"action":4,"origin":"ch1","date":"2021-12-14T22:20:00","phones":[],"objects":[],"characters":[1],"vehicles":[],"interiors":[],"accounts":[],"content":"GIVEITEM Ķīmiķus komplekts 1","factions":[]}
{"action":4,"origin":"ch1","date":"2021-12-14T22:20:47","phones":[],"objects":[],"characters":[1],"vehicles":[],"interiors":[],"accounts":[],"content":"GIVEITEM Kokaīna alkaloīdi 1","factions":[]}
{"action":40,"origin":"ch1","date":"2021-12-14T22:20:58","phones":[],"objects":[],"characters":[1],"vehicles":[],"interiors":[],"accounts":[],"content":"Oscar Bozo norij Morfīna tableti.","factions":[]}
{"action":4,"origin":"ch1","date":"2021-12-14T22:22:02","phones":[],"objects":[],"characters":[1],"vehicles":[],"interiors":[],"accounts":[],"content":"GIVEITEM Nepārstrādāts PCP 1","factions":[]}
{"action":4,"origin":"ch1","date":"2021-12-14T22:22:02","phones":[],"objects":[],"characters":[1],"vehicles":[],"interiors":[],"accounts":[],"content":"GIVEITEM Nepārstrādāts PCP 1","factions":[]}
{"action":4,"origin":"ch1","date":"2021-12-14T22:22:02","phones":[],"objects":[],"characters":[1],"vehicles":[],"interiors":[],"accounts":[],"content":"GIVEITEM Nepārstrādāts PCP 1","factions":[]}
{"action":4,"origin":"ch1","date":"2021-12-14T22:22:02","phones":[],"objects":[],"characters":[1],"vehicles":[],"interiors":[],"accounts":[],"content":"GIVEITEM Nepārstrādāts PCP 1","factions":[]}
{"action":4,"origin":"ch1","date":"2021-12-14T22:22:03","phones":[],"objects":[],"characters":[1],"vehicles":[],"interiors":[],"accounts":[],"content":"GIVEITEM Sēnes skābe 1","factions":[]}
{"action":4,"origin":"ch1","date":"2021-12-14T22:22:03","phones":[],"objects":[],"characters":[1],"vehicles":[],"interiors":[],"accounts":[],"content":"GIVEITEM Sēnes skābe 1","factions":[]}
{"action":4,"origin":"ch1","date":"2021-12-14T22:22:03","phones":[],"objects":[],"characters":[1],"vehicles":[],"interiors":[],"accounts":[],"content":"GIVEITEM Sēnes skābe 1","factions":[]}
{"action":4,"origin":"ch1","date":"2021-12-14T22:22:05","phones":[],"objects":[],"characters":[1],"vehicles":[],"interiors":[],"accounts":[],"content":"GIVEITEM Kokaīna alkaloīdi 1","factions":[]}
{"action":4,"origin":"ch1","date":"2021-12-14T22:22:05","phones":[],"objects":[],"characters":[1],"vehicles":[],"interiors":[],"accounts":[],"content":"GIVEITEM Kokaīna alkaloīdi 1","factions":[]}
{"action":4,"origin":"ch1","date":"2021-12-14T22:22:05","phones":[],"objects":[],"characters":[1],"vehicles":[],"interiors":[],"accounts":[],"content":"GIVEITEM Kokaīna alkaloīdi 1","factions":[]}
{"action":4,"origin":"ch1","date":"2021-12-14T22:22:06","phones":[],"objects":[],"characters":[1],"vehicles":[],"interiors":[],"accounts":[],"content":"GIVEITEM Cannabis Sativa 1","factions":[]}
{"action":4,"origin":"ch1","date":"2021-12-14T22:22:06","phones":[],"objects":[],"characters":[1],"vehicles":[],"interiors":[],"accounts":[],"content":"GIVEITEM Cannabis Sativa 1","factions":[]}
{"action":4,"origin":"ch1","date":"2021-12-14T22:22:06","phones":[],"objects":[],"characters":[1],"vehicles":[],"interiors":[],"accounts":[],"content":"GIVEITEM Cannabis Sativa 1","factions":[]}
{"action":40,"origin":"ch1","date":"2021-12-14T22:22:49","phones":[],"objects":[],"characters":[1],"vehicles":[],"interiors":[],"accounts":[],"content":"Oscar Bozo apēd izžāvētas sēnes.","factions":[]}
{"action":40,"origin":"ch1","date":"2021-12-14T22:22:50","phones":[],"objects":[],"characters":[1],"vehicles":[],"interiors":[],"accounts":[],"content":"Oscar Bozo injekcē Epinefrīnu.","factions":[]}
{"action":40,"origin":"ch1","date":"2021-12-14T22:22:50","phones":[],"objects":[],"characters":[1],"vehicles":[],"interiors":[],"accounts":[],"content":"Oscar Bozo norij Morfīna tableti.","factions":[]}
{"action":40,"origin":"ch1","date":"2021-12-14T22:22:51","phones":[],"objects":[],"characters":[1],"vehicles":[],"interiors":[],"accounts":[],"content":"Oscar Bozo injekcē Heroīnu.","factions":[]}
{"action":40,"origin":"ch1","date":"2021-12-14T22:22:51","phones":[],"objects":[],"characters":[1],"vehicles":[],"interiors":[],"accounts":[],"content":"Oscar Bozo injekcē Epinefrīnu.","factions":[]}
{"action":40,"origin":"ch1","date":"2021-12-14T22:22:52","phones":[],"objects":[],"characters":[1],"vehicles":[],"interiors":[],"accounts":[],"content":"Oscar Bozo norij Ectasy tableti.","factions":[]}
{"action":40,"origin":"ch1","date":"2021-12-14T22:22:55","phones":[],"objects":[],"characters":[1],"vehicles":[],"interiors":[],"accounts":[],"content":"Oscar Bozo iznīcināja Marihuāna.","factions":[]}
{"action":40,"origin":"ch1","date":"2021-12-14T22:22:56","phones":[],"objects":[],"characters":[1],"vehicles":[],"interiors":[],"accounts":[],"content":"Oscar Bozo iznīcināja Ķīmiķus komplekts.","factions":[]}
{"action":40,"origin":"ch1","date":"2021-12-14T22:22:56","phones":[],"objects":[],"characters":[1],"vehicles":[],"interiors":[],"accounts":[],"content":"Oscar Bozo iznīcināja Sēnes skābe.","factions":[]}
{"action":27,"origin":"ac1","date":"2021-12-14T22:34:23","phones":[],"objects":[],"characters":[1],"vehicles":[],"interiors":[],"accounts":[1],"content":"Disconnected (Quit) (Name: Oscar_Bozo)","factions":[]}
