{"action":27,"origin":"ac1","date":"2021-12-18T17:08:09","phones":[],"objects":[],"characters":[],"vehicles":[],"interiors":[],"accounts":[1],"content":"Connected from 192.168.8.101 - 018FD49521BD034DD2BE1FFC72AA4B43","factions":[]}
{"action":27,"origin":"ac1","date":"2021-12-18T17:08:16","phones":[],"objects":[],"characters":[1],"vehicles":[],"interiors":[],"accounts":[1],"content":"Spawned","factions":[]}
{"action":6,"origin":"ch1","date":"2021-12-18T17:08:50","phones":[],"objects":[],"characters":[],"vehicles":[2],"interiors":[],"accounts":[],"content":"SPAWNVEH 'Mower' CIVILLIAN","factions":[]}
{"action":31,"origin":"ch1","date":"2021-12-18T17:08:58","phones":[],"objects":[],"characters":[1],"vehicles":[2],"interiors":[],"accounts":[],"content":"STARTED ENGINE","factions":[]}
{"action":6,"origin":"ch1","date":"2021-12-18T17:09:12","phones":[],"objects":[],"characters":[],"vehicles":[2],"interiors":[],"accounts":[],"content":"DELVEH","factions":[]}
{"action":6,"origin":"ch1","date":"2021-12-18T17:21:14","phones":[],"objects":[],"characters":[],"vehicles":[2],"interiors":[],"accounts":[],"content":"SPAWNVEH 'Roadtrain' CIVILLIAN","factions":[]}
{"action":6,"origin":"ch1","date":"2021-12-18T17:21:19","phones":[],"objects":[],"characters":[],"vehicles":[2],"interiors":[],"accounts":[],"content":"getveh","factions":[]}
{"action":31,"origin":"ch1","date":"2021-12-18T17:21:46","phones":[],"objects":[],"characters":[1],"vehicles":[2],"interiors":[],"accounts":[],"content":"STARTED ENGINE","factions":[]}
{"action":6,"origin":"ch1","date":"2021-12-18T17:22:49","phones":[],"objects":[],"characters":[],"vehicles":[2],"interiors":[],"accounts":[],"content":"DELVEH","factions":[]}
{"action":6,"origin":"ch1","date":"2021-12-18T17:22:54","phones":[],"objects":[],"characters":[],"vehicles":[1],"interiors":[],"accounts":[],"content":"gotoveh","factions":[]}
{"action":40,"origin":"ch1","date":"2021-12-18T18:04:12","phones":[],"objects":[],"characters":[1],"vehicles":[],"interiors":[],"accounts":[],"content":"Oscar Bozo's right leg was hit.","factions":[]}
{"action":4,"origin":"ch1","date":"2021-12-18T18:04:13","phones":[],"objects":[],"characters":[1],"vehicles":[],"interiors":[],"accounts":[],"content":"AHEAL 100","factions":[]}
{"action":40,"origin":"ch1","date":"2021-12-18T18:04:22","phones":[],"objects":[],"characters":[1],"vehicles":[],"interiors":[],"accounts":[],"content":"Oscar Bozo's right leg was hit.","factions":[]}
{"action":4,"origin":"ch1","date":"2021-12-18T18:04:22","phones":[],"objects":[],"characters":[1],"vehicles":[],"interiors":[],"accounts":[],"content":"AHEAL 100","factions":[]}
{"action":6,"origin":"ch1","date":"2021-12-18T18:04:28","phones":[],"objects":[],"characters":[1],"vehicles":[],"interiors":[],"accounts":[],"content":"FUELVEH","factions":[]}
{"action":40,"origin":"ch1","date":"2021-12-18T19:26:11","phones":[],"objects":[],"characters":[1],"vehicles":[],"interiors":[],"accounts":[],"content":"Oscar Bozo iznīcināja Neapstrādāts Dzelzs.","factions":[]}
{"action":40,"origin":"ch1","date":"2021-12-18T19:26:12","phones":[],"objects":[],"characters":[1],"vehicles":[],"interiors":[],"accounts":[],"content":"Oscar Bozo iznīcināja Marihuāna.","factions":[]}
{"action":40,"origin":"ch1","date":"2021-12-18T19:26:12","phones":[],"objects":[],"characters":[1],"vehicles":[],"interiors":[],"accounts":[],"content":"Oscar Bozo iznīcināja Marihuāna.","factions":[]}
{"action":40,"origin":"ch1","date":"2021-12-18T19:26:12","phones":[],"objects":[],"characters":[1],"vehicles":[],"interiors":[],"accounts":[],"content":"Oscar Bozo iznīcināja Marihuāna.","factions":[]}
{"action":40,"origin":"ch1","date":"2021-12-18T19:26:13","phones":[],"objects":[],"characters":[1],"vehicles":[],"interiors":[],"accounts":[],"content":"Oscar Bozo iznīcināja Cannabis Sativa.","factions":[]}
{"action":40,"origin":"ch1","date":"2021-12-18T19:26:13","phones":[],"objects":[],"characters":[1],"vehicles":[],"interiors":[],"accounts":[],"content":"Oscar Bozo iznīcināja Cannabis Sativa.","factions":[]}
{"action":40,"origin":"ch1","date":"2021-12-18T19:26:14","phones":[],"objects":[],"characters":[1],"vehicles":[],"interiors":[],"accounts":[],"content":"Oscar Bozo iznīcināja Cannabis Sativa.","factions":[]}
{"action":40,"origin":"ch1","date":"2021-12-18T19:34:03","phones":[],"objects":[],"characters":[1],"vehicles":[],"interiors":[],"accounts":[],"content":"Oscar Bozo puts a Neapstrādāts Dzelzs inside the cepeškrāsns.","factions":[]}
{"action":39,"origin":"ch1","date":"2021-12-18T19:34:03","phones":[],"objects":[],"characters":[1],"vehicles":[],"interiors":[],"accounts":[],"content":"Oscar_Bozo->cepeškrāsns #9 - Item ID: 285 - Neapstrādāts Dzelzs @ (353.15100097656, 867.70501708984, 19.406200408936) in (int 0, dim 0)","factions":[]}
{"action":40,"origin":"ch1","date":"2021-12-18T19:34:03","phones":[],"objects":[],"characters":[1],"vehicles":[],"interiors":[],"accounts":[],"content":"Oscar Bozo puts a Neapstrādāts Dzelzs inside the cepeškrāsns.","factions":[]}
{"action":39,"origin":"ch1","date":"2021-12-18T19:34:03","phones":[],"objects":[],"characters":[1],"vehicles":[],"interiors":[],"accounts":[],"content":"Oscar_Bozo->cepeškrāsns #9 - Item ID: 285 - Neapstrādāts Dzelzs @ (353.15100097656, 867.70501708984, 19.406200408936) in (int 0, dim 0)","factions":[]}
{"action":40,"origin":"ch1","date":"2021-12-18T19:34:03","phones":[],"objects":[],"characters":[1],"vehicles":[],"interiors":[],"accounts":[],"content":"Oscar Bozo puts a Neapstrādāts Dzelzs inside the cepeškrāsns.","factions":[]}
{"action":39,"origin":"ch1","date":"2021-12-18T19:34:03","phones":[],"objects":[],"characters":[1],"vehicles":[],"interiors":[],"accounts":[],"content":"Oscar_Bozo->cepeškrāsns #9 - Item ID: 285 - Neapstrādāts Dzelzs @ (353.15100097656, 867.70501708984, 19.406200408936) in (int 0, dim 0)","factions":[]}
{"action":40,"origin":"ch1","date":"2021-12-18T19:34:04","phones":[],"objects":[],"characters":[1],"vehicles":[],"interiors":[],"accounts":[],"content":"Oscar Bozo puts a Neapstrādāts Dzelzs inside the cepeškrāsns.","factions":[]}
{"action":39,"origin":"ch1","date":"2021-12-18T19:34:04","phones":[],"objects":[],"characters":[1],"vehicles":[],"interiors":[],"accounts":[],"content":"Oscar_Bozo->cepeškrāsns #9 - Item ID: 285 - Neapstrādāts Dzelzs @ (353.15100097656, 867.70501708984, 19.406200408936) in (int 0, dim 0)","factions":[]}
{"action":40,"origin":"ch1","date":"2021-12-18T19:34:04","phones":[],"objects":[],"characters":[1],"vehicles":[],"interiors":[],"accounts":[],"content":"Oscar Bozo puts a Neapstrādāts Dzelzs inside the cepeškrāsns.","factions":[]}
{"action":39,"origin":"ch1","date":"2021-12-18T19:34:04","phones":[],"objects":[],"characters":[1],"vehicles":[],"interiors":[],"accounts":[],"content":"Oscar_Bozo->cepeškrāsns #9 - Item ID: 285 - Neapstrādāts Dzelzs @ (353.15100097656, 867.70501708984, 19.406200408936) in (int 0, dim 0)","factions":[]}
{"action":40,"origin":"ch1","date":"2021-12-18T19:34:05","phones":[],"objects":[],"characters":[1],"vehicles":[],"interiors":[],"accounts":[],"content":"Oscar Bozo puts a Neapstrādāts Dzelzs inside the cepeškrāsns.","factions":[]}
{"action":39,"origin":"ch1","date":"2021-12-18T19:34:05","phones":[],"objects":[],"characters":[1],"vehicles":[],"interiors":[],"accounts":[],"content":"Oscar_Bozo->cepeškrāsns #9 - Item ID: 285 - Neapstrādāts Dzelzs @ (353.15100097656, 867.70501708984, 19.406200408936) in (int 0, dim 0)","factions":[]}
{"action":40,"origin":"ch1","date":"2021-12-18T19:34:05","phones":[],"objects":[],"characters":[1],"vehicles":[],"interiors":[],"accounts":[],"content":"Oscar Bozo puts a Neapstrādāts Dzelzs inside the cepeškrāsns.","factions":[]}
{"action":39,"origin":"ch1","date":"2021-12-18T19:34:05","phones":[],"objects":[],"characters":[1],"vehicles":[],"interiors":[],"accounts":[],"content":"Oscar_Bozo->cepeškrāsns #9 - Item ID: 285 - Neapstrādāts Dzelzs @ (353.15100097656, 867.70501708984, 19.406200408936) in (int 0, dim 0)","factions":[]}
{"action":40,"origin":"ch1","date":"2021-12-18T19:34:05","phones":[],"objects":[],"characters":[1],"vehicles":[],"interiors":[],"accounts":[],"content":"Oscar Bozo puts a Neapstrādāts Dzelzs inside the cepeškrāsns.","factions":[]}
{"action":39,"origin":"ch1","date":"2021-12-18T19:34:05","phones":[],"objects":[],"characters":[1],"vehicles":[],"interiors":[],"accounts":[],"content":"Oscar_Bozo->cepeškrāsns #9 - Item ID: 285 - Neapstrādāts Dzelzs @ (353.15100097656, 867.70501708984, 19.406200408936) in (int 0, dim 0)","factions":[]}
{"action":40,"origin":"ch1","date":"2021-12-18T19:34:05","phones":[],"objects":[],"characters":[1],"vehicles":[],"interiors":[],"accounts":[],"content":"Oscar Bozo puts a Neapstrādāts Dzelzs inside the cepeškrāsns.","factions":[]}
{"action":39,"origin":"ch1","date":"2021-12-18T19:34:05","phones":[],"objects":[],"characters":[1],"vehicles":[],"interiors":[],"accounts":[],"content":"Oscar_Bozo->cepeškrāsns #9 - Item ID: 285 - Neapstrādāts Dzelzs @ (353.15100097656, 867.70501708984, 19.406200408936) in (int 0, dim 0)","factions":[]}
{"action":40,"origin":"ch1","date":"2021-12-18T19:34:07","phones":[],"objects":[],"characters":[1],"vehicles":[],"interiors":[],"accounts":[],"content":"Oscar Bozo puts a Neapstrādāts Dzelzs inside the cepeškrāsns.","factions":[]}
{"action":39,"origin":"ch1","date":"2021-12-18T19:34:07","phones":[],"objects":[],"characters":[1],"vehicles":[],"interiors":[],"accounts":[],"content":"Oscar_Bozo->cepeškrāsns #9 - Item ID: 285 - Neapstrādāts Dzelzs @ (353.15100097656, 867.70501708984, 19.406200408936) in (int 0, dim 0)","factions":[]}
{"action":40,"origin":"ch1","date":"2021-12-18T19:34:16","phones":[],"objects":[],"characters":[1],"vehicles":[],"interiors":[],"accounts":[],"content":"Oscar Bozo takes a Neapstrādāts Dzelzs from the cepeškrāsns.","factions":[]}
{"action":39,"origin":"ch1","date":"2021-12-18T19:34:16","phones":[],"objects":[],"characters":[1],"vehicles":[],"interiors":[],"accounts":[],"content":"cepeškrāsns #9->Oscar_Bozo - Neapstrādāts Dzelzs - 1","factions":[]}
{"action":40,"origin":"ch1","date":"2021-12-18T19:35:38","phones":[],"objects":[],"characters":[1],"vehicles":[],"interiors":[],"accounts":[],"content":"Oscar Bozo takes a Dzelzs stienis from the cepeškrāsns.","factions":[]}
{"action":39,"origin":"ch1","date":"2021-12-18T19:35:38","phones":[],"objects":[],"characters":[1],"vehicles":[],"interiors":[],"accounts":[],"content":"cepeškrāsns #9->Oscar_Bozo - Dzelzs stienis - 1","factions":[]}
{"action":40,"origin":"ch1","date":"2021-12-18T19:35:38","phones":[],"objects":[],"characters":[1],"vehicles":[],"interiors":[],"accounts":[],"content":"Oscar Bozo takes a Dzelzs stienis from the cepeškrāsns.","factions":[]}
{"action":39,"origin":"ch1","date":"2021-12-18T19:35:38","phones":[],"objects":[],"characters":[1],"vehicles":[],"interiors":[],"accounts":[],"content":"cepeškrāsns #9->Oscar_Bozo - Dzelzs stienis - 1","factions":[]}
{"action":40,"origin":"ch1","date":"2021-12-18T19:35:39","phones":[],"objects":[],"characters":[1],"vehicles":[],"interiors":[],"accounts":[],"content":"Oscar Bozo takes a Dzelzs stienis from the cepeškrāsns.","factions":[]}
{"action":39,"origin":"ch1","date":"2021-12-18T19:35:39","phones":[],"objects":[],"characters":[1],"vehicles":[],"interiors":[],"accounts":[],"content":"cepeškrāsns #9->Oscar_Bozo - Dzelzs stienis - 1","factions":[]}
{"action":40,"origin":"ch1","date":"2021-12-18T19:35:39","phones":[],"objects":[],"characters":[1],"vehicles":[],"interiors":[],"accounts":[],"content":"Oscar Bozo takes a Dzelzs stienis from the cepeškrāsns.","factions":[]}
{"action":39,"origin":"ch1","date":"2021-12-18T19:35:39","phones":[],"objects":[],"characters":[1],"vehicles":[],"interiors":[],"accounts":[],"content":"cepeškrāsns #9->Oscar_Bozo - Dzelzs stienis - 1","factions":[]}
{"action":40,"origin":"ch1","date":"2021-12-18T19:35:40","phones":[],"objects":[],"characters":[1],"vehicles":[],"interiors":[],"accounts":[],"content":"Oscar Bozo takes a Dzelzs stienis from the cepeškrāsns.","factions":[]}
{"action":39,"origin":"ch1","date":"2021-12-18T19:35:40","phones":[],"objects":[],"characters":[1],"vehicles":[],"interiors":[],"accounts":[],"content":"cepeškrāsns #9->Oscar_Bozo - Dzelzs stienis - 1","factions":[]}
{"action":40,"origin":"ch1","date":"2021-12-18T19:35:40","phones":[],"objects":[],"characters":[1],"vehicles":[],"interiors":[],"accounts":[],"content":"Oscar Bozo takes a Dzelzs stienis from the cepeškrāsns.","factions":[]}
{"action":39,"origin":"ch1","date":"2021-12-18T19:35:40","phones":[],"objects":[],"characters":[1],"vehicles":[],"interiors":[],"accounts":[],"content":"cepeškrāsns #9->Oscar_Bozo - Dzelzs stienis - 1","factions":[]}
{"action":40,"origin":"ch1","date":"2021-12-18T19:35:41","phones":[],"objects":[],"characters":[1],"vehicles":[],"interiors":[],"accounts":[],"content":"Oscar Bozo takes a Dzelzs stienis from the cepeškrāsns.","factions":[]}
{"action":39,"origin":"ch1","date":"2021-12-18T19:35:41","phones":[],"objects":[],"characters":[1],"vehicles":[],"interiors":[],"accounts":[],"content":"cepeškrāsns #9->Oscar_Bozo - Dzelzs stienis - 1","factions":[]}
{"action":40,"origin":"ch1","date":"2021-12-18T19:35:41","phones":[],"objects":[],"characters":[1],"vehicles":[],"interiors":[],"accounts":[],"content":"Oscar Bozo takes a Dzelzs stienis from the cepeškrāsns.","factions":[]}
{"action":39,"origin":"ch1","date":"2021-12-18T19:35:41","phones":[],"objects":[],"characters":[1],"vehicles":[],"interiors":[],"accounts":[],"content":"cepeškrāsns #9->Oscar_Bozo - Dzelzs stienis - 1","factions":[]}
{"action":40,"origin":"ch1","date":"2021-12-18T19:35:42","phones":[],"objects":[],"characters":[1],"vehicles":[],"interiors":[],"accounts":[],"content":"Oscar Bozo takes a Dzelzs stienis from the cepeškrāsns.","factions":[]}
{"action":39,"origin":"ch1","date":"2021-12-18T19:35:42","phones":[],"objects":[],"characters":[1],"vehicles":[],"interiors":[],"accounts":[],"content":"cepeškrāsns #9->Oscar_Bozo - Dzelzs stienis - 1","factions":[]}
{"action":40,"origin":"ch1","date":"2021-12-18T19:35:43","phones":[],"objects":[],"characters":[1],"vehicles":[],"interiors":[],"accounts":[],"content":"Oscar Bozo puts a Neapstrādāts Dzelzs inside the cepeškrāsns.","factions":[]}
{"action":39,"origin":"ch1","date":"2021-12-18T19:35:43","phones":[],"objects":[],"characters":[1],"vehicles":[],"interiors":[],"accounts":[],"content":"Oscar_Bozo->cepeškrāsns #9 - Item ID: 285 - Neapstrādāts Dzelzs @ (353.15100097656, 867.70501708984, 19.406200408936) in (int 0, dim 0)","factions":[]}
{"action":40,"origin":"ch1","date":"2021-12-18T19:35:45","phones":[],"objects":[],"characters":[1],"vehicles":[],"interiors":[],"accounts":[],"content":"Oscar Bozo puts a Neapstrādāts Dzelzs inside the cepeškrāsns.","factions":[]}
{"action":39,"origin":"ch1","date":"2021-12-18T19:35:45","phones":[],"objects":[],"characters":[1],"vehicles":[],"interiors":[],"accounts":[],"content":"Oscar_Bozo->cepeškrāsns #9 - Item ID: 285 - Neapstrādāts Dzelzs @ (353.15100097656, 867.70501708984, 19.406200408936) in (int 0, dim 0)","factions":[]}
{"action":40,"origin":"ch1","date":"2021-12-18T19:35:45","phones":[],"objects":[],"characters":[1],"vehicles":[],"interiors":[],"accounts":[],"content":"Oscar Bozo puts a Neapstrādāts Dzelzs inside the cepeškrāsns.","factions":[]}
{"action":39,"origin":"ch1","date":"2021-12-18T19:35:45","phones":[],"objects":[],"characters":[1],"vehicles":[],"interiors":[],"accounts":[],"content":"Oscar_Bozo->cepeškrāsns #9 - Item ID: 285 - Neapstrādāts Dzelzs @ (353.15100097656, 867.70501708984, 19.406200408936) in (int 0, dim 0)","factions":[]}
{"action":40,"origin":"ch1","date":"2021-12-18T19:36:06","phones":[],"objects":[],"characters":[1],"vehicles":[],"interiors":[],"accounts":[],"content":"Oscar Bozo takes a Dzelzs stienis from the cepeškrāsns.","factions":[]}
{"action":39,"origin":"ch1","date":"2021-12-18T19:36:06","phones":[],"objects":[],"characters":[1],"vehicles":[],"interiors":[],"accounts":[],"content":"cepeškrāsns #9->Oscar_Bozo - Dzelzs stienis - 1","factions":[]}
{"action":40,"origin":"ch1","date":"2021-12-18T19:36:06","phones":[],"objects":[],"characters":[1],"vehicles":[],"interiors":[],"accounts":[],"content":"Oscar Bozo takes a Dzelzs stienis from the cepeškrāsns.","factions":[]}
{"action":39,"origin":"ch1","date":"2021-12-18T19:36:06","phones":[],"objects":[],"characters":[1],"vehicles":[],"interiors":[],"accounts":[],"content":"cepeškrāsns #9->Oscar_Bozo - Dzelzs stienis - 1","factions":[]}
{"action":40,"origin":"ch1","date":"2021-12-18T19:36:07","phones":[],"objects":[],"characters":[1],"vehicles":[],"interiors":[],"accounts":[],"content":"Oscar Bozo takes a Dzelzs stienis from the cepeškrāsns.","factions":[]}
{"action":39,"origin":"ch1","date":"2021-12-18T19:36:07","phones":[],"objects":[],"characters":[1],"vehicles":[],"interiors":[],"accounts":[],"content":"cepeškrāsns #9->Oscar_Bozo - Dzelzs stienis - 1","factions":[]}
{"action":40,"origin":"ch1","date":"2021-12-18T19:38:37","phones":[],"objects":[],"characters":[1],"vehicles":[],"interiors":[],"accounts":[],"content":"Oscar Bozo iznīcināja Metāla plāksne.","factions":[]}
{"action":40,"origin":"ch1","date":"2021-12-18T19:38:38","phones":[],"objects":[],"characters":[1],"vehicles":[],"interiors":[],"accounts":[],"content":"Oscar Bozo iznīcināja Metāla caurule.","factions":[]}
{"action":40,"origin":"ch1","date":"2021-12-18T19:38:38","phones":[],"objects":[],"characters":[1],"vehicles":[],"interiors":[],"accounts":[],"content":"Oscar Bozo iznīcināja Ass metāla gabals.","factions":[]}
{"action":40,"origin":"ch1","date":"2021-12-18T19:38:38","phones":[],"objects":[],"characters":[1],"vehicles":[],"interiors":[],"accounts":[],"content":"Oscar Bozo iznīcināja Metāla caurule.","factions":[]}
{"action":40,"origin":"ch1","date":"2021-12-18T19:38:39","phones":[],"objects":[],"characters":[1],"vehicles":[],"interiors":[],"accounts":[],"content":"Oscar Bozo iznīcināja Dzelzs stienis.","factions":[]}
{"action":40,"origin":"ch1","date":"2021-12-18T19:38:39","phones":[],"objects":[],"characters":[1],"vehicles":[],"interiors":[],"accounts":[],"content":"Oscar Bozo iznīcināja Dzelzs stienis.","factions":[]}
{"action":40,"origin":"ch1","date":"2021-12-18T19:38:39","phones":[],"objects":[],"characters":[1],"vehicles":[],"interiors":[],"accounts":[],"content":"Oscar Bozo iznīcināja Dzelzs stienis.","factions":[]}
{"action":40,"origin":"ch1","date":"2021-12-18T19:38:39","phones":[],"objects":[],"characters":[1],"vehicles":[],"interiors":[],"accounts":[],"content":"Oscar Bozo iznīcināja Dzelzs stienis.","factions":[]}
{"action":40,"origin":"ch1","date":"2021-12-18T19:38:39","phones":[],"objects":[],"characters":[1],"vehicles":[],"interiors":[],"accounts":[],"content":"Oscar Bozo iznīcināja Dzelzs stienis.","factions":[]}
{"action":4,"origin":"ch1","date":"2021-12-18T20:09:47","phones":[],"objects":[],"characters":[1],"vehicles":[],"interiors":[],"accounts":[],"content":"GIVEITEM Marihuānas sēkla 1","factions":[]}
{"action":4,"origin":"ch1","date":"2021-12-18T20:09:47","phones":[],"objects":[],"characters":[1],"vehicles":[],"interiors":[],"accounts":[],"content":"GIVEITEM Marihuānas sēkla 1","factions":[]}
{"action":4,"origin":"ch1","date":"2021-12-18T20:09:47","phones":[],"objects":[],"characters":[1],"vehicles":[],"interiors":[],"accounts":[],"content":"GIVEITEM Marihuānas sēkla 1","factions":[]}
{"action":4,"origin":"ch1","date":"2021-12-18T20:09:47","phones":[],"objects":[],"characters":[1],"vehicles":[],"interiors":[],"accounts":[],"content":"GIVEITEM Marihuānas sēkla 1","factions":[]}
{"action":4,"origin":"ch1","date":"2021-12-18T20:09:48","phones":[],"objects":[],"characters":[1],"vehicles":[],"interiors":[],"accounts":[],"content":"GIVEITEM Marihuānas sēkla 1","factions":[]}
{"action":4,"origin":"ch1","date":"2021-12-18T20:09:48","phones":[],"objects":[],"characters":[1],"vehicles":[],"interiors":[],"accounts":[],"content":"GIVEITEM Marihuānas sēkla 1","factions":[]}
{"action":4,"origin":"ch1","date":"2021-12-18T20:09:48","phones":[],"objects":[],"characters":[1],"vehicles":[],"interiors":[],"accounts":[],"content":"GIVEITEM Marihuānas sēkla 1","factions":[]}
{"action":4,"origin":"ch1","date":"2021-12-18T20:09:48","phones":[],"objects":[],"characters":[1],"vehicles":[],"interiors":[],"accounts":[],"content":"GIVEITEM Marihuānas sēkla 1","factions":[]}
{"action":4,"origin":"ch1","date":"2021-12-18T20:09:48","phones":[],"objects":[],"characters":[1],"vehicles":[],"interiors":[],"accounts":[],"content":"GIVEITEM Marihuānas sēkla 1","factions":[]}
{"action":4,"origin":"ch1","date":"2021-12-18T20:09:48","phones":[],"objects":[],"characters":[1],"vehicles":[],"interiors":[],"accounts":[],"content":"GIVEITEM Marihuānas sēkla 1","factions":[]}
{"action":4,"origin":"ch1","date":"2021-12-18T20:50:58","phones":[],"objects":[],"characters":[1],"vehicles":[],"interiors":[],"accounts":[],"content":"GIVEITEM Ūdens pudele 1","factions":[]}
{"action":4,"origin":"ch1","date":"2021-12-18T20:51:51","phones":[],"objects":[],"characters":[1],"vehicles":[],"interiors":[],"accounts":[],"content":"GIVEITEM Ķīmiķus komplekts 1","factions":[]}
{"action":40,"origin":"ch1","date":"2021-12-18T20:53:50","phones":[],"objects":[],"characters":[1],"vehicles":[],"interiors":[],"accounts":[],"content":"Oscar Bozo's left leg was hit.","factions":[]}
{"action":4,"origin":"ch1","date":"2021-12-18T20:53:54","phones":[],"objects":[],"characters":[1],"vehicles":[],"interiors":[],"accounts":[],"content":"AHEAL 100","factions":[]}
{"action":40,"origin":"ch1","date":"2021-12-18T20:54:01","phones":[],"objects":[],"characters":[1],"vehicles":[],"interiors":[],"accounts":[],"content":"Oscar Bozo's right leg was hit.","factions":[]}
{"action":4,"origin":"ch1","date":"2021-12-18T20:54:06","phones":[],"objects":[],"characters":[1],"vehicles":[],"interiors":[],"accounts":[],"content":"AHEAL 100","factions":[]}
{"action":40,"origin":"ch1","date":"2021-12-18T20:54:16","phones":[],"objects":[],"characters":[1],"vehicles":[],"interiors":[],"accounts":[],"content":"Oscar Bozo attempts to start the engine but fails.","factions":[]}
{"action":6,"origin":"ch1","date":"2021-12-18T20:54:16","phones":[],"objects":[],"characters":[1],"vehicles":[],"interiors":[],"accounts":[],"content":"FUELVEH","factions":[]}
{"action":40,"origin":"ch1","date":"2021-12-18T20:56:31","phones":[],"objects":[],"characters":[1],"vehicles":[],"interiors":[],"accounts":[],"content":"Oscar Bozo iznīcināja Marihuāna.","factions":[]}
{"action":40,"origin":"ch1","date":"2021-12-18T20:56:31","phones":[],"objects":[],"characters":[1],"vehicles":[],"interiors":[],"accounts":[],"content":"Oscar Bozo iznīcināja Cannabis Sativa.","factions":[]}
{"action":40,"origin":"ch1","date":"2021-12-18T20:56:32","phones":[],"objects":[],"characters":[1],"vehicles":[],"interiors":[],"accounts":[],"content":"Oscar Bozo iznīcināja Ķīmiķus komplekts.","factions":[]}
{"action":40,"origin":"ch1","date":"2021-12-18T20:56:33","phones":[],"objects":[],"characters":[1],"vehicles":[],"interiors":[],"accounts":[],"content":"Oscar Bozo iznīcināja Marihuānas sēkla.","factions":[]}
{"action":40,"origin":"ch1","date":"2021-12-18T20:56:33","phones":[],"objects":[],"characters":[1],"vehicles":[],"interiors":[],"accounts":[],"content":"Oscar Bozo iznīcināja Marihuānas sēkla.","factions":[]}
{"action":40,"origin":"ch1","date":"2021-12-18T20:56:33","phones":[],"objects":[],"characters":[1],"vehicles":[],"interiors":[],"accounts":[],"content":"Oscar Bozo iznīcināja Marihuānas sēkla.","factions":[]}
{"action":40,"origin":"ch1","date":"2021-12-18T20:56:33","phones":[],"objects":[],"characters":[1],"vehicles":[],"interiors":[],"accounts":[],"content":"Oscar Bozo iznīcināja Marihuānas sēkla.","factions":[]}
{"action":40,"origin":"ch1","date":"2021-12-18T20:56:33","phones":[],"objects":[],"characters":[1],"vehicles":[],"interiors":[],"accounts":[],"content":"Oscar Bozo iznīcināja Marihuānas sēkla.","factions":[]}
{"action":40,"origin":"ch1","date":"2021-12-18T20:56:34","phones":[],"objects":[],"characters":[1],"vehicles":[],"interiors":[],"accounts":[],"content":"Oscar Bozo iznīcināja Marihuānas sēkla.","factions":[]}
{"action":40,"origin":"ch1","date":"2021-12-18T20:56:42","phones":[],"objects":[],"characters":[1],"vehicles":[],"interiors":[],"accounts":[],"content":"Oscar Bozo iznīcināja Neapstrādāts Dzelzs.","factions":[]}
{"action":40,"origin":"ch1","date":"2021-12-18T20:56:43","phones":[],"objects":[],"characters":[1],"vehicles":[],"interiors":[],"accounts":[],"content":"Oscar Bozo iznīcināja Neapstrādāts Dzelzs.","factions":[]}
{"action":40,"origin":"ch1","date":"2021-12-18T20:57:05","phones":[],"objects":[],"characters":[1],"vehicles":[],"interiors":[],"accounts":[],"content":"Oscar Bozo puts a Neapstrādāts Dzelzs inside the cepeškrāsns.","factions":[]}
{"action":39,"origin":"ch1","date":"2021-12-18T20:57:05","phones":[],"objects":[],"characters":[1],"vehicles":[],"interiors":[],"accounts":[],"content":"Oscar_Bozo->cepeškrāsns #9 - Item ID: 285 - Neapstrādāts Dzelzs @ (353.15100097656, 867.70501708984, 19.406200408936) in (int 0, dim 0)","factions":[]}
{"action":40,"origin":"ch1","date":"2021-12-18T20:57:05","phones":[],"objects":[],"characters":[1],"vehicles":[],"interiors":[],"accounts":[],"content":"Oscar Bozo puts a Neapstrādāts Dzelzs inside the cepeškrāsns.","factions":[]}
{"action":39,"origin":"ch1","date":"2021-12-18T20:57:05","phones":[],"objects":[],"characters":[1],"vehicles":[],"interiors":[],"accounts":[],"content":"Oscar_Bozo->cepeškrāsns #9 - Item ID: 285 - Neapstrādāts Dzelzs @ (353.15100097656, 867.70501708984, 19.406200408936) in (int 0, dim 0)","factions":[]}
{"action":40,"origin":"ch1","date":"2021-12-18T20:57:06","phones":[],"objects":[],"characters":[1],"vehicles":[],"interiors":[],"accounts":[],"content":"Oscar Bozo puts a Neapstrādāts Dzelzs inside the cepeškrāsns.","factions":[]}
{"action":39,"origin":"ch1","date":"2021-12-18T20:57:06","phones":[],"objects":[],"characters":[1],"vehicles":[],"interiors":[],"accounts":[],"content":"Oscar_Bozo->cepeškrāsns #9 - Item ID: 285 - Neapstrādāts Dzelzs @ (353.15100097656, 867.70501708984, 19.406200408936) in (int 0, dim 0)","factions":[]}
{"action":40,"origin":"ch1","date":"2021-12-18T20:57:06","phones":[],"objects":[],"characters":[1],"vehicles":[],"interiors":[],"accounts":[],"content":"Oscar Bozo puts a Neapstrādāts Dzelzs inside the cepeškrāsns.","factions":[]}
{"action":39,"origin":"ch1","date":"2021-12-18T20:57:06","phones":[],"objects":[],"characters":[1],"vehicles":[],"interiors":[],"accounts":[],"content":"Oscar_Bozo->cepeškrāsns #9 - Item ID: 285 - Neapstrādāts Dzelzs @ (353.15100097656, 867.70501708984, 19.406200408936) in (int 0, dim 0)","factions":[]}
{"action":40,"origin":"ch1","date":"2021-12-18T20:57:06","phones":[],"objects":[],"characters":[1],"vehicles":[],"interiors":[],"accounts":[],"content":"Oscar Bozo puts a Neapstrādāts Dzelzs inside the cepeškrāsns.","factions":[]}
{"action":39,"origin":"ch1","date":"2021-12-18T20:57:06","phones":[],"objects":[],"characters":[1],"vehicles":[],"interiors":[],"accounts":[],"content":"Oscar_Bozo->cepeškrāsns #9 - Item ID: 285 - Neapstrādāts Dzelzs @ (353.15100097656, 867.70501708984, 19.406200408936) in (int 0, dim 0)","factions":[]}
{"action":40,"origin":"ch1","date":"2021-12-18T20:57:07","phones":[],"objects":[],"characters":[1],"vehicles":[],"interiors":[],"accounts":[],"content":"Oscar Bozo puts a Neapstrādāts Dzelzs inside the cepeškrāsns.","factions":[]}
{"action":39,"origin":"ch1","date":"2021-12-18T20:57:07","phones":[],"objects":[],"characters":[1],"vehicles":[],"interiors":[],"accounts":[],"content":"Oscar_Bozo->cepeškrāsns #9 - Item ID: 285 - Neapstrādāts Dzelzs @ (353.15100097656, 867.70501708984, 19.406200408936) in (int 0, dim 0)","factions":[]}
{"action":40,"origin":"ch1","date":"2021-12-18T20:57:07","phones":[],"objects":[],"characters":[1],"vehicles":[],"interiors":[],"accounts":[],"content":"Oscar Bozo puts a Neapstrādāts Dzelzs inside the cepeškrāsns.","factions":[]}
{"action":39,"origin":"ch1","date":"2021-12-18T20:57:07","phones":[],"objects":[],"characters":[1],"vehicles":[],"interiors":[],"accounts":[],"content":"Oscar_Bozo->cepeškrāsns #9 - Item ID: 285 - Neapstrādāts Dzelzs @ (353.15100097656, 867.70501708984, 19.406200408936) in (int 0, dim 0)","factions":[]}
{"action":40,"origin":"ch1","date":"2021-12-18T20:57:07","phones":[],"objects":[],"characters":[1],"vehicles":[],"interiors":[],"accounts":[],"content":"Oscar Bozo puts a Neapstrādāts Dzelzs inside the cepeškrāsns.","factions":[]}
{"action":39,"origin":"ch1","date":"2021-12-18T20:57:07","phones":[],"objects":[],"characters":[1],"vehicles":[],"interiors":[],"accounts":[],"content":"Oscar_Bozo->cepeškrāsns #9 - Item ID: 285 - Neapstrādāts Dzelzs @ (353.15100097656, 867.70501708984, 19.406200408936) in (int 0, dim 0)","factions":[]}
{"action":40,"origin":"ch1","date":"2021-12-18T20:57:08","phones":[],"objects":[],"characters":[1],"vehicles":[],"interiors":[],"accounts":[],"content":"Oscar Bozo puts a Neapstrādāts Dzelzs inside the cepeškrāsns.","factions":[]}
{"action":39,"origin":"ch1","date":"2021-12-18T20:57:08","phones":[],"objects":[],"characters":[1],"vehicles":[],"interiors":[],"accounts":[],"content":"Oscar_Bozo->cepeškrāsns #9 - Item ID: 285 - Neapstrādāts Dzelzs @ (353.15100097656, 867.70501708984, 19.406200408936) in (int 0, dim 0)","factions":[]}
{"action":40,"origin":"ch1","date":"2021-12-18T20:57:32","phones":[],"objects":[],"characters":[1],"vehicles":[],"interiors":[],"accounts":[],"content":"Oscar Bozo takes a Dzelzs stienis from the cepeškrāsns.","factions":[]}
{"action":39,"origin":"ch1","date":"2021-12-18T20:57:32","phones":[],"objects":[],"characters":[1],"vehicles":[],"interiors":[],"accounts":[],"content":"cepeškrāsns #9->Oscar_Bozo - Dzelzs stienis - 1","factions":[]}
{"action":40,"origin":"ch1","date":"2021-12-18T20:57:33","phones":[],"objects":[],"characters":[1],"vehicles":[],"interiors":[],"accounts":[],"content":"Oscar Bozo takes a Dzelzs stienis from the cepeškrāsns.","factions":[]}
{"action":39,"origin":"ch1","date":"2021-12-18T20:57:33","phones":[],"objects":[],"characters":[1],"vehicles":[],"interiors":[],"accounts":[],"content":"cepeškrāsns #9->Oscar_Bozo - Dzelzs stienis - 1","factions":[]}
{"action":4,"origin":"ch1","date":"2021-12-18T23:01:41","phones":[],"objects":[],"characters":[1],"vehicles":[],"interiors":[],"accounts":[],"content":"GIVEITEM Marihuānas sēkla 1","factions":[]}
{"action":4,"origin":"ch1","date":"2021-12-18T23:05:57","phones":[],"objects":[],"characters":[1],"vehicles":[],"interiors":[],"accounts":[],"content":"GIVEITEM Marihuānas sēkla 1","factions":[]}
{"action":4,"origin":"ch1","date":"2021-12-18T23:05:57","phones":[],"objects":[],"characters":[1],"vehicles":[],"interiors":[],"accounts":[],"content":"GIVEITEM Marihuānas sēkla 1","factions":[]}
{"action":4,"origin":"ch1","date":"2021-12-18T23:05:57","phones":[],"objects":[],"characters":[1],"vehicles":[],"interiors":[],"accounts":[],"content":"GIVEITEM Marihuānas sēkla 1","factions":[]}
{"action":4,"origin":"ch1","date":"2021-12-18T23:05:57","phones":[],"objects":[],"characters":[1],"vehicles":[],"interiors":[],"accounts":[],"content":"GIVEITEM Marihuānas sēkla 1","factions":[]}
{"action":4,"origin":"ch1","date":"2021-12-18T23:05:58","phones":[],"objects":[],"characters":[1],"vehicles":[],"interiors":[],"accounts":[],"content":"GIVEITEM Marihuānas sēkla 1","factions":[]}
{"action":4,"origin":"ch1","date":"2021-12-18T23:05:58","phones":[],"objects":[],"characters":[1],"vehicles":[],"interiors":[],"accounts":[],"content":"GIVEITEM Marihuānas sēkla 1","factions":[]}
{"action":4,"origin":"ch1","date":"2021-12-18T23:05:58","phones":[],"objects":[],"characters":[1],"vehicles":[],"interiors":[],"accounts":[],"content":"GIVEITEM Marihuānas sēkla 1","factions":[]}
{"action":4,"origin":"ch1","date":"2021-12-18T23:08:40","phones":[],"objects":[],"characters":[1],"vehicles":[],"interiors":[],"accounts":[],"content":"GIVEITEM Ūdens pudele 1","factions":[]}
{"action":40,"origin":"ch1","date":"2021-12-18T23:09:58","phones":[],"objects":[],"characters":[1],"vehicles":[],"interiors":[],"accounts":[],"content":"Oscar Bozo iznīcināja Metāla plāksne.","factions":[]}
{"action":40,"origin":"ch1","date":"2021-12-18T23:09:58","phones":[],"objects":[],"characters":[1],"vehicles":[],"interiors":[],"accounts":[],"content":"Oscar Bozo iznīcināja Marihuāna.","factions":[]}
{"action":40,"origin":"ch1","date":"2021-12-18T23:09:58","phones":[],"objects":[],"characters":[1],"vehicles":[],"interiors":[],"accounts":[],"content":"Oscar Bozo iznīcināja Cannabis Sativa.","factions":[]}
{"action":40,"origin":"ch1","date":"2021-12-18T23:09:59","phones":[],"objects":[],"characters":[1],"vehicles":[],"interiors":[],"accounts":[],"content":"Oscar Bozo iznīcināja Neapstrādāts Dzelzs.","factions":[]}
{"action":40,"origin":"ch1","date":"2021-12-18T23:09:59","phones":[],"objects":[],"characters":[1],"vehicles":[],"interiors":[],"accounts":[],"content":"Oscar Bozo iznīcināja Neapstrādāts Dzelzs.","factions":[]}
{"action":40,"origin":"ch1","date":"2021-12-18T23:09:59","phones":[],"objects":[],"characters":[1],"vehicles":[],"interiors":[],"accounts":[],"content":"Oscar Bozo iznīcināja Neapstrādāts Dzelzs.","factions":[]}
{"action":40,"origin":"ch1","date":"2021-12-18T23:10:00","phones":[],"objects":[],"characters":[1],"vehicles":[],"interiors":[],"accounts":[],"content":"Oscar Bozo iznīcināja Marihuānas sēkla.","factions":[]}
{"action":40,"origin":"ch1","date":"2021-12-18T23:10:00","phones":[],"objects":[],"characters":[1],"vehicles":[],"interiors":[],"accounts":[],"content":"Oscar Bozo iznīcināja Marihuānas sēkla.","factions":[]}
{"action":40,"origin":"ch1","date":"2021-12-18T23:10:00","phones":[],"objects":[],"characters":[1],"vehicles":[],"interiors":[],"accounts":[],"content":"Oscar Bozo iznīcināja Marihuānas sēkla.","factions":[]}
{"action":40,"origin":"ch1","date":"2021-12-18T23:10:01","phones":[],"objects":[],"characters":[1],"vehicles":[],"interiors":[],"accounts":[],"content":"Oscar Bozo iznīcināja Marihuānas sēkla.","factions":[]}
{"action":4,"origin":"ch1","date":"2021-12-18T23:17:47","phones":[],"objects":[],"characters":[1],"vehicles":[],"interiors":[],"accounts":[],"content":"GIVEITEM Ūdens pudele 1","factions":[]}
{"action":4,"origin":"ch1","date":"2021-12-18T23:17:47","phones":[],"objects":[],"characters":[1],"vehicles":[],"interiors":[],"accounts":[],"content":"GIVEITEM Ūdens pudele 1","factions":[]}
{"action":4,"origin":"ch1","date":"2021-12-18T23:17:51","phones":[],"objects":[],"characters":[1],"vehicles":[],"interiors":[],"accounts":[],"content":"GIVEITEM Marihuānas sēkla 1","factions":[]}
{"action":4,"origin":"ch1","date":"2021-12-18T23:17:52","phones":[],"objects":[],"characters":[1],"vehicles":[],"interiors":[],"accounts":[],"content":"GIVEITEM Marihuānas sēkla 1","factions":[]}
{"action":27,"origin":"ac1","date":"2021-12-18T23:22:44","phones":[],"objects":[],"characters":[1],"vehicles":[],"interiors":[],"accounts":[1],"content":"Disconnected (Quit) (Name: Oscar_Bozo)","factions":[]}
