{"action":27,"origin":"ac3","date":"2021-11-20T19:22:51","phones":[],"objects":[],"characters":[2],"vehicles":[],"interiors":[],"accounts":[3],"content":"Spawned","factions":[]}
{"action":4,"origin":"ch2","date":"2021-11-20T19:24:27","phones":[],"objects":[],"characters":[],"vehicles":[],"interiors":[],"accounts":[],"content":"EDIT FACTION","factions":[1]}
{"action":4,"origin":"ch2","date":"2021-11-20T19:26:39","phones":[],"objects":[],"characters":[2],"vehicles":[],"interiors":[],"accounts":[],"content":"Has saved \/dutyadmin","factions":[]}
{"action":35,"origin":"ch2","date":"2021-11-20T19:27:11","phones":[],"objects":[],"characters":[],"vehicles":[],"interiors":[],"accounts":[],"content":"Added location, Name:test Database ID:1 x:1560.5563 y:-1615.7667 z:13.382813 radius:5 interior:0 dimension:0","factions":[1]}
{"action":35,"origin":"ch2","date":"2021-11-20T19:27:26","phones":[],"objects":[],"characters":[],"vehicles":[],"interiors":[],"accounts":[],"content":"Added duty test Database ID #1","factions":[1]}
{"action":35,"origin":"ch2","date":"2021-11-20T19:28:37","phones":[],"objects":[],"characters":[],"vehicles":[],"interiors":[],"accounts":[],"content":"Revised location ID #1 x:1560.5563 y:-1615.7667 z:13.382813 radius:5 interior:0 dimension:0","factions":[1]}
{"action":35,"origin":"ch2","date":"2021-11-20T19:28:46","phones":[],"objects":[],"characters":[],"vehicles":[],"interiors":[],"accounts":[],"content":"Revised duty test Database ID #1","factions":[1]}
{"action":37,"origin":"ch2","date":"2021-11-20T19:29:02","phones":[],"objects":[],"characters":[],"vehicles":[],"interiors":[6],"accounts":[],"content":"ADDINTERIOR T:0 I:119 C:8000","factions":[]}
{"action":37,"origin":"ch2","date":"2021-11-20T19:29:08","phones":[],"objects":[],"characters":[],"vehicles":[],"interiors":[6],"accounts":[],"content":"BUYPROPERTY $8000 FOR FACTION 'Los Santos Police Department'","factions":[]}
{"action":31,"origin":"ch2","date":"2021-11-20T19:29:16","phones":[],"objects":[],"characters":[2],"vehicles":[],"interiors":[6],"accounts":[],"content":"ENTERED","factions":[]}
{"action":35,"origin":"ch2","date":"2021-11-20T19:29:24","phones":[],"objects":[],"characters":[],"vehicles":[],"interiors":[],"accounts":[],"content":"Revised location ID #1 x:-2031.428 y:-118.10906 z:1039.1956 radius:5 interior:21 dimension:6","factions":[1]}
{"action":31,"origin":"ch2","date":"2021-11-20T19:29:34","phones":[],"objects":[],"characters":[2],"vehicles":[],"interiors":[6],"accounts":[],"content":"EXITED","factions":[]}
{"action":39,"origin":"ch2","date":"2021-11-20T19:30:13","phones":[],"objects":[],"characters":[2],"vehicles":[],"interiors":[],"accounts":[],"content":"Suko_Hashiwaro -> ~World #430 - Shell Casing - .45 casing @ (1559.9376, -1616.9504, 12.382813) in (int 0, dim 0)","factions":[]}
{"action":40,"origin":"ch2","date":"2021-11-20T19:30:13","phones":[],"objects":[],"characters":[2],"vehicles":[],"interiors":[],"accounts":[],"content":"Suko Hashiwaro reloads her Deagle (D).","factions":[]}
{"action":13,"origin":"ch2","date":"2021-11-20T19:30:19","phones":[],"objects":[],"characters":[2],"vehicles":[],"interiors":[],"accounts":[],"content":"You'd hear a series of loud pistol gunshots echoing throughout the vicinity","factions":[]}
{"action":39,"origin":"ch2","date":"2021-11-20T19:30:20","phones":[],"objects":[],"characters":[2],"vehicles":[],"interiors":[],"accounts":[],"content":"Suko_Hashiwaro -> ~World #431 - Shell Casing - .45 casing @ (1547.4117, -1631.511, 12.382813) in (int 0, dim 0)","factions":[]}
{"action":40,"origin":"ch2","date":"2021-11-20T19:30:20","phones":[],"objects":[],"characters":[2],"vehicles":[],"interiors":[],"accounts":[],"content":"Suko Hashiwaro reloads her Deagle (D).","factions":[]}
{"action":31,"origin":"ch2","date":"2021-11-20T19:30:30","phones":[],"objects":[],"characters":[2],"vehicles":[],"interiors":[6],"accounts":[],"content":"ENTERED","factions":[]}
{"action":31,"origin":"ch2","date":"2021-11-20T19:30:37","phones":[],"objects":[],"characters":[2],"vehicles":[],"interiors":[6],"accounts":[],"content":"EXITED","factions":[]}
{"action":37,"origin":"ch2","date":"2021-11-20T19:30:40","phones":[],"objects":[],"characters":[],"vehicles":[],"interiors":[6],"accounts":[],"content":"DELETEINTERIOR 6","factions":[]}
{"action":37,"origin":"ch2","date":"2021-11-20T19:30:43","phones":[],"objects":[],"characters":[],"vehicles":[],"interiors":[6],"accounts":[],"content":"REMOVEINT 6","factions":[]}
{"action":35,"origin":"ch2","date":"2021-11-20T19:30:52","phones":[],"objects":[],"characters":[],"vehicles":[],"interiors":[],"accounts":[],"content":"Removed duty #1","factions":[1]}
{"action":35,"origin":"ch2","date":"2021-11-20T19:30:54","phones":[],"objects":[],"characters":[],"vehicles":[],"interiors":[],"accounts":[],"content":"Removed Location #1","factions":[1]}
{"action":25,"origin":"ch2","date":"2021-11-20T19:31:46","phones":[],"objects":[],"characters":[2],"vehicles":[],"interiors":[],"accounts":[],"content":"DEPOSIT 89887 - REMAINING $148961","factions":[]}
{"action":27,"origin":"ac3","date":"2021-11-20T19:35:15","phones":[],"objects":[],"characters":[2],"vehicles":[],"interiors":[],"accounts":[3],"content":"Disconnected (Quit) (Name: Suko_Hashiwaro)","factions":[]}
{"action":27,"origin":"ac3","date":"2021-11-20T19:41:14","phones":[],"objects":[],"characters":[],"vehicles":[],"interiors":[],"accounts":[3],"content":"Connected from 80.89.75.149 - 62237E81CB0EC7B8DF15A13ED6861BE3","factions":[]}
{"action":27,"origin":"ac3","date":"2021-11-20T19:41:21","phones":[],"objects":[],"characters":[2],"vehicles":[],"interiors":[],"accounts":[3],"content":"Spawned","factions":[]}
{"action":4,"origin":"ch2","date":"2021-11-20T19:41:54","phones":[],"objects":[],"characters":[],"vehicles":[],"interiors":[],"accounts":[],"content":"MAKE FACTION","factions":[4]}
{"action":4,"origin":"ch2","date":"2021-11-20T19:42:59","phones":[],"objects":[],"characters":[2],"vehicles":[],"interiors":[],"accounts":[],"content":"FREECAM","factions":[]}
{"action":4,"origin":"ch2","date":"2021-11-20T19:43:49","phones":[],"objects":[],"characters":[2],"vehicles":[],"interiors":[],"accounts":[],"content":"FREECAM","factions":[]}
{"action":4,"origin":"ch2","date":"2021-11-20T19:44:10","phones":[],"objects":[],"characters":[2],"vehicles":[],"interiors":[],"accounts":[],"content":"FREECAM","factions":[]}
{"action":39,"origin":"ch2","date":"2021-11-20T19:45:41","phones":[],"objects":[431],"characters":[],"vehicles":[],"interiors":[],"accounts":[],"content":"~World #431 @ (1547.4117431641, -1631.5109863281, 12.382813453674) in (int 0, dim 0) ->Suko_Hashiwaro - Shell Casing - .45 casing","factions":[]}
{"action":40,"origin":"ch2","date":"2021-11-20T19:45:41","phones":[],"objects":[],"characters":[2],"vehicles":[],"interiors":[],"accounts":[],"content":"Suko Hashiwaro bends over and picks up a Shell Casing.","factions":[]}
{"action":4,"origin":"ch2","date":"2021-11-20T19:46:37","phones":[],"objects":[],"characters":[],"vehicles":[],"interiors":[],"accounts":[],"content":"EDIT FACTION","factions":[4]}
{"action":4,"origin":"ch2","date":"2021-11-20T19:47:16","phones":[],"objects":[],"characters":[2],"vehicles":[],"interiors":[],"accounts":[],"content":"FREECAM","factions":[]}
{"action":31,"origin":"ch2","date":"2021-11-20T19:48:42","phones":[],"objects":[],"characters":[],"vehicles":[28],"interiors":[],"accounts":[],"content":"Got in and reset last used because vehicle is engineless.","factions":[]}
{"action":6,"origin":"ch2","date":"2021-11-20T19:50:33","phones":[],"objects":[],"characters":[],"vehicles":[28],"interiors":[],"accounts":[],"content":"PARK","factions":[]}
{"action":31,"origin":"ch2","date":"2021-11-20T19:50:40","phones":[],"objects":[],"characters":[],"vehicles":[28],"interiors":[],"accounts":[],"content":"Got in and reset last used because vehicle is engineless.","factions":[]}
{"action":6,"origin":"ch2","date":"2021-11-20T19:50:51","phones":[],"objects":[],"characters":[],"vehicles":[28],"interiors":[],"accounts":[],"content":"PARK","factions":[]}
{"action":40,"origin":"ch2","date":"2021-11-20T19:51:03","phones":[],"objects":[],"characters":[2],"vehicles":[],"interiors":[],"accounts":[],"content":"Suko Hashiwaro tosses the spike strip out into the road.","factions":[]}
{"action":28,"origin":"ch2","date":"2021-11-20T19:51:03","phones":[],"objects":[],"characters":[2],"vehicles":[],"interiors":[],"accounts":[],"content":"Spawned spike ID 1","factions":[]}
{"action":6,"origin":"ch2","date":"2021-11-20T19:51:09","phones":[],"objects":[],"characters":[],"vehicles":[6],"interiors":[],"accounts":[],"content":"getveh","factions":[]}
{"action":6,"origin":"ch2","date":"2021-11-20T19:51:48","phones":[],"objects":[],"characters":[],"vehicles":[6],"interiors":[],"accounts":[],"content":"PARK","factions":[]}
{"action":6,"origin":"ch2","date":"2021-11-20T19:52:36","phones":[],"objects":[],"characters":[],"vehicles":[6],"interiors":[],"accounts":[],"content":"PARK","factions":[]}
{"action":4,"origin":"ch2","date":"2021-11-20T19:52:46","phones":[],"objects":[],"characters":[2],"vehicles":[],"interiors":[],"accounts":[],"content":"AHEAL 100","factions":[]}
{"action":6,"origin":"ch2","date":"2021-11-20T20:01:53","phones":[],"objects":[],"characters":[2],"vehicles":[6],"interiors":[],"accounts":[],"content":"FIXVEH","factions":[]}
{"action":6,"origin":"ch2","date":"2021-11-20T20:02:04","phones":[],"objects":[],"characters":[],"vehicles":[6],"interiors":[],"accounts":[],"content":"PARK","factions":[]}
{"action":40,"origin":"ch2","date":"2021-11-20T20:02:16","phones":[],"objects":[],"characters":[2],"vehicles":[],"interiors":[],"accounts":[],"content":"Suko Hashiwaro buckles in their seatbelt.","factions":[]}
{"action":6,"origin":"ch2","date":"2021-11-20T20:02:22","phones":[],"objects":[],"characters":[],"vehicles":[6],"interiors":[],"accounts":[],"content":"PARK","factions":[]}
{"action":40,"origin":"ch2","date":"2021-11-20T20:02:50","phones":[],"objects":[],"characters":[2],"vehicles":[],"interiors":[],"accounts":[],"content":"Suko Hashiwaro unbuckles their seatbelt.","factions":[]}
{"action":6,"origin":"ch2","date":"2021-11-20T20:02:50","phones":[],"objects":[],"characters":[],"vehicles":[6],"interiors":[],"accounts":[],"content":"PARK","factions":[]}
{"action":6,"origin":"ch2","date":"2021-11-20T20:03:02","phones":[],"objects":[],"characters":[],"vehicles":[31],"interiors":[],"accounts":[],"content":"SPAWNVEH 'Bus' CIVILLIAN","factions":[]}
{"action":31,"origin":"ch2","date":"2021-11-20T20:03:10","phones":[],"objects":[],"characters":[2],"vehicles":[31],"interiors":[],"accounts":[],"content":"STARTED ENGINE","factions":[]}
{"action":6,"origin":"ch2","date":"2021-11-20T20:03:17","phones":[],"objects":[],"characters":[],"vehicles":[31],"interiors":[],"accounts":[],"content":"PARK","factions":[]}
{"action":6,"origin":"ch2","date":"2021-11-20T20:03:22","phones":[],"objects":[],"characters":[],"vehicles":[31],"interiors":[],"accounts":[],"content":"PARK","factions":[]}
{"action":40,"origin":"ch2","date":"2021-11-20T20:03:35","phones":[],"objects":[],"characters":[2],"vehicles":[],"interiors":[],"accounts":[],"content":"Suko Hashiwaro buckles in their seatbelt.","factions":[]}
{"action":34,"origin":"ch2","date":"2021-11-20T20:05:52","phones":[],"objects":[],"characters":[2],"vehicles":[],"interiors":[],"accounts":[],"content":" died","factions":[]}
{"action":4,"origin":"ch2","date":"2021-11-20T20:05:54","phones":[],"objects":[],"characters":[2],"vehicles":[],"interiors":[],"accounts":[],"content":"REVIVED from PK","factions":[]}
{"action":6,"origin":"ch2","date":"2021-11-20T20:06:06","phones":[],"objects":[],"characters":[],"vehicles":[6],"interiors":[],"accounts":[],"content":"getveh","factions":[]}
{"action":40,"origin":"ch2","date":"2021-11-20T20:06:11","phones":[],"objects":[],"characters":[2],"vehicles":[],"interiors":[],"accounts":[],"content":"Suko Hashiwaro buckles in their seatbelt.","factions":[]}
{"action":4,"origin":"ch2","date":"2021-11-20T20:07:45","phones":[],"objects":[],"characters":[2],"vehicles":[],"interiors":[],"accounts":[],"content":"AHEAL 100","factions":[]}
{"action":27,"origin":"ac9","date":"2021-11-20T20:09:40","phones":[],"objects":[],"characters":[],"vehicles":[],"interiors":[],"accounts":[9],"content":"Connected from 77.219.1.163 - F9F46672B1179BAF6C41AE169A8CA643","factions":[]}
{"action":4,"origin":"ch2","date":"2021-11-20T20:10:29","phones":[],"objects":[],"characters":[2],"vehicles":[],"interiors":[],"accounts":[],"content":"AHEAL 100","factions":[]}
{"action":27,"origin":"ac9","date":"2021-11-20T20:11:00","phones":[],"objects":[],"characters":[8],"vehicles":[],"interiors":[],"accounts":[9],"content":"Created","factions":[]}
{"action":27,"origin":"ac9","date":"2021-11-20T20:11:01","phones":[],"objects":[],"characters":[8],"vehicles":[],"interiors":[],"accounts":[9],"content":"Spawned","factions":[]}
{"action":15,"origin":"ch8","date":"2021-11-20T20:11:26","phones":[],"objects":[],"characters":[8,2],"vehicles":[],"interiors":[],"accounts":[],"content":"iedo mahu","factions":[]}
{"action":31,"origin":"ch8","date":"2021-11-20T20:13:23","phones":[],"objects":[],"characters":[8],"vehicles":[26],"interiors":[],"accounts":[],"content":"STARTED ENGINE","factions":[]}
{"action":15,"origin":"ch8","date":"2021-11-20T20:13:58","phones":[],"objects":[],"characters":[8,2],"vehicles":[],"interiors":[],"accounts":[],"content":"F9F46672B1179BAF6C41AE169A8CA643","factions":[]}
{"action":4,"origin":"ch2","date":"2021-11-20T20:15:04","phones":[],"objects":[],"characters":[2],"vehicles":[],"interiors":[],"accounts":[],"content":"AHEAL 100","factions":[]}
{"action":6,"origin":"ch8","date":"2021-11-20T20:15:09","phones":[],"objects":[],"characters":[],"vehicles":[26],"interiors":[],"accounts":[],"content":"RESPAWN","factions":[]}
{"action":6,"origin":"ch8","date":"2021-11-20T20:15:38","phones":[],"objects":[],"characters":[8],"vehicles":[],"interiors":[],"accounts":[],"content":"CHANGED HANDLINGS OF ALL INSTANCES OF VEHICLE SHOP ID #1","factions":[]}
{"action":31,"origin":"ch8","date":"2021-11-20T20:15:43","phones":[],"objects":[],"characters":[8],"vehicles":[-6],"interiors":[],"accounts":[],"content":"STARTED ENGINE","factions":[]}
{"action":27,"origin":"ac9","date":"2021-11-20T20:17:08","phones":[],"objects":[],"characters":[8],"vehicles":[],"interiors":[],"accounts":[9],"content":"Disconnected (Timed out) (Name: Franklin_Martiez)","factions":[]}
{"action":27,"origin":"ac9","date":"2021-11-20T20:22:17","phones":[],"objects":[],"characters":[0],"vehicles":[],"interiors":[],"accounts":[9],"content":"Disconnected (Quit) (Name: Owl.Player.9315)","factions":[]}
{"action":34,"origin":"ch2","date":"2021-11-20T20:29:08","phones":[],"objects":[],"characters":[2],"vehicles":[],"interiors":[],"accounts":[],"content":" died","factions":[]}
{"action":4,"origin":"ch2","date":"2021-11-20T20:29:10","phones":[],"objects":[],"characters":[2],"vehicles":[],"interiors":[],"accounts":[],"content":"REVIVED from PK","factions":[]}
{"action":40,"origin":"ch2","date":"2021-11-20T20:29:25","phones":[],"objects":[],"characters":[2],"vehicles":[],"interiors":[],"accounts":[],"content":"Suko Hashiwaro buckles in their seatbelt.","factions":[]}
{"action":27,"origin":"ac9","date":"2021-11-20T20:29:52","phones":[],"objects":[],"characters":[0],"vehicles":[],"interiors":[],"accounts":[9],"content":"Disconnected (Timed out) (Name: Owl.Player.0720)","factions":[]}
{"action":4,"origin":"ch2","date":"2021-11-20T20:30:27","phones":[],"objects":[],"characters":[2],"vehicles":[],"interiors":[],"accounts":[],"content":"SET INTO FACTION LEADER","factions":[2]}
{"action":4,"origin":"ch2","date":"2021-11-20T20:30:56","phones":[],"objects":[],"characters":[2],"vehicles":[],"interiors":[],"accounts":[],"content":"AHEAL 100","factions":[]}
{"action":4,"origin":"ch2","date":"2021-11-20T20:32:20","phones":[],"objects":[],"characters":[2],"vehicles":[],"interiors":[],"accounts":[],"content":"AHEAL 100","factions":[]}
{"action":27,"origin":"ac9","date":"2021-11-20T20:35:03","phones":[],"objects":[],"characters":[],"vehicles":[],"interiors":[],"accounts":[9],"content":"Connected from 77.219.1.163 - F9F46672B1179BAF6C41AE169A8CA643","factions":[]}
{"action":27,"origin":"ac9","date":"2021-11-20T20:35:14","phones":[],"objects":[],"characters":[8],"vehicles":[],"interiors":[],"accounts":[9],"content":"Spawned","factions":[]}
{"action":8,"origin":"ch8","date":"2021-11-20T20:35:46","phones":[],"objects":[],"characters":[2,8],"vehicles":[],"interiors":[],"accounts":[],"content":"drag","factions":[]}
{"action":6,"origin":"ch8","date":"2021-11-20T20:36:10","phones":[],"objects":[],"characters":[8],"vehicles":[-6],"interiors":[],"accounts":[],"content":"FIXVEH","factions":[]}
{"action":31,"origin":"ch8","date":"2021-11-20T20:36:11","phones":[],"objects":[],"characters":[8],"vehicles":[-6],"interiors":[],"accounts":[],"content":"STARTED ENGINE","factions":[]}
{"action":6,"origin":"ch8","date":"2021-11-20T20:36:56","phones":[],"objects":[],"characters":[8],"vehicles":[-6],"interiors":[],"accounts":[],"content":"FIXVEH","factions":[]}
{"action":40,"origin":"ch2","date":"2021-11-20T20:36:57","phones":[],"objects":[],"characters":[2,8],"vehicles":[],"interiors":[],"accounts":[],"content":"Suko Hashiwaro unbuckles their seatbelt.","factions":[]}
{"action":6,"origin":"ch2","date":"2021-11-20T20:36:57","phones":[],"objects":[],"characters":[],"vehicles":[6],"interiors":[],"accounts":[],"content":"PARK","factions":[]}
{"action":6,"origin":"ch2","date":"2021-11-20T20:36:58","phones":[],"objects":[],"characters":[],"vehicles":[10],"interiors":[],"accounts":[],"content":"getveh","factions":[]}
{"action":6,"origin":"ch2","date":"2021-11-20T20:37:04","phones":[],"objects":[],"characters":[],"vehicles":[24],"interiors":[],"accounts":[],"content":"getveh","factions":[]}
{"action":34,"origin":"ch2","date":"2021-11-20T20:37:09","phones":[],"objects":[],"characters":[2],"vehicles":[],"interiors":[],"accounts":[],"content":" died","factions":[]}
{"action":4,"origin":"ch2","date":"2021-11-20T20:37:12","phones":[],"objects":[],"characters":[2],"vehicles":[],"interiors":[],"accounts":[],"content":"REVIVED from PK","factions":[]}
{"action":6,"origin":"ch2","date":"2021-11-20T20:37:19","phones":[],"objects":[],"characters":[],"vehicles":[26],"interiors":[],"accounts":[],"content":"getveh","factions":[]}
{"action":31,"origin":"ch2","date":"2021-11-20T20:37:27","phones":[],"objects":[],"characters":[2],"vehicles":[26],"interiors":[],"accounts":[],"content":"STARTED ENGINE","factions":[]}
{"action":34,"origin":"ch2","date":"2021-11-20T20:38:46","phones":[],"objects":[],"characters":[2],"vehicles":[],"interiors":[],"accounts":[],"content":" died","factions":[]}
{"action":6,"origin":"ch8","date":"2021-11-20T20:38:59","phones":[],"objects":[],"characters":[],"vehicles":[24],"interiors":[],"accounts":[],"content":"RESPAWN","factions":[]}
{"action":4,"origin":"ch8","date":"2021-11-20T20:39:06","phones":[],"objects":[],"characters":[2],"vehicles":[],"interiors":[],"accounts":[],"content":"REVIVED from PK","factions":[]}
{"action":40,"origin":"ch8","date":"2021-11-20T20:39:13","phones":[],"objects":[],"characters":[2,8],"vehicles":[],"interiors":[],"accounts":[],"content":"Franklin Martiez buckles in their seatbelt.","factions":[]}
{"action":7,"origin":"ch8","date":"2021-11-20T20:40:34","phones":[],"objects":[],"characters":[8],"vehicles":[10,10],"interiors":[],"accounts":[],"content":"English: INCAR 9","factions":[]}
{"action":40,"origin":"ch8","date":"2021-11-20T20:40:52","phones":[],"objects":[],"characters":[2,8],"vehicles":[],"interiors":[],"accounts":[],"content":"Franklin Martiez unbuckles their seatbelt.","factions":[]}
{"action":31,"origin":"ch8","date":"2021-11-20T20:41:19","phones":[],"objects":[],"characters":[8],"vehicles":[25],"interiors":[],"accounts":[],"content":"STARTED ENGINE","factions":[]}
{"action":6,"origin":"ch8","date":"2021-11-20T20:43:37","phones":[],"objects":[],"characters":[8],"vehicles":[25],"interiors":[],"accounts":[],"content":"FIXVEH","factions":[]}
{"action":27,"origin":"ac9","date":"2021-11-20T20:44:26","phones":[],"objects":[],"characters":[8],"vehicles":[],"interiors":[],"accounts":[9],"content":"Disconnected (Timed out) (Name: Franklin_Martiez)","factions":[]}
{"action":27,"origin":"ac9","date":"2021-11-20T20:46:31","phones":[],"objects":[],"characters":[],"vehicles":[],"interiors":[],"accounts":[9],"content":"Connected from 77.219.1.163 - F9F46672B1179BAF6C41AE169A8CA643","factions":[]}
{"action":27,"origin":"ac9","date":"2021-11-20T20:46:40","phones":[],"objects":[],"characters":[8],"vehicles":[],"interiors":[],"accounts":[9],"content":"Spawned","factions":[]}
{"action":4,"origin":"ch8","date":"2021-11-20T20:46:48","phones":[],"objects":[],"characters":[8],"vehicles":[],"interiors":[],"accounts":[],"content":"ANN foqin soqin","factions":[]}
{"action":6,"origin":"ch8","date":"2021-11-20T20:47:57","phones":[],"objects":[],"characters":[],"vehicles":[25],"interiors":[],"accounts":[],"content":"RESPAWN","factions":[]}
{"action":31,"origin":"ch8","date":"2021-11-20T20:49:09","phones":[],"objects":[],"characters":[8],"vehicles":[-7],"interiors":[],"accounts":[],"content":"STARTED ENGINE","factions":[]}
{"action":27,"origin":"ac9","date":"2021-11-20T20:51:19","phones":[],"objects":[],"characters":[8],"vehicles":[],"interiors":[],"accounts":[9],"content":"Disconnected (Timed out) (Name: Franklin_Martiez)","factions":[]}
{"action":27,"origin":"ac9","date":"2021-11-20T20:51:54","phones":[],"objects":[],"characters":[],"vehicles":[],"interiors":[],"accounts":[9],"content":"Connected from 77.219.1.163 - F9F46672B1179BAF6C41AE169A8CA643","factions":[]}
{"action":27,"origin":"ac9","date":"2021-11-20T20:52:03","phones":[],"objects":[],"characters":[8],"vehicles":[],"interiors":[],"accounts":[9],"content":"Spawned","factions":[]}
{"action":4,"origin":"ch8","date":"2021-11-20T20:55:41","phones":[],"objects":[],"characters":[8],"vehicles":[],"interiors":[],"accounts":[],"content":"ANN Man telefons izlādējās","factions":[]}
{"action":4,"origin":"ch8","date":"2021-11-20T20:57:41","phones":[],"objects":[],"characters":[8],"vehicles":[],"interiors":[],"accounts":[],"content":"GIVEITEM Marijuana 1","factions":[]}
{"action":4,"origin":"ch8","date":"2021-11-20T20:58:04","phones":[],"objects":[],"characters":[8],"vehicles":[],"interiors":[],"accounts":[],"content":"GIVEITEM Smoking package 1","factions":[]}
{"action":40,"origin":"ch8","date":"2021-11-20T20:58:06","phones":[],"objects":[],"characters":[2,8],"vehicles":[],"interiors":[],"accounts":[],"content":"Franklin Martiez shows everyone a Smoking package.","factions":[]}
{"action":4,"origin":"ch8","date":"2021-11-20T20:58:23","phones":[],"objects":[],"characters":[8],"vehicles":[],"interiors":[],"accounts":[],"content":"GIVEITEM Lighter 1","factions":[]}
{"action":8,"origin":"ch8","date":"2021-11-20T20:58:37","phones":[],"objects":[],"characters":[2,8],"vehicles":[],"interiors":[],"accounts":[],"content":"nav efekta","factions":[]}
{"action":8,"origin":"ch8","date":"2021-11-20T20:58:52","phones":[],"objects":[],"characters":[2,8],"vehicles":[],"interiors":[],"accounts":[],"content":"i think that's bad","factions":[]}
{"action":8,"origin":"ch2","date":"2021-11-20T20:58:58","phones":[],"objects":[],"characters":[2,8],"vehicles":[],"interiors":[],"accounts":[],"content":"to ar laiku","factions":[]}
{"action":8,"origin":"ch8","date":"2021-11-20T20:59:03","phones":[],"objects":[],"characters":[2,8],"vehicles":[],"interiors":[],"accounts":[],"content":"labi mammu","factions":[]}
{"action":8,"origin":"ch8","date":"2021-11-20T20:59:10","phones":[],"objects":[],"characters":[2,8],"vehicles":[],"interiors":[],"accounts":[],"content":"ko darīt ?","factions":[]}
{"action":8,"origin":"ch2","date":"2021-11-20T20:59:22","phones":[],"objects":[],"characters":[2,8],"vehicles":[],"interiors":[],"accounts":[],"content":"uz doto momentu neko xD","factions":[]}
{"action":8,"origin":"ch8","date":"2021-11-20T20:59:26","phones":[],"objects":[],"characters":[2,8],"vehicles":[],"interiors":[],"accounts":[],"content":"saes ? :D","factions":[]}
{"action":27,"origin":"ac9","date":"2021-11-20T21:02:06","phones":[],"objects":[],"characters":[8],"vehicles":[],"interiors":[],"accounts":[9],"content":"Disconnected (Timed out) (Name: Franklin_Martiez)","factions":[]}
{"action":4,"origin":"ch2","date":"2021-11-20T21:07:01","phones":[],"objects":[],"characters":[2],"vehicles":[],"interiors":[],"accounts":[],"content":"SET INTO FACTION LEADER","factions":[2]}
{"action":4,"origin":"ch2","date":"2021-11-20T21:07:12","phones":[],"objects":[],"characters":[2],"vehicles":[],"interiors":[],"accounts":[],"content":"SET INTO FACTION LEADER","factions":[1]}
{"action":40,"origin":"ch2","date":"2021-11-20T21:07:14","phones":[],"objects":[],"characters":[2],"vehicles":[],"interiors":[],"accounts":[],"content":"Suko Hashiwaro tosses the spike strip out into the road.","factions":[]}
{"action":28,"origin":"ch2","date":"2021-11-20T21:07:14","phones":[],"objects":[],"characters":[2],"vehicles":[],"interiors":[],"accounts":[],"content":"Spawned spike ID 2","factions":[]}
{"action":40,"origin":"ch2","date":"2021-11-20T21:07:16","phones":[],"objects":[],"characters":[2],"vehicles":[],"interiors":[],"accounts":[],"content":"Suko Hashiwaro tosses the spike strip out into the road.","factions":[]}
{"action":28,"origin":"ch2","date":"2021-11-20T21:07:16","phones":[],"objects":[],"characters":[2],"vehicles":[],"interiors":[],"accounts":[],"content":"Spawned spike ID 3","factions":[]}
{"action":40,"origin":"ch2","date":"2021-11-20T21:07:35","phones":[],"objects":[],"characters":[2],"vehicles":[],"interiors":[],"accounts":[],"content":"Suko Hashiwaro reaches into the road retrieving the spike strip.","factions":[]}
{"action":28,"origin":"ch2","date":"2021-11-20T21:07:35","phones":[],"objects":[],"characters":[2],"vehicles":[],"interiors":[],"accounts":[],"content":"Spawned spike ID 2","factions":[]}
{"action":40,"origin":"ch2","date":"2021-11-20T21:07:36","phones":[],"objects":[],"characters":[2],"vehicles":[],"interiors":[],"accounts":[],"content":"Suko Hashiwaro reaches into the road retrieving the spike strip.","factions":[]}
{"action":28,"origin":"ch2","date":"2021-11-20T21:07:36","phones":[],"objects":[],"characters":[2],"vehicles":[],"interiors":[],"accounts":[],"content":"Spawned spike ID 3","factions":[]}
{"action":28,"origin":"ch2","date":"2021-11-20T21:08:01","phones":[],"objects":[],"characters":[2],"vehicles":[],"interiors":[],"accounts":[],"content":"Removed all the spawned spikestrips","factions":[]}
{"action":27,"origin":"ac9","date":"2021-11-20T21:17:01","phones":[],"objects":[],"characters":[],"vehicles":[],"interiors":[],"accounts":[9],"content":"Connected from 77.219.10.132 - F9F46672B1179BAF6C41AE169A8CA643","factions":[]}
{"action":27,"origin":"ac9","date":"2021-11-20T21:17:10","phones":[],"objects":[],"characters":[8],"vehicles":[],"interiors":[],"accounts":[9],"content":"Spawned","factions":[]}
{"action":8,"origin":"ch8","date":"2021-11-20T21:17:24","phones":[],"objects":[],"characters":[2,8],"vehicles":[],"interiors":[],"accounts":[],"content":"ata","factions":[]}
{"action":4,"origin":"ch8","date":"2021-11-20T21:18:52","phones":[],"objects":[],"characters":[8],"vehicles":[],"interiors":[],"accounts":[],"content":"AHEAL 100","factions":[]}
{"action":8,"origin":"ch8","date":"2021-11-20T21:19:11","phones":[],"objects":[],"characters":[2,8],"vehicles":[],"interiors":[],"accounts":[],"content":"pediks","factions":[]}
{"action":8,"origin":"ch2","date":"2021-11-20T21:19:19","phones":[],"objects":[],"characters":[2,8],"vehicles":[],"interiors":[],"accounts":[],"content":"pamēģīni \/s23w","factions":[]}
{"action":8,"origin":"ch2","date":"2021-11-20T21:19:21","phones":[],"objects":[],"characters":[2,8],"vehicles":[],"interiors":[],"accounts":[],"content":"\/sw","factions":[]}
{"action":8,"origin":"ch2","date":"2021-11-20T21:19:59","phones":[],"objects":[],"characters":[2,8],"vehicles":[],"interiors":[],"accounts":[],"content":"givemoney?","factions":[]}
{"action":4,"origin":"ch8","date":"2021-11-20T21:20:35","phones":[],"objects":[],"characters":[2],"vehicles":[],"interiors":[],"accounts":[],"content":"GIVEMONEY 50000","factions":[]}
{"action":4,"origin":"ch8","date":"2021-11-20T21:20:59","phones":[],"objects":[],"characters":[2],"vehicles":[],"interiors":[],"accounts":[],"content":"GIVEMONEY 50000","factions":[]}
{"action":4,"origin":"ch8","date":"2021-11-20T21:21:01","phones":[],"objects":[],"characters":[2],"vehicles":[],"interiors":[],"accounts":[],"content":"GIVEMONEY 50000","factions":[]}
{"action":4,"origin":"ch8","date":"2021-11-20T21:21:01","phones":[],"objects":[],"characters":[2],"vehicles":[],"interiors":[],"accounts":[],"content":"GIVEMONEY 50000","factions":[]}
{"action":4,"origin":"ch8","date":"2021-11-20T21:21:02","phones":[],"objects":[],"characters":[2],"vehicles":[],"interiors":[],"accounts":[],"content":"GIVEMONEY 50000","factions":[]}
{"action":4,"origin":"ch8","date":"2021-11-20T21:21:02","phones":[],"objects":[],"characters":[2],"vehicles":[],"interiors":[],"accounts":[],"content":"GIVEMONEY 50000","factions":[]}
{"action":4,"origin":"ch8","date":"2021-11-20T21:21:03","phones":[],"objects":[],"characters":[2],"vehicles":[],"interiors":[],"accounts":[],"content":"GIVEMONEY 50000","factions":[]}
{"action":4,"origin":"ch8","date":"2021-11-20T21:21:03","phones":[],"objects":[],"characters":[2],"vehicles":[],"interiors":[],"accounts":[],"content":"GIVEMONEY 50000","factions":[]}
{"action":4,"origin":"ch8","date":"2021-11-20T21:21:03","phones":[],"objects":[],"characters":[2],"vehicles":[],"interiors":[],"accounts":[],"content":"GIVEMONEY 50000","factions":[]}
{"action":4,"origin":"ch8","date":"2021-11-20T21:21:04","phones":[],"objects":[],"characters":[2],"vehicles":[],"interiors":[],"accounts":[],"content":"GIVEMONEY 50000","factions":[]}
{"action":4,"origin":"ch8","date":"2021-11-20T21:21:04","phones":[],"objects":[],"characters":[2],"vehicles":[],"interiors":[],"accounts":[],"content":"GIVEMONEY 50000","factions":[]}
{"action":4,"origin":"ch8","date":"2021-11-20T21:21:05","phones":[],"objects":[],"characters":[2],"vehicles":[],"interiors":[],"accounts":[],"content":"GIVEMONEY 50000","factions":[]}
{"action":7,"origin":"ch8","date":"2021-11-20T21:21:08","phones":[],"objects":[],"characters":[8,2],"vehicles":[],"interiors":[],"accounts":[],"content":"English: Labi","factions":[]}
{"action":6,"origin":"ch8","date":"2021-11-20T21:23:03","phones":[],"objects":[],"characters":[],"vehicles":[32],"interiors":[],"accounts":[],"content":"SPAWNVEH 'Sultan' $1 Faction #1","factions":[]}
{"action":31,"origin":"ch8","date":"2021-11-20T21:23:10","phones":[],"objects":[],"characters":[8],"vehicles":[32],"interiors":[],"accounts":[],"content":"STARTED ENGINE","factions":[]}
{"action":34,"origin":"ch2","date":"2021-11-20T21:23:24","phones":[],"objects":[],"characters":[2],"vehicles":[],"interiors":[],"accounts":[],"content":" got killed by an unknown source","factions":[]}
{"action":4,"origin":"ch8","date":"2021-11-20T21:24:36","phones":[],"objects":[],"characters":[2],"vehicles":[],"interiors":[],"accounts":[],"content":"REVIVED from PK","factions":[]}
{"action":31,"origin":"ch8","date":"2021-11-20T21:27:55","phones":[],"objects":[],"characters":[8],"vehicles":[32],"interiors":[],"accounts":[],"content":"STARTED ENGINE","factions":[]}
{"action":4,"origin":"ch8","date":"2021-11-20T21:28:05","phones":[],"objects":[],"characters":[8],"vehicles":[32],"interiors":[],"accounts":[],"content":"N\/A","factions":[]}
{"action":4,"origin":"ch8","date":"2021-11-20T21:28:08","phones":[],"objects":[],"characters":[8],"vehicles":[32],"interiors":[],"accounts":[],"content":"N\/A","factions":[]}
{"action":6,"origin":"ch8","date":"2021-11-20T21:28:37","phones":[],"objects":[],"characters":[2],"vehicles":[32],"interiors":[],"accounts":[],"content":"BLOWVEH","factions":[]}
{"action":34,"origin":"ch2","date":"2021-11-20T21:28:37","phones":[],"objects":[],"characters":[2],"vehicles":[],"interiors":[],"accounts":[],"content":" died","factions":[]}
{"action":4,"origin":"ch2","date":"2021-11-20T21:28:37","phones":[],"objects":[],"characters":[2],"vehicles":[],"interiors":[],"accounts":[],"content":"SLAP","factions":[]}
{"action":4,"origin":"ch2","date":"2021-11-20T21:28:39","phones":[],"objects":[],"characters":[2],"vehicles":[],"interiors":[],"accounts":[],"content":"REVIVED from PK","factions":[]}
{"action":40,"origin":"ch2","date":"2021-11-20T21:28:40","phones":[],"objects":[],"characters":[2,8],"vehicles":[],"interiors":[],"accounts":[],"content":"Suko Hashiwaro's left leg was hit.","factions":[]}
{"action":4,"origin":"ch2","date":"2021-11-20T21:28:50","phones":[],"objects":[],"characters":[2],"vehicles":[],"interiors":[],"accounts":[],"content":"AHEAL 100","factions":[]}
{"action":6,"origin":"ch2","date":"2021-11-20T21:30:20","phones":[],"objects":[],"characters":[],"vehicles":[33],"interiors":[],"accounts":[],"content":"SPAWNVEH 'Sweeper' CIVILLIAN","factions":[]}
{"action":6,"origin":"ch2","date":"2021-11-20T21:30:33","phones":[],"objects":[],"characters":[],"vehicles":[33],"interiors":[],"accounts":[],"content":"PARK","factions":[]}
{"action":6,"origin":"ch2","date":"2021-11-20T21:32:57","phones":[],"objects":[],"characters":[],"vehicles":[33],"interiors":[],"accounts":[],"content":"PARK","factions":[]}
{"action":31,"origin":"ch2","date":"2021-11-20T21:33:13","phones":[],"objects":[],"characters":[2],"vehicles":[33],"interiors":[],"accounts":[],"content":"STARTED ENGINE","factions":[]}
{"action":40,"origin":"ch2","date":"2021-11-20T21:33:14","phones":[],"objects":[],"characters":[2,8],"vehicles":[],"interiors":[],"accounts":[],"content":"Suko Hashiwaro buckles in their seatbelt.","factions":[]}
{"action":40,"origin":"ch2","date":"2021-11-20T21:34:53","phones":[],"objects":[],"characters":[2,8],"vehicles":[],"interiors":[],"accounts":[],"content":"Suko Hashiwaro unbuckles their seatbelt.","factions":[]}
{"action":6,"origin":"ch2","date":"2021-11-20T21:34:53","phones":[],"objects":[],"characters":[],"vehicles":[33],"interiors":[],"accounts":[],"content":"PARK","factions":[]}
{"action":8,"origin":"ch8","date":"2021-11-20T21:38:30","phones":[],"objects":[],"characters":[2,8],"vehicles":[],"interiors":[],"accounts":[],"content":"[ADDELEVATOR] There was an error while creating an elevator. Try again.","factions":[]}
{"action":7,"origin":"ch8","date":"2021-11-20T21:38:39","phones":[],"objects":[],"characters":[8],"vehicles":[],"interiors":[],"accounts":[],"content":"English: Adde","factions":[]}
{"action":4,"origin":"ch8","date":"2021-11-20T21:40:07","phones":[],"objects":[],"characters":[8],"vehicles":[],"interiors":[],"accounts":[],"content":"GIVEMONEY 500000","factions":[]}
{"action":4,"origin":"ch8","date":"2021-11-20T21:40:41","phones":[],"objects":[],"characters":[8],"vehicles":[],"interiors":[],"accounts":[],"content":"GIVEITEM Open Carry Weapon License 1","factions":[]}
{"action":4,"origin":"ch8","date":"2021-11-20T21:41:08","phones":[],"objects":[],"characters":[8],"vehicles":[],"interiors":[],"accounts":[],"content":"GIVEITEM Concealed Carry Weapon License - LSPD 1","factions":[]}
{"action":4,"origin":"ch8","date":"2021-11-20T21:41:10","phones":[],"objects":[],"characters":[8],"vehicles":[],"interiors":[],"accounts":[],"content":"GIVEITEM Concealed Carry Weapon License - SAHP 1","factions":[]}
{"action":8,"origin":"ch8","date":"2021-11-20T21:42:55","phones":[],"objects":[],"characters":[2,8],"vehicles":[],"interiors":[],"accounts":[],"content":"* You have no permission for this command","factions":[]}
{"action":7,"origin":"ch8","date":"2021-11-20T21:43:38","phones":[],"objects":[],"characters":[8],"vehicles":[],"interiors":[],"accounts":[],"content":"English: A","factions":[]}
{"action":6,"origin":"ch8","date":"2021-11-20T21:46:12","phones":[],"objects":[],"characters":[],"vehicles":[32],"interiors":[],"accounts":[],"content":"getveh","factions":[]}
{"action":40,"origin":"ch8","date":"2021-11-20T21:46:19","phones":[],"objects":[],"characters":[2,8],"vehicles":[],"interiors":[],"accounts":[],"content":"Franklin Martiez attempts to start the engine but fails.","factions":[]}
{"action":6,"origin":"ch8","date":"2021-11-20T21:46:26","phones":[],"objects":[],"characters":[8],"vehicles":[32],"interiors":[],"accounts":[],"content":"FIXVEH","factions":[]}
{"action":31,"origin":"ch8","date":"2021-11-20T21:46:27","phones":[],"objects":[],"characters":[8],"vehicles":[32],"interiors":[],"accounts":[],"content":"STARTED ENGINE","factions":[]}
{"action":6,"origin":"ch8","date":"2021-11-20T21:46:44","phones":[],"objects":[],"characters":[],"vehicles":[32],"interiors":[],"accounts":[],"content":"RESPAWN","factions":[]}
{"action":6,"origin":"ch8","date":"2021-11-20T21:46:56","phones":[],"objects":[],"characters":[],"vehicles":[33],"interiors":[],"accounts":[],"content":"gotocar","factions":[]}
{"action":6,"origin":"ch8","date":"2021-11-20T21:47:09","phones":[],"objects":[],"characters":[],"vehicles":[25],"interiors":[],"accounts":[],"content":"gotocar","factions":[]}
{"action":6,"origin":"ch8","date":"2021-11-20T21:47:27","phones":[],"objects":[],"characters":[],"vehicles":[28],"interiors":[],"accounts":[],"content":"gotocar","factions":[]}
{"action":6,"origin":"ch8","date":"2021-11-20T21:47:44","phones":[],"objects":[],"characters":[],"vehicles":[31],"interiors":[],"accounts":[],"content":"gotocar","factions":[]}
{"action":40,"origin":"ch8","date":"2021-11-20T21:48:02","phones":[],"objects":[],"characters":[8],"vehicles":[],"interiors":[],"accounts":[],"content":"Franklin Martiez attempts to start the engine but fails.","factions":[]}
{"action":6,"origin":"ch8","date":"2021-11-20T21:48:06","phones":[],"objects":[],"characters":[8],"vehicles":[15],"interiors":[],"accounts":[],"content":"FIXVEH","factions":[]}
{"action":31,"origin":"ch8","date":"2021-11-20T21:48:07","phones":[],"objects":[],"characters":[8],"vehicles":[15],"interiors":[],"accounts":[],"content":"STARTED ENGINE","factions":[]}
{"action":7,"origin":"ch8","date":"2021-11-20T21:49:39","phones":[],"objects":[],"characters":[8],"vehicles":[15,15],"interiors":[],"accounts":[],"content":"English: INCAR A","factions":[]}
{"action":6,"origin":"ch2","date":"2021-11-20T21:54:19","phones":[],"objects":[],"characters":[],"vehicles":[33],"interiors":[],"accounts":[],"content":"PARK","factions":[]}
{"action":31,"origin":"ch2","date":"2021-11-20T21:54:53","phones":[],"objects":[],"characters":[2],"vehicles":[],"interiors":[5],"accounts":[],"content":"ENTERED","factions":[]}
{"action":37,"origin":"ch2","date":"2021-11-20T21:54:53","phones":[],"objects":[],"characters":[],"vehicles":[],"interiors":[5],"accounts":[],"content":"gotoint","factions":[]}
{"action":31,"origin":"ch2","date":"2021-11-20T21:54:56","phones":[],"objects":[],"characters":[2],"vehicles":[],"interiors":[5],"accounts":[],"content":"ENTERED","factions":[]}
{"action":31,"origin":"ch2","date":"2021-11-20T21:55:19","phones":[],"objects":[],"characters":[2],"vehicles":[],"interiors":[5],"accounts":[],"content":"EXITED","factions":[]}
{"action":31,"origin":"ch2","date":"2021-11-20T21:55:29","phones":[],"objects":[],"characters":[2],"vehicles":[],"interiors":[4],"accounts":[],"content":"ENTERED","factions":[]}
{"action":37,"origin":"ch2","date":"2021-11-20T21:55:29","phones":[],"objects":[],"characters":[],"vehicles":[],"interiors":[4],"accounts":[],"content":"gotohouse","factions":[]}
{"action":31,"origin":"ch2","date":"2021-11-20T21:55:31","phones":[],"objects":[],"characters":[2],"vehicles":[],"interiors":[4],"accounts":[],"content":"ENTERED","factions":[]}
{"action":31,"origin":"ch8","date":"2021-11-20T21:55:34","phones":[],"objects":[],"characters":[8],"vehicles":[25],"interiors":[],"accounts":[],"content":"STARTED ENGINE","factions":[]}
{"action":37,"origin":"ch2","date":"2021-11-20T21:55:35","phones":[],"objects":[],"characters":[2],"vehicles":[],"interiors":[4],"accounts":[],"content":"SELLPROPERTY Suko_Hashiwaro => Suko Hashiwaro","factions":[]}
{"action":40,"origin":"ch8","date":"2021-11-20T21:55:36","phones":[],"objects":[],"characters":[8],"vehicles":[],"interiors":[],"accounts":[],"content":"Franklin Martiez buckles in their seatbelt.","factions":[]}
{"action":40,"origin":"ch8","date":"2021-11-20T21:56:06","phones":[],"objects":[],"characters":[8],"vehicles":[],"interiors":[],"accounts":[],"content":"Franklin Martiez unbuckles their seatbelt.","factions":[]}
{"action":31,"origin":"ch2","date":"2021-11-20T21:56:14","phones":[],"objects":[],"characters":[2],"vehicles":[],"interiors":[4],"accounts":[],"content":"EXITED","factions":[]}
{"action":31,"origin":"ch8","date":"2021-11-20T21:58:33","phones":[],"objects":[],"characters":[8],"vehicles":[],"interiors":[4],"accounts":[],"content":"ENTERED","factions":[]}
{"action":31,"origin":"ch8","date":"2021-11-20T21:58:42","phones":[],"objects":[],"characters":[8],"vehicles":[],"interiors":[4],"accounts":[],"content":"EXITED","factions":[]}
{"action":40,"origin":"ch2","date":"2021-11-20T22:00:20","phones":[],"objects":[],"characters":[2,8],"vehicles":[],"interiors":[],"accounts":[],"content":"Suko Hashiwaro's right leg was hit.","factions":[]}
{"action":4,"origin":"ch8","date":"2021-11-20T22:00:27","phones":[],"objects":[],"characters":[2],"vehicles":[],"interiors":[],"accounts":[],"content":"AHEAL 100","factions":[]}
{"action":4,"origin":"ch8","date":"2021-11-20T22:00:29","phones":[],"objects":[],"characters":[8],"vehicles":[],"interiors":[],"accounts":[],"content":"AHEAL 100","factions":[]}
{"action":6,"origin":"ch8","date":"2021-11-20T22:01:54","phones":[],"objects":[],"characters":[],"vehicles":[25],"interiors":[],"accounts":[],"content":"RESPAWN","factions":[]}
{"action":6,"origin":"ch8","date":"2021-11-20T22:01:57","phones":[],"objects":[],"characters":[],"vehicles":[25],"interiors":[],"accounts":[],"content":"getveh","factions":[]}
{"action":31,"origin":"ch8","date":"2021-11-20T22:02:02","phones":[],"objects":[],"characters":[8],"vehicles":[25],"interiors":[],"accounts":[],"content":"STARTED ENGINE","factions":[]}
{"action":4,"origin":"ch8","date":"2021-11-20T22:02:11","phones":[],"objects":[],"characters":[8],"vehicles":[],"interiors":[],"accounts":[],"content":"FREECAM","factions":[]}
{"action":6,"origin":"ch8","date":"2021-11-20T22:02:43","phones":[],"objects":[],"characters":[],"vehicles":[25],"interiors":[],"accounts":[],"content":"getveh","factions":[]}
{"action":4,"origin":"ch2","date":"2021-11-20T22:03:02","phones":[],"objects":[],"characters":[8],"vehicles":[],"interiors":[],"accounts":[],"content":"SLAP","factions":[]}
{"action":6,"origin":"ch2","date":"2021-11-20T22:03:27","phones":[],"objects":[],"characters":[2],"vehicles":[25],"interiors":[],"accounts":[],"content":"FIXVEH","factions":[]}
{"action":25,"origin":"ch2","date":"2021-11-20T22:03:34","phones":[],"objects":[],"characters":[2],"vehicles":[],"interiors":[],"accounts":[],"content":"CHARITY $600000","factions":[]}
{"action":4,"origin":"ch8","date":"2021-11-20T22:06:34","phones":[],"objects":[],"characters":[8],"vehicles":[],"interiors":[],"accounts":[],"content":"CHANGENAME Franklin Martiez -> Frankin_Martinez","factions":[]}
{"action":6,"origin":"ch2","date":"2021-11-20T22:06:40","phones":[],"objects":[],"characters":[],"vehicles":[25],"interiors":[],"accounts":[],"content":"PARK","factions":[]}
{"action":4,"origin":"ch8","date":"2021-11-20T22:06:41","phones":[],"objects":[],"characters":[8],"vehicles":[25],"interiors":[],"accounts":[],"content":"N\/A","factions":[]}
{"action":6,"origin":"ch2","date":"2021-11-20T22:07:07","phones":[],"objects":[],"characters":[2],"vehicles":[25],"interiors":[],"accounts":[],"content":"FIXVEH","factions":[]}
{"action":31,"origin":"ch2","date":"2021-11-20T22:07:12","phones":[],"objects":[],"characters":[2],"vehicles":[25],"interiors":[],"accounts":[],"content":"STARTED ENGINE","factions":[]}
{"action":6,"origin":"ch2","date":"2021-11-20T22:08:17","phones":[],"objects":[],"characters":[],"vehicles":[25],"interiors":[],"accounts":[],"content":"PARK","factions":[]}
{"action":27,"origin":"ac9","date":"2021-11-20T22:08:22","phones":[],"objects":[],"characters":[8],"vehicles":[],"interiors":[],"accounts":[9],"content":"Disconnected (Timed out) (Name: Frankin_Martinez)","factions":[]}
{"action":6,"origin":"ch2","date":"2021-11-20T22:09:37","phones":[],"objects":[],"characters":[],"vehicles":[25],"interiors":[],"accounts":[],"content":"PARK","factions":[]}
{"action":27,"origin":"ac9","date":"2021-11-20T22:10:06","phones":[],"objects":[],"characters":[],"vehicles":[],"interiors":[],"accounts":[9],"content":"Connected from 77.219.10.132 - F9F46672B1179BAF6C41AE169A8CA643","factions":[]}
{"action":27,"origin":"ac9","date":"2021-11-20T22:10:14","phones":[],"objects":[],"characters":[8],"vehicles":[],"interiors":[],"accounts":[9],"content":"Spawned","factions":[]}
{"action":4,"origin":"ch8","date":"2021-11-20T22:10:33","phones":[],"objects":[],"characters":[8],"vehicles":[],"interiors":[],"accounts":[],"content":"DISAPPEAR ENABLED","factions":[]}
{"action":4,"origin":"ch2","date":"2021-11-20T22:13:54","phones":[],"objects":[],"characters":[8],"vehicles":[],"interiors":[],"accounts":[],"content":"RECON","factions":[]}
{"action":6,"origin":"ch2","date":"2021-11-20T22:14:11","phones":[],"objects":[],"characters":[],"vehicles":[25],"interiors":[],"accounts":[],"content":"PARK","factions":[]}
{"action":6,"origin":"ch2","date":"2021-11-20T22:14:20","phones":[],"objects":[],"characters":[],"vehicles":[25],"interiors":[],"accounts":[],"content":"PARK","factions":[]}
{"action":6,"origin":"ch2","date":"2021-11-20T22:16:15","phones":[],"objects":[],"characters":[2],"vehicles":[25],"interiors":[],"accounts":[],"content":"FIXVEH","factions":[]}
{"action":6,"origin":"ch2","date":"2021-11-20T22:16:18","phones":[],"objects":[],"characters":[],"vehicles":[25],"interiors":[],"accounts":[],"content":"PARK","factions":[]}
{"action":6,"origin":"ch2","date":"2021-11-20T22:17:30","phones":[],"objects":[],"characters":[],"vehicles":[25],"interiors":[],"accounts":[],"content":"PARK","factions":[]}
{"action":31,"origin":"ch2","date":"2021-11-20T22:17:38","phones":[],"objects":[],"characters":[2],"vehicles":[25],"interiors":[],"accounts":[],"content":"STARTED ENGINE","factions":[]}
{"action":27,"origin":"ac9","date":"2021-11-20T22:23:54","phones":[],"objects":[],"characters":[8],"vehicles":[],"interiors":[],"accounts":[9],"content":"Disconnected (Timed out) (Name: Frankin_Martinez)","factions":[]}
{"action":27,"origin":"ac9","date":"2021-11-20T22:26:19","phones":[],"objects":[],"characters":[],"vehicles":[],"interiors":[],"accounts":[9],"content":"Connected from 77.219.10.132 - F9F46672B1179BAF6C41AE169A8CA643","factions":[]}
{"action":27,"origin":"ac9","date":"2021-11-20T22:26:28","phones":[],"objects":[],"characters":[8],"vehicles":[],"interiors":[],"accounts":[9],"content":"Spawned","factions":[]}
{"action":15,"origin":"ch8","date":"2021-11-20T22:26:34","phones":[],"objects":[],"characters":[8,2],"vehicles":[],"interiors":[],"accounts":[],"content":"PM neiet","factions":[]}
{"action":6,"origin":"ch2","date":"2021-11-20T22:26:40","phones":[],"objects":[],"characters":[],"vehicles":[25],"interiors":[],"accounts":[],"content":"PARK","factions":[]}
{"action":15,"origin":"ch2","date":"2021-11-20T22:26:50","phones":[],"objects":[],"characters":[2,8],"vehicles":[],"interiors":[],"accounts":[],"content":"dirs ","factions":[]}
{"action":15,"origin":"ch8","date":"2021-11-20T22:26:54","phones":[],"objects":[],"characters":[8,2],"vehicles":[],"interiors":[],"accounts":[],"content":"ja ","factions":[]}
{"action":34,"origin":"ch8","date":"2021-11-20T22:29:08","phones":[],"objects":[],"characters":[8],"vehicles":[],"interiors":[],"accounts":[],"content":" died","factions":[]}
{"action":4,"origin":"ch8","date":"2021-11-20T22:29:17","phones":[],"objects":[],"characters":[8],"vehicles":[],"interiors":[],"accounts":[],"content":"REVIVED from PK","factions":[]}
{"action":6,"origin":"ch2","date":"2021-11-20T22:29:21","phones":[],"objects":[],"characters":[],"vehicles":[34],"interiors":[],"accounts":[],"content":"SPAWNVEH 'Yankee' CIVILLIAN","factions":[]}
{"action":6,"origin":"ch2","date":"2021-11-20T22:29:34","phones":[],"objects":[],"characters":[],"vehicles":[35],"interiors":[],"accounts":[],"content":"SPAWNVEH 'Rumpo' CIVILLIAN","factions":[]}
{"action":6,"origin":"ch8","date":"2021-11-20T22:29:36","phones":[],"objects":[],"characters":[],"vehicles":[25],"interiors":[],"accounts":[],"content":"RESPAWN","factions":[]}
{"action":31,"origin":"ch8","date":"2021-11-20T22:29:49","phones":[],"objects":[],"characters":[8],"vehicles":[35],"interiors":[],"accounts":[],"content":"STARTED ENGINE","factions":[]}
{"action":31,"origin":"ch2","date":"2021-11-20T22:29:51","phones":[],"objects":[],"characters":[2],"vehicles":[34],"interiors":[],"accounts":[],"content":"STARTED ENGINE","factions":[]}
{"action":40,"origin":"ch2","date":"2021-11-20T22:29:53","phones":[],"objects":[],"characters":[2,8],"vehicles":[],"interiors":[],"accounts":[],"content":"Suko Hashiwaro buckles in their seatbelt.","factions":[]}
{"action":6,"origin":"ch8","date":"2021-11-20T22:31:21","phones":[],"objects":[],"characters":[8],"vehicles":[35],"interiors":[],"accounts":[],"content":"FIXVEH","factions":[]}
{"action":40,"origin":"ch2","date":"2021-11-20T22:31:36","phones":[],"objects":[],"characters":[2],"vehicles":[],"interiors":[],"accounts":[],"content":"Suko Hashiwaro unbuckles their seatbelt.","factions":[]}
{"action":6,"origin":"ch2","date":"2021-11-20T22:31:36","phones":[],"objects":[],"characters":[],"vehicles":[34],"interiors":[],"accounts":[],"content":"PARK","factions":[]}
{"action":6,"origin":"ch2","date":"2021-11-20T22:32:33","phones":[],"objects":[],"characters":[],"vehicles":[34],"interiors":[],"accounts":[],"content":"PARK","factions":[]}
{"action":27,"origin":"ac9","date":"2021-11-20T22:33:37","phones":[],"objects":[],"characters":[8],"vehicles":[],"interiors":[],"accounts":[9],"content":"Disconnected (Timed out) (Name: Frankin_Martinez)","factions":[]}
{"action":27,"origin":"ac9","date":"2021-11-20T22:34:09","phones":[],"objects":[],"characters":[],"vehicles":[],"interiors":[],"accounts":[9],"content":"Connected from 77.219.10.132 - F9F46672B1179BAF6C41AE169A8CA643","factions":[]}
{"action":27,"origin":"ac9","date":"2021-11-20T22:35:54","phones":[],"objects":[],"characters":[8],"vehicles":[],"interiors":[],"accounts":[9],"content":"Spawned","factions":[]}
{"action":4,"origin":"ch8","date":"2021-11-20T22:36:27","phones":[],"objects":[],"characters":[8],"vehicles":[],"interiors":[],"accounts":[],"content":"ANN Noone has big penis","factions":[]}
{"action":31,"origin":"ch8","date":"2021-11-20T22:36:38","phones":[],"objects":[],"characters":[8],"vehicles":[35],"interiors":[],"accounts":[],"content":"STARTED ENGINE","factions":[]}
{"action":6,"origin":"ch8","date":"2021-11-20T22:37:37","phones":[],"objects":[],"characters":[8],"vehicles":[35],"interiors":[],"accounts":[],"content":"FIXVEH","factions":[]}
{"action":31,"origin":"ch8","date":"2021-11-20T22:38:11","phones":[],"objects":[],"characters":[],"vehicles":[35],"interiors":[],"accounts":[],"content":"REPAIR TIRESWAP","factions":[]}
{"action":31,"origin":"ch8","date":"2021-11-20T22:38:22","phones":[],"objects":[],"characters":[8],"vehicles":[],"interiors":[1],"accounts":[],"content":"ENTERED","factions":[]}
{"action":37,"origin":"ch8","date":"2021-11-20T22:38:22","phones":[],"objects":[],"characters":[],"vehicles":[],"interiors":[1],"accounts":[],"content":"gotohouse","factions":[]}
{"action":31,"origin":"ch8","date":"2021-11-20T22:38:27","phones":[],"objects":[],"characters":[8],"vehicles":[],"interiors":[1],"accounts":[],"content":"ENTERED","factions":[]}
{"action":37,"origin":"ch8","date":"2021-11-20T22:38:27","phones":[],"objects":[],"characters":[],"vehicles":[],"interiors":[1],"accounts":[],"content":"gotohouse","factions":[]}
{"action":31,"origin":"ch8","date":"2021-11-20T22:38:27","phones":[],"objects":[],"characters":[8],"vehicles":[],"interiors":[1],"accounts":[],"content":"ENTERED","factions":[]}
{"action":37,"origin":"ch8","date":"2021-11-20T22:38:27","phones":[],"objects":[],"characters":[],"vehicles":[],"interiors":[1],"accounts":[],"content":"gotohouse","factions":[]}
{"action":31,"origin":"ch8","date":"2021-11-20T22:38:27","phones":[],"objects":[],"characters":[8],"vehicles":[],"interiors":[1],"accounts":[],"content":"ENTERED","factions":[]}
{"action":37,"origin":"ch8","date":"2021-11-20T22:38:27","phones":[],"objects":[],"characters":[],"vehicles":[],"interiors":[1],"accounts":[],"content":"gotohouse","factions":[]}
{"action":31,"origin":"ch8","date":"2021-11-20T22:38:28","phones":[],"objects":[],"characters":[8],"vehicles":[],"interiors":[1],"accounts":[],"content":"ENTERED","factions":[]}
{"action":37,"origin":"ch8","date":"2021-11-20T22:38:28","phones":[],"objects":[],"characters":[],"vehicles":[],"interiors":[1],"accounts":[],"content":"gotohouse","factions":[]}
{"action":31,"origin":"ch8","date":"2021-11-20T22:38:28","phones":[],"objects":[],"characters":[8],"vehicles":[],"interiors":[1],"accounts":[],"content":"ENTERED","factions":[]}
{"action":37,"origin":"ch8","date":"2021-11-20T22:38:28","phones":[],"objects":[],"characters":[],"vehicles":[],"interiors":[1],"accounts":[],"content":"gotohouse","factions":[]}
{"action":31,"origin":"ch8","date":"2021-11-20T22:38:28","phones":[],"objects":[],"characters":[8],"vehicles":[],"interiors":[1],"accounts":[],"content":"ENTERED","factions":[]}
{"action":37,"origin":"ch8","date":"2021-11-20T22:38:28","phones":[],"objects":[],"characters":[],"vehicles":[],"interiors":[1],"accounts":[],"content":"gotohouse","factions":[]}
{"action":31,"origin":"ch8","date":"2021-11-20T22:38:28","phones":[],"objects":[],"characters":[8],"vehicles":[],"interiors":[1],"accounts":[],"content":"ENTERED","factions":[]}
{"action":37,"origin":"ch8","date":"2021-11-20T22:38:28","phones":[],"objects":[],"characters":[],"vehicles":[],"interiors":[1],"accounts":[],"content":"gotohouse","factions":[]}
{"action":31,"origin":"ch8","date":"2021-11-20T22:38:28","phones":[],"objects":[],"characters":[8],"vehicles":[],"interiors":[1],"accounts":[],"content":"ENTERED","factions":[]}
{"action":37,"origin":"ch8","date":"2021-11-20T22:38:28","phones":[],"objects":[],"characters":[],"vehicles":[],"interiors":[1],"accounts":[],"content":"gotohouse","factions":[]}
{"action":31,"origin":"ch8","date":"2021-11-20T22:38:28","phones":[],"objects":[],"characters":[8],"vehicles":[],"interiors":[1],"accounts":[],"content":"ENTERED","factions":[]}
{"action":37,"origin":"ch8","date":"2021-11-20T22:38:28","phones":[],"objects":[],"characters":[],"vehicles":[],"interiors":[1],"accounts":[],"content":"gotohouse","factions":[]}
{"action":31,"origin":"ch8","date":"2021-11-20T22:38:29","phones":[],"objects":[],"characters":[8],"vehicles":[],"interiors":[1],"accounts":[],"content":"ENTERED","factions":[]}
{"action":37,"origin":"ch8","date":"2021-11-20T22:38:29","phones":[],"objects":[],"characters":[],"vehicles":[],"interiors":[1],"accounts":[],"content":"gotohouse","factions":[]}
{"action":31,"origin":"ch8","date":"2021-11-20T22:38:29","phones":[],"objects":[],"characters":[8],"vehicles":[],"interiors":[1],"accounts":[],"content":"ENTERED","factions":[]}
{"action":37,"origin":"ch8","date":"2021-11-20T22:38:29","phones":[],"objects":[],"characters":[],"vehicles":[],"interiors":[1],"accounts":[],"content":"gotohouse","factions":[]}
{"action":31,"origin":"ch8","date":"2021-11-20T22:38:38","phones":[],"objects":[],"characters":[8],"vehicles":[],"interiors":[1],"accounts":[],"content":"ENTERED","factions":[]}
{"action":37,"origin":"ch8","date":"2021-11-20T22:38:38","phones":[],"objects":[],"characters":[],"vehicles":[],"interiors":[1],"accounts":[],"content":"gotoint","factions":[]}
{"action":7,"origin":"ch8","date":"2021-11-20T22:38:43","phones":[],"objects":[],"characters":[8],"vehicles":[35],"interiors":[],"accounts":[],"content":"English: A","factions":[]}
{"action":31,"origin":"ch8","date":"2021-11-20T22:38:45","phones":[],"objects":[],"characters":[8],"vehicles":[],"interiors":[1],"accounts":[],"content":"ENTERED","factions":[]}
{"action":37,"origin":"ch8","date":"2021-11-20T22:38:45","phones":[],"objects":[],"characters":[],"vehicles":[],"interiors":[1],"accounts":[],"content":"gotoint","factions":[]}
{"action":37,"origin":"ch8","date":"2021-11-20T22:39:53","phones":[],"objects":[],"characters":[],"vehicles":[],"interiors":[6],"accounts":[],"content":"ADDINTERIOR T:0 I:119 C:8000","factions":[]}
{"action":37,"origin":"ch8","date":"2021-11-20T22:40:00","phones":[],"objects":[],"characters":[],"vehicles":[],"interiors":[6],"accounts":[],"content":"BUYPROPERTY TOKEN USED","factions":[]}
{"action":31,"origin":"ch8","date":"2021-11-20T22:40:09","phones":[],"objects":[],"characters":[8],"vehicles":[],"interiors":[6],"accounts":[],"content":"ENTERED","factions":[]}
{"action":6,"origin":"ch8","date":"2021-11-20T22:40:19","phones":[],"objects":[],"characters":[],"vehicles":[25],"interiors":[],"accounts":[],"content":"getveh","factions":[]}
{"action":6,"origin":"ch8","date":"2021-11-20T22:40:53","phones":[],"objects":[],"characters":[],"vehicles":[25],"interiors":[],"accounts":[],"content":"RESPAWN","factions":[]}
{"action":27,"origin":"ac9","date":"2021-11-20T22:41:05","phones":[],"objects":[],"characters":[8],"vehicles":[],"interiors":[],"accounts":[9],"content":"Disconnected (Timed out) (Name: Frankin_Martinez)","factions":[]}
{"action":40,"origin":"ch2","date":"2021-11-20T22:41:24","phones":[],"objects":[],"characters":[2],"vehicles":[],"interiors":[],"accounts":[],"content":"Suko Hashiwaro destroyed a Shell Casing.","factions":[]}
{"action":40,"origin":"ch2","date":"2021-11-20T22:41:25","phones":[],"objects":[],"characters":[2],"vehicles":[],"interiors":[],"accounts":[],"content":"Suko Hashiwaro takes out her Cellphone.","factions":[]}
{"action":27,"origin":"ac9","date":"2021-11-20T22:41:34","phones":[],"objects":[],"characters":[],"vehicles":[],"interiors":[],"accounts":[9],"content":"Connected from 77.219.10.132 - F9F46672B1179BAF6C41AE169A8CA643","factions":[]}
{"action":27,"origin":"ac9","date":"2021-11-20T22:41:43","phones":[],"objects":[],"characters":[8],"vehicles":[],"interiors":[],"accounts":[9],"content":"Spawned","factions":[]}
{"action":8,"origin":"ch8","date":"2021-11-20T22:41:55","phones":[],"objects":[],"characters":[2,8],"vehicles":[],"interiors":[],"accounts":[],"content":"eu","factions":[]}
{"action":8,"origin":"ch2","date":"2021-11-20T22:42:03","phones":[],"objects":[],"characters":[2,8],"vehicles":[],"interiors":[],"accounts":[],"content":"a?","factions":[]}
{"action":8,"origin":"ch8","date":"2021-11-20T22:42:03","phones":[],"objects":[],"characters":[2,8],"vehicles":[],"interiors":[],"accounts":[],"content":"mehaniki nevar uzlabot mahas","factions":[]}
{"action":8,"origin":"ch8","date":"2021-11-20T22:42:08","phones":[],"objects":[],"characters":[2,8],"vehicles":[],"interiors":[],"accounts":[],"content":"nevar krāsot nshit","factions":[]}
{"action":8,"origin":"ch2","date":"2021-11-20T22:42:11","phones":[],"objects":[],"characters":[2,8],"vehicles":[],"interiors":[],"accounts":[],"content":"var","factions":[]}
{"action":8,"origin":"ch2","date":"2021-11-20T22:42:14","phones":[],"objects":[],"characters":[2,8],"vehicles":[],"interiors":[],"accounts":[],"content":"interjera","factions":[]}
{"action":8,"origin":"ch8","date":"2021-11-20T22:42:16","phones":[],"objects":[],"characters":[2,8],"vehicles":[],"interiors":[],"accounts":[],"content":"vai tam vajag special tools ?","factions":[]}
{"action":8,"origin":"ch2","date":"2021-11-20T22:42:19","phones":[],"objects":[],"characters":[2,8],"vehicles":[],"interiors":[],"accounts":[],"content":"vai citā dimensijā","factions":[]}
{"action":8,"origin":"ch8","date":"2021-11-20T22:42:29","phones":[],"objects":[],"characters":[2,8],"vehicles":[],"interiors":[],"accounts":[],"content":"ble","factions":[]}
{"action":8,"origin":"ch8","date":"2021-11-20T22:42:33","phones":[],"objects":[],"characters":[2,8],"vehicles":[],"interiors":[],"accounts":[],"content":"atnac paskaties","factions":[]}
{"action":40,"origin":"ch2","date":"2021-11-20T22:42:38","phones":[],"objects":[],"characters":[2],"vehicles":[],"interiors":[],"accounts":[],"content":"Suko Hashiwaro puts down her Cellphone.","factions":[]}
{"action":31,"origin":"ch8","date":"2021-11-20T22:42:42","phones":[],"objects":[],"characters":[8],"vehicles":[],"interiors":[6],"accounts":[],"content":"ENTERED","factions":[]}
{"action":31,"origin":"ch2","date":"2021-11-20T22:42:45","phones":[],"objects":[],"characters":[2],"vehicles":[],"interiors":[6],"accounts":[],"content":"ENTERED","factions":[]}
{"action":6,"origin":"ch8","date":"2021-11-20T22:42:47","phones":[],"objects":[],"characters":[],"vehicles":[25],"interiors":[],"accounts":[],"content":"getveh","factions":[]}
{"action":8,"origin":"ch2","date":"2021-11-20T22:42:54","phones":[],"objects":[],"characters":[2,8],"vehicles":[],"interiors":[],"accounts":[],"content":"tas ir RS HAUL","factions":[]}
{"action":6,"origin":"ch2","date":"2021-11-20T22:42:58","phones":[],"objects":[],"characters":[],"vehicles":[6],"interiors":[],"accounts":[],"content":"getveh","factions":[]}
{"action":8,"origin":"ch8","date":"2021-11-20T22:42:59","phones":[],"objects":[],"characters":[2,8],"vehicles":[],"interiors":[],"accounts":[],"content":"nekas","factions":[]}
{"action":8,"origin":"ch8","date":"2021-11-20T22:43:03","phones":[],"objects":[],"characters":[2,8],"vehicles":[],"interiors":[],"accounts":[],"content":"krasot tapat nevar xd","factions":[]}
{"action":6,"origin":"ch8","date":"2021-11-20T22:43:09","phones":[],"objects":[],"characters":[],"vehicles":[6],"interiors":[],"accounts":[],"content":"MODDING PAINTJOB 1","factions":[]}
{"action":4,"origin":"ch8","date":"2021-11-20T22:43:45","phones":[],"objects":[],"characters":[8],"vehicles":[],"interiors":[],"accounts":[],"content":"AHEAL 100","factions":[]}
{"action":6,"origin":"ch2","date":"2021-11-20T22:44:00","phones":[],"objects":[],"characters":[],"vehicles":[6],"interiors":[],"accounts":[],"content":"getveh","factions":[]}
{"action":6,"origin":"ch2","date":"2021-11-20T22:44:06","phones":[],"objects":[],"characters":[],"vehicles":[6],"interiors":[],"accounts":[],"content":"getveh","factions":[]}
{"action":6,"origin":"ch2","date":"2021-11-20T22:44:13","phones":[],"objects":[],"characters":[],"vehicles":[7],"interiors":[],"accounts":[],"content":"getveh","factions":[]}
{"action":27,"origin":"ac9","date":"2021-11-20T22:44:14","phones":[],"objects":[],"characters":[8],"vehicles":[],"interiors":[],"accounts":[9],"content":"Disconnected (Timed out) (Name: Frankin_Martinez)","factions":[]}
{"action":4,"origin":"ch2","date":"2021-11-20T22:44:41","phones":[],"objects":[],"characters":[2],"vehicles":[],"interiors":[],"accounts":[],"content":"SETMONEY 10000","factions":[]}
{"action":27,"origin":"ac9","date":"2021-11-20T22:44:43","phones":[],"objects":[],"characters":[],"vehicles":[],"interiors":[],"accounts":[9],"content":"Connected from 77.219.10.132 - F9F46672B1179BAF6C41AE169A8CA643","factions":[]}
{"action":6,"origin":"ch2","date":"2021-11-20T22:44:46","phones":[],"objects":[],"characters":[],"vehicles":[6],"interiors":[],"accounts":[],"content":"MODDING PAINTJOB 3","factions":[]}
{"action":27,"origin":"ac9","date":"2021-11-20T22:44:51","phones":[],"objects":[],"characters":[8],"vehicles":[],"interiors":[],"accounts":[9],"content":"Spawned","factions":[]}
{"action":4,"origin":"ch2","date":"2021-11-20T22:44:56","phones":[],"objects":[],"characters":[2],"vehicles":[],"interiors":[],"accounts":[],"content":"SETMONEY 10000","factions":[]}
{"action":6,"origin":"ch2","date":"2021-11-20T22:45:06","phones":[],"objects":[],"characters":[],"vehicles":[6],"interiors":[],"accounts":[],"content":"MODDING REPAINT [ [ 245, 245, 245, 245, 245, 245, 245, 245, 245, 245, 245, 245 ] ]","factions":[]}
{"action":8,"origin":"ch2","date":"2021-11-20T22:45:09","phones":[],"objects":[],"characters":[2,8],"vehicles":[],"interiors":[],"accounts":[],"content":"var","factions":[]}
{"action":8,"origin":"ch8","date":"2021-11-20T22:45:13","phones":[],"objects":[],"characters":[2,8],"vehicles":[],"interiors":[],"accounts":[],"content":"blabi","factions":[]}
{"action":8,"origin":"ch2","date":"2021-11-20T22:45:13","phones":[],"objects":[],"characters":[2,8],"vehicles":[],"interiors":[],"accounts":[],"content":"un nedirs tu man te daudz","factions":[]}
{"action":8,"origin":"ch2","date":"2021-11-20T22:45:22","phones":[],"objects":[],"characters":[2],"vehicles":[],"interiors":[],"accounts":[],"content":"šis gamemode ir close to perfect stāvoklī","factions":[]}
{"action":3,"origin":"ch2","date":"2021-11-20T22:45:47","phones":[],"objects":[],"characters":[2,8],"vehicles":[],"interiors":[],"accounts":[],"content":"šis GM nav kaut kāda parodija, bet orģīnālais OWL","factions":[]}
{"action":3,"origin":"ch8","date":"2021-11-20T22:45:55","phones":[],"objects":[],"characters":[2,8],"vehicles":[],"interiors":[],"accounts":[],"content":"nekas","factions":[]}
{"action":3,"origin":"ch2","date":"2021-11-20T22:45:56","phones":[],"objects":[],"characters":[2,8],"vehicles":[],"interiors":[],"accounts":[],"content":"so viņš ir gandrīz perfektā stāvoklī","factions":[]}
{"action":3,"origin":"ch8","date":"2021-11-20T22:46:02","phones":[],"objects":[],"characters":[2,8],"vehicles":[],"interiors":[],"accounts":[],"content":"nekas","factions":[]}
{"action":31,"origin":"ch2","date":"2021-11-20T22:46:04","phones":[],"objects":[],"characters":[2],"vehicles":[7],"interiors":[],"accounts":[],"content":"STARTED ENGINE","factions":[]}
{"action":40,"origin":"ch8","date":"2021-11-20T22:46:15","phones":[],"objects":[],"characters":[8],"vehicles":[],"interiors":[],"accounts":[],"content":"Frankin Martinez buckles in their seatbelt.","factions":[]}
{"action":34,"origin":"ch8","date":"2021-11-20T22:46:35","phones":[],"objects":[],"characters":[8],"vehicles":[],"interiors":[],"accounts":[],"content":" died","factions":[]}
{"action":4,"origin":"ch8","date":"2021-11-20T22:46:43","phones":[],"objects":[],"characters":[8],"vehicles":[],"interiors":[],"accounts":[],"content":"REVIVED from PK","factions":[]}
{"action":6,"origin":"ch2","date":"2021-11-20T22:46:46","phones":[],"objects":[],"characters":[],"vehicles":[7],"interiors":[],"accounts":[],"content":"PARK","factions":[]}
{"action":27,"origin":"ac9","date":"2021-11-20T22:47:11","phones":[],"objects":[],"characters":[8],"vehicles":[],"interiors":[],"accounts":[9],"content":"Disconnected (Timed out) (Name: Frankin_Martinez)","factions":[]}
{"action":27,"origin":"ac9","date":"2021-11-20T22:47:50","phones":[],"objects":[],"characters":[],"vehicles":[],"interiors":[],"accounts":[9],"content":"Connected from 77.219.10.132 - F9F46672B1179BAF6C41AE169A8CA643","factions":[]}
{"action":27,"origin":"ac9","date":"2021-11-20T22:47:59","phones":[],"objects":[],"characters":[8],"vehicles":[],"interiors":[],"accounts":[9],"content":"Spawned","factions":[]}
{"action":40,"origin":"ch8","date":"2021-11-20T22:48:11","phones":[],"objects":[],"characters":[8],"vehicles":[],"interiors":[],"accounts":[],"content":"Frankin Martinez buckles in their seatbelt.","factions":[]}
{"action":4,"origin":"ch8","date":"2021-11-20T22:48:43","phones":[],"objects":[],"characters":[8],"vehicles":[],"interiors":[],"accounts":[],"content":"AHEAL 100","factions":[]}
{"action":4,"origin":"ch8","date":"2021-11-20T22:48:53","phones":[],"objects":[],"characters":[8],"vehicles":[6],"interiors":[],"accounts":[],"content":"N\/A","factions":[]}
{"action":6,"origin":"ch2","date":"2021-11-20T22:49:28","phones":[],"objects":[],"characters":[],"vehicles":[7],"interiors":[],"accounts":[],"content":"PARK","factions":[]}
{"action":40,"origin":"ch2","date":"2021-11-20T22:49:28","phones":[],"objects":[],"characters":[2,8],"vehicles":[],"interiors":[],"accounts":[],"content":"Suko Hashiwaro's right leg was hit.","factions":[]}
{"action":40,"origin":"ch2","date":"2021-11-20T22:49:29","phones":[],"objects":[],"characters":[2,8],"vehicles":[],"interiors":[],"accounts":[],"content":"Suko Hashiwaro's left leg was hit.","factions":[]}
{"action":4,"origin":"ch2","date":"2021-11-20T22:49:40","phones":[],"objects":[],"characters":[2],"vehicles":[],"interiors":[],"accounts":[],"content":"AHEAL 100","factions":[]}
{"action":4,"origin":"ch2","date":"2021-11-20T22:49:44","phones":[],"objects":[],"characters":[8],"vehicles":[],"interiors":[],"accounts":[],"content":"AHEAL 100","factions":[]}
{"action":6,"origin":"ch2","date":"2021-11-20T22:49:51","phones":[],"objects":[],"characters":[],"vehicles":[7],"interiors":[],"accounts":[],"content":"PARK","factions":[]}
{"action":40,"origin":"ch8","date":"2021-11-20T22:50:23","phones":[],"objects":[],"characters":[2,8],"vehicles":[],"interiors":[],"accounts":[],"content":"Frankin Martinez unbuckles their seatbelt.","factions":[]}
{"action":8,"origin":"ch8","date":"2021-11-20T22:50:25","phones":[],"objects":[],"characters":[8],"vehicles":[],"interiors":[],"accounts":[],"content":"6","factions":[]}
{"action":6,"origin":"ch8","date":"2021-11-20T22:51:58","phones":[],"objects":[],"characters":[],"vehicles":[25],"interiors":[],"accounts":[],"content":"getveh","factions":[]}
{"action":31,"origin":"ch8","date":"2021-11-20T22:52:03","phones":[],"objects":[],"characters":[8],"vehicles":[25],"interiors":[],"accounts":[],"content":"STARTED ENGINE","factions":[]}
{"action":40,"origin":"ch8","date":"2021-11-20T22:53:41","phones":[],"objects":[],"characters":[8],"vehicles":[],"interiors":[],"accounts":[],"content":"Frankin Martinez buckles in their seatbelt.","factions":[]}
{"action":40,"origin":"ch2","date":"2021-11-20T22:53:43","phones":[],"objects":[],"characters":[2,8],"vehicles":[],"interiors":[],"accounts":[],"content":"Suko Hashiwaro's left leg was hit.","factions":[]}
{"action":34,"origin":"ch8","date":"2021-11-20T22:53:53","phones":[],"objects":[],"characters":[8],"vehicles":[],"interiors":[],"accounts":[],"content":" died","factions":[]}
{"action":4,"origin":"ch8","date":"2021-11-20T22:53:58","phones":[],"objects":[],"characters":[8],"vehicles":[],"interiors":[],"accounts":[],"content":"REVIVED from PK","factions":[]}
{"action":27,"origin":"ac9","date":"2021-11-20T22:54:10","phones":[],"objects":[],"characters":[8],"vehicles":[],"interiors":[],"accounts":[9],"content":"Disconnected (Quit) (Name: Frankin_Martinez)","factions":[]}
{"action":8,"origin":"ch2","date":"2021-11-20T23:00:34","phones":[],"objects":[],"characters":[2],"vehicles":[],"interiors":[],"accounts":[],"content":"b","factions":[]}
{"action":4,"origin":"ch2","date":"2021-11-20T23:02:41","phones":[],"objects":[],"characters":[2],"vehicles":[],"interiors":[],"accounts":[],"content":"AHEAL 100","factions":[]}
{"action":27,"origin":"ac3","date":"2021-11-20T23:03:56","phones":[],"objects":[],"characters":[2],"vehicles":[],"interiors":[],"accounts":[3],"content":"Disconnected (Quit) (Name: Suko_Hashiwaro)","factions":[]}
{"action":27,"origin":"ac6","date":"2021-11-21T07:58:58","phones":[],"objects":[],"characters":[],"vehicles":[],"interiors":[],"accounts":[6],"content":"Connected from 85.254.74.147 - 282922DCC31864B11E27D3625036AF04","factions":[]}
