{"action":27,"origin":"ac4","date":"2021-11-15T09:31:37","phones":[],"objects":[],"characters":[3],"vehicles":[],"interiors":[],"accounts":[4],"content":"Spawned","factions":[]}
{"action":39,"origin":"ch3","date":"2021-11-15T09:36:07","phones":[],"objects":[],"characters":[3],"vehicles":[],"interiors":[],"accounts":[],"content":"Chiggy_Mcniggy -> ~World #334 - San Andreas Identification Card - Chiggy_Mcniggy;Male;January 1st, 2005;A1EE00147E3613B147EE0B771C8BD2A2 @ (1737.3805, -1642.663, 43.385315) in (int 0, dim 0)","factions":[]}
{"action":40,"origin":"ch3","date":"2021-11-15T09:36:07","phones":[],"objects":[],"characters":[3],"vehicles":[],"interiors":[],"accounts":[],"content":"Chiggy Mcniggy dropped a San Andreas Identification Card.","factions":[]}
{"action":40,"origin":"ch3","date":"2021-11-15T09:36:17","phones":[],"objects":[],"characters":[3],"vehicles":[],"interiors":[],"accounts":[],"content":"Chiggy Mcniggy's right leg was hit.","factions":[]}
{"action":4,"origin":"ch3","date":"2021-11-15T09:36:46","phones":[],"objects":[],"characters":[3],"vehicles":[],"interiors":[],"accounts":[],"content":"AHEAL 100","factions":[]}
{"action":4,"origin":"ch3","date":"2021-11-15T09:36:50","phones":[],"objects":[],"characters":[3],"vehicles":[],"interiors":[],"accounts":[],"content":"gotoitem #152","factions":[]}
{"action":4,"origin":"ch3","date":"2021-11-15T09:36:53","phones":[],"objects":[],"characters":[3],"vehicles":[],"interiors":[],"accounts":[],"content":"gotoitem #1","factions":[]}
{"action":4,"origin":"ch3","date":"2021-11-15T09:36:56","phones":[],"objects":[],"characters":[3],"vehicles":[],"interiors":[],"accounts":[],"content":"gotoitem #2","factions":[]}
{"action":4,"origin":"ch3","date":"2021-11-15T09:36:57","phones":[],"objects":[],"characters":[3],"vehicles":[],"interiors":[],"accounts":[],"content":"gotoitem #3","factions":[]}
{"action":4,"origin":"ch3","date":"2021-11-15T09:36:58","phones":[],"objects":[],"characters":[3],"vehicles":[],"interiors":[],"accounts":[],"content":"gotoitem #4","factions":[]}
{"action":4,"origin":"ch3","date":"2021-11-15T09:37:01","phones":[],"objects":[],"characters":[3],"vehicles":[],"interiors":[],"accounts":[],"content":"gotoitem #10","factions":[]}
{"action":4,"origin":"ch3","date":"2021-11-15T09:37:03","phones":[],"objects":[],"characters":[3],"vehicles":[],"interiors":[],"accounts":[],"content":"gotoitem #50","factions":[]}
{"action":4,"origin":"ch3","date":"2021-11-15T09:37:06","phones":[],"objects":[],"characters":[3],"vehicles":[],"interiors":[],"accounts":[],"content":"gotoitem #150","factions":[]}
{"action":4,"origin":"ch3","date":"2021-11-15T09:37:09","phones":[],"objects":[],"characters":[3],"vehicles":[],"interiors":[],"accounts":[],"content":"gotoitem #200","factions":[]}
{"action":4,"origin":"ch3","date":"2021-11-15T09:37:11","phones":[],"objects":[],"characters":[3],"vehicles":[],"interiors":[],"accounts":[],"content":"gotoitem #334","factions":[]}
{"action":39,"origin":"ch3","date":"2021-11-15T09:37:15","phones":[],"objects":[334],"characters":[],"vehicles":[],"interiors":[],"accounts":[],"content":"~World #334 @ (1737.3804931641, -1642.6629638672, 43.385314941406) in (int 0, dim 0) ->Chiggy_Mcniggy - San Andreas Identification Card - Chiggy_Mcniggy;Male;January 1st, 2005;A1EE00147E3613B147EE0B771C8BD2A2","factions":[]}
{"action":40,"origin":"ch3","date":"2021-11-15T09:37:15","phones":[],"objects":[],"characters":[3],"vehicles":[],"interiors":[],"accounts":[],"content":"Chiggy Mcniggy bends over and picks up a San Andreas Identification Card.","factions":[]}
{"action":39,"origin":"ch3","date":"2021-11-15T09:39:54","phones":[],"objects":[],"characters":[3],"vehicles":[],"interiors":[],"accounts":[],"content":"Chiggy_Mcniggy -> ~World #335 - Money - 1000 @ (1740.3975, -1642.7085, 43.391205) in (int 0, dim 0)","factions":[]}
{"action":40,"origin":"ch3","date":"2021-11-15T09:39:54","phones":[],"objects":[],"characters":[3],"vehicles":[],"interiors":[],"accounts":[],"content":"Chiggy Mcniggy dropped $1,000.","factions":[]}
{"action":39,"origin":"ch3","date":"2021-11-15T09:39:56","phones":[],"objects":[335],"characters":[],"vehicles":[],"interiors":[],"accounts":[],"content":"~World #335 @ (1740.3974609375, -1642.7084960938, 43.431205749512) in (int 0, dim 0) ->Chiggy_Mcniggy - Money - 1000","factions":[]}
{"action":40,"origin":"ch3","date":"2021-11-15T09:39:56","phones":[],"objects":[],"characters":[3],"vehicles":[],"interiors":[],"accounts":[],"content":"Chiggy Mcniggy bends over and picks up $1,000.","factions":[]}
{"action":39,"origin":"ch3","date":"2021-11-15T09:41:52","phones":[],"objects":[],"characters":[3],"vehicles":[],"interiors":[],"accounts":[],"content":"Chiggy_Mcniggy -> ~World #336 - Money - 99847 @ (1741.1285, -1644.2405, 43.392635) in (int 0, dim 0)","factions":[]}
{"action":40,"origin":"ch3","date":"2021-11-15T09:41:52","phones":[],"objects":[],"characters":[3],"vehicles":[],"interiors":[],"accounts":[],"content":"Chiggy Mcniggy dropped $99,847.","factions":[]}
{"action":39,"origin":"ch3","date":"2021-11-15T09:42:02","phones":[],"objects":[336],"characters":[],"vehicles":[],"interiors":[],"accounts":[],"content":"~World #336 @ (1741.1285400391, -1644.2404785156, 43.792636871338) in (int 0, dim 0) ->Chiggy_Mcniggy - Money - 99847","factions":[]}
{"action":40,"origin":"ch3","date":"2021-11-15T09:42:02","phones":[],"objects":[],"characters":[3],"vehicles":[],"interiors":[],"accounts":[],"content":"Chiggy Mcniggy bends over and picks up $99,847.","factions":[]}
{"action":4,"origin":"ch3","date":"2021-11-15T09:44:16","phones":[],"objects":[],"characters":[3],"vehicles":[],"interiors":[],"accounts":[],"content":"GIVEITEM Viozy Equalizer Heatwave Heat Gun 189","factions":[]}
{"action":40,"origin":"ch3","date":"2021-11-15T09:44:28","phones":[],"objects":[],"characters":[3],"vehicles":[],"interiors":[],"accounts":[],"content":"Chiggy Mcniggy shows everyone a Viozy Equalizer Heatwave Heat Gun.","factions":[]}
{"action":6,"origin":"ch3","date":"2021-11-15T10:00:43","phones":[],"objects":[],"characters":[],"vehicles":[20],"interiors":[],"accounts":[],"content":"SPAWNVEH 'Sparrow' CIVILLIAN","factions":[]}
{"action":27,"origin":"ac6","date":"2021-11-15T10:04:57","phones":[],"objects":[],"characters":[],"vehicles":[],"interiors":[],"accounts":[6],"content":"Connected from 213.226.141.172 - 282922DCC31864B11E27D3625036AF04","factions":[]}
{"action":27,"origin":"ac6","date":"2021-11-15T10:05:06","phones":[],"objects":[],"characters":[5],"vehicles":[],"interiors":[],"accounts":[6],"content":"Spawned","factions":[]}
{"action":31,"origin":"ch5","date":"2021-11-15T10:05:27","phones":[],"objects":[],"characters":[5],"vehicles":[20],"interiors":[],"accounts":[],"content":"STARTED ENGINE","factions":[]}
{"action":27,"origin":"ac8","date":"2021-11-15T10:06:03","phones":[],"objects":[],"characters":[],"vehicles":[],"interiors":[],"accounts":[8],"content":"Connected from 89.254.159.39 - C0C528888A731D11D7BC4A5053773EF4","factions":[]}
{"action":27,"origin":"ac8","date":"2021-11-15T10:06:49","phones":[],"objects":[],"characters":[7],"vehicles":[],"interiors":[],"accounts":[8],"content":"Created","factions":[]}
{"action":27,"origin":"ac8","date":"2021-11-15T10:06:49","phones":[],"objects":[],"characters":[7],"vehicles":[],"interiors":[],"accounts":[8],"content":"Spawned","factions":[]}
{"action":15,"origin":"ch7","date":"2021-11-15T10:07:16","phones":[],"objects":[],"characters":[7,3],"vehicles":[],"interiors":[],"accounts":[],"content":"es vell i vajadzīgs ? :D","factions":[]}
{"action":8,"origin":"ch3","date":"2021-11-15T10:07:31","phones":[],"objects":[],"characters":[3,5,7],"vehicles":[],"interiors":[],"accounts":[],"content":"pieej klat un uzraksti \/grab pie vinam heli kamer ir gaisa","factions":[]}
{"action":8,"origin":"ch3","date":"2021-11-15T10:07:41","phones":[],"objects":[],"characters":[3,5,7],"vehicles":[],"interiors":[],"accounts":[],"content":"vins biku cakarigs","factions":[]}
{"action":8,"origin":"ch3","date":"2021-11-15T10:07:42","phones":[],"objects":[],"characters":[3,5,7],"vehicles":[],"interiors":[],"accounts":[],"content":"vo","factions":[]}
{"action":8,"origin":"ch7","date":"2021-11-15T10:07:57","phones":[],"objects":[],"characters":[3,5,7],"vehicles":[],"interiors":[],"accounts":[],"content":"tev habut bik augstak","factions":[]}
{"action":7,"origin":"ch7","date":"2021-11-15T10:08:01","phones":[],"objects":[],"characters":[7,3,5],"vehicles":[],"interiors":[],"accounts":[],"content":"English: Tev habut bik augstak","factions":[]}
{"action":8,"origin":"ch3","date":"2021-11-15T10:08:13","phones":[],"objects":[],"characters":[3,5,7],"vehicles":[],"interiors":[],"accounts":[],"content":"otra puse?","factions":[]}
{"action":8,"origin":"ch3","date":"2021-11-15T10:08:24","phones":[],"objects":[],"characters":[3,5,7],"vehicles":[],"interiors":[],"accounts":[],"content":"es jebal","factions":[]}
{"action":8,"origin":"ch3","date":"2021-11-15T10:08:27","phones":[],"objects":[],"characters":[3,5,7],"vehicles":[],"interiors":[],"accounts":[],"content":"tik epic","factions":[]}
{"action":8,"origin":"ch7","date":"2021-11-15T10:08:34","phones":[],"objects":[],"characters":[3,5,7],"vehicles":[],"interiors":[],"accounts":[],"content":"Juuu","factions":[]}
{"action":8,"origin":"ch7","date":"2021-11-15T10:08:58","phones":[],"objects":[],"characters":[3,5,7],"vehicles":[],"interiors":[],"accounts":[],"content":"Šitais viss interface kas būs tik sick izsktās","factions":[]}
{"action":8,"origin":"ch7","date":"2021-11-15T10:09:10","phones":[],"objects":[],"characters":[3,5,7],"vehicles":[],"interiors":[],"accounts":[],"content":"tik es bik apšaubu to domu ar tokeniem ykyk","factions":[]}
{"action":6,"origin":"ch3","date":"2021-11-15T10:09:45","phones":[],"objects":[],"characters":[],"vehicles":[21],"interiors":[],"accounts":[],"content":"SPAWNVEH 'Maverick' CIVILLIAN","factions":[]}
{"action":31,"origin":"ch3","date":"2021-11-15T10:09:52","phones":[],"objects":[],"characters":[3],"vehicles":[21],"interiors":[],"accounts":[],"content":"STARTED ENGINE","factions":[]}
{"action":40,"origin":"ch3","date":"2021-11-15T10:09:53","phones":[],"objects":[],"characters":[3,5,7],"vehicles":[],"interiors":[],"accounts":[],"content":"Chiggy Mcniggy buckles in their seatbelt.","factions":[]}
{"action":40,"origin":"ch3","date":"2021-11-15T10:10:01","phones":[],"objects":[],"characters":[3,5,7],"vehicles":[],"interiors":[],"accounts":[],"content":"Chiggy Mcniggy unbuckles their seatbelt.","factions":[]}
{"action":6,"origin":"ch3","date":"2021-11-15T10:10:06","phones":[],"objects":[],"characters":[],"vehicles":[21],"interiors":[],"accounts":[],"content":"getveh","factions":[]}
{"action":40,"origin":"ch3","date":"2021-11-15T10:10:13","phones":[],"objects":[],"characters":[3,5,7],"vehicles":[],"interiors":[],"accounts":[],"content":"Chiggy Mcniggy buckles in their seatbelt.","factions":[]}
{"action":27,"origin":"ac7","date":"2021-11-15T10:11:29","phones":[],"objects":[],"characters":[],"vehicles":[],"interiors":[],"accounts":[7],"content":"Connected from 46.109.17.200 - BC75E34795251D607E588791686F9702","factions":[]}
{"action":40,"origin":"ch3","date":"2021-11-15T10:11:33","phones":[],"objects":[],"characters":[3,5,7],"vehicles":[],"interiors":[],"accounts":[],"content":"Chiggy Mcniggy unbuckles their seatbelt.","factions":[]}
{"action":27,"origin":"ac7","date":"2021-11-15T10:11:37","phones":[],"objects":[],"characters":[6],"vehicles":[],"interiors":[],"accounts":[7],"content":"Spawned","factions":[]}
{"action":6,"origin":"ch5","date":"2021-11-15T10:11:38","phones":[],"objects":[],"characters":[],"vehicles":[19],"interiors":[],"accounts":[],"content":"getveh","factions":[]}
{"action":40,"origin":"ch5","date":"2021-11-15T10:11:43","phones":[],"objects":[],"characters":[3,5,7],"vehicles":[],"interiors":[],"accounts":[],"content":"Seko Hashiwaro presses on the key to unlock the vehicle. ((1941 Tanks BĻE))","factions":[]}
{"action":31,"origin":"ch5","date":"2021-11-15T10:11:43","phones":[],"objects":[],"characters":[],"vehicles":[19],"interiors":[],"accounts":[],"content":"UNLOCK FROM OUTSIDE","factions":[]}
{"action":40,"origin":"ch5","date":"2021-11-15T10:12:00","phones":[],"objects":[],"characters":[3,5,7,6],"vehicles":[],"interiors":[],"accounts":[],"content":"Seko Hashiwaro locks the vehicle doors.","factions":[]}
{"action":31,"origin":"ch5","date":"2021-11-15T10:12:00","phones":[],"objects":[],"characters":[],"vehicles":[19],"interiors":[],"accounts":[],"content":"LOCK FROM INSIDE","factions":[]}
{"action":8,"origin":"ch6","date":"2021-11-15T10:12:03","phones":[],"objects":[],"characters":[3,7,6],"vehicles":[],"interiors":[],"accounts":[],"content":"nah tankam rāda , ka tonēti logi ?:D","factions":[]}
{"action":8,"origin":"ch7","date":"2021-11-15T10:12:12","phones":[],"objects":[],"characters":[3,7,6],"vehicles":[],"interiors":[],"accounts":[],"content":":D","factions":[]}
{"action":8,"origin":"ch3","date":"2021-11-15T10:12:12","phones":[],"objects":[],"characters":[3,7,6],"vehicles":[],"interiors":[],"accounts":[],"content":"var piekerties pie heliem","factions":[]}
{"action":8,"origin":"ch3","date":"2021-11-15T10:12:14","phones":[],"objects":[],"characters":[3,7,6],"vehicles":[],"interiors":[],"accounts":[],"content":"tas ir tik zbis","factions":[]}
{"action":8,"origin":"ch6","date":"2021-11-15T10:12:27","phones":[],"objects":[],"characters":[5,7,6],"vehicles":[],"interiors":[],"accounts":[],"content":"kā?","factions":[]}
{"action":4,"origin":"ch6","date":"2021-11-15T10:12:58","phones":[],"objects":[],"characters":[7],"vehicles":[],"interiors":[],"accounts":[],"content":"GIVEMONEY 1","factions":[]}
{"action":40,"origin":"ch6","date":"2021-11-15T10:13:17","phones":[],"objects":[],"characters":[3,5,7,6],"vehicles":[],"interiors":[],"accounts":[],"content":"Jerry Wilson's right leg was hit.","factions":[]}
{"action":8,"origin":"ch7","date":"2021-11-15T10:13:42","phones":[],"objects":[],"characters":[3,7,6],"vehicles":[],"interiors":[],"accounts":[],"content":"C0C528888A731D11D7BC4A5053773EF4","factions":[]}
{"action":8,"origin":"ch6","date":"2021-11-15T10:13:55","phones":[],"objects":[],"characters":[3,7,6],"vehicles":[],"interiors":[],"accounts":[],"content":"?","factions":[]}
{"action":4,"origin":"ch6","date":"2021-11-15T10:14:23","phones":[],"objects":[],"characters":[6],"vehicles":[],"interiors":[],"accounts":[],"content":"SLAP","factions":[]}
{"action":4,"origin":"ch6","date":"2021-11-15T10:14:25","phones":[],"objects":[],"characters":[6],"vehicles":[],"interiors":[],"accounts":[],"content":"SLAP","factions":[]}
{"action":4,"origin":"ch6","date":"2021-11-15T10:14:26","phones":[],"objects":[],"characters":[6],"vehicles":[],"interiors":[],"accounts":[],"content":"SLAP","factions":[]}
{"action":4,"origin":"ch6","date":"2021-11-15T10:14:28","phones":[],"objects":[],"characters":[6],"vehicles":[],"interiors":[],"accounts":[],"content":"SLAP","factions":[]}
{"action":4,"origin":"ch6","date":"2021-11-15T10:14:30","phones":[],"objects":[],"characters":[6],"vehicles":[],"interiors":[],"accounts":[],"content":"SLAP","factions":[]}
{"action":34,"origin":"ch6","date":"2021-11-15T10:14:31","phones":[],"objects":[],"characters":[6],"vehicles":[],"interiors":[],"accounts":[],"content":" died","factions":[]}
{"action":4,"origin":"ch6","date":"2021-11-15T10:14:35","phones":[],"objects":[],"characters":[6],"vehicles":[],"interiors":[],"accounts":[],"content":"REVIVED from PK","factions":[]}
{"action":6,"origin":"ch6","date":"2021-11-15T10:14:50","phones":[],"objects":[],"characters":[],"vehicles":[19],"interiors":[],"accounts":[],"content":"DELVEH","factions":[]}
{"action":8,"origin":"ch5","date":"2021-11-15T10:14:54","phones":[],"objects":[],"characters":[5,6],"vehicles":[],"interiors":[],"accounts":[],"content":"eu ble","factions":[]}
{"action":8,"origin":"ch6","date":"2021-11-15T10:14:56","phones":[],"objects":[],"characters":[5,7,6],"vehicles":[],"interiors":[],"accounts":[],"content":":D","factions":[]}
{"action":8,"origin":"ch6","date":"2021-11-15T10:15:45","phones":[],"objects":[],"characters":[3,5,7,6],"vehicles":[],"interiors":[],"accounts":[],"content":"kāds ir max level viļņiem?","factions":[]}
{"action":8,"origin":"ch6","date":"2021-11-15T10:16:01","phones":[],"objects":[],"characters":[3,7,6],"vehicles":[],"interiors":[],"accounts":[],"content":"pizda","factions":[]}
{"action":8,"origin":"ch3","date":"2021-11-15T10:16:10","phones":[],"objects":[],"characters":[3,5,7,6],"vehicles":[],"interiors":[],"accounts":[],"content":"es pis bet vins tikai tuvuma renderojas","factions":[]}
{"action":24,"origin":"ch6","date":"2021-11-15T10:17:26","phones":[],"objects":[],"characters":[3,5,7,6],"vehicles":[],"interiors":[],"accounts":[],"content":"ko no manis vajag pašlaik?","factions":[]}
{"action":8,"origin":"ch3","date":"2021-11-15T10:17:41","phones":[],"objects":[],"characters":[3,5,6],"vehicles":[],"interiors":[],"accounts":[],"content":"nu man vajadzeja iztestet helu piekersanas sistemu, bet visu apskatijam","factions":[]}
{"action":3,"origin":"ch7","date":"2021-11-15T10:17:42","phones":[],"objects":[],"characters":[3,5,7,6],"vehicles":[],"interiors":[],"accounts":[],"content":"idk","factions":[]}
{"action":8,"origin":"ch6","date":"2021-11-15T10:17:56","phones":[],"objects":[],"characters":[3,5,7,6],"vehicles":[],"interiors":[],"accounts":[],"content":"paradi","factions":[]}
{"action":8,"origin":"ch6","date":"2021-11-15T10:17:59","phones":[],"objects":[],"characters":[3,5,7,6],"vehicles":[],"interiors":[],"accounts":[],"content":"to piekershanos","factions":[]}
{"action":6,"origin":"ch3","date":"2021-11-15T10:18:23","phones":[],"objects":[],"characters":[],"vehicles":[22],"interiors":[],"accounts":[],"content":"SPAWNVEH 'Sparrow' CIVILLIAN","factions":[]}
{"action":8,"origin":"ch3","date":"2021-11-15T10:18:26","phones":[],"objects":[],"characters":[3,5,6],"vehicles":[],"interiors":[],"accounts":[],"content":"es palidosu gaisa","factions":[]}
{"action":8,"origin":"ch3","date":"2021-11-15T10:18:29","phones":[],"objects":[],"characters":[3,6],"vehicles":[],"interiors":[],"accounts":[],"content":"pieej pie kadu no malam","factions":[]}
{"action":34,"origin":"ch6","date":"2021-11-15T10:18:30","phones":[],"objects":[],"characters":[6],"vehicles":[],"interiors":[],"accounts":[],"content":" got killed by an unknown source","factions":[]}
{"action":8,"origin":"ch3","date":"2021-11-15T10:18:31","phones":[],"objects":[],"characters":[3],"vehicles":[],"interiors":[],"accounts":[],"content":"un meigini \/grab","factions":[]}
{"action":40,"origin":"ch3","date":"2021-11-15T10:18:32","phones":[],"objects":[],"characters":[3,5,7,6],"vehicles":[],"interiors":[],"accounts":[],"content":"Chiggy Mcniggy locks the vehicle doors.","factions":[]}
{"action":31,"origin":"ch3","date":"2021-11-15T10:18:32","phones":[],"objects":[],"characters":[],"vehicles":[22],"interiors":[],"accounts":[],"content":"LOCK FROM INSIDE","factions":[]}
{"action":40,"origin":"ch3","date":"2021-11-15T10:18:33","phones":[],"objects":[],"characters":[3,5,7,6],"vehicles":[],"interiors":[],"accounts":[],"content":"Chiggy Mcniggy buckles in their seatbelt.","factions":[]}
{"action":31,"origin":"ch3","date":"2021-11-15T10:18:35","phones":[],"objects":[],"characters":[3],"vehicles":[22],"interiors":[],"accounts":[],"content":"STARTED ENGINE","factions":[]}
{"action":4,"origin":"ch6","date":"2021-11-15T10:18:35","phones":[],"objects":[],"characters":[6],"vehicles":[],"interiors":[],"accounts":[],"content":"REVIVED from PK","factions":[]}
{"action":34,"origin":"ch6","date":"2021-11-15T10:18:35","phones":[],"objects":[],"characters":[6],"vehicles":[],"interiors":[],"accounts":[],"content":" got killed by an unknown source","factions":[]}
{"action":4,"origin":"ch6","date":"2021-11-15T10:18:37","phones":[],"objects":[],"characters":[6],"vehicles":[],"interiors":[],"accounts":[],"content":"REVIVED from PK","factions":[]}
{"action":34,"origin":"ch6","date":"2021-11-15T10:18:37","phones":[],"objects":[],"characters":[6],"vehicles":[],"interiors":[],"accounts":[],"content":" got killed by an unknown source","factions":[]}
{"action":4,"origin":"ch6","date":"2021-11-15T10:18:38","phones":[],"objects":[],"characters":[6],"vehicles":[],"interiors":[],"accounts":[],"content":"REVIVED from PK","factions":[]}
{"action":34,"origin":"ch6","date":"2021-11-15T10:18:38","phones":[],"objects":[],"characters":[6],"vehicles":[],"interiors":[],"accounts":[],"content":" got killed by an unknown source","factions":[]}
{"action":4,"origin":"ch6","date":"2021-11-15T10:18:39","phones":[],"objects":[],"characters":[6],"vehicles":[],"interiors":[],"accounts":[],"content":"REVIVED from PK","factions":[]}
{"action":34,"origin":"ch6","date":"2021-11-15T10:18:39","phones":[],"objects":[],"characters":[6],"vehicles":[],"interiors":[],"accounts":[],"content":" got killed by an unknown source","factions":[]}
{"action":4,"origin":"ch6","date":"2021-11-15T10:18:41","phones":[],"objects":[],"characters":[6],"vehicles":[],"interiors":[],"accounts":[],"content":"REVIVED from PK","factions":[]}
{"action":8,"origin":"ch6","date":"2021-11-15T10:18:47","phones":[],"objects":[],"characters":[3,7,6],"vehicles":[],"interiors":[],"accounts":[],"content":"kā?","factions":[]}
{"action":6,"origin":"ch5","date":"2021-11-15T10:18:50","phones":[],"objects":[],"characters":[],"vehicles":[23],"interiors":[],"accounts":[],"content":"SPAWNVEH 'Jetmax' CIVILLIAN","factions":[]}
{"action":8,"origin":"ch6","date":"2021-11-15T10:18:56","phones":[],"objects":[],"characters":[3,7,6],"vehicles":[],"interiors":[],"accounts":[],"content":"kā?","factions":[]}
{"action":8,"origin":"ch7","date":"2021-11-15T10:19:03","phones":[],"objects":[],"characters":[3,7,6],"vehicles":[],"interiors":[],"accounts":[],"content":"\/grab","factions":[]}
{"action":8,"origin":"ch3","date":"2021-11-15T10:19:03","phones":[],"objects":[],"characters":[3,7,6],"vehicles":[],"interiors":[],"accounts":[],"content":"izdari \/grab","factions":[]}
{"action":8,"origin":"ch6","date":"2021-11-15T10:19:13","phones":[],"objects":[],"characters":[3,6],"vehicles":[],"interiors":[],"accounts":[],"content":"ņihuja","factions":[]}
{"action":6,"origin":"ch5","date":"2021-11-15T10:19:22","phones":[],"objects":[],"characters":[],"vehicles":[23],"interiors":[],"accounts":[],"content":"getveh","factions":[]}
{"action":8,"origin":"ch6","date":"2021-11-15T10:19:22","phones":[],"objects":[],"characters":[3,6],"vehicles":[],"interiors":[],"accounts":[],"content":"nokratīt mani var nost?","factions":[]}
{"action":40,"origin":"ch3","date":"2021-11-15T10:19:26","phones":[],"objects":[],"characters":[3,5,7,6],"vehicles":[],"interiors":[],"accounts":[],"content":"Chiggy Mcniggy unbuckles their seatbelt.","factions":[]}
{"action":31,"origin":"ch5","date":"2021-11-15T10:19:27","phones":[],"objects":[],"characters":[5],"vehicles":[23],"interiors":[],"accounts":[],"content":"STARTED ENGINE","factions":[]}
{"action":31,"origin":"ch3","date":"2021-11-15T10:19:28","phones":[],"objects":[],"characters":[3],"vehicles":[22],"interiors":[],"accounts":[],"content":"STARTED ENGINE","factions":[]}
{"action":40,"origin":"ch3","date":"2021-11-15T10:19:29","phones":[],"objects":[],"characters":[3,7,6],"vehicles":[],"interiors":[],"accounts":[],"content":"Chiggy Mcniggy buckles in their seatbelt.","factions":[]}
{"action":40,"origin":"ch3","date":"2021-11-15T10:19:30","phones":[],"objects":[],"characters":[3,7,6],"vehicles":[],"interiors":[],"accounts":[],"content":"Chiggy Mcniggy unbuckles their seatbelt.","factions":[]}
{"action":34,"origin":"ch6","date":"2021-11-15T10:19:31","phones":[],"objects":[],"characters":[6],"vehicles":[],"interiors":[],"accounts":[],"content":" got killed by an unknown source","factions":[]}
{"action":31,"origin":"ch3","date":"2021-11-15T10:19:33","phones":[],"objects":[],"characters":[3],"vehicles":[22],"interiors":[],"accounts":[],"content":"STARTED ENGINE","factions":[]}
{"action":4,"origin":"ch6","date":"2021-11-15T10:19:35","phones":[],"objects":[],"characters":[6],"vehicles":[],"interiors":[],"accounts":[],"content":"REVIVED from PK","factions":[]}
{"action":40,"origin":"ch3","date":"2021-11-15T10:19:36","phones":[],"objects":[],"characters":[3,7,6],"vehicles":[],"interiors":[],"accounts":[],"content":"Chiggy Mcniggy unlocks the vehicle doors.","factions":[]}
{"action":31,"origin":"ch3","date":"2021-11-15T10:19:36","phones":[],"objects":[],"characters":[],"vehicles":[22],"interiors":[],"accounts":[],"content":"UNLOCK FROM INSIDE","factions":[]}
{"action":4,"origin":"ch5","date":"2021-11-15T10:19:50","phones":[],"objects":[],"characters":[5],"vehicles":[],"interiors":[],"accounts":[],"content":"AHEAL 100","factions":[]}
{"action":34,"origin":"ch6","date":"2021-11-15T10:20:35","phones":[],"objects":[],"characters":[6],"vehicles":[],"interiors":[],"accounts":[],"content":" died","factions":[]}
{"action":4,"origin":"ch6","date":"2021-11-15T10:20:42","phones":[],"objects":[],"characters":[6],"vehicles":[],"interiors":[],"accounts":[],"content":"REVIVED from PK","factions":[]}
{"action":6,"origin":"ch5","date":"2021-11-15T10:21:13","phones":[],"objects":[],"characters":[],"vehicles":[23],"interiors":[],"accounts":[],"content":"getveh","factions":[]}
{"action":4,"origin":"ch6","date":"2021-11-15T10:23:02","phones":[],"objects":[],"characters":[5],"vehicles":[],"interiors":[],"accounts":[],"content":"SLAP","factions":[]}
{"action":8,"origin":"ch3","date":"2021-11-15T10:23:15","phones":[],"objects":[],"characters":[3,5,7,6],"vehicles":[],"interiors":[],"accounts":[],"content":"kanzik beidz pisties","factions":[]}
{"action":40,"origin":"ch5","date":"2021-11-15T10:23:16","phones":[],"objects":[],"characters":[3,5,7,6],"vehicles":[],"interiors":[],"accounts":[],"content":"Seko Hashiwaro buckles in their seatbelt.","factions":[]}
{"action":7,"origin":"ch7","date":"2021-11-15T10:23:22","phones":[],"objects":[],"characters":[7,3,5,6],"vehicles":[],"interiors":[],"accounts":[],"content":"English: °","factions":[]}
{"action":40,"origin":"ch5","date":"2021-11-15T10:25:19","phones":[],"objects":[],"characters":[5,7,6],"vehicles":[],"interiors":[],"accounts":[],"content":"Seko Hashiwaro unbuckles their seatbelt.","factions":[]}
{"action":4,"origin":"ch5","date":"2021-11-15T10:26:01","phones":[],"objects":[],"characters":[5],"vehicles":[],"interiors":[],"accounts":[],"content":"AHEAL 100","factions":[]}
{"action":40,"origin":"ch7","date":"2021-11-15T10:26:58","phones":[],"objects":[],"characters":[7],"vehicles":[],"interiors":[],"accounts":[],"content":"Max Meyer reaches down sparking a few cables.","factions":[]}
{"action":31,"origin":"ch7","date":"2021-11-15T10:26:58","phones":[],"objects":[],"characters":[7],"vehicles":[6],"interiors":[],"accounts":[],"content":"STARTED ENGINE THAT WAS ALREADY HOTWIRED","factions":[]}
{"action":40,"origin":"ch6","date":"2021-11-15T10:27:14","phones":[],"objects":[],"characters":[6],"vehicles":[],"interiors":[],"accounts":[],"content":"Jerry Wilson buckles in their seatbelt.","factions":[]}
{"action":27,"origin":"ac6","date":"2021-11-15T10:27:26","phones":[],"objects":[],"characters":[5],"vehicles":[],"interiors":[],"accounts":[6],"content":"Disconnected (Quit) (Name: Seko_Hashiwaro)","factions":[]}
{"action":27,"origin":"ac6","date":"2021-11-15T10:27:46","phones":[],"objects":[],"characters":[],"vehicles":[],"interiors":[],"accounts":[6],"content":"Connected from 213.226.141.172 - 282922DCC31864B11E27D3625036AF04","factions":[]}
{"action":27,"origin":"ac6","date":"2021-11-15T10:27:55","phones":[],"objects":[],"characters":[5],"vehicles":[],"interiors":[],"accounts":[6],"content":"Spawned","factions":[]}
{"action":34,"origin":"ch6","date":"2021-11-15T10:28:36","phones":[],"objects":[],"characters":[6],"vehicles":[],"interiors":[],"accounts":[],"content":" died","factions":[]}
{"action":4,"origin":"ch6","date":"2021-11-15T10:28:40","phones":[],"objects":[],"characters":[6],"vehicles":[],"interiors":[],"accounts":[],"content":"REVIVED from PK","factions":[]}
{"action":40,"origin":"ch7","date":"2021-11-15T10:28:40","phones":[],"objects":[],"characters":[7],"vehicles":[],"interiors":[],"accounts":[],"content":"Max Meyer buckles in their seatbelt.","factions":[]}
{"action":40,"origin":"ch6","date":"2021-11-15T10:28:49","phones":[],"objects":[],"characters":[6],"vehicles":[],"interiors":[],"accounts":[],"content":"Jerry Wilson buckles in their seatbelt.","factions":[]}
{"action":4,"origin":"ch6","date":"2021-11-15T10:29:11","phones":[],"objects":[],"characters":[6],"vehicles":[],"interiors":[],"accounts":[],"content":"AHEAL 100","factions":[]}
{"action":6,"origin":"ch5","date":"2021-11-15T10:29:16","phones":[],"objects":[],"characters":[],"vehicles":[10],"interiors":[],"accounts":[],"content":"getveh","factions":[]}
{"action":4,"origin":"ch7","date":"2021-11-15T10:29:26","phones":[],"objects":[],"characters":[7],"vehicles":[],"interiors":[],"accounts":[],"content":"AHEAL 100","factions":[]}
{"action":8,"origin":"ch5","date":"2021-11-15T10:29:28","phones":[],"objects":[],"characters":[5],"vehicles":[],"interiors":[],"accounts":[],"content":"mana maha xd","factions":[]}
{"action":40,"origin":"ch5","date":"2021-11-15T10:29:39","phones":[],"objects":[],"characters":[6,5],"vehicles":[],"interiors":[],"accounts":[],"content":"Seko Hashiwaro presses on the key to lock the vehicle. ((1997 Honda BĻE NSX))","factions":[]}
{"action":31,"origin":"ch5","date":"2021-11-15T10:29:39","phones":[],"objects":[],"characters":[],"vehicles":[10],"interiors":[],"accounts":[],"content":"LOCK FROM OUTSIDE","factions":[]}
{"action":40,"origin":"ch6","date":"2021-11-15T10:29:40","phones":[],"objects":[],"characters":[6,5],"vehicles":[],"interiors":[],"accounts":[],"content":"Jerry Wilson unbuckles their seatbelt.","factions":[]}
{"action":4,"origin":"ch6","date":"2021-11-15T10:29:41","phones":[],"objects":[],"characters":[5],"vehicles":[],"interiors":[],"accounts":[],"content":"SLAP","factions":[]}
{"action":40,"origin":"ch6","date":"2021-11-15T10:29:42","phones":[],"objects":[],"characters":[6,5],"vehicles":[],"interiors":[],"accounts":[],"content":"Jerry Wilson presses on the key to unlock the vehicle. ((1997 Honda BĻE NSX))","factions":[]}
{"action":31,"origin":"ch6","date":"2021-11-15T10:29:42","phones":[],"objects":[],"characters":[],"vehicles":[10],"interiors":[],"accounts":[],"content":"UNLOCK FROM OUTSIDE","factions":[]}
{"action":8,"origin":"ch5","date":"2021-11-15T10:29:52","phones":[],"objects":[],"characters":[6,5],"vehicles":[],"interiors":[],"accounts":[],"content":"atdod","factions":[]}
{"action":27,"origin":"ac7","date":"2021-11-15T10:30:00","phones":[],"objects":[],"characters":[6],"vehicles":[],"interiors":[],"accounts":[7],"content":"Disconnected (Quit) (Name: Jerry_Wilson)","factions":[]}
{"action":4,"origin":"ch7","date":"2021-11-15T10:32:11","phones":[],"objects":[],"characters":[7],"vehicles":[],"interiors":[],"accounts":[],"content":"AHEAL 100","factions":[]}
{"action":40,"origin":"ch5","date":"2021-11-15T10:32:25","phones":[],"objects":[],"characters":[5],"vehicles":[],"interiors":[],"accounts":[],"content":"Seko Hashiwaro buckles in their seatbelt.","factions":[]}
{"action":4,"origin":"ch7","date":"2021-11-15T10:33:04","phones":[],"objects":[],"characters":[7],"vehicles":[],"interiors":[],"accounts":[],"content":"AHEAL 100","factions":[]}
{"action":6,"origin":"ch5","date":"2021-11-15T10:33:11","phones":[],"objects":[],"characters":[5],"vehicles":[10],"interiors":[],"accounts":[],"content":"FIXVEH","factions":[]}
{"action":34,"origin":"ch7","date":"2021-11-15T10:35:41","phones":[],"objects":[],"characters":[7],"vehicles":[],"interiors":[],"accounts":[],"content":" died","factions":[]}
{"action":4,"origin":"ch7","date":"2021-11-15T10:35:45","phones":[],"objects":[],"characters":[7],"vehicles":[],"interiors":[],"accounts":[],"content":"AHEAL 100","factions":[]}
{"action":4,"origin":"ch7","date":"2021-11-15T10:35:55","phones":[],"objects":[],"characters":[7],"vehicles":[],"interiors":[],"accounts":[],"content":"REVIVED from PK","factions":[]}
{"action":40,"origin":"ch7","date":"2021-11-15T10:36:12","phones":[],"objects":[],"characters":[7],"vehicles":[],"interiors":[],"accounts":[],"content":"Max Meyer buckles in their seatbelt.","factions":[]}
{"action":4,"origin":"ch5","date":"2021-11-15T10:37:43","phones":[],"objects":[],"characters":[5],"vehicles":[],"interiors":[],"accounts":[],"content":"AHEAL 100","factions":[]}
{"action":4,"origin":"ch5","date":"2021-11-15T10:37:54","phones":[],"objects":[],"characters":[5],"vehicles":[],"interiors":[],"accounts":[],"content":"AHEAL 100","factions":[]}
{"action":4,"origin":"ch5","date":"2021-11-15T10:38:21","phones":[],"objects":[],"characters":[5],"vehicles":[],"interiors":[],"accounts":[],"content":"AHEAL 100","factions":[]}
{"action":4,"origin":"ch7","date":"2021-11-15T10:38:22","phones":[],"objects":[],"characters":[5],"vehicles":[],"interiors":[],"accounts":[],"content":"RECON","factions":[]}
{"action":40,"origin":"ch5","date":"2021-11-15T10:39:27","phones":[],"objects":[],"characters":[7,5],"vehicles":[],"interiors":[],"accounts":[],"content":"Seko Hashiwaro unbuckles their seatbelt.","factions":[]}
{"action":6,"origin":"ch5","date":"2021-11-15T10:39:37","phones":[],"objects":[],"characters":[],"vehicles":[9],"interiors":[],"accounts":[],"content":"getveh","factions":[]}
{"action":40,"origin":"ch7","date":"2021-11-15T10:39:38","phones":[],"objects":[],"characters":[7,5],"vehicles":[],"interiors":[],"accounts":[],"content":"Max Meyer unbuckles their seatbelt.","factions":[]}
{"action":6,"origin":"ch5","date":"2021-11-15T10:39:40","phones":[],"objects":[],"characters":[],"vehicles":[14],"interiors":[],"accounts":[],"content":"getveh","factions":[]}
{"action":6,"origin":"ch5","date":"2021-11-15T10:39:44","phones":[],"objects":[],"characters":[],"vehicles":[15],"interiors":[],"accounts":[],"content":"getveh","factions":[]}
{"action":6,"origin":"ch5","date":"2021-11-15T10:40:09","phones":[],"objects":[],"characters":[5],"vehicles":[15],"interiors":[],"accounts":[],"content":"FIXVEH","factions":[]}
{"action":31,"origin":"ch5","date":"2021-11-15T10:40:11","phones":[],"objects":[],"characters":[5],"vehicles":[15],"interiors":[],"accounts":[],"content":"STARTED ENGINE","factions":[]}
{"action":31,"origin":"ch7","date":"2021-11-15T10:41:31","phones":[],"objects":[],"characters":[7],"vehicles":[-5],"interiors":[],"accounts":[],"content":"STARTED ENGINE","factions":[]}
{"action":27,"origin":"ac8","date":"2021-11-15T10:41:50","phones":[],"objects":[],"characters":[7],"vehicles":[],"interiors":[],"accounts":[8],"content":"Disconnected (Quit) (Name: Max_Meyer)","factions":[]}
{"action":6,"origin":"ch5","date":"2021-11-15T10:42:19","phones":[],"objects":[],"characters":[],"vehicles":[24],"interiors":[],"accounts":[],"content":"SPAWNVEH 'Rhino' $1 Seko_Hashiwaro","factions":[]}
{"action":40,"origin":"ch5","date":"2021-11-15T10:42:24","phones":[],"objects":[],"characters":[3,5],"vehicles":[],"interiors":[],"accounts":[],"content":"Seko Hashiwaro presses on the key to unlock the vehicle. ((1941 Tanks BĻE))","factions":[]}
{"action":31,"origin":"ch5","date":"2021-11-15T10:42:24","phones":[],"objects":[],"characters":[],"vehicles":[24],"interiors":[],"accounts":[],"content":"UNLOCK FROM OUTSIDE","factions":[]}
{"action":31,"origin":"ch5","date":"2021-11-15T10:42:30","phones":[],"objects":[],"characters":[5],"vehicles":[24],"interiors":[],"accounts":[],"content":"STARTED ENGINE","factions":[]}
{"action":6,"origin":"ch5","date":"2021-11-15T10:42:55","phones":[],"objects":[],"characters":[5],"vehicles":[],"interiors":[],"accounts":[],"content":" Created unique vehicle #24.","factions":[]}
{"action":4,"origin":"ch5","date":"2021-11-15T10:45:26","phones":[],"objects":[],"characters":[5],"vehicles":[],"interiors":[],"accounts":[],"content":"AHEAL 100","factions":[]}
{"action":40,"origin":"ch5","date":"2021-11-15T10:45:30","phones":[],"objects":[],"characters":[5],"vehicles":[],"interiors":[],"accounts":[],"content":"Seko Hashiwaro attempts to start the engine but fails.","factions":[]}
{"action":4,"origin":"ch5","date":"2021-11-15T10:45:33","phones":[],"objects":[],"characters":[5],"vehicles":[],"interiors":[],"accounts":[],"content":"ANN All vehicles refuelled by Admin Seko_Hashiwaro.","factions":[]}
{"action":6,"origin":"ch5","date":"2021-11-15T10:45:33","phones":[],"objects":[],"characters":[5],"vehicles":[],"interiors":[],"accounts":[],"content":"FUELVEHS","factions":[]}
{"action":31,"origin":"ch5","date":"2021-11-15T10:45:35","phones":[],"objects":[],"characters":[5],"vehicles":[24],"interiors":[],"accounts":[],"content":"STARTED ENGINE","factions":[]}
{"action":4,"origin":"ch5","date":"2021-11-15T10:47:09","phones":[],"objects":[],"characters":[5],"vehicles":[],"interiors":[],"accounts":[],"content":"GIVEWEAPON Deagle mp9MN8brOugBmv0Z0Hg8","factions":[]}
{"action":4,"origin":"ch5","date":"2021-11-15T10:47:16","phones":[],"objects":[],"characters":[5],"vehicles":[],"interiors":[],"accounts":[],"content":"GIVEITEM .45 ACP (50 rounds, serial: 'mt9MN8brmH0Bmv0Z0Hg8').","factions":[]}
{"action":40,"origin":"ch5","date":"2021-11-15T10:47:18","phones":[],"objects":[],"characters":[3,5],"vehicles":[],"interiors":[],"accounts":[],"content":"Seko Hashiwaro reloads her Deagle.","factions":[]}
{"action":40,"origin":"ch3","date":"2021-11-15T10:47:24","phones":[],"objects":[],"characters":[3,5],"vehicles":[],"interiors":[],"accounts":[],"content":"Chiggy Mcniggy's head was blown off.","factions":[]}
{"action":34,"origin":"ch3","date":"2021-11-15T10:47:24","phones":[],"objects":[],"characters":[3,5],"vehicles":[],"interiors":[],"accounts":[],"content":" got killed by Seko Hashiwaro (Deagle)","factions":[]}
{"action":39,"origin":"ch5","date":"2021-11-15T10:47:25","phones":[],"objects":[],"characters":[5],"vehicles":[],"interiors":[],"accounts":[],"content":"Seko_Hashiwaro -> ~World #337 - Shell Casing - .45 casing @ (1935.2197, -2402.7935, 12.546875) in (int 0, dim 0)","factions":[]}
{"action":40,"origin":"ch5","date":"2021-11-15T10:47:26","phones":[],"objects":[],"characters":[3,5],"vehicles":[],"interiors":[],"accounts":[],"content":"Seko Hashiwaro reloads her Deagle.","factions":[]}
{"action":4,"origin":"ch3","date":"2021-11-15T10:47:29","phones":[],"objects":[],"characters":[3],"vehicles":[],"interiors":[],"accounts":[],"content":"REVIVED from PK","factions":[]}
{"action":13,"origin":"ch5","date":"2021-11-15T10:47:41","phones":[],"objects":[],"characters":[3,5],"vehicles":[],"interiors":[],"accounts":[],"content":"You'd hear a series of loud pistol gunshots echoing throughout the vicinity","factions":[]}
{"action":39,"origin":"ch5","date":"2021-11-15T10:47:42","phones":[],"objects":[],"characters":[5],"vehicles":[],"interiors":[],"accounts":[],"content":"Seko_Hashiwaro -> ~World #338 - Shell Casing - .45 casing @ (1935.4674, -2402.158, 12.546875) in (int 0, dim 0)","factions":[]}
{"action":40,"origin":"ch3","date":"2021-11-15T10:47:44","phones":[],"objects":[],"characters":[3,5],"vehicles":[],"interiors":[],"accounts":[],"content":"Chiggy Mcniggy's left arm was hit.","factions":[]}
{"action":39,"origin":"ch5","date":"2021-11-15T10:47:45","phones":[],"objects":[],"characters":[5],"vehicles":[],"interiors":[],"accounts":[],"content":"Seko_Hashiwaro -> ~World #339 - Shell Casing - .45 casing @ (1935.4972, -2401.6108, 12.546875) in (int 0, dim 0)","factions":[]}
{"action":40,"origin":"ch3","date":"2021-11-15T10:47:49","phones":[],"objects":[],"characters":[3,5],"vehicles":[],"interiors":[],"accounts":[],"content":"Chiggy Mcniggy's right leg was hit.","factions":[]}
{"action":39,"origin":"ch5","date":"2021-11-15T10:47:50","phones":[],"objects":[],"characters":[5],"vehicles":[],"interiors":[],"accounts":[],"content":"Seko_Hashiwaro -> ~World #340 - Shell Casing - .45 casing @ (1935.5956, -2401.6121, 12.546875) in (int 0, dim 0)","factions":[]}
{"action":34,"origin":"ch3","date":"2021-11-15T10:47:56","phones":[],"objects":[],"characters":[3,5],"vehicles":[],"interiors":[],"accounts":[],"content":" got killed by Seko Hashiwaro (Deagle)","factions":[]}
{"action":39,"origin":"ch5","date":"2021-11-15T10:47:57","phones":[],"objects":[],"characters":[5],"vehicles":[],"interiors":[],"accounts":[],"content":"Seko_Hashiwaro -> ~World #341 - Shell Casing - .45 casing @ (1934.8781, -2400.1023, 12.546875) in (int 0, dim 0)","factions":[]}
{"action":4,"origin":"ch3","date":"2021-11-15T10:47:58","phones":[],"objects":[],"characters":[3],"vehicles":[],"interiors":[],"accounts":[],"content":"REVIVED from PK","factions":[]}
{"action":40,"origin":"ch3","date":"2021-11-15T10:48:01","phones":[],"objects":[],"characters":[3,5],"vehicles":[],"interiors":[],"accounts":[],"content":"Chiggy Mcniggy's right leg was hit.","factions":[]}
{"action":39,"origin":"ch5","date":"2021-11-15T10:48:02","phones":[],"objects":[],"characters":[5],"vehicles":[],"interiors":[],"accounts":[],"content":"Seko_Hashiwaro -> ~World #342 - Shell Casing - .45 casing @ (1934.5094, -2399.8701, 12.546875) in (int 0, dim 0)","factions":[]}
{"action":40,"origin":"ch3","date":"2021-11-15T10:48:10","phones":[],"objects":[],"characters":[3,5],"vehicles":[],"interiors":[],"accounts":[],"content":"Chiggy Mcniggy's right arm was hit.","factions":[]}
{"action":39,"origin":"ch5","date":"2021-11-15T10:48:11","phones":[],"objects":[],"characters":[5],"vehicles":[],"interiors":[],"accounts":[],"content":"Seko_Hashiwaro -> ~World #343 - Shell Casing - .45 casing @ (1933.7123, -2399.0806, 12.546875) in (int 0, dim 0)","factions":[]}
{"action":39,"origin":"ch5","date":"2021-11-15T10:48:13","phones":[],"objects":[],"characters":[5],"vehicles":[],"interiors":[],"accounts":[],"content":"Seko_Hashiwaro -> ~World #344 - Shell Casing - .45 casing @ (1935.5258, -2400.9993, 12.546875) in (int 0, dim 0)","factions":[]}
{"action":40,"origin":"ch5","date":"2021-11-15T10:48:15","phones":[],"objects":[],"characters":[3,5],"vehicles":[],"interiors":[],"accounts":[],"content":"Seko Hashiwaro reloads her Deagle.","factions":[]}
{"action":39,"origin":"ch3","date":"2021-11-15T10:48:18","phones":[],"objects":[],"characters":[3],"vehicles":[],"interiors":[],"accounts":[],"content":"Chiggy_Mcniggy -> ~World #345 - Shell Casing - 12 Gauge casing @ (1934.318, -2401.418, 12.546875) in (int 0, dim 0)","factions":[]}
{"action":13,"origin":"ch3","date":"2021-11-15T10:48:19","phones":[],"objects":[],"characters":[3,5],"vehicles":[],"interiors":[],"accounts":[],"content":"You'd hear a series of loud shotgun gunshots echoing throughout the vicinity","factions":[]}
{"action":40,"origin":"ch5","date":"2021-11-15T10:48:20","phones":[],"objects":[],"characters":[3,5],"vehicles":[],"interiors":[],"accounts":[],"content":"Seko Hashiwaro's left leg was hit.","factions":[]}
{"action":39,"origin":"ch3","date":"2021-11-15T10:48:20","phones":[],"objects":[],"characters":[3],"vehicles":[],"interiors":[],"accounts":[],"content":"Chiggy_Mcniggy -> ~World #346 - Shell Casing - 12 Gauge casing @ (1933.774, -2401.0413, 12.546875) in (int 0, dim 0)","factions":[]}
{"action":39,"origin":"ch5","date":"2021-11-15T10:48:21","phones":[],"objects":[],"characters":[5],"vehicles":[],"interiors":[],"accounts":[],"content":"Seko_Hashiwaro -> ~World #347 - Shell Casing - .45 casing @ (1935.2227, -2397.2495, 12.546875) in (int 0, dim 0)","factions":[]}
{"action":34,"origin":"ch5","date":"2021-11-15T10:48:21","phones":[],"objects":[],"characters":[5,3],"vehicles":[],"interiors":[],"accounts":[],"content":" got killed by Chiggy Mcniggy (Shotgun)","factions":[]}
{"action":39,"origin":"ch3","date":"2021-11-15T10:48:22","phones":[],"objects":[],"characters":[3],"vehicles":[],"interiors":[],"accounts":[],"content":"Chiggy_Mcniggy -> ~World #348 - Shell Casing - 12 Gauge casing @ (1933.9972, -2400.8445, 12.546875) in (int 0, dim 0)","factions":[]}
{"action":4,"origin":"ch5","date":"2021-11-15T10:48:24","phones":[],"objects":[],"characters":[5],"vehicles":[],"interiors":[],"accounts":[],"content":"AHEAL 100","factions":[]}
{"action":4,"origin":"ch5","date":"2021-11-15T10:48:32","phones":[],"objects":[],"characters":[5],"vehicles":[],"interiors":[],"accounts":[],"content":"REVIVED from PK","factions":[]}
{"action":13,"origin":"ch5","date":"2021-11-15T10:48:47","phones":[],"objects":[],"characters":[3,5],"vehicles":[],"interiors":[],"accounts":[],"content":"You'd hear a series of loud pistol gunshots echoing throughout the vicinity","factions":[]}
{"action":39,"origin":"ch5","date":"2021-11-15T10:48:53","phones":[],"objects":[],"characters":[5],"vehicles":[],"interiors":[],"accounts":[],"content":"Seko_Hashiwaro -> ~World #349 - Shell Casing - 6 casings of .45 @ (1938.8372, -2400.1926, 12.546875) in (int 0, dim 0)","factions":[]}
{"action":40,"origin":"ch5","date":"2021-11-15T10:48:53","phones":[],"objects":[],"characters":[3,5],"vehicles":[],"interiors":[],"accounts":[],"content":"Seko Hashiwaro reloads her Deagle.","factions":[]}
{"action":39,"origin":"ch5","date":"2021-11-15T10:49:01","phones":[],"objects":[],"characters":[5],"vehicles":[],"interiors":[],"accounts":[],"content":"Seko_Hashiwaro -> ~World #350 - Shell Casing - .45 casing @ (1931.2711, -2404.5444, 12.546875) in (int 0, dim 0)","factions":[]}
{"action":40,"origin":"ch5","date":"2021-11-15T10:49:01","phones":[],"objects":[],"characters":[3,5],"vehicles":[],"interiors":[],"accounts":[],"content":"Seko Hashiwaro reloads her Deagle.","factions":[]}
{"action":39,"origin":"ch5","date":"2021-11-15T10:49:12","phones":[],"objects":[],"characters":[5],"vehicles":[],"interiors":[],"accounts":[],"content":"Seko_Hashiwaro -> ~World #351 - Shell Casing - .45 casing @ (1930.5869, -2402.2578, 12.546875) in (int 0, dim 0)","factions":[]}
{"action":40,"origin":"ch5","date":"2021-11-15T10:49:12","phones":[],"objects":[],"characters":[3,5],"vehicles":[],"interiors":[],"accounts":[],"content":"Seko Hashiwaro reloads her Deagle.","factions":[]}
{"action":34,"origin":"ch3","date":"2021-11-15T10:49:19","phones":[],"objects":[],"characters":[3,5],"vehicles":[],"interiors":[],"accounts":[],"content":" got killed by Seko Hashiwaro (Deagle)","factions":[]}
{"action":39,"origin":"ch5","date":"2021-11-15T10:49:20","phones":[],"objects":[],"characters":[5],"vehicles":[],"interiors":[],"accounts":[],"content":"Seko_Hashiwaro -> ~World #352 - Shell Casing - .45 casing @ (1929.1665, -2410.9163, 12.546875) in (int 0, dim 0)","factions":[]}
{"action":40,"origin":"ch5","date":"2021-11-15T10:49:24","phones":[],"objects":[],"characters":[3,5],"vehicles":[],"interiors":[],"accounts":[],"content":"Seko Hashiwaro reloads her Deagle.","factions":[]}
{"action":4,"origin":"ch3","date":"2021-11-15T10:49:24","phones":[],"objects":[],"characters":[3],"vehicles":[],"interiors":[],"accounts":[],"content":"REVIVED from PK","factions":[]}
{"action":39,"origin":"ch5","date":"2021-11-15T10:49:34","phones":[],"objects":[],"characters":[5],"vehicles":[],"interiors":[],"accounts":[],"content":"Seko_Hashiwaro -> ~World #353 - Shell Casing - .45 casing @ (1919.2716, -2393.1345, 12.546875) in (int 0, dim 0)","factions":[]}
{"action":39,"origin":"ch5","date":"2021-11-15T10:49:35","phones":[],"objects":[],"characters":[5],"vehicles":[],"interiors":[],"accounts":[],"content":"Seko_Hashiwaro -> ~World #354 - Shell Casing - .45 casing @ (1918.3107, -2393.1602, 12.546875) in (int 0, dim 0)","factions":[]}
{"action":39,"origin":"ch5","date":"2021-11-15T10:49:36","phones":[],"objects":[],"characters":[5],"vehicles":[],"interiors":[],"accounts":[],"content":"Seko_Hashiwaro -> ~World #355 - Shell Casing - .45 casing @ (1918.9266, -2393.2485, 12.546875) in (int 0, dim 0)","factions":[]}
{"action":39,"origin":"ch5","date":"2021-11-15T10:49:37","phones":[],"objects":[],"characters":[5],"vehicles":[],"interiors":[],"accounts":[],"content":"Seko_Hashiwaro -> ~World #356 - Shell Casing - .45 casing @ (1918.3652, -2393.2388, 12.546875) in (int 0, dim 0)","factions":[]}
{"action":39,"origin":"ch5","date":"2021-11-15T10:49:39","phones":[],"objects":[],"characters":[5],"vehicles":[],"interiors":[],"accounts":[],"content":"Seko_Hashiwaro -> ~World #357 - Shell Casing - .45 casing @ (1918.8511, -2393.2314, 12.546875) in (int 0, dim 0)","factions":[]}
{"action":39,"origin":"ch5","date":"2021-11-15T10:49:40","phones":[],"objects":[],"characters":[5],"vehicles":[],"interiors":[],"accounts":[],"content":"Seko_Hashiwaro -> ~World #358 - Shell Casing - .45 casing @ (1917.9443, -2393.2529, 12.546875) in (int 0, dim 0)","factions":[]}
{"action":40,"origin":"ch3","date":"2021-11-15T10:49:41","phones":[],"objects":[],"characters":[3,5],"vehicles":[],"interiors":[],"accounts":[],"content":"Chiggy Mcniggy's left arm was hit.","factions":[]}
{"action":39,"origin":"ch5","date":"2021-11-15T10:49:41","phones":[],"objects":[],"characters":[5],"vehicles":[],"interiors":[],"accounts":[],"content":"Seko_Hashiwaro -> ~World #359 - Shell Casing - .45 casing @ (1918.1273, -2393.9558, 12.546875) in (int 0, dim 0)","factions":[]}
{"action":40,"origin":"ch5","date":"2021-11-15T10:49:42","phones":[],"objects":[],"characters":[3,5],"vehicles":[],"interiors":[],"accounts":[],"content":"Seko Hashiwaro reloads her Deagle.","factions":[]}
{"action":4,"origin":"ch3","date":"2021-11-15T10:49:56","phones":[],"objects":[],"characters":[3],"vehicles":[],"interiors":[],"accounts":[],"content":"AHEAL 100","factions":[]}
{"action":13,"origin":"ch5","date":"2021-11-15T10:49:57","phones":[],"objects":[],"characters":[3,5],"vehicles":[],"interiors":[],"accounts":[],"content":"You'd hear a series of loud pistol gunshots echoing throughout the vicinity","factions":[]}
{"action":40,"origin":"ch3","date":"2021-11-15T10:49:57","phones":[],"objects":[],"characters":[3,5],"vehicles":[],"interiors":[],"accounts":[],"content":"Chiggy Mcniggy's right arm was hit.","factions":[]}
{"action":39,"origin":"ch5","date":"2021-11-15T10:49:58","phones":[],"objects":[],"characters":[5],"vehicles":[],"interiors":[],"accounts":[],"content":"Seko_Hashiwaro -> ~World #360 - Shell Casing - .45 casing @ (1922.374, -2425.9595, 12.539118) in (int 0, dim 0)","factions":[]}
{"action":4,"origin":"ch3","date":"2021-11-15T10:50:00","phones":[],"objects":[],"characters":[3],"vehicles":[],"interiors":[],"accounts":[],"content":"AHEAL 100","factions":[]}
{"action":40,"origin":"ch5","date":"2021-11-15T10:50:14","phones":[],"objects":[],"characters":[3,5],"vehicles":[],"interiors":[],"accounts":[],"content":"Seko Hashiwaro reloads her Deagle.","factions":[]}
{"action":39,"origin":"ch5","date":"2021-11-15T10:50:27","phones":[],"objects":[],"characters":[5],"vehicles":[],"interiors":[],"accounts":[],"content":"Seko_Hashiwaro -> ~World #361 - Shell Casing - .45 casing @ (1924.0958, -2433.1567, 12.539118) in (int 0, dim 0)","factions":[]}
{"action":39,"origin":"ch5","date":"2021-11-15T10:50:28","phones":[],"objects":[],"characters":[5],"vehicles":[],"interiors":[],"accounts":[],"content":"Seko_Hashiwaro -> ~World #362 - Shell Casing - .45 casing @ (1924.2631, -2432.333, 12.539118) in (int 0, dim 0)","factions":[]}
{"action":39,"origin":"ch5","date":"2021-11-15T10:50:30","phones":[],"objects":[],"characters":[5],"vehicles":[],"interiors":[],"accounts":[],"content":"Seko_Hashiwaro -> ~World #363 - Shell Casing - .45 casing @ (1923.7576, -2434.0493, 12.539118) in (int 0, dim 0)","factions":[]}
{"action":39,"origin":"ch5","date":"2021-11-15T10:50:34","phones":[],"objects":[],"characters":[5],"vehicles":[],"interiors":[],"accounts":[],"content":"Seko_Hashiwaro -> ~World #364 - Shell Casing - 4 casings of .45 @ (1923.76, -2434.0366, 12.539118) in (int 0, dim 0)","factions":[]}
{"action":40,"origin":"ch5","date":"2021-11-15T10:50:36","phones":[],"objects":[],"characters":[3,5],"vehicles":[],"interiors":[],"accounts":[],"content":"Seko Hashiwaro reloads her Deagle.","factions":[]}
{"action":39,"origin":"ch5","date":"2021-11-15T10:50:48","phones":[],"objects":[],"characters":[5],"vehicles":[],"interiors":[],"accounts":[],"content":"Seko_Hashiwaro -> ~World #365 - Shell Casing - 7 casings of .45 @ (1923.9982, -2433.5564, 12.539118) in (int 0, dim 0)","factions":[]}
{"action":40,"origin":"ch5","date":"2021-11-15T10:50:48","phones":[],"objects":[],"characters":[3,5],"vehicles":[],"interiors":[],"accounts":[],"content":"Seko Hashiwaro reloads her Deagle.","factions":[]}
{"action":39,"origin":"ch5","date":"2021-11-15T10:50:55","phones":[],"objects":[],"characters":[5],"vehicles":[],"interiors":[],"accounts":[],"content":"Seko_Hashiwaro -> ~World #366 - Shell Casing - .45 casing @ (1923.8121, -2433.8572, 12.539118) in (int 0, dim 0)","factions":[]}
{"action":13,"origin":"ch5","date":"2021-11-15T10:50:57","phones":[],"objects":[],"characters":[3,5],"vehicles":[],"interiors":[],"accounts":[],"content":"You'd hear a series of loud pistol gunshots echoing throughout the vicinity","factions":[]}
{"action":39,"origin":"ch5","date":"2021-11-15T10:51:00","phones":[],"objects":[],"characters":[5],"vehicles":[],"interiors":[],"accounts":[],"content":"Seko_Hashiwaro -> ~World #367 - Shell Casing - 5 casings of .45 @ (1923.7595, -2434.0391, 12.539118) in (int 0, dim 0)","factions":[]}
{"action":39,"origin":"ch5","date":"2021-11-15T10:51:05","phones":[],"objects":[],"characters":[5],"vehicles":[],"interiors":[],"accounts":[],"content":"Seko_Hashiwaro -> ~World #368 - Shell Casing - .45 casing @ (1924.2227, -2433.3704, 12.539118) in (int 0, dim 0)","factions":[]}
{"action":40,"origin":"ch5","date":"2021-11-15T10:51:07","phones":[],"objects":[],"characters":[3,5],"vehicles":[],"interiors":[],"accounts":[],"content":"Seko Hashiwaro reloads her Deagle.","factions":[]}
{"action":40,"origin":"ch5","date":"2021-11-15T10:54:40","phones":[],"objects":[],"characters":[5],"vehicles":[],"interiors":[],"accounts":[],"content":"Seko Hashiwaro buckles in their seatbelt.","factions":[]}
{"action":39,"origin":"ch3","date":"2021-11-15T10:55:38","phones":[],"objects":[],"characters":[3],"vehicles":[],"interiors":[],"accounts":[],"content":"Chiggy_Mcniggy -> ~World #369 - Shell Casing - 12 Gauge casing @ (1945.2861, -2423.7209, 12.546875) in (int 0, dim 0)","factions":[]}
{"action":40,"origin":"ch3","date":"2021-11-15T10:55:38","phones":[],"objects":[],"characters":[3,5],"vehicles":[],"interiors":[],"accounts":[],"content":"Chiggy Mcniggy dropped a Shell Casing.","factions":[]}
{"action":4,"origin":"ch5","date":"2021-11-15T10:55:39","phones":[],"objects":[],"characters":[3],"vehicles":[],"interiors":[],"accounts":[],"content":"GIVEITEM Portable GPS 1","factions":[]}
{"action":31,"origin":"ch5","date":"2021-11-15T10:56:17","phones":[],"objects":[],"characters":[5],"vehicles":[],"interiors":[1],"accounts":[],"content":"ENTERED","factions":[]}
{"action":37,"origin":"ch5","date":"2021-11-15T10:56:17","phones":[],"objects":[],"characters":[],"vehicles":[],"interiors":[1],"accounts":[],"content":"gotoint","factions":[]}
{"action":31,"origin":"ch5","date":"2021-11-15T10:56:26","phones":[],"objects":[],"characters":[5],"vehicles":[],"interiors":[1],"accounts":[],"content":"ENTERED","factions":[]}
{"action":37,"origin":"ch5","date":"2021-11-15T10:56:26","phones":[],"objects":[],"characters":[],"vehicles":[],"interiors":[1],"accounts":[],"content":"gotoint","factions":[]}
{"action":31,"origin":"ch5","date":"2021-11-15T10:56:29","phones":[],"objects":[],"characters":[5],"vehicles":[],"interiors":[1],"accounts":[],"content":"ENTERED","factions":[]}
{"action":37,"origin":"ch5","date":"2021-11-15T10:56:29","phones":[],"objects":[],"characters":[],"vehicles":[],"interiors":[1],"accounts":[],"content":"gotoint","factions":[]}
{"action":31,"origin":"ch3","date":"2021-11-15T10:57:08","phones":[],"objects":[],"characters":[3],"vehicles":[],"interiors":[1],"accounts":[],"content":"ENTERED","factions":[]}
{"action":37,"origin":"ch3","date":"2021-11-15T10:57:08","phones":[],"objects":[],"characters":[],"vehicles":[],"interiors":[1],"accounts":[],"content":"gotohouse","factions":[]}
{"action":31,"origin":"ch3","date":"2021-11-15T10:57:11","phones":[],"objects":[],"characters":[3],"vehicles":[],"interiors":[1],"accounts":[],"content":"ENTERED","factions":[]}
{"action":37,"origin":"ch3","date":"2021-11-15T10:57:11","phones":[],"objects":[],"characters":[],"vehicles":[],"interiors":[1],"accounts":[],"content":"gotohouse","factions":[]}
{"action":40,"origin":"ch5","date":"2021-11-15T10:57:14","phones":[],"objects":[],"characters":[5],"vehicles":[],"interiors":[],"accounts":[],"content":"Seko Hashiwaro unbuckles their seatbelt.","factions":[]}
{"action":31,"origin":"ch3","date":"2021-11-15T10:57:17","phones":[],"objects":[],"characters":[3],"vehicles":[],"interiors":[1],"accounts":[],"content":"ENTERED","factions":[]}
{"action":31,"origin":"ch3","date":"2021-11-15T10:57:26","phones":[],"objects":[],"characters":[3],"vehicles":[],"interiors":[1],"accounts":[],"content":"EXITED","factions":[]}
{"action":27,"origin":"ac6","date":"2021-11-15T10:59:36","phones":[],"objects":[],"characters":[5],"vehicles":[],"interiors":[],"accounts":[6],"content":"Disconnected (Quit) (Name: Seko_Hashiwaro)","factions":[]}
{"action":27,"origin":"ac4","date":"2021-11-15T11:04:20","phones":[],"objects":[],"characters":[3],"vehicles":[],"interiors":[],"accounts":[4],"content":"Disconnected (Quit) (Name: Chiggy_Mcniggy)","factions":[]}
{"action":27,"origin":"ac3","date":"2021-11-17T17:20:34","phones":[],"objects":[],"characters":[],"vehicles":[],"interiors":[],"accounts":[3],"content":"Connected from 80.89.73.212 - 62237E81CB0EC7B8DF15A13ED6861BE3","factions":[]}
