{"action":27,"origin":"ac6","date":"2021-11-21T07:59:07","phones":[],"objects":[],"characters":[5],"vehicles":[],"interiors":[],"accounts":[6],"content":"Spawned","factions":[]}
{"action":4,"origin":"ch5","date":"2021-11-21T07:59:46","phones":[],"objects":[],"characters":[5],"vehicles":[],"interiors":[],"accounts":[],"content":"AHEAL 100","factions":[]}
{"action":6,"origin":"ch5","date":"2021-11-21T08:01:11","phones":[],"objects":[],"characters":[],"vehicles":[36],"interiors":[],"accounts":[],"content":"SPAWNVEH 'Rumpo' CIVILLIAN","factions":[]}
{"action":6,"origin":"ch5","date":"2021-11-21T08:01:23","phones":[],"objects":[],"characters":[],"vehicles":[36],"interiors":[],"accounts":[],"content":"SETVEHICLECOLOR 5","factions":[]}
{"action":6,"origin":"ch5","date":"2021-11-21T08:01:25","phones":[],"objects":[],"characters":[],"vehicles":[36],"interiors":[],"accounts":[],"content":"SETVEHICLECOLOR 3","factions":[]}
{"action":31,"origin":"ch5","date":"2021-11-21T08:01:37","phones":[],"objects":[],"characters":[5],"vehicles":[36],"interiors":[],"accounts":[],"content":"STARTED ENGINE","factions":[]}
{"action":40,"origin":"ch5","date":"2021-11-21T08:01:40","phones":[],"objects":[],"characters":[5],"vehicles":[],"interiors":[],"accounts":[],"content":"Seko Hashiwaro buckles in their seatbelt.","factions":[]}
{"action":25,"origin":"ch5","date":"2021-11-21T08:02:41","phones":[],"objects":[],"characters":[5],"vehicles":[],"interiors":[],"accounts":[],"content":"CHARITY $37418","factions":[]}
{"action":40,"origin":"ch5","date":"2021-11-21T08:14:42","phones":[],"objects":[],"characters":[5],"vehicles":[],"interiors":[],"accounts":[],"content":"Seko Hashiwaro adjusts the radio volume.","factions":[]}
{"action":4,"origin":"ch5","date":"2021-11-21T08:27:50","phones":[],"objects":[],"characters":[5],"vehicles":[],"interiors":[],"accounts":[],"content":"ANN All vehicles refuelled by Admin Seko_Hashiwaro.","factions":[]}
{"action":6,"origin":"ch5","date":"2021-11-21T08:27:50","phones":[],"objects":[],"characters":[5],"vehicles":[],"interiors":[],"accounts":[],"content":"FUELVEHS","factions":[]}
{"action":40,"origin":"ch5","date":"2021-11-21T08:30:22","phones":[],"objects":[],"characters":[5],"vehicles":[],"interiors":[],"accounts":[],"content":"Seko Hashiwaro rolls their windows down.","factions":[]}
{"action":40,"origin":"ch5","date":"2021-11-21T08:30:23","phones":[],"objects":[],"characters":[5],"vehicles":[],"interiors":[],"accounts":[],"content":"Seko Hashiwaro rolls their windows up.","factions":[]}
{"action":40,"origin":"ch5","date":"2021-11-21T08:30:24","phones":[],"objects":[],"characters":[5],"vehicles":[],"interiors":[],"accounts":[],"content":"Seko Hashiwaro rolls their windows down.","factions":[]}
{"action":40,"origin":"ch5","date":"2021-11-21T08:30:26","phones":[],"objects":[],"characters":[5],"vehicles":[],"interiors":[],"accounts":[],"content":"Seko Hashiwaro rolls their windows up.","factions":[]}
{"action":40,"origin":"ch5","date":"2021-11-21T08:30:27","phones":[],"objects":[],"characters":[5],"vehicles":[],"interiors":[],"accounts":[],"content":"Seko Hashiwaro rolls their windows down.","factions":[]}
{"action":40,"origin":"ch5","date":"2021-11-21T08:30:28","phones":[],"objects":[],"characters":[5],"vehicles":[],"interiors":[],"accounts":[],"content":"Seko Hashiwaro rolls their windows up.","factions":[]}
{"action":40,"origin":"ch5","date":"2021-11-21T08:30:30","phones":[],"objects":[],"characters":[5],"vehicles":[],"interiors":[],"accounts":[],"content":"Seko Hashiwaro rolls their windows down.","factions":[]}
{"action":31,"origin":"ch5","date":"2021-11-21T08:34:40","phones":[],"objects":[],"characters":[5],"vehicles":[36],"interiors":[],"accounts":[],"content":"STARTED ENGINE","factions":[]}
{"action":40,"origin":"ch5","date":"2021-11-21T08:34:47","phones":[],"objects":[],"characters":[5],"vehicles":[],"interiors":[],"accounts":[],"content":"Seko Hashiwaro unbuckles their seatbelt.","factions":[]}
{"action":6,"origin":"ch5","date":"2021-11-21T08:38:02","phones":[],"objects":[],"characters":[],"vehicles":[37],"interiors":[],"accounts":[],"content":"SPAWNVEH 'Yankee' CIVILLIAN","factions":[]}
{"action":6,"origin":"ch5","date":"2021-11-21T08:38:09","phones":[],"objects":[],"characters":[],"vehicles":[37],"interiors":[],"accounts":[],"content":"SETVEHICLECOLOR 3","factions":[]}
{"action":31,"origin":"ch5","date":"2021-11-21T08:38:16","phones":[],"objects":[],"characters":[5],"vehicles":[37],"interiors":[],"accounts":[],"content":"STARTED ENGINE","factions":[]}
{"action":40,"origin":"ch5","date":"2021-11-21T08:38:20","phones":[],"objects":[],"characters":[5],"vehicles":[],"interiors":[],"accounts":[],"content":"Seko Hashiwaro buckles in their seatbelt.","factions":[]}
{"action":25,"origin":"ch5","date":"2021-11-21T08:38:56","phones":[],"objects":[],"characters":[5],"vehicles":[],"interiors":[],"accounts":[],"content":"CHARITY $4548","factions":[]}
{"action":4,"origin":"ch5","date":"2021-11-21T08:39:32","phones":[],"objects":[],"characters":[5],"vehicles":[],"interiors":[],"accounts":[],"content":"ANN All vehicles refuelled by Admin Seko_Hashiwaro.","factions":[]}
{"action":6,"origin":"ch5","date":"2021-11-21T08:39:32","phones":[],"objects":[],"characters":[5],"vehicles":[],"interiors":[],"accounts":[],"content":"FUELVEHS","factions":[]}
{"action":6,"origin":"ch5","date":"2021-11-21T08:55:40","phones":[],"objects":[],"characters":[5],"vehicles":[37],"interiors":[],"accounts":[],"content":"FIXVEH","factions":[]}
{"action":4,"origin":"ch5","date":"2021-11-21T09:00:23","phones":[],"objects":[],"characters":[5],"vehicles":[],"interiors":[],"accounts":[],"content":"ANN All vehicles refuelled by Admin Seko_Hashiwaro.","factions":[]}
{"action":6,"origin":"ch5","date":"2021-11-21T09:00:23","phones":[],"objects":[],"characters":[5],"vehicles":[],"interiors":[],"accounts":[],"content":"FUELVEHS","factions":[]}
{"action":6,"origin":"ch5","date":"2021-11-21T09:02:20","phones":[],"objects":[],"characters":[5],"vehicles":[37],"interiors":[],"accounts":[],"content":"FIXVEH","factions":[]}
{"action":27,"origin":"ac6","date":"2021-11-21T09:11:44","phones":[],"objects":[],"characters":[5],"vehicles":[],"interiors":[],"accounts":[6],"content":"Disconnected (Quit) (Name: Seko_Hashiwaro)","factions":[]}
{"action":27,"origin":"ac6","date":"2021-11-21T09:12:21","phones":[],"objects":[],"characters":[],"vehicles":[],"interiors":[],"accounts":[6],"content":"Connected from 85.254.74.147 - 282922DCC31864B11E27D3625036AF04","factions":[]}
{"action":27,"origin":"ac6","date":"2021-11-21T09:12:34","phones":[],"objects":[],"characters":[5],"vehicles":[],"interiors":[],"accounts":[6],"content":"Spawned","factions":[]}
{"action":31,"origin":"ch5","date":"2021-11-21T09:13:00","phones":[],"objects":[],"characters":[5],"vehicles":[35],"interiors":[],"accounts":[],"content":"STARTED ENGINE","factions":[]}
{"action":31,"origin":"ch5","date":"2021-11-21T09:14:41","phones":[],"objects":[],"characters":[5],"vehicles":[],"interiors":[4],"accounts":[],"content":"ENTERED","factions":[]}
{"action":31,"origin":"ch5","date":"2021-11-21T09:14:46","phones":[],"objects":[],"characters":[5],"vehicles":[],"interiors":[4],"accounts":[],"content":"EXITED","factions":[]}
{"action":31,"origin":"ch5","date":"2021-11-21T09:14:58","phones":[],"objects":[],"characters":[5],"vehicles":[],"interiors":[3],"accounts":[],"content":"ENTERED","factions":[]}
{"action":31,"origin":"ch5","date":"2021-11-21T09:16:02","phones":[],"objects":[],"characters":[5],"vehicles":[],"interiors":[3],"accounts":[],"content":"EXITED","factions":[]}
{"action":4,"origin":"ch5","date":"2021-11-21T09:30:36","phones":[],"objects":[],"characters":[5],"vehicles":[],"interiors":[],"accounts":[],"content":"ANN All vehicles repaired by Admin Seko_Hashiwaro.","factions":[]}
{"action":40,"origin":"ch5","date":"2021-11-21T09:31:19","phones":[],"objects":[],"characters":[5],"vehicles":[],"interiors":[],"accounts":[],"content":"Seko Hashiwaro buckles in their seatbelt.","factions":[]}
{"action":4,"origin":"ch5","date":"2021-11-21T09:35:11","phones":[],"objects":[],"characters":[5],"vehicles":[],"interiors":[],"accounts":[],"content":"AHEAL 100","factions":[]}
{"action":40,"origin":"ch5","date":"2021-11-21T09:38:43","phones":[],"objects":[],"characters":[5],"vehicles":[],"interiors":[],"accounts":[],"content":"Seko Hashiwaro unbuckles their seatbelt.","factions":[]}
{"action":40,"origin":"ch5","date":"2021-11-21T09:38:44","phones":[],"objects":[],"characters":[5],"vehicles":[],"interiors":[],"accounts":[],"content":"Seko Hashiwaro presses on the key to lock the vehicle. ((1997 Honda BĻE NSX))","factions":[]}
{"action":31,"origin":"ch5","date":"2021-11-21T09:38:44","phones":[],"objects":[],"characters":[],"vehicles":[10],"interiors":[],"accounts":[],"content":"LOCK FROM OUTSIDE","factions":[]}
{"action":27,"origin":"ac6","date":"2021-11-21T09:41:32","phones":[],"objects":[],"characters":[5],"vehicles":[],"interiors":[],"accounts":[6],"content":"Disconnected (Quit) (Name: Seko_Hashiwaro)","factions":[]}
