{"action":27,"origin":"ac1","date":"2022-01-04T19:18:08","phones":[],"objects":[],"characters":[],"vehicles":[],"interiors":[],"accounts":[1],"content":"Connected from 192.168.8.102 - 018FD49521BD034DD2BE1FFC72AA4B43","factions":[]}
{"action":27,"origin":"ac1","date":"2022-01-04T19:18:16","phones":[],"objects":[],"characters":[1],"vehicles":[],"interiors":[],"accounts":[1],"content":"Spawned","factions":[]}
{"action":6,"origin":"ch1","date":"2022-01-04T19:19:02","phones":[],"objects":[],"characters":[],"vehicles":[6],"interiors":[],"accounts":[],"content":"SPAWNVEH 'Mower' CIVILLIAN","factions":[]}
{"action":31,"origin":"ch1","date":"2022-01-04T19:19:07","phones":[],"objects":[],"characters":[1],"vehicles":[6],"interiors":[],"accounts":[],"content":"STARTED ENGINE","factions":[]}
{"action":6,"origin":"ch1","date":"2022-01-04T19:23:38","phones":[],"objects":[],"characters":[],"vehicles":[7],"interiors":[],"accounts":[],"content":"SPAWNVEH 'Roadtrain' CIVILLIAN","factions":[]}
{"action":6,"origin":"ch1","date":"2022-01-04T19:23:44","phones":[],"objects":[],"characters":[],"vehicles":[7],"interiors":[],"accounts":[],"content":"getveh","factions":[]}
{"action":6,"origin":"ch1","date":"2022-01-04T19:23:47","phones":[],"objects":[],"characters":[],"vehicles":[7],"interiors":[],"accounts":[],"content":"getveh","factions":[]}
{"action":6,"origin":"ch1","date":"2022-01-04T19:24:25","phones":[],"objects":[],"characters":[1],"vehicles":[7],"interiors":[],"accounts":[],"content":"FIXVEH","factions":[]}
{"action":31,"origin":"ch1","date":"2022-01-04T19:25:04","phones":[],"objects":[],"characters":[1],"vehicles":[7],"interiors":[],"accounts":[],"content":"STARTED ENGINE","factions":[]}
{"action":6,"origin":"ch1","date":"2022-01-04T19:25:07","phones":[],"objects":[],"characters":[1],"vehicles":[7],"interiors":[],"accounts":[],"content":"FUELVEH","factions":[]}
{"action":40,"origin":"ch1","date":"2022-01-04T19:26:07","phones":[],"objects":[],"characters":[1],"vehicles":[],"interiors":[],"accounts":[],"content":"Oscar Bozo pārmeklē smagās automašīnas piekabināto treileri.","factions":[]}
{"action":40,"origin":"ch1","date":"2022-01-04T19:29:24","phones":[],"objects":[],"characters":[1],"vehicles":[],"interiors":[],"accounts":[],"content":"Oscar Bozo's right leg was hit.","factions":[]}
{"action":4,"origin":"ch1","date":"2022-01-04T19:29:26","phones":[],"objects":[],"characters":[1],"vehicles":[],"interiors":[],"accounts":[],"content":"AHEAL 100","factions":[]}
{"action":40,"origin":"ch1","date":"2022-01-04T19:29:36","phones":[],"objects":[],"characters":[1],"vehicles":[],"interiors":[],"accounts":[],"content":"Oscar Bozo's left leg was hit.","factions":[]}
{"action":4,"origin":"ch1","date":"2022-01-04T19:29:37","phones":[],"objects":[],"characters":[1],"vehicles":[],"interiors":[],"accounts":[],"content":"AHEAL 100","factions":[]}
{"action":40,"origin":"ch1","date":"2022-01-04T19:29:49","phones":[],"objects":[],"characters":[1],"vehicles":[],"interiors":[],"accounts":[],"content":"Oscar Bozo attempts to start the engine but fails.","factions":[]}
{"action":6,"origin":"ch1","date":"2022-01-04T19:29:52","phones":[],"objects":[],"characters":[1],"vehicles":[],"interiors":[],"accounts":[],"content":"FUELVEH","factions":[]}
{"action":40,"origin":"ch1","date":"2022-01-04T19:29:55","phones":[],"objects":[],"characters":[1],"vehicles":[],"interiors":[],"accounts":[],"content":"Oscar Bozo aizsprādzē drošības jostu.","factions":[]}
{"action":40,"origin":"ch1","date":"2022-01-04T19:30:49","phones":[],"objects":[],"characters":[1],"vehicles":[],"interiors":[],"accounts":[],"content":"Oscar Bozo aizsprādzē savu drošības jostu.","factions":[]}
{"action":40,"origin":"ch1","date":"2022-01-04T19:32:16","phones":[],"objects":[],"characters":[1],"vehicles":[],"interiors":[],"accounts":[],"content":"Oscar Bozo iznīcināja LSZD Laikraksts.","factions":[]}
{"action":40,"origin":"ch1","date":"2022-01-04T19:32:16","phones":[],"objects":[],"characters":[1],"vehicles":[],"interiors":[],"accounts":[],"content":"Oscar Bozo iznīcināja Servera atjauninājumu laikraksts.","factions":[]}
{"action":40,"origin":"ch1","date":"2022-01-04T19:32:39","phones":[],"objects":[],"characters":[1],"vehicles":[],"interiors":[],"accounts":[],"content":"Oscar Bozo puts a Neapstrādāts Dzelzs inside the cepeškrāsns.","factions":[]}
{"action":39,"origin":"ch1","date":"2022-01-04T19:32:39","phones":[],"objects":[],"characters":[1],"vehicles":[],"interiors":[],"accounts":[],"content":"Oscar_Bozo->cepeškrāsns #9 - Item ID: 285 - Neapstrādāts Dzelzs @ (353.15100097656, 867.70501708984, 19.406200408936) in (int 0, dim 0)","factions":[]}
{"action":40,"origin":"ch1","date":"2022-01-04T19:32:40","phones":[],"objects":[],"characters":[1],"vehicles":[],"interiors":[],"accounts":[],"content":"Oscar Bozo puts a Neapstrādāts Dzelzs inside the cepeškrāsns.","factions":[]}
{"action":39,"origin":"ch1","date":"2022-01-04T19:32:40","phones":[],"objects":[],"characters":[1],"vehicles":[],"interiors":[],"accounts":[],"content":"Oscar_Bozo->cepeškrāsns #9 - Item ID: 285 - Neapstrādāts Dzelzs @ (353.15100097656, 867.70501708984, 19.406200408936) in (int 0, dim 0)","factions":[]}
{"action":40,"origin":"ch1","date":"2022-01-04T19:32:40","phones":[],"objects":[],"characters":[1],"vehicles":[],"interiors":[],"accounts":[],"content":"Oscar Bozo puts a Neapstrādāts Dzelzs inside the cepeškrāsns.","factions":[]}
{"action":39,"origin":"ch1","date":"2022-01-04T19:32:40","phones":[],"objects":[],"characters":[1],"vehicles":[],"interiors":[],"accounts":[],"content":"Oscar_Bozo->cepeškrāsns #9 - Item ID: 285 - Neapstrādāts Dzelzs @ (353.15100097656, 867.70501708984, 19.406200408936) in (int 0, dim 0)","factions":[]}
{"action":40,"origin":"ch1","date":"2022-01-04T19:32:40","phones":[],"objects":[],"characters":[1],"vehicles":[],"interiors":[],"accounts":[],"content":"Oscar Bozo puts a Neapstrādāts Dzelzs inside the cepeškrāsns.","factions":[]}
{"action":39,"origin":"ch1","date":"2022-01-04T19:32:40","phones":[],"objects":[],"characters":[1],"vehicles":[],"interiors":[],"accounts":[],"content":"Oscar_Bozo->cepeškrāsns #9 - Item ID: 285 - Neapstrādāts Dzelzs @ (353.15100097656, 867.70501708984, 19.406200408936) in (int 0, dim 0)","factions":[]}
{"action":40,"origin":"ch1","date":"2022-01-04T19:32:41","phones":[],"objects":[],"characters":[1],"vehicles":[],"interiors":[],"accounts":[],"content":"Oscar Bozo puts a Neapstrādāts Dzelzs inside the cepeškrāsns.","factions":[]}
{"action":39,"origin":"ch1","date":"2022-01-04T19:32:41","phones":[],"objects":[],"characters":[1],"vehicles":[],"interiors":[],"accounts":[],"content":"Oscar_Bozo->cepeškrāsns #9 - Item ID: 285 - Neapstrādāts Dzelzs @ (353.15100097656, 867.70501708984, 19.406200408936) in (int 0, dim 0)","factions":[]}
{"action":40,"origin":"ch1","date":"2022-01-04T19:32:42","phones":[],"objects":[],"characters":[1],"vehicles":[],"interiors":[],"accounts":[],"content":"Oscar Bozo puts a Neapstrādāts Dzelzs inside the cepeškrāsns.","factions":[]}
{"action":39,"origin":"ch1","date":"2022-01-04T19:32:42","phones":[],"objects":[],"characters":[1],"vehicles":[],"interiors":[],"accounts":[],"content":"Oscar_Bozo->cepeškrāsns #9 - Item ID: 285 - Neapstrādāts Dzelzs @ (353.15100097656, 867.70501708984, 19.406200408936) in (int 0, dim 0)","factions":[]}
{"action":40,"origin":"ch1","date":"2022-01-04T19:33:05","phones":[],"objects":[],"characters":[1],"vehicles":[],"interiors":[],"accounts":[],"content":"Oscar Bozo takes a Dzelzs stienis from the cepeškrāsns.","factions":[]}
{"action":39,"origin":"ch1","date":"2022-01-04T19:33:05","phones":[],"objects":[],"characters":[1],"vehicles":[],"interiors":[],"accounts":[],"content":"cepeškrāsns #9->Oscar_Bozo - Dzelzs stienis - 1","factions":[]}
{"action":40,"origin":"ch1","date":"2022-01-04T19:33:06","phones":[],"objects":[],"characters":[1],"vehicles":[],"interiors":[],"accounts":[],"content":"Oscar Bozo takes a Dzelzs stienis from the cepeškrāsns.","factions":[]}
{"action":39,"origin":"ch1","date":"2022-01-04T19:33:06","phones":[],"objects":[],"characters":[1],"vehicles":[],"interiors":[],"accounts":[],"content":"cepeškrāsns #9->Oscar_Bozo - Dzelzs stienis - 1","factions":[]}
{"action":40,"origin":"ch1","date":"2022-01-04T19:33:06","phones":[],"objects":[],"characters":[1],"vehicles":[],"interiors":[],"accounts":[],"content":"Oscar Bozo takes a Dzelzs stienis from the cepeškrāsns.","factions":[]}
{"action":39,"origin":"ch1","date":"2022-01-04T19:33:06","phones":[],"objects":[],"characters":[1],"vehicles":[],"interiors":[],"accounts":[],"content":"cepeškrāsns #9->Oscar_Bozo - Dzelzs stienis - 1","factions":[]}
{"action":4,"origin":"ch1","date":"2022-01-04T19:36:43","phones":[],"objects":[],"characters":[1],"vehicles":[],"interiors":[],"accounts":[],"content":"GIVEITEM Marihuānas sēkla 1","factions":[]}
{"action":4,"origin":"ch1","date":"2022-01-04T19:36:43","phones":[],"objects":[],"characters":[1],"vehicles":[],"interiors":[],"accounts":[],"content":"GIVEITEM Marihuānas sēkla 1","factions":[]}
{"action":4,"origin":"ch1","date":"2022-01-04T19:36:43","phones":[],"objects":[],"characters":[1],"vehicles":[],"interiors":[],"accounts":[],"content":"GIVEITEM Marihuānas sēkla 1","factions":[]}
{"action":4,"origin":"ch1","date":"2022-01-04T19:36:47","phones":[],"objects":[],"characters":[1],"vehicles":[],"interiors":[],"accounts":[],"content":"GIVEITEM Coca auga oga 1","factions":[]}
{"action":4,"origin":"ch1","date":"2022-01-04T19:36:48","phones":[],"objects":[],"characters":[1],"vehicles":[],"interiors":[],"accounts":[],"content":"GIVEITEM Coca auga oga 1","factions":[]}
{"action":4,"origin":"ch1","date":"2022-01-04T19:36:48","phones":[],"objects":[],"characters":[1],"vehicles":[],"interiors":[],"accounts":[],"content":"GIVEITEM Coca auga oga 1","factions":[]}
{"action":40,"origin":"ch1","date":"2022-01-04T19:37:11","phones":[],"objects":[],"characters":[1],"vehicles":[],"interiors":[],"accounts":[],"content":"Oscar Bozo iznīcināja Dzelzs stienis.","factions":[]}
{"action":40,"origin":"ch1","date":"2022-01-04T19:37:12","phones":[],"objects":[],"characters":[1],"vehicles":[],"interiors":[],"accounts":[],"content":"Oscar Bozo iznīcināja Metāla plāksne.","factions":[]}
{"action":40,"origin":"ch1","date":"2022-01-04T19:40:26","phones":[],"objects":[],"characters":[1],"vehicles":[],"interiors":[],"accounts":[],"content":"Oscar Bozo iznīcināja Marihuānas sēkla.","factions":[]}
{"action":40,"origin":"ch1","date":"2022-01-04T19:40:26","phones":[],"objects":[],"characters":[1],"vehicles":[],"interiors":[],"accounts":[],"content":"Oscar Bozo iznīcināja Coca auga oga.","factions":[]}
{"action":40,"origin":"ch1","date":"2022-01-04T19:40:26","phones":[],"objects":[],"characters":[1],"vehicles":[],"interiors":[],"accounts":[],"content":"Oscar Bozo iznīcināja Coca auga oga.","factions":[]}
{"action":40,"origin":"ch1","date":"2022-01-04T19:40:26","phones":[],"objects":[],"characters":[1],"vehicles":[],"interiors":[],"accounts":[],"content":"Oscar Bozo iznīcināja Marihuāna.","factions":[]}
{"action":40,"origin":"ch1","date":"2022-01-04T19:40:27","phones":[],"objects":[],"characters":[1],"vehicles":[],"interiors":[],"accounts":[],"content":"Oscar Bozo iznīcināja Cannabis Sativa.","factions":[]}
{"action":39,"origin":"ch1","date":"2022-01-04T19:40:35","phones":[],"objects":[54],"characters":[],"vehicles":[],"interiors":[],"accounts":[],"content":"~World #54 @ (348.79901123047, 879.09197998047, 19.406200408936) in (int 0, dim 0) ->Oscar_Bozo - Kokaīna taisīšanas muca - 1","factions":[]}
{"action":40,"origin":"ch1","date":"2022-01-04T19:40:35","phones":[],"objects":[],"characters":[1],"vehicles":[],"interiors":[],"accounts":[],"content":"Oscar Bozo bends over and picks up a Kokaīna taisīšanas muca.","factions":[]}
{"action":39,"origin":"ch1","date":"2022-01-04T19:40:40","phones":[],"objects":[],"characters":[1],"vehicles":[],"interiors":[],"accounts":[],"content":"Oscar_Bozo -> ~World #61 - Kokaīna taisīšanas muca - 1 @ (350.46667, 877.34717, 19.40625) in (int 0, dim 0)","factions":[]}
{"action":40,"origin":"ch1","date":"2022-01-04T19:40:40","phones":[],"objects":[],"characters":[1],"vehicles":[],"interiors":[],"accounts":[],"content":"Oscar Bozo dropped a Kokaīna taisīšanas muca.","factions":[]}
{"action":40,"origin":"ch1","date":"2022-01-04T19:41:06","phones":[],"objects":[],"characters":[1],"vehicles":[],"interiors":[],"accounts":[],"content":"Oscar Bozo ielūkojas mucā.","factions":[]}
{"action":4,"origin":"ch1","date":"2022-01-04T19:41:34","phones":[],"objects":[],"characters":[1],"vehicles":[],"interiors":[],"accounts":[],"content":"GIVEITEM Coca auga lapas 1","factions":[]}
{"action":4,"origin":"ch1","date":"2022-01-04T19:41:34","phones":[],"objects":[],"characters":[1],"vehicles":[],"interiors":[],"accounts":[],"content":"GIVEITEM Coca auga lapas 1","factions":[]}
{"action":4,"origin":"ch1","date":"2022-01-04T19:41:35","phones":[],"objects":[],"characters":[1],"vehicles":[],"interiors":[],"accounts":[],"content":"GIVEITEM Coca auga lapas 1","factions":[]}
{"action":4,"origin":"ch1","date":"2022-01-04T19:41:35","phones":[],"objects":[],"characters":[1],"vehicles":[],"interiors":[],"accounts":[],"content":"GIVEITEM Coca auga lapas 1","factions":[]}
{"action":4,"origin":"ch1","date":"2022-01-04T19:41:35","phones":[],"objects":[],"characters":[1],"vehicles":[],"interiors":[],"accounts":[],"content":"GIVEITEM Coca auga lapas 1","factions":[]}
{"action":4,"origin":"ch1","date":"2022-01-04T19:41:40","phones":[],"objects":[],"characters":[1],"vehicles":[],"interiors":[],"accounts":[],"content":"GIVEITEM Cementa pulveris 1","factions":[]}
{"action":4,"origin":"ch1","date":"2022-01-04T19:41:43","phones":[],"objects":[],"characters":[1],"vehicles":[],"interiors":[],"accounts":[],"content":"GIVEITEM Trubu tīrāmais līdzeklis 1","factions":[]}
{"action":4,"origin":"ch1","date":"2022-01-04T19:41:47","phones":[],"objects":[],"characters":[1],"vehicles":[],"interiors":[],"accounts":[],"content":"GIVEITEM Ūdens pudele 1","factions":[]}
{"action":4,"origin":"ch1","date":"2022-01-04T19:41:50","phones":[],"objects":[],"characters":[1],"vehicles":[],"interiors":[],"accounts":[],"content":"GIVEITEM Degvielas kanna 1","factions":[]}
{"action":7,"origin":"ch1","date":"2022-01-04T19:41:54","phones":[],"objects":[],"characters":[1],"vehicles":[],"interiors":[],"accounts":[],"content":"English: Vai Jūs varētu uzpildīt manu degvielas kanniņu?","factions":[]}
{"action":40,"origin":"ch1","date":"2022-01-04T19:42:09","phones":[],"objects":[],"characters":[1],"vehicles":[],"interiors":[],"accounts":[],"content":"Oscar Bozo ielūkojas mucā.","factions":[]}
{"action":40,"origin":"ch1","date":"2022-01-04T19:42:18","phones":[],"objects":[],"characters":[1],"vehicles":[],"interiors":[],"accounts":[],"content":"Oscar Bozo iemet pāris coca lapas mucā.","factions":[]}
{"action":40,"origin":"ch1","date":"2022-01-04T19:42:18","phones":[],"objects":[],"characters":[1],"vehicles":[],"interiors":[],"accounts":[],"content":"Oscar Bozo iemet pāris coca lapas mucā.","factions":[]}
{"action":40,"origin":"ch1","date":"2022-01-04T19:42:19","phones":[],"objects":[],"characters":[1],"vehicles":[],"interiors":[],"accounts":[],"content":"Oscar Bozo iemet pāris coca lapas mucā.","factions":[]}
{"action":40,"origin":"ch1","date":"2022-01-04T19:42:19","phones":[],"objects":[],"characters":[1],"vehicles":[],"interiors":[],"accounts":[],"content":"Oscar Bozo iemet pāris coca lapas mucā.","factions":[]}
{"action":40,"origin":"ch1","date":"2022-01-04T19:42:20","phones":[],"objects":[],"characters":[1],"vehicles":[],"interiors":[],"accounts":[],"content":"Oscar Bozo iemet pāris coca lapas mucā.","factions":[]}
{"action":40,"origin":"ch1","date":"2022-01-04T19:42:22","phones":[],"objects":[],"characters":[1],"vehicles":[],"interiors":[],"accounts":[],"content":"Oscar Bozo ar rokām sāk smalcināt lapas, kas ir mucā.","factions":[]}
{"action":40,"origin":"ch1","date":"2022-01-04T19:42:32","phones":[],"objects":[],"characters":[1],"vehicles":[],"interiors":[],"accounts":[],"content":"Oscar Bozo ieber veselu maisu ar cementa pulveri mucā.","factions":[]}
{"action":40,"origin":"ch1","date":"2022-01-04T19:42:34","phones":[],"objects":[],"characters":[1],"vehicles":[],"interiors":[],"accounts":[],"content":"Oscar Bozo ielej šķidrumu mucā.","factions":[]}
{"action":40,"origin":"ch1","date":"2022-01-04T19:42:36","phones":[],"objects":[],"characters":[1],"vehicles":[],"interiors":[],"accounts":[],"content":"Oscar Bozo ielej degvielu no kanniņas mucā.","factions":[]}
{"action":40,"origin":"ch1","date":"2022-01-04T19:42:37","phones":[],"objects":[],"characters":[1],"vehicles":[],"interiors":[],"accounts":[],"content":"Oscar Bozo ielej pudeli ar ķimikālijām mucā.","factions":[]}
{"action":40,"origin":"ch1","date":"2022-01-04T19:42:46","phones":[],"objects":[],"characters":[1],"vehicles":[],"interiors":[],"accounts":[],"content":"Oscar Bozo nokasa kokaīnu no mucas malām.","factions":[]}
{"action":31,"origin":"ch1","date":"2022-01-04T19:45:01","phones":[],"objects":[],"characters":[1],"vehicles":[3],"interiors":[],"accounts":[],"content":"STARTED ENGINE","factions":[]}
{"action":40,"origin":"ch1","date":"2022-01-04T19:46:06","phones":[],"objects":[],"characters":[1],"vehicles":[],"interiors":[],"accounts":[],"content":"Oscar Bozo iznīcināja Kokaīns.","factions":[]}
{"action":40,"origin":"ch1","date":"2022-01-04T19:46:06","phones":[],"objects":[],"characters":[1],"vehicles":[],"interiors":[],"accounts":[],"content":"Oscar Bozo iznīcināja Kokaīna alkaloīdi.","factions":[]}
{"action":27,"origin":"ac1","date":"2022-01-04T19:48:05","phones":[],"objects":[],"characters":[1],"vehicles":[],"interiors":[],"accounts":[1],"content":"Disconnected (Quit) (Name: Oscar_Bozo)","factions":[]}
